[2.245s] DEBUG:colcon:Command line arguments: ['/usr/bin/colcon', 'build', '--packages-select', 'group11_final']
[2.245s] DEBUG:colcon:Parsed command line arguments: Namespace(allow_overriding=[], ament_cmake_args=None, base_paths=['.'], build_base='build', catkin_cmake_args=None, catkin_skip_building_tests=False, cmake_args=None, cmake_clean_cache=False, cmake_clean_first=False, cmake_force_configure=False, cmake_target=None, cmake_target_skip_unavailable=False, continue_on_error=False, event_handlers=None, executor='parallel', ignore_user_meta=False, install_base='install', log_base=None, log_level=None, main=<bound method BuildVerb.main of <colcon_core.verb.build.BuildVerb object at 0x7f23ab37e130>>, merge_install=False, metas=['./colcon.meta'], packages_above=None, packages_above_and_dependencies=None, packages_above_depth=None, packages_end=None, packages_ignore=None, packages_ignore_regex=None, packages_select=['group11_final'], packages_select_build_failed=False, packages_select_by_dep=None, packages_select_regex=None, packages_select_test_failures=False, packages_skip=None, packages_skip_build_finished=False, packages_skip_by_dep=None, packages_skip_regex=None, packages_skip_test_passed=False, packages_skip_up_to=None, packages_start=None, packages_up_to=None, packages_up_to_regex=None, parallel_workers=12, paths=None, symlink_install=False, test_result_base=None, verb_extension=<colcon_core.verb.build.BuildVerb object at 0x7f23ab37e130>, verb_name='build', verb_parser=<colcon_defaults.argument_parser.defaults.DefaultArgumentsDecorator object at 0x7f23ab2c16d0>)
[2.348s] Level 1:colcon.colcon_core.package_discovery:discover_packages(colcon_meta) check parameters
[2.348s] Level 1:colcon.colcon_core.package_discovery:discover_packages(recursive) check parameters
[2.348s] Level 1:colcon.colcon_core.package_discovery:discover_packages(ignore) check parameters
[2.348s] Level 1:colcon.colcon_core.package_discovery:discover_packages(path) check parameters
[2.348s] Level 1:colcon.colcon_core.package_discovery:discover_packages(colcon_meta) discover
[2.348s] Level 1:colcon.colcon_core.package_discovery:discover_packages(recursive) discover
[2.348s] INFO:colcon.colcon_core.package_discovery:Crawling recursively for packages in '/home/nitish/final_ws'
[2.348s] Level 1:colcon.colcon_core.package_identification:_identify(.) by extensions ['ignore', 'ignore_ament_install']
[2.348s] Level 1:colcon.colcon_core.package_identification:_identify(.) by extension 'ignore'
[2.348s] Level 1:colcon.colcon_core.package_identification:_identify(.) by extension 'ignore_ament_install'
[2.348s] Level 1:colcon.colcon_core.package_identification:_identify(.) by extensions ['colcon_pkg']
[2.348s] Level 1:colcon.colcon_core.package_identification:_identify(.) by extension 'colcon_pkg'
[2.348s] Level 1:colcon.colcon_core.package_identification:_identify(.) by extensions ['colcon_meta']
[2.348s] Level 1:colcon.colcon_core.package_identification:_identify(.) by extension 'colcon_meta'
[2.348s] Level 1:colcon.colcon_core.package_identification:_identify(.) by extensions ['ros']
[2.348s] Level 1:colcon.colcon_core.package_identification:_identify(.) by extension 'ros'
[2.358s] Level 1:colcon.colcon_core.package_identification:_identify(.) by extensions ['cmake', 'python']
[2.358s] Level 1:colcon.colcon_core.package_identification:_identify(.) by extension 'cmake'
[2.358s] Level 1:colcon.colcon_core.package_identification:_identify(.) by extension 'python'
[2.358s] Level 1:colcon.colcon_core.package_identification:_identify(.) by extensions ['python_setup_py']
[2.358s] Level 1:colcon.colcon_core.package_identification:_identify(.) by extension 'python_setup_py'
[2.358s] Level 1:colcon.colcon_core.package_identification:_identify(build) by extensions ['ignore', 'ignore_ament_install']
[2.358s] Level 1:colcon.colcon_core.package_identification:_identify(build) by extension 'ignore'
[2.358s] Level 1:colcon.colcon_core.package_identification:_identify(build) ignored
[2.359s] Level 1:colcon.colcon_core.package_identification:_identify(install) by extensions ['ignore', 'ignore_ament_install']
[2.359s] Level 1:colcon.colcon_core.package_identification:_identify(install) by extension 'ignore'
[2.359s] Level 1:colcon.colcon_core.package_identification:_identify(install) ignored
[2.359s] Level 1:colcon.colcon_core.package_identification:_identify(log) by extensions ['ignore', 'ignore_ament_install']
[2.359s] Level 1:colcon.colcon_core.package_identification:_identify(log) by extension 'ignore'
[2.359s] Level 1:colcon.colcon_core.package_identification:_identify(log) ignored
[2.359s] Level 1:colcon.colcon_core.package_identification:_identify(src) by extensions ['ignore', 'ignore_ament_install']
[2.359s] Level 1:colcon.colcon_core.package_identification:_identify(src) by extension 'ignore'
[2.359s] Level 1:colcon.colcon_core.package_identification:_identify(src) by extension 'ignore_ament_install'
[2.359s] Level 1:colcon.colcon_core.package_identification:_identify(src) by extensions ['colcon_pkg']
[2.359s] Level 1:colcon.colcon_core.package_identification:_identify(src) by extension 'colcon_pkg'
[2.359s] Level 1:colcon.colcon_core.package_identification:_identify(src) by extensions ['colcon_meta']
[2.360s] Level 1:colcon.colcon_core.package_identification:_identify(src) by extension 'colcon_meta'
[2.360s] Level 1:colcon.colcon_core.package_identification:_identify(src) by extensions ['ros']
[2.360s] Level 1:colcon.colcon_core.package_identification:_identify(src) by extension 'ros'
[2.360s] Level 1:colcon.colcon_core.package_identification:_identify(src) by extensions ['cmake', 'python']
[2.360s] Level 1:colcon.colcon_core.package_identification:_identify(src) by extension 'cmake'
[2.360s] Level 1:colcon.colcon_core.package_identification:_identify(src) by extension 'python'
[2.360s] Level 1:colcon.colcon_core.package_identification:_identify(src) by extensions ['python_setup_py']
[2.360s] Level 1:colcon.colcon_core.package_identification:_identify(src) by extension 'python_setup_py'
[2.360s] Level 1:colcon.colcon_core.package_identification:_identify(src/final_project) by extensions ['ignore', 'ignore_ament_install']
[2.360s] Level 1:colcon.colcon_core.package_identification:_identify(src/final_project) by extension 'ignore'
[2.360s] Level 1:colcon.colcon_core.package_identification:_identify(src/final_project) by extension 'ignore_ament_install'
[2.360s] Level 1:colcon.colcon_core.package_identification:_identify(src/final_project) by extensions ['colcon_pkg']
[2.360s] Level 1:colcon.colcon_core.package_identification:_identify(src/final_project) by extension 'colcon_pkg'
[2.360s] Level 1:colcon.colcon_core.package_identification:_identify(src/final_project) by extensions ['colcon_meta']
[2.360s] Level 1:colcon.colcon_core.package_identification:_identify(src/final_project) by extension 'colcon_meta'
[2.360s] Level 1:colcon.colcon_core.package_identification:_identify(src/final_project) by extensions ['ros']
[2.360s] Level 1:colcon.colcon_core.package_identification:_identify(src/final_project) by extension 'ros'
[2.363s] DEBUG:colcon.colcon_core.package_identification:Package 'src/final_project' with type 'ros.ament_cmake' and name 'final_project'
[2.363s] Level 1:colcon.colcon_core.package_identification:_identify(src/group11_final) by extensions ['ignore', 'ignore_ament_install']
[2.363s] Level 1:colcon.colcon_core.package_identification:_identify(src/group11_final) by extension 'ignore'
[2.363s] Level 1:colcon.colcon_core.package_identification:_identify(src/group11_final) by extension 'ignore_ament_install'
[2.363s] Level 1:colcon.colcon_core.package_identification:_identify(src/group11_final) by extensions ['colcon_pkg']
[2.363s] Level 1:colcon.colcon_core.package_identification:_identify(src/group11_final) by extension 'colcon_pkg'
[2.363s] Level 1:colcon.colcon_core.package_identification:_identify(src/group11_final) by extensions ['colcon_meta']
[2.363s] Level 1:colcon.colcon_core.package_identification:_identify(src/group11_final) by extension 'colcon_meta'
[2.364s] Level 1:colcon.colcon_core.package_identification:_identify(src/group11_final) by extensions ['ros']
[2.364s] Level 1:colcon.colcon_core.package_identification:_identify(src/group11_final) by extension 'ros'
[2.365s] DEBUG:colcon.colcon_core.package_identification:Package 'src/group11_final' with type 'ros.ament_cmake' and name 'group11_final'
[2.365s] Level 1:colcon.colcon_core.package_identification:_identify(src/mage_msgs) by extensions ['ignore', 'ignore_ament_install']
[2.365s] Level 1:colcon.colcon_core.package_identification:_identify(src/mage_msgs) by extension 'ignore'
[2.365s] Level 1:colcon.colcon_core.package_identification:_identify(src/mage_msgs) by extension 'ignore_ament_install'
[2.365s] Level 1:colcon.colcon_core.package_identification:_identify(src/mage_msgs) by extensions ['colcon_pkg']
[2.365s] Level 1:colcon.colcon_core.package_identification:_identify(src/mage_msgs) by extension 'colcon_pkg'
[2.365s] Level 1:colcon.colcon_core.package_identification:_identify(src/mage_msgs) by extensions ['colcon_meta']
[2.365s] Level 1:colcon.colcon_core.package_identification:_identify(src/mage_msgs) by extension 'colcon_meta'
[2.365s] Level 1:colcon.colcon_core.package_identification:_identify(src/mage_msgs) by extensions ['ros']
[2.365s] Level 1:colcon.colcon_core.package_identification:_identify(src/mage_msgs) by extension 'ros'
[2.366s] DEBUG:colcon.colcon_core.package_identification:Package 'src/mage_msgs' with type 'ros.ament_cmake' and name 'mage_msgs'
[2.366s] Level 1:colcon.colcon_core.package_identification:_identify(src/ros2_aruco) by extensions ['ignore', 'ignore_ament_install']
[2.366s] Level 1:colcon.colcon_core.package_identification:_identify(src/ros2_aruco) by extension 'ignore'
[2.366s] Level 1:colcon.colcon_core.package_identification:_identify(src/ros2_aruco) by extension 'ignore_ament_install'
[2.366s] Level 1:colcon.colcon_core.package_identification:_identify(src/ros2_aruco) by extensions ['colcon_pkg']
[2.366s] Level 1:colcon.colcon_core.package_identification:_identify(src/ros2_aruco) by extension 'colcon_pkg'
[2.366s] Level 1:colcon.colcon_core.package_identification:_identify(src/ros2_aruco) by extensions ['colcon_meta']
[2.366s] Level 1:colcon.colcon_core.package_identification:_identify(src/ros2_aruco) by extension 'colcon_meta'
[2.366s] Level 1:colcon.colcon_core.package_identification:_identify(src/ros2_aruco) by extensions ['ros']
[2.366s] Level 1:colcon.colcon_core.package_identification:_identify(src/ros2_aruco) by extension 'ros'
[2.366s] Level 1:colcon.colcon_core.package_identification:_identify(src/ros2_aruco) by extensions ['cmake', 'python']
[2.366s] Level 1:colcon.colcon_core.package_identification:_identify(src/ros2_aruco) by extension 'cmake'
[2.366s] Level 1:colcon.colcon_core.package_identification:_identify(src/ros2_aruco) by extension 'python'
[2.366s] Level 1:colcon.colcon_core.package_identification:_identify(src/ros2_aruco) by extensions ['python_setup_py']
[2.366s] Level 1:colcon.colcon_core.package_identification:_identify(src/ros2_aruco) by extension 'python_setup_py'
[2.367s] Level 1:colcon.colcon_core.package_identification:_identify(src/ros2_aruco/ros2_aruco) by extensions ['ignore', 'ignore_ament_install']
[2.367s] Level 1:colcon.colcon_core.package_identification:_identify(src/ros2_aruco/ros2_aruco) by extension 'ignore'
[2.367s] Level 1:colcon.colcon_core.package_identification:_identify(src/ros2_aruco/ros2_aruco) by extension 'ignore_ament_install'
[2.367s] Level 1:colcon.colcon_core.package_identification:_identify(src/ros2_aruco/ros2_aruco) by extensions ['colcon_pkg']
[2.367s] Level 1:colcon.colcon_core.package_identification:_identify(src/ros2_aruco/ros2_aruco) by extension 'colcon_pkg'
[2.367s] Level 1:colcon.colcon_core.package_identification:_identify(src/ros2_aruco/ros2_aruco) by extensions ['colcon_meta']
[2.367s] Level 1:colcon.colcon_core.package_identification:_identify(src/ros2_aruco/ros2_aruco) by extension 'colcon_meta'
[2.367s] Level 1:colcon.colcon_core.package_identification:_identify(src/ros2_aruco/ros2_aruco) by extensions ['ros']
[2.367s] Level 1:colcon.colcon_core.package_identification:_identify(src/ros2_aruco/ros2_aruco) by extension 'ros'
[2.367s] DEBUG:colcon.colcon_core.package_identification:Package 'src/ros2_aruco/ros2_aruco' with type 'ros.ament_python' and name 'ros2_aruco'
[2.367s] Level 1:colcon.colcon_core.package_identification:_identify(src/ros2_aruco/ros2_aruco_interfaces) by extensions ['ignore', 'ignore_ament_install']
[2.367s] Level 1:colcon.colcon_core.package_identification:_identify(src/ros2_aruco/ros2_aruco_interfaces) by extension 'ignore'
[2.367s] Level 1:colcon.colcon_core.package_identification:_identify(src/ros2_aruco/ros2_aruco_interfaces) by extension 'ignore_ament_install'
[2.367s] Level 1:colcon.colcon_core.package_identification:_identify(src/ros2_aruco/ros2_aruco_interfaces) by extensions ['colcon_pkg']
[2.368s] Level 1:colcon.colcon_core.package_identification:_identify(src/ros2_aruco/ros2_aruco_interfaces) by extension 'colcon_pkg'
[2.368s] Level 1:colcon.colcon_core.package_identification:_identify(src/ros2_aruco/ros2_aruco_interfaces) by extensions ['colcon_meta']
[2.368s] Level 1:colcon.colcon_core.package_identification:_identify(src/ros2_aruco/ros2_aruco_interfaces) by extension 'colcon_meta'
[2.368s] Level 1:colcon.colcon_core.package_identification:_identify(src/ros2_aruco/ros2_aruco_interfaces) by extensions ['ros']
[2.368s] Level 1:colcon.colcon_core.package_identification:_identify(src/ros2_aruco/ros2_aruco_interfaces) by extension 'ros'
[2.368s] DEBUG:colcon.colcon_core.package_identification:Package 'src/ros2_aruco/ros2_aruco_interfaces' with type 'ros.ament_cmake' and name 'ros2_aruco_interfaces'
[2.368s] Level 1:colcon.colcon_core.package_discovery:discover_packages(recursive) using defaults
[2.368s] Level 1:colcon.colcon_core.package_discovery:discover_packages(ignore) discover
[2.368s] Level 1:colcon.colcon_core.package_discovery:discover_packages(ignore) using defaults
[2.368s] Level 1:colcon.colcon_core.package_discovery:discover_packages(path) discover
[2.368s] Level 1:colcon.colcon_core.package_discovery:discover_packages(path) using defaults
[2.503s] INFO:colcon.colcon_core.package_selection:Skipping not selected package 'mage_msgs' in 'src/mage_msgs'
[2.503s] INFO:colcon.colcon_core.package_selection:Skipping not selected package 'ros2_aruco' in 'src/ros2_aruco/ros2_aruco'
[2.503s] INFO:colcon.colcon_core.package_selection:Skipping not selected package 'ros2_aruco_interfaces' in 'src/ros2_aruco/ros2_aruco_interfaces'
[2.756s] INFO:colcon.colcon_core.package_selection:Skipping not selected package 'final_project' in 'src/final_project'
[2.876s] Level 1:colcon.colcon_core.package_discovery:discover_packages(prefix_path) check parameters
[2.877s] Level 1:colcon.colcon_core.package_discovery:discover_packages(prefix_path) discover
[2.963s] DEBUG:colcon.colcon_installed_package_information.package_discovery:Found 5 installed packages in /home/nitish/final_ws/install
[3.005s] DEBUG:colcon.colcon_installed_package_information.package_discovery:Found 353 installed packages in /opt/ros/galactic
[3.007s] Level 1:colcon.colcon_core.package_discovery:discover_packages(prefix_path) using defaults
[3.174s] Level 5:colcon.colcon_core.verb:set package 'group11_final' build argument 'cmake_args' from command line to 'None'
[3.174s] Level 5:colcon.colcon_core.verb:set package 'group11_final' build argument 'cmake_target' from command line to 'None'
[3.174s] Level 5:colcon.colcon_core.verb:set package 'group11_final' build argument 'cmake_target_skip_unavailable' from command line to 'False'
[3.174s] Level 5:colcon.colcon_core.verb:set package 'group11_final' build argument 'cmake_clean_cache' from command line to 'False'
[3.174s] Level 5:colcon.colcon_core.verb:set package 'group11_final' build argument 'cmake_clean_first' from command line to 'False'
[3.174s] Level 5:colcon.colcon_core.verb:set package 'group11_final' build argument 'cmake_force_configure' from command line to 'False'
[3.174s] Level 5:colcon.colcon_core.verb:set package 'group11_final' build argument 'ament_cmake_args' from command line to 'None'
[3.174s] Level 5:colcon.colcon_core.verb:set package 'group11_final' build argument 'catkin_cmake_args' from command line to 'None'
[3.174s] Level 5:colcon.colcon_core.verb:set package 'group11_final' build argument 'catkin_skip_building_tests' from command line to 'False'
[3.174s] DEBUG:colcon.colcon_core.verb:Building package 'group11_final' with the following arguments: {'ament_cmake_args': None, 'build_base': '/home/nitish/final_ws/build/group11_final', 'catkin_cmake_args': None, 'catkin_skip_building_tests': False, 'cmake_args': None, 'cmake_clean_cache': False, 'cmake_clean_first': False, 'cmake_force_configure': False, 'cmake_target': None, 'cmake_target_skip_unavailable': False, 'install_base': '/home/nitish/final_ws/install/group11_final', 'merge_install': False, 'path': '/home/nitish/final_ws/src/group11_final', 'symlink_install': False, 'test_result_base': None}
[3.212s] INFO:colcon.colcon_core.executor:Executing jobs using 'parallel' executor
[3.251s] DEBUG:colcon.colcon_parallel_executor.executor.parallel:run_until_complete
[3.251s] INFO:colcon.colcon_ros.task.ament_cmake.build:Building ROS package in '/home/nitish/final_ws/src/group11_final' with build type 'ament_cmake'
[3.252s] INFO:colcon.colcon_cmake.task.cmake.build:Building CMake package in '/home/nitish/final_ws/src/group11_final'
[3.293s] INFO:colcon.colcon_core.plugin_system:Skipping extension 'colcon_core.shell.bat': Not used on non-Windows systems
[3.293s] INFO:colcon.colcon_core.shell:Skip shell extension 'powershell' for command environment: Not usable outside of PowerShell
[3.293s] DEBUG:colcon.colcon_core.shell:Skip shell extension 'dsv' for command environment
[3.429s] DEBUG:colcon.colcon_core.event_handler.log_command:Invoking command in '/home/nitish/final_ws/build/group11_final': CMAKE_PREFIX_PATH=/home/nitish/final_ws/install/ros2_aruco_interfaces:/home/nitish/final_ws/install/mage_msgs:/home/nitish/final_ws/install/group11_final:/home/nitish/final_ws/install/final_project:/home/nitish/final_ws/install/ros2_aruco:/opt/ros/galactic LD_LIBRARY_PATH=/home/nitish/final_ws/install/ros2_aruco_interfaces/lib:/home/nitish/final_ws/install/mage_msgs/lib:/home/nitish/final_ws/install/final_project/lib:/usr/lib/x86_64-linux-gnu/gazebo-11/plugins:/opt/ros/galactic/opt/yaml_cpp_vendor/lib:/opt/ros/galactic/opt/rviz_ogre_vendor/lib:/opt/ros/galactic/lib/x86_64-linux-gnu:/opt/ros/galactic/lib PYTHONPATH=/home/nitish/final_ws/install/ros2_aruco_interfaces/lib/python3.8/site-packages:/home/nitish/final_ws/install/mage_msgs/lib/python3.8/site-packages:/home/nitish/final_ws/install/ros2_aruco/lib/python3.8/site-packages:/home/nitish/final_ws/install/final_project/lib/python3.8/site-packages:/opt/ros/galactic/lib/python3.8/site-packages /usr/bin/cmake --build /home/nitish/final_ws/build/group11_final -- -j12 -l12
[16.256s] DEBUG:colcon.colcon_core.event_handler.log_command:Invoked command in '/home/nitish/final_ws/build/group11_final' returned '0': CMAKE_PREFIX_PATH=/home/nitish/final_ws/install/ros2_aruco_interfaces:/home/nitish/final_ws/install/mage_msgs:/home/nitish/final_ws/install/group11_final:/home/nitish/final_ws/install/final_project:/home/nitish/final_ws/install/ros2_aruco:/opt/ros/galactic LD_LIBRARY_PATH=/home/nitish/final_ws/install/ros2_aruco_interfaces/lib:/home/nitish/final_ws/install/mage_msgs/lib:/home/nitish/final_ws/install/final_project/lib:/usr/lib/x86_64-linux-gnu/gazebo-11/plugins:/opt/ros/galactic/opt/yaml_cpp_vendor/lib:/opt/ros/galactic/opt/rviz_ogre_vendor/lib:/opt/ros/galactic/lib/x86_64-linux-gnu:/opt/ros/galactic/lib PYTHONPATH=/home/nitish/final_ws/install/ros2_aruco_interfaces/lib/python3.8/site-packages:/home/nitish/final_ws/install/mage_msgs/lib/python3.8/site-packages:/home/nitish/final_ws/install/ros2_aruco/lib/python3.8/site-packages:/home/nitish/final_ws/install/final_project/lib/python3.8/site-packages:/opt/ros/galactic/lib/python3.8/site-packages /usr/bin/cmake --build /home/nitish/final_ws/build/group11_final -- -j12 -l12
[16.349s] DEBUG:colcon.colcon_core.event_handler.log_command:Invoking command in '/home/nitish/final_ws/build/group11_final': CMAKE_PREFIX_PATH=/home/nitish/final_ws/install/ros2_aruco_interfaces:/home/nitish/final_ws/install/mage_msgs:/home/nitish/final_ws/install/group11_final:/home/nitish/final_ws/install/final_project:/home/nitish/final_ws/install/ros2_aruco:/opt/ros/galactic LD_LIBRARY_PATH=/home/nitish/final_ws/install/ros2_aruco_interfaces/lib:/home/nitish/final_ws/install/mage_msgs/lib:/home/nitish/final_ws/install/final_project/lib:/usr/lib/x86_64-linux-gnu/gazebo-11/plugins:/opt/ros/galactic/opt/yaml_cpp_vendor/lib:/opt/ros/galactic/opt/rviz_ogre_vendor/lib:/opt/ros/galactic/lib/x86_64-linux-gnu:/opt/ros/galactic/lib PYTHONPATH=/home/nitish/final_ws/install/ros2_aruco_interfaces/lib/python3.8/site-packages:/home/nitish/final_ws/install/mage_msgs/lib/python3.8/site-packages:/home/nitish/final_ws/install/ros2_aruco/lib/python3.8/site-packages:/home/nitish/final_ws/install/final_project/lib/python3.8/site-packages:/opt/ros/galactic/lib/python3.8/site-packages /usr/bin/cmake --install /home/nitish/final_ws/build/group11_final
[16.375s] Level 1:colcon.colcon_core.environment:create_environment_scripts_only(group11_final)
[16.376s] DEBUG:colcon.colcon_core.event_handler.log_command:Invoked command in '/home/nitish/final_ws/build/group11_final' returned '0': CMAKE_PREFIX_PATH=/home/nitish/final_ws/install/ros2_aruco_interfaces:/home/nitish/final_ws/install/mage_msgs:/home/nitish/final_ws/install/group11_final:/home/nitish/final_ws/install/final_project:/home/nitish/final_ws/install/ros2_aruco:/opt/ros/galactic LD_LIBRARY_PATH=/home/nitish/final_ws/install/ros2_aruco_interfaces/lib:/home/nitish/final_ws/install/mage_msgs/lib:/home/nitish/final_ws/install/final_project/lib:/usr/lib/x86_64-linux-gnu/gazebo-11/plugins:/opt/ros/galactic/opt/yaml_cpp_vendor/lib:/opt/ros/galactic/opt/rviz_ogre_vendor/lib:/opt/ros/galactic/lib/x86_64-linux-gnu:/opt/ros/galactic/lib PYTHONPATH=/home/nitish/final_ws/install/ros2_aruco_interfaces/lib/python3.8/site-packages:/home/nitish/final_ws/install/mage_msgs/lib/python3.8/site-packages:/home/nitish/final_ws/install/ros2_aruco/lib/python3.8/site-packages:/home/nitish/final_ws/install/final_project/lib/python3.8/site-packages:/opt/ros/galactic/lib/python3.8/site-packages /usr/bin/cmake --install /home/nitish/final_ws/build/group11_final
[16.420s] Level 1:colcon.colcon_core.environment:checking '/home/nitish/final_ws/install/group11_final' for CMake module files
[16.421s] Level 1:colcon.colcon_core.environment:checking '/home/nitish/final_ws/install/group11_final' for CMake config files
[16.421s] Level 1:colcon.colcon_core.shell:create_environment_hook('group11_final', 'cmake_prefix_path')
[16.463s] INFO:colcon.colcon_core.shell:Creating environment hook '/home/nitish/final_ws/install/group11_final/share/group11_final/hook/cmake_prefix_path.ps1'
[16.463s] INFO:colcon.colcon_core.shell:Creating environment descriptor '/home/nitish/final_ws/install/group11_final/share/group11_final/hook/cmake_prefix_path.dsv'
[16.464s] INFO:colcon.colcon_core.shell:Creating environment hook '/home/nitish/final_ws/install/group11_final/share/group11_final/hook/cmake_prefix_path.sh'
[16.465s] Level 1:colcon.colcon_core.environment:checking '/home/nitish/final_ws/install/group11_final/lib'
[16.465s] Level 1:colcon.colcon_core.environment:checking '/home/nitish/final_ws/install/group11_final/bin'
[16.465s] Level 1:colcon.colcon_core.environment:checking '/home/nitish/final_ws/install/group11_final/lib/pkgconfig/group11_final.pc'
[16.465s] Level 1:colcon.colcon_core.environment:checking '/home/nitish/final_ws/install/group11_final/lib/python3.8/site-packages'
[16.465s] Level 1:colcon.colcon_core.environment:checking '/home/nitish/final_ws/install/group11_final/bin'
[16.506s] INFO:colcon.colcon_core.shell:Creating package script '/home/nitish/final_ws/install/group11_final/share/group11_final/package.ps1'
[16.507s] INFO:colcon.colcon_core.shell:Creating package descriptor '/home/nitish/final_ws/install/group11_final/share/group11_final/package.dsv'
[16.507s] INFO:colcon.colcon_core.shell:Creating package script '/home/nitish/final_ws/install/group11_final/share/group11_final/package.sh'
[16.508s] INFO:colcon.colcon_core.shell:Creating package script '/home/nitish/final_ws/install/group11_final/share/group11_final/package.bash'
[16.509s] INFO:colcon.colcon_core.shell:Creating package script '/home/nitish/final_ws/install/group11_final/share/group11_final/package.zsh'
[16.509s] Level 1:colcon.colcon_core.environment:create_file_with_runtime_dependencies(/home/nitish/final_ws/install/group11_final/share/colcon-core/packages/group11_final)
[16.573s] Level 1:colcon.colcon_core.environment:create_environment_scripts_only(group11_final)
[16.614s] Level 1:colcon.colcon_core.environment:checking '/home/nitish/final_ws/install/group11_final' for CMake module files
[16.614s] Level 1:colcon.colcon_core.environment:checking '/home/nitish/final_ws/install/group11_final' for CMake config files
[16.614s] Level 1:colcon.colcon_core.shell:create_environment_hook('group11_final', 'cmake_prefix_path')
[16.655s] INFO:colcon.colcon_core.shell:Creating environment hook '/home/nitish/final_ws/install/group11_final/share/group11_final/hook/cmake_prefix_path.ps1'
[16.656s] INFO:colcon.colcon_core.shell:Creating environment descriptor '/home/nitish/final_ws/install/group11_final/share/group11_final/hook/cmake_prefix_path.dsv'
[16.656s] INFO:colcon.colcon_core.shell:Creating environment hook '/home/nitish/final_ws/install/group11_final/share/group11_final/hook/cmake_prefix_path.sh'
[16.657s] Level 1:colcon.colcon_core.environment:checking '/home/nitish/final_ws/install/group11_final/lib'
[16.657s] Level 1:colcon.colcon_core.environment:checking '/home/nitish/final_ws/install/group11_final/bin'
[16.657s] Level 1:colcon.colcon_core.environment:checking '/home/nitish/final_ws/install/group11_final/lib/pkgconfig/group11_final.pc'
[16.657s] Level 1:colcon.colcon_core.environment:checking '/home/nitish/final_ws/install/group11_final/lib/python3.8/site-packages'
[16.657s] Level 1:colcon.colcon_core.environment:checking '/home/nitish/final_ws/install/group11_final/bin'
[16.697s] INFO:colcon.colcon_core.shell:Creating package script '/home/nitish/final_ws/install/group11_final/share/group11_final/package.ps1'
[16.698s] INFO:colcon.colcon_core.shell:Creating package descriptor '/home/nitish/final_ws/install/group11_final/share/group11_final/package.dsv'
[16.698s] INFO:colcon.colcon_core.shell:Creating package script '/home/nitish/final_ws/install/group11_final/share/group11_final/package.sh'
[16.698s] INFO:colcon.colcon_core.shell:Creating package script '/home/nitish/final_ws/install/group11_final/share/group11_final/package.bash'
[16.699s] INFO:colcon.colcon_core.shell:Creating package script '/home/nitish/final_ws/install/group11_final/share/group11_final/package.zsh'
[16.699s] Level 1:colcon.colcon_core.environment:create_file_with_runtime_dependencies(/home/nitish/final_ws/install/group11_final/share/colcon-core/packages/group11_final)
[16.699s] DEBUG:colcon.colcon_parallel_executor.executor.parallel:closing loop
[16.699s] DEBUG:colcon.colcon_parallel_executor.executor.parallel:loop closed
[16.699s] DEBUG:colcon.colcon_parallel_executor.executor.parallel:run_until_complete finished with '0'
[16.700s] DEBUG:colcon.colcon_core.event_reactor:joining thread
[16.750s] INFO:colcon.colcon_core.plugin_system:Skipping extension 'colcon_notification.desktop_notification.terminal_notifier': Not used on non-Darwin systems
[16.750s] INFO:colcon.colcon_core.plugin_system:Skipping extension 'colcon_notification.desktop_notification.win32': Not used on non-Windows systems
[16.750s] INFO:colcon.colcon_notification.desktop_notification:Sending desktop notification using 'notify2'
[16.759s] DEBUG:colcon.colcon_core.event_reactor:joined thread
[16.800s] INFO:colcon.colcon_core.shell:Creating prefix script '/home/nitish/final_ws/install/local_setup.ps1'
[16.801s] INFO:colcon.colcon_core.shell:Creating prefix util module '/home/nitish/final_ws/install/_local_setup_util_ps1.py'
[16.802s] INFO:colcon.colcon_core.shell:Creating prefix chain script '/home/nitish/final_ws/install/setup.ps1'
[16.846s] INFO:colcon.colcon_core.shell:Creating prefix script '/home/nitish/final_ws/install/local_setup.sh'
[16.847s] INFO:colcon.colcon_core.shell:Creating prefix util module '/home/nitish/final_ws/install/_local_setup_util_sh.py'
[16.847s] INFO:colcon.colcon_core.shell:Creating prefix chain script '/home/nitish/final_ws/install/setup.sh'
[16.889s] INFO:colcon.colcon_core.shell:Creating prefix script '/home/nitish/final_ws/install/local_setup.bash'
[16.889s] INFO:colcon.colcon_core.shell:Creating prefix chain script '/home/nitish/final_ws/install/setup.bash'
[16.930s] INFO:colcon.colcon_core.shell:Creating prefix script '/home/nitish/final_ws/install/local_setup.zsh'
[16.931s] INFO:colcon.colcon_core.shell:Creating prefix chain script '/home/nitish/final_ws/install/setup.zsh'
