[5.669s] DEBUG:colcon:Command line arguments: ['/usr/bin/colcon', 'build']
[5.669s] DEBUG:colcon:Parsed command line arguments: Namespace(allow_overriding=[], ament_cmake_args=None, base_paths=['.'], build_base='build', catkin_cmake_args=None, catkin_skip_building_tests=False, cmake_args=None, cmake_clean_cache=False, cmake_clean_first=False, cmake_force_configure=False, cmake_target=None, cmake_target_skip_unavailable=False, continue_on_error=False, event_handlers=None, executor='parallel', ignore_user_meta=False, install_base='install', log_base=None, log_level=None, main=<bound method BuildVerb.main of <colcon_core.verb.build.BuildVerb object at 0x7f611ec73d00>>, merge_install=False, metas=['./colcon.meta'], packages_above=None, packages_above_and_dependencies=None, packages_above_depth=None, packages_end=None, packages_ignore=None, packages_ignore_regex=None, packages_select=None, packages_select_build_failed=False, packages_select_by_dep=None, packages_select_regex=None, packages_select_test_failures=False, packages_skip=None, packages_skip_build_finished=False, packages_skip_by_dep=None, packages_skip_regex=None, packages_skip_test_passed=False, packages_skip_up_to=None, packages_start=None, packages_up_to=None, packages_up_to_regex=None, parallel_workers=12, paths=None, symlink_install=False, test_result_base=None, verb_extension=<colcon_core.verb.build.BuildVerb object at 0x7f611ec73d00>, verb_name='build', verb_parser=<colcon_defaults.argument_parser.defaults.DefaultArgumentsDecorator object at 0x7f611eab2340>)
[5.855s] Level 1:colcon.colcon_core.package_discovery:discover_packages(colcon_meta) check parameters
[5.856s] Level 1:colcon.colcon_core.package_discovery:discover_packages(recursive) check parameters
[5.856s] Level 1:colcon.colcon_core.package_discovery:discover_packages(ignore) check parameters
[5.856s] Level 1:colcon.colcon_core.package_discovery:discover_packages(path) check parameters
[5.856s] Level 1:colcon.colcon_core.package_discovery:discover_packages(colcon_meta) discover
[5.856s] Level 1:colcon.colcon_core.package_discovery:discover_packages(recursive) discover
[5.856s] INFO:colcon.colcon_core.package_discovery:Crawling recursively for packages in '/home/nitish/final_ws'
[5.856s] Level 1:colcon.colcon_core.package_identification:_identify(.) by extensions ['ignore', 'ignore_ament_install']
[5.856s] Level 1:colcon.colcon_core.package_identification:_identify(.) by extension 'ignore'
[5.856s] Level 1:colcon.colcon_core.package_identification:_identify(.) by extension 'ignore_ament_install'
[5.856s] Level 1:colcon.colcon_core.package_identification:_identify(.) by extensions ['colcon_pkg']
[5.857s] Level 1:colcon.colcon_core.package_identification:_identify(.) by extension 'colcon_pkg'
[5.857s] Level 1:colcon.colcon_core.package_identification:_identify(.) by extensions ['colcon_meta']
[5.857s] Level 1:colcon.colcon_core.package_identification:_identify(.) by extension 'colcon_meta'
[5.857s] Level 1:colcon.colcon_core.package_identification:_identify(.) by extensions ['ros']
[5.857s] Level 1:colcon.colcon_core.package_identification:_identify(.) by extension 'ros'
[5.874s] Level 1:colcon.colcon_core.package_identification:_identify(.) by extensions ['cmake', 'python']
[5.874s] Level 1:colcon.colcon_core.package_identification:_identify(.) by extension 'cmake'
[5.874s] Level 1:colcon.colcon_core.package_identification:_identify(.) by extension 'python'
[5.875s] Level 1:colcon.colcon_core.package_identification:_identify(.) by extensions ['python_setup_py']
[5.875s] Level 1:colcon.colcon_core.package_identification:_identify(.) by extension 'python_setup_py'
[5.875s] Level 1:colcon.colcon_core.package_identification:_identify(build) by extensions ['ignore', 'ignore_ament_install']
[5.875s] Level 1:colcon.colcon_core.package_identification:_identify(build) by extension 'ignore'
[5.875s] Level 1:colcon.colcon_core.package_identification:_identify(build) ignored
[5.875s] Level 1:colcon.colcon_core.package_identification:_identify(install) by extensions ['ignore', 'ignore_ament_install']
[5.875s] Level 1:colcon.colcon_core.package_identification:_identify(install) by extension 'ignore'
[5.875s] Level 1:colcon.colcon_core.package_identification:_identify(install) ignored
[5.876s] Level 1:colcon.colcon_core.package_identification:_identify(log) by extensions ['ignore', 'ignore_ament_install']
[5.876s] Level 1:colcon.colcon_core.package_identification:_identify(log) by extension 'ignore'
[5.876s] Level 1:colcon.colcon_core.package_identification:_identify(log) ignored
[5.876s] Level 1:colcon.colcon_core.package_identification:_identify(src) by extensions ['ignore', 'ignore_ament_install']
[5.876s] Level 1:colcon.colcon_core.package_identification:_identify(src) by extension 'ignore'
[5.876s] Level 1:colcon.colcon_core.package_identification:_identify(src) by extension 'ignore_ament_install'
[5.876s] Level 1:colcon.colcon_core.package_identification:_identify(src) by extensions ['colcon_pkg']
[5.876s] Level 1:colcon.colcon_core.package_identification:_identify(src) by extension 'colcon_pkg'
[5.877s] Level 1:colcon.colcon_core.package_identification:_identify(src) by extensions ['colcon_meta']
[5.877s] Level 1:colcon.colcon_core.package_identification:_identify(src) by extension 'colcon_meta'
[5.877s] Level 1:colcon.colcon_core.package_identification:_identify(src) by extensions ['ros']
[5.877s] Level 1:colcon.colcon_core.package_identification:_identify(src) by extension 'ros'
[5.877s] Level 1:colcon.colcon_core.package_identification:_identify(src) by extensions ['cmake', 'python']
[5.877s] Level 1:colcon.colcon_core.package_identification:_identify(src) by extension 'cmake'
[5.877s] Level 1:colcon.colcon_core.package_identification:_identify(src) by extension 'python'
[5.877s] Level 1:colcon.colcon_core.package_identification:_identify(src) by extensions ['python_setup_py']
[5.877s] Level 1:colcon.colcon_core.package_identification:_identify(src) by extension 'python_setup_py'
[5.877s] Level 1:colcon.colcon_core.package_identification:_identify(src/final_project) by extensions ['ignore', 'ignore_ament_install']
[5.877s] Level 1:colcon.colcon_core.package_identification:_identify(src/final_project) by extension 'ignore'
[5.878s] Level 1:colcon.colcon_core.package_identification:_identify(src/final_project) by extension 'ignore_ament_install'
[5.878s] Level 1:colcon.colcon_core.package_identification:_identify(src/final_project) by extensions ['colcon_pkg']
[5.878s] Level 1:colcon.colcon_core.package_identification:_identify(src/final_project) by extension 'colcon_pkg'
[5.878s] Level 1:colcon.colcon_core.package_identification:_identify(src/final_project) by extensions ['colcon_meta']
[5.878s] Level 1:colcon.colcon_core.package_identification:_identify(src/final_project) by extension 'colcon_meta'
[5.878s] Level 1:colcon.colcon_core.package_identification:_identify(src/final_project) by extensions ['ros']
[5.878s] Level 1:colcon.colcon_core.package_identification:_identify(src/final_project) by extension 'ros'
[5.882s] DEBUG:colcon.colcon_core.package_identification:Package 'src/final_project' with type 'ros.ament_cmake' and name 'final_project'
[5.883s] Level 1:colcon.colcon_core.package_identification:_identify(src/group11_final) by extensions ['ignore', 'ignore_ament_install']
[5.883s] Level 1:colcon.colcon_core.package_identification:_identify(src/group11_final) by extension 'ignore'
[5.883s] Level 1:colcon.colcon_core.package_identification:_identify(src/group11_final) by extension 'ignore_ament_install'
[5.883s] Level 1:colcon.colcon_core.package_identification:_identify(src/group11_final) by extensions ['colcon_pkg']
[5.883s] Level 1:colcon.colcon_core.package_identification:_identify(src/group11_final) by extension 'colcon_pkg'
[5.883s] Level 1:colcon.colcon_core.package_identification:_identify(src/group11_final) by extensions ['colcon_meta']
[5.883s] Level 1:colcon.colcon_core.package_identification:_identify(src/group11_final) by extension 'colcon_meta'
[5.883s] Level 1:colcon.colcon_core.package_identification:_identify(src/group11_final) by extensions ['ros']
[5.883s] Level 1:colcon.colcon_core.package_identification:_identify(src/group11_final) by extension 'ros'
[5.883s] Level 1:colcon.colcon_core.package_identification:_identify(src/group11_final) by extensions ['cmake', 'python']
[5.884s] Level 1:colcon.colcon_core.package_identification:_identify(src/group11_final) by extension 'cmake'
[5.884s] Level 1:colcon.colcon_core.package_identification:_identify(src/group11_final) by extension 'python'
[5.884s] Level 1:colcon.colcon_core.package_identification:_identify(src/group11_final) by extensions ['python_setup_py']
[5.884s] Level 1:colcon.colcon_core.package_identification:_identify(src/group11_final) by extension 'python_setup_py'
[5.884s] Level 1:colcon.colcon_core.package_identification:_identify(src/group11_final/group11_final) by extensions ['ignore', 'ignore_ament_install']
[5.884s] Level 1:colcon.colcon_core.package_identification:_identify(src/group11_final/group11_final) by extension 'ignore'
[5.884s] Level 1:colcon.colcon_core.package_identification:_identify(src/group11_final/group11_final) by extension 'ignore_ament_install'
[5.884s] Level 1:colcon.colcon_core.package_identification:_identify(src/group11_final/group11_final) by extensions ['colcon_pkg']
[5.884s] Level 1:colcon.colcon_core.package_identification:_identify(src/group11_final/group11_final) by extension 'colcon_pkg'
[5.884s] Level 1:colcon.colcon_core.package_identification:_identify(src/group11_final/group11_final) by extensions ['colcon_meta']
[5.884s] Level 1:colcon.colcon_core.package_identification:_identify(src/group11_final/group11_final) by extension 'colcon_meta'
[5.885s] Level 1:colcon.colcon_core.package_identification:_identify(src/group11_final/group11_final) by extensions ['ros']
[5.885s] Level 1:colcon.colcon_core.package_identification:_identify(src/group11_final/group11_final) by extension 'ros'
[5.887s] DEBUG:colcon.colcon_core.package_identification:Package 'src/group11_final/group11_final' with type 'ros.ament_cmake' and name 'group11_final'
[5.887s] Level 1:colcon.colcon_core.package_identification:_identify(src/mage_msgs) by extensions ['ignore', 'ignore_ament_install']
[5.887s] Level 1:colcon.colcon_core.package_identification:_identify(src/mage_msgs) by extension 'ignore'
[5.888s] Level 1:colcon.colcon_core.package_identification:_identify(src/mage_msgs) by extension 'ignore_ament_install'
[5.888s] Level 1:colcon.colcon_core.package_identification:_identify(src/mage_msgs) by extensions ['colcon_pkg']
[5.888s] Level 1:colcon.colcon_core.package_identification:_identify(src/mage_msgs) by extension 'colcon_pkg'
[5.888s] Level 1:colcon.colcon_core.package_identification:_identify(src/mage_msgs) by extensions ['colcon_meta']
[5.888s] Level 1:colcon.colcon_core.package_identification:_identify(src/mage_msgs) by extension 'colcon_meta'
[5.888s] Level 1:colcon.colcon_core.package_identification:_identify(src/mage_msgs) by extensions ['ros']
[5.888s] Level 1:colcon.colcon_core.package_identification:_identify(src/mage_msgs) by extension 'ros'
[5.889s] DEBUG:colcon.colcon_core.package_identification:Package 'src/mage_msgs' with type 'ros.ament_cmake' and name 'mage_msgs'
[5.889s] Level 1:colcon.colcon_core.package_identification:_identify(src/ros2_aruco) by extensions ['ignore', 'ignore_ament_install']
[5.889s] Level 1:colcon.colcon_core.package_identification:_identify(src/ros2_aruco) by extension 'ignore'
[5.889s] Level 1:colcon.colcon_core.package_identification:_identify(src/ros2_aruco) by extension 'ignore_ament_install'
[5.889s] Level 1:colcon.colcon_core.package_identification:_identify(src/ros2_aruco) by extensions ['colcon_pkg']
[5.889s] Level 1:colcon.colcon_core.package_identification:_identify(src/ros2_aruco) by extension 'colcon_pkg'
[5.889s] Level 1:colcon.colcon_core.package_identification:_identify(src/ros2_aruco) by extensions ['colcon_meta']
[5.889s] Level 1:colcon.colcon_core.package_identification:_identify(src/ros2_aruco) by extension 'colcon_meta'
[5.890s] Level 1:colcon.colcon_core.package_identification:_identify(src/ros2_aruco) by extensions ['ros']
[5.890s] Level 1:colcon.colcon_core.package_identification:_identify(src/ros2_aruco) by extension 'ros'
[5.890s] Level 1:colcon.colcon_core.package_identification:_identify(src/ros2_aruco) by extensions ['cmake', 'python']
[5.890s] Level 1:colcon.colcon_core.package_identification:_identify(src/ros2_aruco) by extension 'cmake'
[5.890s] Level 1:colcon.colcon_core.package_identification:_identify(src/ros2_aruco) by extension 'python'
[5.890s] Level 1:colcon.colcon_core.package_identification:_identify(src/ros2_aruco) by extensions ['python_setup_py']
[5.890s] Level 1:colcon.colcon_core.package_identification:_identify(src/ros2_aruco) by extension 'python_setup_py'
[5.890s] Level 1:colcon.colcon_core.package_identification:_identify(src/ros2_aruco/ros2_aruco) by extensions ['ignore', 'ignore_ament_install']
[5.890s] Level 1:colcon.colcon_core.package_identification:_identify(src/ros2_aruco/ros2_aruco) by extension 'ignore'
[5.890s] Level 1:colcon.colcon_core.package_identification:_identify(src/ros2_aruco/ros2_aruco) by extension 'ignore_ament_install'
[5.890s] Level 1:colcon.colcon_core.package_identification:_identify(src/ros2_aruco/ros2_aruco) by extensions ['colcon_pkg']
[5.891s] Level 1:colcon.colcon_core.package_identification:_identify(src/ros2_aruco/ros2_aruco) by extension 'colcon_pkg'
[5.891s] Level 1:colcon.colcon_core.package_identification:_identify(src/ros2_aruco/ros2_aruco) by extensions ['colcon_meta']
[5.891s] Level 1:colcon.colcon_core.package_identification:_identify(src/ros2_aruco/ros2_aruco) by extension 'colcon_meta'
[5.891s] Level 1:colcon.colcon_core.package_identification:_identify(src/ros2_aruco/ros2_aruco) by extensions ['ros']
[5.891s] Level 1:colcon.colcon_core.package_identification:_identify(src/ros2_aruco/ros2_aruco) by extension 'ros'
[5.891s] DEBUG:colcon.colcon_core.package_identification:Package 'src/ros2_aruco/ros2_aruco' with type 'ros.ament_python' and name 'ros2_aruco'
[5.892s] Level 1:colcon.colcon_core.package_identification:_identify(src/ros2_aruco/ros2_aruco_interfaces) by extensions ['ignore', 'ignore_ament_install']
[5.892s] Level 1:colcon.colcon_core.package_identification:_identify(src/ros2_aruco/ros2_aruco_interfaces) by extension 'ignore'
[5.892s] Level 1:colcon.colcon_core.package_identification:_identify(src/ros2_aruco/ros2_aruco_interfaces) by extension 'ignore_ament_install'
[5.892s] Level 1:colcon.colcon_core.package_identification:_identify(src/ros2_aruco/ros2_aruco_interfaces) by extensions ['colcon_pkg']
[5.892s] Level 1:colcon.colcon_core.package_identification:_identify(src/ros2_aruco/ros2_aruco_interfaces) by extension 'colcon_pkg'
[5.892s] Level 1:colcon.colcon_core.package_identification:_identify(src/ros2_aruco/ros2_aruco_interfaces) by extensions ['colcon_meta']
[5.892s] Level 1:colcon.colcon_core.package_identification:_identify(src/ros2_aruco/ros2_aruco_interfaces) by extension 'colcon_meta'
[5.892s] Level 1:colcon.colcon_core.package_identification:_identify(src/ros2_aruco/ros2_aruco_interfaces) by extensions ['ros']
[5.892s] Level 1:colcon.colcon_core.package_identification:_identify(src/ros2_aruco/ros2_aruco_interfaces) by extension 'ros'
[5.893s] DEBUG:colcon.colcon_core.package_identification:Package 'src/ros2_aruco/ros2_aruco_interfaces' with type 'ros.ament_cmake' and name 'ros2_aruco_interfaces'
[5.893s] Level 1:colcon.colcon_core.package_discovery:discover_packages(recursive) using defaults
[5.893s] Level 1:colcon.colcon_core.package_discovery:discover_packages(ignore) discover
[5.894s] Level 1:colcon.colcon_core.package_discovery:discover_packages(ignore) using defaults
[5.894s] Level 1:colcon.colcon_core.package_discovery:discover_packages(path) discover
[5.894s] Level 1:colcon.colcon_core.package_discovery:discover_packages(path) using defaults
[6.281s] Level 1:colcon.colcon_core.package_discovery:discover_packages(prefix_path) check parameters
[6.281s] Level 1:colcon.colcon_core.package_discovery:discover_packages(prefix_path) discover
[6.426s] DEBUG:colcon.colcon_installed_package_information.package_discovery:Found 5 installed packages in /home/nitish/final_ws/install
[6.500s] DEBUG:colcon.colcon_installed_package_information.package_discovery:Found 353 installed packages in /opt/ros/galactic
[6.503s] Level 1:colcon.colcon_core.package_discovery:discover_packages(prefix_path) using defaults
[6.809s] Level 5:colcon.colcon_core.verb:set package 'mage_msgs' build argument 'cmake_args' from command line to 'None'
[6.809s] Level 5:colcon.colcon_core.verb:set package 'mage_msgs' build argument 'cmake_target' from command line to 'None'
[6.810s] Level 5:colcon.colcon_core.verb:set package 'mage_msgs' build argument 'cmake_target_skip_unavailable' from command line to 'False'
[6.810s] Level 5:colcon.colcon_core.verb:set package 'mage_msgs' build argument 'cmake_clean_cache' from command line to 'False'
[6.810s] Level 5:colcon.colcon_core.verb:set package 'mage_msgs' build argument 'cmake_clean_first' from command line to 'False'
[6.810s] Level 5:colcon.colcon_core.verb:set package 'mage_msgs' build argument 'cmake_force_configure' from command line to 'False'
[6.810s] Level 5:colcon.colcon_core.verb:set package 'mage_msgs' build argument 'ament_cmake_args' from command line to 'None'
[6.810s] Level 5:colcon.colcon_core.verb:set package 'mage_msgs' build argument 'catkin_cmake_args' from command line to 'None'
[6.810s] Level 5:colcon.colcon_core.verb:set package 'mage_msgs' build argument 'catkin_skip_building_tests' from command line to 'False'
[6.810s] DEBUG:colcon.colcon_core.verb:Building package 'mage_msgs' with the following arguments: {'ament_cmake_args': None, 'build_base': '/home/nitish/final_ws/build/mage_msgs', 'catkin_cmake_args': None, 'catkin_skip_building_tests': False, 'cmake_args': None, 'cmake_clean_cache': False, 'cmake_clean_first': False, 'cmake_force_configure': False, 'cmake_target': None, 'cmake_target_skip_unavailable': False, 'install_base': '/home/nitish/final_ws/install/mage_msgs', 'merge_install': False, 'path': '/home/nitish/final_ws/src/mage_msgs', 'symlink_install': False, 'test_result_base': None}
[6.883s] Level 5:colcon.colcon_core.verb:set package 'ros2_aruco' build argument 'cmake_args' from command line to 'None'
[6.883s] Level 5:colcon.colcon_core.verb:set package 'ros2_aruco' build argument 'cmake_target' from command line to 'None'
[6.883s] Level 5:colcon.colcon_core.verb:set package 'ros2_aruco' build argument 'cmake_target_skip_unavailable' from command line to 'False'
[6.883s] Level 5:colcon.colcon_core.verb:set package 'ros2_aruco' build argument 'cmake_clean_cache' from command line to 'False'
[6.883s] Level 5:colcon.colcon_core.verb:set package 'ros2_aruco' build argument 'cmake_clean_first' from command line to 'False'
[6.883s] Level 5:colcon.colcon_core.verb:set package 'ros2_aruco' build argument 'cmake_force_configure' from command line to 'False'
[6.883s] Level 5:colcon.colcon_core.verb:set package 'ros2_aruco' build argument 'ament_cmake_args' from command line to 'None'
[6.883s] Level 5:colcon.colcon_core.verb:set package 'ros2_aruco' build argument 'catkin_cmake_args' from command line to 'None'
[6.883s] Level 5:colcon.colcon_core.verb:set package 'ros2_aruco' build argument 'catkin_skip_building_tests' from command line to 'False'
[6.883s] DEBUG:colcon.colcon_core.verb:Building package 'ros2_aruco' with the following arguments: {'ament_cmake_args': None, 'build_base': '/home/nitish/final_ws/build/ros2_aruco', 'catkin_cmake_args': None, 'catkin_skip_building_tests': False, 'cmake_args': None, 'cmake_clean_cache': False, 'cmake_clean_first': False, 'cmake_force_configure': False, 'cmake_target': None, 'cmake_target_skip_unavailable': False, 'install_base': '/home/nitish/final_ws/install/ros2_aruco', 'merge_install': False, 'path': '/home/nitish/final_ws/src/ros2_aruco/ros2_aruco', 'symlink_install': False, 'test_result_base': None}
[6.956s] Level 5:colcon.colcon_core.verb:set package 'ros2_aruco_interfaces' build argument 'cmake_args' from command line to 'None'
[6.956s] Level 5:colcon.colcon_core.verb:set package 'ros2_aruco_interfaces' build argument 'cmake_target' from command line to 'None'
[6.956s] Level 5:colcon.colcon_core.verb:set package 'ros2_aruco_interfaces' build argument 'cmake_target_skip_unavailable' from command line to 'False'
[6.956s] Level 5:colcon.colcon_core.verb:set package 'ros2_aruco_interfaces' build argument 'cmake_clean_cache' from command line to 'False'
[6.956s] Level 5:colcon.colcon_core.verb:set package 'ros2_aruco_interfaces' build argument 'cmake_clean_first' from command line to 'False'
[6.956s] Level 5:colcon.colcon_core.verb:set package 'ros2_aruco_interfaces' build argument 'cmake_force_configure' from command line to 'False'
[6.956s] Level 5:colcon.colcon_core.verb:set package 'ros2_aruco_interfaces' build argument 'ament_cmake_args' from command line to 'None'
[6.957s] Level 5:colcon.colcon_core.verb:set package 'ros2_aruco_interfaces' build argument 'catkin_cmake_args' from command line to 'None'
[6.957s] Level 5:colcon.colcon_core.verb:set package 'ros2_aruco_interfaces' build argument 'catkin_skip_building_tests' from command line to 'False'
[6.957s] DEBUG:colcon.colcon_core.verb:Building package 'ros2_aruco_interfaces' with the following arguments: {'ament_cmake_args': None, 'build_base': '/home/nitish/final_ws/build/ros2_aruco_interfaces', 'catkin_cmake_args': None, 'catkin_skip_building_tests': False, 'cmake_args': None, 'cmake_clean_cache': False, 'cmake_clean_first': False, 'cmake_force_configure': False, 'cmake_target': None, 'cmake_target_skip_unavailable': False, 'install_base': '/home/nitish/final_ws/install/ros2_aruco_interfaces', 'merge_install': False, 'path': '/home/nitish/final_ws/src/ros2_aruco/ros2_aruco_interfaces', 'symlink_install': False, 'test_result_base': None}
[7.029s] Level 5:colcon.colcon_core.verb:set package 'final_project' build argument 'cmake_args' from command line to 'None'
[7.029s] Level 5:colcon.colcon_core.verb:set package 'final_project' build argument 'cmake_target' from command line to 'None'
[7.029s] Level 5:colcon.colcon_core.verb:set package 'final_project' build argument 'cmake_target_skip_unavailable' from command line to 'False'
[7.030s] Level 5:colcon.colcon_core.verb:set package 'final_project' build argument 'cmake_clean_cache' from command line to 'False'
[7.030s] Level 5:colcon.colcon_core.verb:set package 'final_project' build argument 'cmake_clean_first' from command line to 'False'
[7.030s] Level 5:colcon.colcon_core.verb:set package 'final_project' build argument 'cmake_force_configure' from command line to 'False'
[7.030s] Level 5:colcon.colcon_core.verb:set package 'final_project' build argument 'ament_cmake_args' from command line to 'None'
[7.030s] Level 5:colcon.colcon_core.verb:set package 'final_project' build argument 'catkin_cmake_args' from command line to 'None'
[7.030s] Level 5:colcon.colcon_core.verb:set package 'final_project' build argument 'catkin_skip_building_tests' from command line to 'False'
[7.030s] DEBUG:colcon.colcon_core.verb:Building package 'final_project' with the following arguments: {'ament_cmake_args': None, 'build_base': '/home/nitish/final_ws/build/final_project', 'catkin_cmake_args': None, 'catkin_skip_building_tests': False, 'cmake_args': None, 'cmake_clean_cache': False, 'cmake_clean_first': False, 'cmake_force_configure': False, 'cmake_target': None, 'cmake_target_skip_unavailable': False, 'install_base': '/home/nitish/final_ws/install/final_project', 'merge_install': False, 'path': '/home/nitish/final_ws/src/final_project', 'symlink_install': False, 'test_result_base': None}
[7.103s] Level 5:colcon.colcon_core.verb:set package 'group11_final' build argument 'cmake_args' from command line to 'None'
[7.103s] Level 5:colcon.colcon_core.verb:set package 'group11_final' build argument 'cmake_target' from command line to 'None'
[7.103s] Level 5:colcon.colcon_core.verb:set package 'group11_final' build argument 'cmake_target_skip_unavailable' from command line to 'False'
[7.103s] Level 5:colcon.colcon_core.verb:set package 'group11_final' build argument 'cmake_clean_cache' from command line to 'False'
[7.103s] Level 5:colcon.colcon_core.verb:set package 'group11_final' build argument 'cmake_clean_first' from command line to 'False'
[7.103s] Level 5:colcon.colcon_core.verb:set package 'group11_final' build argument 'cmake_force_configure' from command line to 'False'
[7.103s] Level 5:colcon.colcon_core.verb:set package 'group11_final' build argument 'ament_cmake_args' from command line to 'None'
[7.103s] Level 5:colcon.colcon_core.verb:set package 'group11_final' build argument 'catkin_cmake_args' from command line to 'None'
[7.103s] Level 5:colcon.colcon_core.verb:set package 'group11_final' build argument 'catkin_skip_building_tests' from command line to 'False'
[7.103s] DEBUG:colcon.colcon_core.verb:Building package 'group11_final' with the following arguments: {'ament_cmake_args': None, 'build_base': '/home/nitish/final_ws/build/group11_final', 'catkin_cmake_args': None, 'catkin_skip_building_tests': False, 'cmake_args': None, 'cmake_clean_cache': False, 'cmake_clean_first': False, 'cmake_force_configure': False, 'cmake_target': None, 'cmake_target_skip_unavailable': False, 'install_base': '/home/nitish/final_ws/install/group11_final', 'merge_install': False, 'path': '/home/nitish/final_ws/src/group11_final/group11_final', 'symlink_install': False, 'test_result_base': None}
[7.176s] INFO:colcon.colcon_core.executor:Executing jobs using 'parallel' executor
[7.249s] DEBUG:colcon.colcon_parallel_executor.executor.parallel:run_until_complete
[7.250s] INFO:colcon.colcon_ros.task.ament_cmake.build:Building ROS package in '/home/nitish/final_ws/src/mage_msgs' with build type 'ament_cmake'
[7.250s] INFO:colcon.colcon_cmake.task.cmake.build:Building CMake package in '/home/nitish/final_ws/src/mage_msgs'
[7.326s] INFO:colcon.colcon_core.plugin_system:Skipping extension 'colcon_core.shell.bat': Not used on non-Windows systems
[7.327s] INFO:colcon.colcon_core.shell:Skip shell extension 'powershell' for command environment: Not usable outside of PowerShell
[7.327s] DEBUG:colcon.colcon_core.shell:Skip shell extension 'dsv' for command environment
[7.554s] INFO:colcon.colcon_ros.task.ament_cmake.build:Building ROS package in '/home/nitish/final_ws/src/ros2_aruco/ros2_aruco_interfaces' with build type 'ament_cmake'
[7.555s] INFO:colcon.colcon_cmake.task.cmake.build:Building CMake package in '/home/nitish/final_ws/src/ros2_aruco/ros2_aruco_interfaces'
[7.630s] INFO:colcon.colcon_core.shell:Skip shell extension 'powershell' for command environment: Not usable outside of PowerShell
[7.630s] DEBUG:colcon.colcon_core.shell:Skip shell extension 'dsv' for command environment
[7.860s] INFO:colcon.colcon_ros.task.ament_python.build:Building ROS package in '/home/nitish/final_ws/src/ros2_aruco/ros2_aruco' with build type 'ament_python'
[7.861s] Level 1:colcon.colcon_core.shell:create_environment_hook('ros2_aruco', 'ament_prefix_path')
[7.936s] INFO:colcon.colcon_core.shell:Creating environment hook '/home/nitish/final_ws/install/ros2_aruco/share/ros2_aruco/hook/ament_prefix_path.ps1'
[7.937s] INFO:colcon.colcon_core.shell:Creating environment descriptor '/home/nitish/final_ws/install/ros2_aruco/share/ros2_aruco/hook/ament_prefix_path.dsv'
[7.938s] INFO:colcon.colcon_core.shell:Creating environment hook '/home/nitish/final_ws/install/ros2_aruco/share/ros2_aruco/hook/ament_prefix_path.sh'
[8.012s] INFO:colcon.colcon_core.shell:Skip shell extension 'powershell' for command environment: Not usable outside of PowerShell
[8.012s] DEBUG:colcon.colcon_core.shell:Skip shell extension 'dsv' for command environment
[8.246s] DEBUG:colcon.colcon_core.event_handler.log_command:Invoking command in '/home/nitish/final_ws/build/mage_msgs': CMAKE_PREFIX_PATH=${CMAKE_PREFIX_PATH}:/home/nitish/final_ws/install/ros2_aruco:/opt/ros/galactic /usr/bin/cmake --build /home/nitish/final_ws/build/mage_msgs -- -j12 -l12
[8.260s] DEBUG:colcon.colcon_core.event_handler.log_command:Invoking command in '/home/nitish/final_ws/build/ros2_aruco_interfaces': CMAKE_PREFIX_PATH=${CMAKE_PREFIX_PATH}:/home/nitish/final_ws/install/ros2_aruco:/opt/ros/galactic /usr/bin/cmake --build /home/nitish/final_ws/build/ros2_aruco_interfaces -- -j12 -l12
[8.753s] INFO:colcon.colcon_core.task.python.build:Building Python package in '/home/nitish/final_ws/src/ros2_aruco/ros2_aruco'
[8.829s] INFO:colcon.colcon_core.shell:Skip shell extension 'powershell' for command environment: Not usable outside of PowerShell
[8.829s] DEBUG:colcon.colcon_core.shell:Skip shell extension 'dsv' for command environment
[9.060s] DEBUG:colcon.colcon_core.event_handler.log_command:Invoked command in '/home/nitish/final_ws/build/mage_msgs' returned '0': CMAKE_PREFIX_PATH=${CMAKE_PREFIX_PATH}:/home/nitish/final_ws/install/ros2_aruco:/opt/ros/galactic /usr/bin/cmake --build /home/nitish/final_ws/build/mage_msgs -- -j12 -l12
[9.065s] DEBUG:colcon.colcon_core.event_handler.log_command:Invoked command in '/home/nitish/final_ws/build/ros2_aruco_interfaces' returned '0': CMAKE_PREFIX_PATH=${CMAKE_PREFIX_PATH}:/home/nitish/final_ws/install/ros2_aruco:/opt/ros/galactic /usr/bin/cmake --build /home/nitish/final_ws/build/ros2_aruco_interfaces -- -j12 -l12
[9.170s] DEBUG:colcon.colcon_core.event_handler.log_command:Invoking command in '/home/nitish/final_ws/build/ros2_aruco_interfaces': CMAKE_PREFIX_PATH=${CMAKE_PREFIX_PATH}:/home/nitish/final_ws/install/ros2_aruco:/opt/ros/galactic /usr/bin/cmake --install /home/nitish/final_ws/build/ros2_aruco_interfaces
[9.265s] Level 1:colcon.colcon_core.environment:create_environment_scripts_only(ros2_aruco_interfaces)
[9.267s] DEBUG:colcon.colcon_core.event_handler.log_command:Invoked command in '/home/nitish/final_ws/build/ros2_aruco_interfaces' returned '0': CMAKE_PREFIX_PATH=${CMAKE_PREFIX_PATH}:/home/nitish/final_ws/install/ros2_aruco:/opt/ros/galactic /usr/bin/cmake --install /home/nitish/final_ws/build/ros2_aruco_interfaces
[9.358s] Level 1:colcon.colcon_core.environment:checking '/home/nitish/final_ws/install/ros2_aruco_interfaces' for CMake module files
[9.359s] Level 1:colcon.colcon_core.environment:checking '/home/nitish/final_ws/install/ros2_aruco_interfaces' for CMake config files
[9.360s] Level 1:colcon.colcon_core.shell:create_environment_hook('ros2_aruco_interfaces', 'cmake_prefix_path')
[9.434s] INFO:colcon.colcon_core.shell:Creating environment hook '/home/nitish/final_ws/install/ros2_aruco_interfaces/share/ros2_aruco_interfaces/hook/cmake_prefix_path.ps1'
[9.435s] INFO:colcon.colcon_core.shell:Creating environment descriptor '/home/nitish/final_ws/install/ros2_aruco_interfaces/share/ros2_aruco_interfaces/hook/cmake_prefix_path.dsv'
[9.435s] INFO:colcon.colcon_core.shell:Creating environment hook '/home/nitish/final_ws/install/ros2_aruco_interfaces/share/ros2_aruco_interfaces/hook/cmake_prefix_path.sh'
[9.436s] Level 1:colcon.colcon_core.environment:checking '/home/nitish/final_ws/install/ros2_aruco_interfaces/lib'
[9.436s] Level 1:colcon.colcon_core.shell:create_environment_hook('ros2_aruco_interfaces', 'ld_library_path_lib')
[9.511s] INFO:colcon.colcon_core.shell:Creating environment hook '/home/nitish/final_ws/install/ros2_aruco_interfaces/share/ros2_aruco_interfaces/hook/ld_library_path_lib.ps1'
[9.511s] INFO:colcon.colcon_core.shell:Creating environment descriptor '/home/nitish/final_ws/install/ros2_aruco_interfaces/share/ros2_aruco_interfaces/hook/ld_library_path_lib.dsv'
[9.512s] INFO:colcon.colcon_core.shell:Creating environment hook '/home/nitish/final_ws/install/ros2_aruco_interfaces/share/ros2_aruco_interfaces/hook/ld_library_path_lib.sh'
[9.512s] Level 1:colcon.colcon_core.environment:checking '/home/nitish/final_ws/install/ros2_aruco_interfaces/bin'
[9.513s] Level 1:colcon.colcon_core.environment:checking '/home/nitish/final_ws/install/ros2_aruco_interfaces/lib/pkgconfig/ros2_aruco_interfaces.pc'
[9.513s] Level 1:colcon.colcon_core.environment:checking '/home/nitish/final_ws/install/ros2_aruco_interfaces/lib/python3.8/site-packages'
[9.513s] Level 1:colcon.colcon_core.shell:create_environment_hook('ros2_aruco_interfaces', 'pythonpath')
[9.604s] INFO:colcon.colcon_core.shell:Creating environment hook '/home/nitish/final_ws/install/ros2_aruco_interfaces/share/ros2_aruco_interfaces/hook/pythonpath.ps1'
[9.605s] INFO:colcon.colcon_core.shell:Creating environment descriptor '/home/nitish/final_ws/install/ros2_aruco_interfaces/share/ros2_aruco_interfaces/hook/pythonpath.dsv'
[9.605s] INFO:colcon.colcon_core.shell:Creating environment hook '/home/nitish/final_ws/install/ros2_aruco_interfaces/share/ros2_aruco_interfaces/hook/pythonpath.sh'
[9.606s] Level 1:colcon.colcon_core.environment:checking '/home/nitish/final_ws/install/ros2_aruco_interfaces/bin'
[9.681s] INFO:colcon.colcon_core.shell:Creating package script '/home/nitish/final_ws/install/ros2_aruco_interfaces/share/ros2_aruco_interfaces/package.ps1'
[9.682s] INFO:colcon.colcon_core.shell:Creating package descriptor '/home/nitish/final_ws/install/ros2_aruco_interfaces/share/ros2_aruco_interfaces/package.dsv'
[9.683s] INFO:colcon.colcon_core.shell:Creating package script '/home/nitish/final_ws/install/ros2_aruco_interfaces/share/ros2_aruco_interfaces/package.sh'
[9.684s] INFO:colcon.colcon_core.shell:Creating package script '/home/nitish/final_ws/install/ros2_aruco_interfaces/share/ros2_aruco_interfaces/package.bash'
[9.685s] INFO:colcon.colcon_core.shell:Creating package script '/home/nitish/final_ws/install/ros2_aruco_interfaces/share/ros2_aruco_interfaces/package.zsh'
[9.686s] Level 1:colcon.colcon_core.environment:create_file_with_runtime_dependencies(/home/nitish/final_ws/install/ros2_aruco_interfaces/share/colcon-core/packages/ros2_aruco_interfaces)
[9.696s] DEBUG:colcon.colcon_core.event_handler.log_command:Invoking command in '/home/nitish/final_ws/build/mage_msgs': CMAKE_PREFIX_PATH=${CMAKE_PREFIX_PATH}:/home/nitish/final_ws/install/ros2_aruco:/opt/ros/galactic /usr/bin/cmake --install /home/nitish/final_ws/build/mage_msgs
[9.749s] DEBUG:colcon.colcon_core.event_handler.log_command:Invoking command in '/home/nitish/final_ws/src/ros2_aruco/ros2_aruco': PYTHONPATH=/home/nitish/final_ws/build/ros2_aruco/prefix_override:/home/nitish/final_ws/install/ros2_aruco/lib/python3.8/site-packages:${PYTHONPATH} /usr/bin/python3 setup.py egg_info --egg-base ../../../build/ros2_aruco build --build-base /home/nitish/final_ws/build/ros2_aruco/build install --record /home/nitish/final_ws/build/ros2_aruco/install.log --install-scripts $base/lib/ros2_aruco --single-version-externally-managed
[9.871s] Level 1:colcon.colcon_core.environment:create_environment_scripts_only(ros2_aruco_interfaces)
[9.946s] Level 1:colcon.colcon_core.environment:checking '/home/nitish/final_ws/install/ros2_aruco_interfaces' for CMake module files
[9.947s] Level 1:colcon.colcon_core.environment:checking '/home/nitish/final_ws/install/ros2_aruco_interfaces' for CMake config files
[9.949s] Level 1:colcon.colcon_core.shell:create_environment_hook('ros2_aruco_interfaces', 'cmake_prefix_path')
[10.023s] INFO:colcon.colcon_core.shell:Creating environment hook '/home/nitish/final_ws/install/ros2_aruco_interfaces/share/ros2_aruco_interfaces/hook/cmake_prefix_path.ps1'
[10.024s] INFO:colcon.colcon_core.shell:Creating environment descriptor '/home/nitish/final_ws/install/ros2_aruco_interfaces/share/ros2_aruco_interfaces/hook/cmake_prefix_path.dsv'
[10.025s] INFO:colcon.colcon_core.shell:Creating environment hook '/home/nitish/final_ws/install/ros2_aruco_interfaces/share/ros2_aruco_interfaces/hook/cmake_prefix_path.sh'
[10.026s] Level 1:colcon.colcon_core.environment:checking '/home/nitish/final_ws/install/ros2_aruco_interfaces/lib'
[10.026s] Level 1:colcon.colcon_core.shell:create_environment_hook('ros2_aruco_interfaces', 'ld_library_path_lib')
[10.102s] INFO:colcon.colcon_core.shell:Creating environment hook '/home/nitish/final_ws/install/ros2_aruco_interfaces/share/ros2_aruco_interfaces/hook/ld_library_path_lib.ps1'
[10.103s] INFO:colcon.colcon_core.shell:Creating environment descriptor '/home/nitish/final_ws/install/ros2_aruco_interfaces/share/ros2_aruco_interfaces/hook/ld_library_path_lib.dsv'
[10.103s] INFO:colcon.colcon_core.shell:Creating environment hook '/home/nitish/final_ws/install/ros2_aruco_interfaces/share/ros2_aruco_interfaces/hook/ld_library_path_lib.sh'
[10.104s] Level 1:colcon.colcon_core.environment:checking '/home/nitish/final_ws/install/ros2_aruco_interfaces/bin'
[10.104s] Level 1:colcon.colcon_core.environment:checking '/home/nitish/final_ws/install/ros2_aruco_interfaces/lib/pkgconfig/ros2_aruco_interfaces.pc'
[10.104s] Level 1:colcon.colcon_core.environment:checking '/home/nitish/final_ws/install/ros2_aruco_interfaces/lib/python3.8/site-packages'
[10.104s] Level 1:colcon.colcon_core.shell:create_environment_hook('ros2_aruco_interfaces', 'pythonpath')
[10.183s] INFO:colcon.colcon_core.shell:Creating environment hook '/home/nitish/final_ws/install/ros2_aruco_interfaces/share/ros2_aruco_interfaces/hook/pythonpath.ps1'
[10.185s] INFO:colcon.colcon_core.shell:Creating environment descriptor '/home/nitish/final_ws/install/ros2_aruco_interfaces/share/ros2_aruco_interfaces/hook/pythonpath.dsv'
[10.185s] INFO:colcon.colcon_core.shell:Creating environment hook '/home/nitish/final_ws/install/ros2_aruco_interfaces/share/ros2_aruco_interfaces/hook/pythonpath.sh'
[10.186s] Level 1:colcon.colcon_core.environment:checking '/home/nitish/final_ws/install/ros2_aruco_interfaces/bin'
[10.262s] INFO:colcon.colcon_core.shell:Creating package script '/home/nitish/final_ws/install/ros2_aruco_interfaces/share/ros2_aruco_interfaces/package.ps1'
[10.263s] INFO:colcon.colcon_core.shell:Creating package descriptor '/home/nitish/final_ws/install/ros2_aruco_interfaces/share/ros2_aruco_interfaces/package.dsv'
[10.264s] INFO:colcon.colcon_core.shell:Creating package script '/home/nitish/final_ws/install/ros2_aruco_interfaces/share/ros2_aruco_interfaces/package.sh'
[10.264s] INFO:colcon.colcon_core.shell:Creating package script '/home/nitish/final_ws/install/ros2_aruco_interfaces/share/ros2_aruco_interfaces/package.bash'
[10.265s] INFO:colcon.colcon_core.shell:Creating package script '/home/nitish/final_ws/install/ros2_aruco_interfaces/share/ros2_aruco_interfaces/package.zsh'
[10.266s] Level 1:colcon.colcon_core.environment:create_file_with_runtime_dependencies(/home/nitish/final_ws/install/ros2_aruco_interfaces/share/colcon-core/packages/ros2_aruco_interfaces)
[10.268s] Level 1:colcon.colcon_core.environment:create_environment_scripts_only(mage_msgs)
[10.268s] DEBUG:colcon.colcon_core.event_handler.log_command:Invoked command in '/home/nitish/final_ws/build/mage_msgs' returned '0': CMAKE_PREFIX_PATH=${CMAKE_PREFIX_PATH}:/home/nitish/final_ws/install/ros2_aruco:/opt/ros/galactic /usr/bin/cmake --install /home/nitish/final_ws/build/mage_msgs
[10.345s] Level 1:colcon.colcon_core.environment:checking '/home/nitish/final_ws/install/mage_msgs' for CMake module files
[10.346s] Level 1:colcon.colcon_core.environment:checking '/home/nitish/final_ws/install/mage_msgs' for CMake config files
[10.347s] Level 1:colcon.colcon_core.shell:create_environment_hook('mage_msgs', 'cmake_prefix_path')
[10.421s] INFO:colcon.colcon_core.shell:Creating environment hook '/home/nitish/final_ws/install/mage_msgs/share/mage_msgs/hook/cmake_prefix_path.ps1'
[10.421s] INFO:colcon.colcon_core.shell:Creating environment descriptor '/home/nitish/final_ws/install/mage_msgs/share/mage_msgs/hook/cmake_prefix_path.dsv'
[10.422s] INFO:colcon.colcon_core.shell:Creating environment hook '/home/nitish/final_ws/install/mage_msgs/share/mage_msgs/hook/cmake_prefix_path.sh'
[10.423s] Level 1:colcon.colcon_core.environment:checking '/home/nitish/final_ws/install/mage_msgs/lib'
[10.423s] Level 1:colcon.colcon_core.shell:create_environment_hook('mage_msgs', 'ld_library_path_lib')
[10.496s] INFO:colcon.colcon_core.shell:Creating environment hook '/home/nitish/final_ws/install/mage_msgs/share/mage_msgs/hook/ld_library_path_lib.ps1'
[10.497s] INFO:colcon.colcon_core.shell:Creating environment descriptor '/home/nitish/final_ws/install/mage_msgs/share/mage_msgs/hook/ld_library_path_lib.dsv'
[10.497s] INFO:colcon.colcon_core.shell:Creating environment hook '/home/nitish/final_ws/install/mage_msgs/share/mage_msgs/hook/ld_library_path_lib.sh'
[10.498s] Level 1:colcon.colcon_core.environment:checking '/home/nitish/final_ws/install/mage_msgs/bin'
[10.498s] Level 1:colcon.colcon_core.environment:checking '/home/nitish/final_ws/install/mage_msgs/lib/pkgconfig/mage_msgs.pc'
[10.498s] Level 1:colcon.colcon_core.environment:checking '/home/nitish/final_ws/install/mage_msgs/lib/python3.8/site-packages'
[10.498s] Level 1:colcon.colcon_core.shell:create_environment_hook('mage_msgs', 'pythonpath')
[10.572s] INFO:colcon.colcon_core.shell:Creating environment hook '/home/nitish/final_ws/install/mage_msgs/share/mage_msgs/hook/pythonpath.ps1'
[10.573s] INFO:colcon.colcon_core.shell:Creating environment descriptor '/home/nitish/final_ws/install/mage_msgs/share/mage_msgs/hook/pythonpath.dsv'
[10.574s] INFO:colcon.colcon_core.shell:Creating environment hook '/home/nitish/final_ws/install/mage_msgs/share/mage_msgs/hook/pythonpath.sh'
[10.574s] Level 1:colcon.colcon_core.environment:checking '/home/nitish/final_ws/install/mage_msgs/bin'
[10.651s] INFO:colcon.colcon_core.shell:Creating package script '/home/nitish/final_ws/install/mage_msgs/share/mage_msgs/package.ps1'
[10.652s] INFO:colcon.colcon_core.shell:Creating package descriptor '/home/nitish/final_ws/install/mage_msgs/share/mage_msgs/package.dsv'
[10.652s] INFO:colcon.colcon_core.shell:Creating package script '/home/nitish/final_ws/install/mage_msgs/share/mage_msgs/package.sh'
[10.653s] INFO:colcon.colcon_core.shell:Creating package script '/home/nitish/final_ws/install/mage_msgs/share/mage_msgs/package.bash'
[10.654s] INFO:colcon.colcon_core.shell:Creating package script '/home/nitish/final_ws/install/mage_msgs/share/mage_msgs/package.zsh'
[10.654s] Level 1:colcon.colcon_core.environment:create_file_with_runtime_dependencies(/home/nitish/final_ws/install/mage_msgs/share/colcon-core/packages/mage_msgs)
[10.660s] DEBUG:colcon.colcon_core.event_handler.log_command:Invoked command in '/home/nitish/final_ws/src/ros2_aruco/ros2_aruco' returned '0': PYTHONPATH=/home/nitish/final_ws/build/ros2_aruco/prefix_override:/home/nitish/final_ws/install/ros2_aruco/lib/python3.8/site-packages:${PYTHONPATH} /usr/bin/python3 setup.py egg_info --egg-base ../../../build/ros2_aruco build --build-base /home/nitish/final_ws/build/ros2_aruco/build install --record /home/nitish/final_ws/build/ros2_aruco/install.log --install-scripts $base/lib/ros2_aruco --single-version-externally-managed
[10.736s] Level 1:colcon.colcon_core.environment:checking '/home/nitish/final_ws/install/ros2_aruco' for CMake module files
[10.737s] Level 1:colcon.colcon_core.environment:checking '/home/nitish/final_ws/install/ros2_aruco' for CMake config files
[10.737s] Level 1:colcon.colcon_core.environment:checking '/home/nitish/final_ws/install/ros2_aruco/lib'
[10.738s] Level 1:colcon.colcon_core.environment:checking '/home/nitish/final_ws/install/ros2_aruco/bin'
[10.738s] Level 1:colcon.colcon_core.environment:checking '/home/nitish/final_ws/install/ros2_aruco/lib/pkgconfig/ros2_aruco.pc'
[10.738s] Level 1:colcon.colcon_core.environment:checking '/home/nitish/final_ws/install/ros2_aruco/lib/python3.8/site-packages'
[10.738s] Level 1:colcon.colcon_core.shell:create_environment_hook('ros2_aruco', 'pythonpath')
[10.814s] INFO:colcon.colcon_core.shell:Creating environment hook '/home/nitish/final_ws/install/ros2_aruco/share/ros2_aruco/hook/pythonpath.ps1'
[10.815s] INFO:colcon.colcon_core.shell:Creating environment descriptor '/home/nitish/final_ws/install/ros2_aruco/share/ros2_aruco/hook/pythonpath.dsv'
[10.815s] INFO:colcon.colcon_core.shell:Creating environment hook '/home/nitish/final_ws/install/ros2_aruco/share/ros2_aruco/hook/pythonpath.sh'
[10.816s] Level 1:colcon.colcon_core.environment:checking '/home/nitish/final_ws/install/ros2_aruco/bin'
[10.816s] Level 1:colcon.colcon_core.environment:create_environment_scripts_only(ros2_aruco)
[10.892s] INFO:colcon.colcon_core.shell:Creating package script '/home/nitish/final_ws/install/ros2_aruco/share/ros2_aruco/package.ps1'
[10.893s] INFO:colcon.colcon_core.shell:Creating package descriptor '/home/nitish/final_ws/install/ros2_aruco/share/ros2_aruco/package.dsv'
[10.894s] INFO:colcon.colcon_core.shell:Creating package script '/home/nitish/final_ws/install/ros2_aruco/share/ros2_aruco/package.sh'
[10.894s] INFO:colcon.colcon_core.shell:Creating package script '/home/nitish/final_ws/install/ros2_aruco/share/ros2_aruco/package.bash'
[10.895s] INFO:colcon.colcon_core.shell:Creating package script '/home/nitish/final_ws/install/ros2_aruco/share/ros2_aruco/package.zsh'
[10.895s] Level 1:colcon.colcon_core.environment:create_file_with_runtime_dependencies(/home/nitish/final_ws/install/ros2_aruco/share/colcon-core/packages/ros2_aruco)
[10.971s] Level 1:colcon.colcon_core.environment:create_environment_scripts_only(mage_msgs)
[11.045s] Level 1:colcon.colcon_core.environment:checking '/home/nitish/final_ws/install/mage_msgs' for CMake module files
[11.046s] Level 1:colcon.colcon_core.environment:checking '/home/nitish/final_ws/install/mage_msgs' for CMake config files
[11.047s] Level 1:colcon.colcon_core.shell:create_environment_hook('mage_msgs', 'cmake_prefix_path')
[11.120s] INFO:colcon.colcon_core.shell:Creating environment hook '/home/nitish/final_ws/install/mage_msgs/share/mage_msgs/hook/cmake_prefix_path.ps1'
[11.121s] INFO:colcon.colcon_core.shell:Creating environment descriptor '/home/nitish/final_ws/install/mage_msgs/share/mage_msgs/hook/cmake_prefix_path.dsv'
[11.122s] INFO:colcon.colcon_core.shell:Creating environment hook '/home/nitish/final_ws/install/mage_msgs/share/mage_msgs/hook/cmake_prefix_path.sh'
[11.122s] Level 1:colcon.colcon_core.environment:checking '/home/nitish/final_ws/install/mage_msgs/lib'
[11.122s] Level 1:colcon.colcon_core.shell:create_environment_hook('mage_msgs', 'ld_library_path_lib')
[11.195s] INFO:colcon.colcon_core.shell:Creating environment hook '/home/nitish/final_ws/install/mage_msgs/share/mage_msgs/hook/ld_library_path_lib.ps1'
[11.195s] INFO:colcon.colcon_core.shell:Creating environment descriptor '/home/nitish/final_ws/install/mage_msgs/share/mage_msgs/hook/ld_library_path_lib.dsv'
[11.196s] INFO:colcon.colcon_core.shell:Creating environment hook '/home/nitish/final_ws/install/mage_msgs/share/mage_msgs/hook/ld_library_path_lib.sh'
[11.196s] Level 1:colcon.colcon_core.environment:checking '/home/nitish/final_ws/install/mage_msgs/bin'
[11.197s] Level 1:colcon.colcon_core.environment:checking '/home/nitish/final_ws/install/mage_msgs/lib/pkgconfig/mage_msgs.pc'
[11.197s] Level 1:colcon.colcon_core.environment:checking '/home/nitish/final_ws/install/mage_msgs/lib/python3.8/site-packages'
[11.197s] Level 1:colcon.colcon_core.shell:create_environment_hook('mage_msgs', 'pythonpath')
[11.271s] INFO:colcon.colcon_core.shell:Creating environment hook '/home/nitish/final_ws/install/mage_msgs/share/mage_msgs/hook/pythonpath.ps1'
[11.272s] INFO:colcon.colcon_core.shell:Creating environment descriptor '/home/nitish/final_ws/install/mage_msgs/share/mage_msgs/hook/pythonpath.dsv'
[11.272s] INFO:colcon.colcon_core.shell:Creating environment hook '/home/nitish/final_ws/install/mage_msgs/share/mage_msgs/hook/pythonpath.sh'
[11.273s] Level 1:colcon.colcon_core.environment:checking '/home/nitish/final_ws/install/mage_msgs/bin'
[11.351s] INFO:colcon.colcon_core.shell:Creating package script '/home/nitish/final_ws/install/mage_msgs/share/mage_msgs/package.ps1'
[11.352s] INFO:colcon.colcon_core.shell:Creating package descriptor '/home/nitish/final_ws/install/mage_msgs/share/mage_msgs/package.dsv'
[11.353s] INFO:colcon.colcon_core.shell:Creating package script '/home/nitish/final_ws/install/mage_msgs/share/mage_msgs/package.sh'
[11.354s] INFO:colcon.colcon_core.shell:Creating package script '/home/nitish/final_ws/install/mage_msgs/share/mage_msgs/package.bash'
[11.354s] INFO:colcon.colcon_core.shell:Creating package script '/home/nitish/final_ws/install/mage_msgs/share/mage_msgs/package.zsh'
[11.355s] Level 1:colcon.colcon_core.environment:create_file_with_runtime_dependencies(/home/nitish/final_ws/install/mage_msgs/share/colcon-core/packages/mage_msgs)
[11.356s] INFO:colcon.colcon_ros.task.ament_cmake.build:Building ROS package in '/home/nitish/final_ws/src/final_project' with build type 'ament_cmake'
[11.356s] INFO:colcon.colcon_cmake.task.cmake.build:Building CMake package in '/home/nitish/final_ws/src/final_project'
[11.437s] INFO:colcon.colcon_core.shell:Skip shell extension 'powershell' for command environment: Not usable outside of PowerShell
[11.437s] DEBUG:colcon.colcon_core.shell:Skip shell extension 'dsv' for command environment
[11.675s] INFO:colcon.colcon_ros.task.ament_cmake.build:Building ROS package in '/home/nitish/final_ws/src/group11_final/group11_final' with build type 'ament_cmake'
[11.676s] INFO:colcon.colcon_cmake.task.cmake.build:Building CMake package in '/home/nitish/final_ws/src/group11_final/group11_final'
[11.752s] INFO:colcon.colcon_core.shell:Skip shell extension 'powershell' for command environment: Not usable outside of PowerShell
[11.752s] DEBUG:colcon.colcon_core.shell:Skip shell extension 'dsv' for command environment
[11.990s] DEBUG:colcon.colcon_core.event_handler.log_command:Invoking command in '/home/nitish/final_ws/build/final_project': CMAKE_PREFIX_PATH=/home/nitish/final_ws/install/mage_msgs:/home/nitish/final_ws/install/group11_final:/home/nitish/final_ws/install/ros2_aruco_interfaces:/home/nitish/final_ws/install/final_project:/home/nitish/final_ws/install/ros2_aruco:/opt/ros/galactic LD_LIBRARY_PATH=/home/nitish/final_ws/install/mage_msgs/lib:/home/nitish/final_ws/install/ros2_aruco_interfaces/lib:/home/nitish/final_ws/install/final_project/lib:/usr/lib/x86_64-linux-gnu/gazebo-11/plugins:/opt/ros/galactic/opt/yaml_cpp_vendor/lib:/opt/ros/galactic/opt/rviz_ogre_vendor/lib:/opt/ros/galactic/lib/x86_64-linux-gnu:/opt/ros/galactic/lib PYTHONPATH=/home/nitish/final_ws/install/mage_msgs/lib/python3.8/site-packages:/home/nitish/final_ws/install/ros2_aruco_interfaces/lib/python3.8/site-packages:/home/nitish/final_ws/install/ros2_aruco/lib/python3.8/site-packages:/home/nitish/final_ws/install/final_project/lib/python3.8/site-packages:/opt/ros/galactic/lib/python3.8/site-packages /usr/bin/cmake --build /home/nitish/final_ws/build/final_project -- -j12 -l12
[12.001s] DEBUG:colcon.colcon_core.event_handler.log_command:Invoking command in '/home/nitish/final_ws/build/group11_final': CMAKE_PREFIX_PATH=/home/nitish/final_ws/install/ros2_aruco_interfaces:/home/nitish/final_ws/install/mage_msgs:/home/nitish/final_ws/install/group11_final:/home/nitish/final_ws/install/final_project:/home/nitish/final_ws/install/ros2_aruco:/opt/ros/galactic LD_LIBRARY_PATH=/home/nitish/final_ws/install/ros2_aruco_interfaces/lib:/home/nitish/final_ws/install/mage_msgs/lib:/home/nitish/final_ws/install/final_project/lib:/usr/lib/x86_64-linux-gnu/gazebo-11/plugins:/opt/ros/galactic/opt/yaml_cpp_vendor/lib:/opt/ros/galactic/opt/rviz_ogre_vendor/lib:/opt/ros/galactic/lib/x86_64-linux-gnu:/opt/ros/galactic/lib PYTHONPATH=/home/nitish/final_ws/install/ros2_aruco_interfaces/lib/python3.8/site-packages:/home/nitish/final_ws/install/mage_msgs/lib/python3.8/site-packages:/home/nitish/final_ws/install/ros2_aruco/lib/python3.8/site-packages:/home/nitish/final_ws/install/final_project/lib/python3.8/site-packages:/opt/ros/galactic/lib/python3.8/site-packages /usr/bin/cmake --build /home/nitish/final_ws/build/group11_final -- -j12 -l12
[12.036s] DEBUG:colcon.colcon_core.event_handler.log_command:Invoked command in '/home/nitish/final_ws/build/group11_final' returned '2': CMAKE_PREFIX_PATH=/home/nitish/final_ws/install/ros2_aruco_interfaces:/home/nitish/final_ws/install/mage_msgs:/home/nitish/final_ws/install/group11_final:/home/nitish/final_ws/install/final_project:/home/nitish/final_ws/install/ros2_aruco:/opt/ros/galactic LD_LIBRARY_PATH=/home/nitish/final_ws/install/ros2_aruco_interfaces/lib:/home/nitish/final_ws/install/mage_msgs/lib:/home/nitish/final_ws/install/final_project/lib:/usr/lib/x86_64-linux-gnu/gazebo-11/plugins:/opt/ros/galactic/opt/yaml_cpp_vendor/lib:/opt/ros/galactic/opt/rviz_ogre_vendor/lib:/opt/ros/galactic/lib/x86_64-linux-gnu:/opt/ros/galactic/lib PYTHONPATH=/home/nitish/final_ws/install/ros2_aruco_interfaces/lib/python3.8/site-packages:/home/nitish/final_ws/install/mage_msgs/lib/python3.8/site-packages:/home/nitish/final_ws/install/ros2_aruco/lib/python3.8/site-packages:/home/nitish/final_ws/install/final_project/lib/python3.8/site-packages:/opt/ros/galactic/lib/python3.8/site-packages /usr/bin/cmake --build /home/nitish/final_ws/build/group11_final -- -j12 -l12
[12.158s] Level 1:colcon.colcon_core.environment:create_environment_scripts_only(group11_final)
[12.232s] Level 1:colcon.colcon_core.environment:checking '/home/nitish/final_ws/install/group11_final' for CMake module files
[12.233s] Level 1:colcon.colcon_core.environment:checking '/home/nitish/final_ws/install/group11_final' for CMake config files
[12.233s] Level 1:colcon.colcon_core.shell:create_environment_hook('group11_final', 'cmake_prefix_path')
[12.308s] INFO:colcon.colcon_core.shell:Creating environment hook '/home/nitish/final_ws/install/group11_final/share/group11_final/hook/cmake_prefix_path.ps1'
[12.309s] INFO:colcon.colcon_core.shell:Creating environment descriptor '/home/nitish/final_ws/install/group11_final/share/group11_final/hook/cmake_prefix_path.dsv'
[12.310s] INFO:colcon.colcon_core.shell:Creating environment hook '/home/nitish/final_ws/install/group11_final/share/group11_final/hook/cmake_prefix_path.sh'
[12.310s] Level 1:colcon.colcon_core.environment:checking '/home/nitish/final_ws/install/group11_final/lib'
[12.311s] Level 1:colcon.colcon_core.environment:checking '/home/nitish/final_ws/install/group11_final/bin'
[12.311s] Level 1:colcon.colcon_core.environment:checking '/home/nitish/final_ws/install/group11_final/lib/pkgconfig/group11_final.pc'
[12.311s] Level 1:colcon.colcon_core.environment:checking '/home/nitish/final_ws/install/group11_final/lib/python3.8/site-packages'
[12.312s] Level 1:colcon.colcon_core.environment:checking '/home/nitish/final_ws/install/group11_final/bin'
[12.386s] INFO:colcon.colcon_core.shell:Creating package script '/home/nitish/final_ws/install/group11_final/share/group11_final/package.ps1'
[12.387s] INFO:colcon.colcon_core.shell:Creating package descriptor '/home/nitish/final_ws/install/group11_final/share/group11_final/package.dsv'
[12.388s] INFO:colcon.colcon_core.shell:Creating package script '/home/nitish/final_ws/install/group11_final/share/group11_final/package.sh'
[12.389s] INFO:colcon.colcon_core.shell:Creating package script '/home/nitish/final_ws/install/group11_final/share/group11_final/package.bash'
[12.389s] INFO:colcon.colcon_core.shell:Creating package script '/home/nitish/final_ws/install/group11_final/share/group11_final/package.zsh'
[12.390s] Level 1:colcon.colcon_core.environment:create_file_with_runtime_dependencies(/home/nitish/final_ws/install/group11_final/share/colcon-core/packages/group11_final)
[12.648s] DEBUG:colcon.colcon_parallel_executor.executor.parallel:closing loop
[12.648s] DEBUG:colcon.colcon_parallel_executor.executor.parallel:loop closed
[12.648s] DEBUG:colcon.colcon_parallel_executor.executor.parallel:run_until_complete finished with '2'
[12.649s] DEBUG:colcon.colcon_core.event_reactor:joining thread
[12.730s] INFO:colcon.colcon_core.plugin_system:Skipping extension 'colcon_notification.desktop_notification.terminal_notifier': Not used on non-Darwin systems
[12.730s] INFO:colcon.colcon_core.plugin_system:Skipping extension 'colcon_notification.desktop_notification.win32': Not used on non-Windows systems
[12.730s] INFO:colcon.colcon_notification.desktop_notification:Sending desktop notification using 'notify2'
[12.743s] DEBUG:colcon.colcon_core.event_reactor:joined thread
[12.817s] INFO:colcon.colcon_core.shell:Creating prefix script '/home/nitish/final_ws/install/local_setup.ps1'
[12.819s] INFO:colcon.colcon_core.shell:Creating prefix util module '/home/nitish/final_ws/install/_local_setup_util_ps1.py'
[12.821s] INFO:colcon.colcon_core.shell:Creating prefix chain script '/home/nitish/final_ws/install/setup.ps1'
[12.895s] INFO:colcon.colcon_core.shell:Creating prefix script '/home/nitish/final_ws/install/local_setup.sh'
[12.896s] INFO:colcon.colcon_core.shell:Creating prefix util module '/home/nitish/final_ws/install/_local_setup_util_sh.py'
[12.897s] INFO:colcon.colcon_core.shell:Creating prefix chain script '/home/nitish/final_ws/install/setup.sh'
[12.975s] INFO:colcon.colcon_core.shell:Creating prefix script '/home/nitish/final_ws/install/local_setup.bash'
[12.976s] INFO:colcon.colcon_core.shell:Creating prefix chain script '/home/nitish/final_ws/install/setup.bash'
[13.063s] INFO:colcon.colcon_core.shell:Creating prefix script '/home/nitish/final_ws/install/local_setup.zsh'
[13.065s] INFO:colcon.colcon_core.shell:Creating prefix chain script '/home/nitish/final_ws/install/setup.zsh'
