[2.241s] Invoking command in '/home/nitish/final_ws/build/mage_msgs': CMAKE_PREFIX_PATH=${CMAKE_PREFIX_PATH}:/home/nitish/final_ws/install/ros2_aruco:/opt/ros/galactic /usr/bin/cmake --build /home/nitish/final_ws/build/mage_msgs -- -j12 -l12
[4.028s] [  1%] Built target mage_msgs__cpp
[4.030s] [ 12%] Built target mage_msgs__rosidl_generator_c
[4.030s] [ 23%] Built target mage_msgs__rosidl_typesupport_introspection_cpp
[4.031s] [ 35%] Built target mage_msgs__rosidl_typesupport_fastrtps_cpp
[4.031s] [ 56%] Built target mage_msgs__rosidl_typesupport_introspection_c
[4.031s] [ 57%] Built target mage_msgs__rosidl_typesupport_c
[4.032s] [ 69%] Built target mage_msgs__rosidl_typesupport_cpp
[4.032s] [ 80%] Built target mage_msgs__rosidl_typesupport_fastrtps_c
[4.032s] [ 80%] Built target mage_msgs
[4.033s] [ 81%] Built target mage_msgs__py
[4.033s] [ 91%] Built target mage_msgs__python
[4.033s] [ 94%] Built target mage_msgs__rosidl_typesupport_c__pyext
[4.033s] [ 97%] Built target mage_msgs__rosidl_typesupport_introspection_c__pyext
[4.034s] [100%] Built target mage_msgs__rosidl_typesupport_fastrtps_c__pyext
[4.056s] Invoked command in '/home/nitish/final_ws/build/mage_msgs' returned '0': CMAKE_PREFIX_PATH=${CMAKE_PREFIX_PATH}:/home/nitish/final_ws/install/ros2_aruco:/opt/ros/galactic /usr/bin/cmake --build /home/nitish/final_ws/build/mage_msgs -- -j12 -l12
[5.437s] Invoking command in '/home/nitish/final_ws/build/mage_msgs': CMAKE_PREFIX_PATH=${CMAKE_PREFIX_PATH}:/home/nitish/final_ws/install/ros2_aruco:/opt/ros/galactic /usr/bin/cmake --install /home/nitish/final_ws/build/mage_msgs
[5.481s] -- Install configuration: ""
[5.483s] -- Up-to-date: /home/nitish/final_ws/install/mage_msgs/share/ament_index/resource_index/rosidl_interfaces/mage_msgs
[5.484s] -- Up-to-date: /home/nitish/final_ws/install/mage_msgs/include/mage_msgs
[5.484s] -- Up-to-date: /home/nitish/final_ws/install/mage_msgs/include/mage_msgs/msg
[5.485s] -- Up-to-date: /home/nitish/final_ws/install/mage_msgs/include/mage_msgs/msg/sensors.h
[5.486s] -- Up-to-date: /home/nitish/final_ws/install/mage_msgs/include/mage_msgs/msg/marker.h
[5.488s] -- Up-to-date: /home/nitish/final_ws/install/mage_msgs/include/mage_msgs/msg/marker_array.h
[5.489s] -- Up-to-date: /home/nitish/final_ws/install/mage_msgs/include/mage_msgs/msg/advanced_logical_camera_image.h
[5.490s] -- Up-to-date: /home/nitish/final_ws/install/mage_msgs/include/mage_msgs/msg/rosidl_generator_c__visibility_control.h
[5.491s] -- Up-to-date: /home/nitish/final_ws/install/mage_msgs/include/mage_msgs/msg/detail
[5.491s] -- Up-to-date: /home/nitish/final_ws/install/mage_msgs/include/mage_msgs/msg/detail/marker_array__struct.h
[5.491s] -- Up-to-date: /home/nitish/final_ws/install/mage_msgs/include/mage_msgs/msg/detail/sensors__functions.h
[5.492s] -- Up-to-date: /home/nitish/final_ws/install/mage_msgs/include/mage_msgs/msg/detail/marker_array__functions.c
[5.492s] -- Up-to-date: /home/nitish/final_ws/install/mage_msgs/include/mage_msgs/msg/detail/part__functions.h
[5.493s] -- Up-to-date: /home/nitish/final_ws/install/mage_msgs/include/mage_msgs/msg/detail/part_pose__functions.h
[5.493s] -- Up-to-date: /home/nitish/final_ws/install/mage_msgs/include/mage_msgs/msg/detail/advanced_logical_camera_image__struct.h
[5.493s] -- Up-to-date: /home/nitish/final_ws/install/mage_msgs/include/mage_msgs/msg/detail/advanced_logical_camera_image__functions.h
[5.494s] -- Up-to-date: /home/nitish/final_ws/install/mage_msgs/include/mage_msgs/msg/detail/part__type_support.h
[5.494s] -- Up-to-date: /home/nitish/final_ws/install/mage_msgs/include/mage_msgs/msg/detail/marker_array__type_support.h
[5.494s] -- Up-to-date: /home/nitish/final_ws/install/mage_msgs/include/mage_msgs/msg/detail/advanced_logical_camera_image__type_support.h
[5.495s] -- Up-to-date: /home/nitish/final_ws/install/mage_msgs/include/mage_msgs/msg/detail/marker__struct.h
[5.495s] -- Up-to-date: /home/nitish/final_ws/install/mage_msgs/include/mage_msgs/msg/detail/marker_array__functions.h
[5.496s] -- Up-to-date: /home/nitish/final_ws/install/mage_msgs/include/mage_msgs/msg/detail/part__struct.h
[5.497s] -- Up-to-date: /home/nitish/final_ws/install/mage_msgs/include/mage_msgs/msg/detail/marker__type_support.h
[5.498s] -- Up-to-date: /home/nitish/final_ws/install/mage_msgs/include/mage_msgs/msg/detail/sensors__type_support.h
[5.499s] -- Up-to-date: /home/nitish/final_ws/install/mage_msgs/include/mage_msgs/msg/detail/part__functions.c
[5.500s] -- Up-to-date: /home/nitish/final_ws/install/mage_msgs/include/mage_msgs/msg/detail/sensors__functions.c
[5.501s] -- Up-to-date: /home/nitish/final_ws/install/mage_msgs/include/mage_msgs/msg/detail/part_pose__type_support.h
[5.502s] -- Up-to-date: /home/nitish/final_ws/install/mage_msgs/include/mage_msgs/msg/detail/advanced_logical_camera_image__functions.c
[5.503s] -- Up-to-date: /home/nitish/final_ws/install/mage_msgs/include/mage_msgs/msg/detail/sensors__struct.h
[5.503s] -- Up-to-date: /home/nitish/final_ws/install/mage_msgs/include/mage_msgs/msg/detail/marker__functions.c
[5.503s] -- Up-to-date: /home/nitish/final_ws/install/mage_msgs/include/mage_msgs/msg/detail/part_pose__functions.c
[5.504s] -- Up-to-date: /home/nitish/final_ws/install/mage_msgs/include/mage_msgs/msg/detail/marker__functions.h
[5.505s] -- Up-to-date: /home/nitish/final_ws/install/mage_msgs/include/mage_msgs/msg/detail/part_pose__struct.h
[5.505s] -- Up-to-date: /home/nitish/final_ws/install/mage_msgs/include/mage_msgs/msg/part_pose.h
[5.508s] -- Up-to-date: /home/nitish/final_ws/install/mage_msgs/include/mage_msgs/msg/part.h
[5.508s] -- Up-to-date: /home/nitish/final_ws/install/mage_msgs/share/mage_msgs/environment/library_path.sh
[5.508s] -- Up-to-date: /home/nitish/final_ws/install/mage_msgs/share/mage_msgs/environment/library_path.dsv
[5.508s] -- Up-to-date: /home/nitish/final_ws/install/mage_msgs/lib/libmage_msgs__rosidl_generator_c.so
[5.508s] -- Up-to-date: /home/nitish/final_ws/install/mage_msgs/include/mage_msgs
[5.509s] -- Up-to-date: /home/nitish/final_ws/install/mage_msgs/include/mage_msgs/msg
[5.509s] -- Up-to-date: /home/nitish/final_ws/install/mage_msgs/include/mage_msgs/msg/rosidl_typesupport_fastrtps_c__visibility_control.h
[5.509s] -- Up-to-date: /home/nitish/final_ws/install/mage_msgs/include/mage_msgs/msg/detail
[5.509s] -- Up-to-date: /home/nitish/final_ws/install/mage_msgs/include/mage_msgs/msg/detail/part__rosidl_typesupport_fastrtps_c.h
[5.509s] -- Up-to-date: /home/nitish/final_ws/install/mage_msgs/include/mage_msgs/msg/detail/part_pose__rosidl_typesupport_fastrtps_c.h
[5.509s] -- Up-to-date: /home/nitish/final_ws/install/mage_msgs/include/mage_msgs/msg/detail/advanced_logical_camera_image__rosidl_typesupport_fastrtps_c.h
[5.509s] -- Up-to-date: /home/nitish/final_ws/install/mage_msgs/include/mage_msgs/msg/detail/marker_array__rosidl_typesupport_fastrtps_c.h
[5.509s] -- Up-to-date: /home/nitish/final_ws/install/mage_msgs/include/mage_msgs/msg/detail/sensors__rosidl_typesupport_fastrtps_c.h
[5.510s] -- Up-to-date: /home/nitish/final_ws/install/mage_msgs/include/mage_msgs/msg/detail/marker__rosidl_typesupport_fastrtps_c.h
[5.510s] -- Up-to-date: /home/nitish/final_ws/install/mage_msgs/lib/libmage_msgs__rosidl_typesupport_fastrtps_c.so
[5.510s] -- Up-to-date: /home/nitish/final_ws/install/mage_msgs/include/mage_msgs
[5.511s] -- Up-to-date: /home/nitish/final_ws/install/mage_msgs/include/mage_msgs/msg
[5.513s] -- Up-to-date: /home/nitish/final_ws/install/mage_msgs/include/mage_msgs/msg/rosidl_typesupport_fastrtps_cpp__visibility_control.h
[5.514s] -- Up-to-date: /home/nitish/final_ws/install/mage_msgs/include/mage_msgs/msg/detail
[5.516s] -- Up-to-date: /home/nitish/final_ws/install/mage_msgs/include/mage_msgs/msg/detail/marker_array__rosidl_typesupport_fastrtps_cpp.hpp
[5.517s] -- Up-to-date: /home/nitish/final_ws/install/mage_msgs/include/mage_msgs/msg/detail/part_pose__rosidl_typesupport_fastrtps_cpp.hpp
[5.517s] -- Up-to-date: /home/nitish/final_ws/install/mage_msgs/include/mage_msgs/msg/detail/dds_fastrtps
[5.518s] -- Up-to-date: /home/nitish/final_ws/install/mage_msgs/include/mage_msgs/msg/detail/advanced_logical_camera_image__rosidl_typesupport_fastrtps_cpp.hpp
[5.518s] -- Up-to-date: /home/nitish/final_ws/install/mage_msgs/include/mage_msgs/msg/detail/marker__rosidl_typesupport_fastrtps_cpp.hpp
[5.518s] -- Up-to-date: /home/nitish/final_ws/install/mage_msgs/include/mage_msgs/msg/detail/sensors__rosidl_typesupport_fastrtps_cpp.hpp
[5.519s] -- Up-to-date: /home/nitish/final_ws/install/mage_msgs/include/mage_msgs/msg/detail/part__rosidl_typesupport_fastrtps_cpp.hpp
[5.519s] -- Up-to-date: /home/nitish/final_ws/install/mage_msgs/lib/libmage_msgs__rosidl_typesupport_fastrtps_cpp.so
[5.519s] -- Up-to-date: /home/nitish/final_ws/install/mage_msgs/include/mage_msgs
[5.519s] -- Up-to-date: /home/nitish/final_ws/install/mage_msgs/include/mage_msgs/msg
[5.520s] -- Up-to-date: /home/nitish/final_ws/install/mage_msgs/include/mage_msgs/msg/rosidl_typesupport_introspection_c__visibility_control.h
[5.520s] -- Up-to-date: /home/nitish/final_ws/install/mage_msgs/include/mage_msgs/msg/detail
[5.520s] -- Up-to-date: /home/nitish/final_ws/install/mage_msgs/include/mage_msgs/msg/detail/advanced_logical_camera_image__type_support.c
[5.521s] -- Up-to-date: /home/nitish/final_ws/install/mage_msgs/include/mage_msgs/msg/detail/marker_array__type_support.c
[5.521s] -- Up-to-date: /home/nitish/final_ws/install/mage_msgs/include/mage_msgs/msg/detail/marker__rosidl_typesupport_introspection_c.h
[5.521s] -- Up-to-date: /home/nitish/final_ws/install/mage_msgs/include/mage_msgs/msg/detail/sensors__type_support.c
[5.521s] -- Up-to-date: /home/nitish/final_ws/install/mage_msgs/include/mage_msgs/msg/detail/part_pose__rosidl_typesupport_introspection_c.h
[5.521s] -- Up-to-date: /home/nitish/final_ws/install/mage_msgs/include/mage_msgs/msg/detail/part__type_support.c
[5.521s] -- Up-to-date: /home/nitish/final_ws/install/mage_msgs/include/mage_msgs/msg/detail/marker__type_support.c
[5.522s] -- Up-to-date: /home/nitish/final_ws/install/mage_msgs/include/mage_msgs/msg/detail/marker_array__rosidl_typesupport_introspection_c.h
[5.522s] -- Up-to-date: /home/nitish/final_ws/install/mage_msgs/include/mage_msgs/msg/detail/sensors__rosidl_typesupport_introspection_c.h
[5.522s] -- Up-to-date: /home/nitish/final_ws/install/mage_msgs/include/mage_msgs/msg/detail/part__rosidl_typesupport_introspection_c.h
[5.522s] -- Up-to-date: /home/nitish/final_ws/install/mage_msgs/include/mage_msgs/msg/detail/part_pose__type_support.c
[5.522s] -- Up-to-date: /home/nitish/final_ws/install/mage_msgs/include/mage_msgs/msg/detail/advanced_logical_camera_image__rosidl_typesupport_introspection_c.h
[5.523s] -- Up-to-date: /home/nitish/final_ws/install/mage_msgs/lib/libmage_msgs__rosidl_typesupport_introspection_c.so
[5.523s] -- Up-to-date: /home/nitish/final_ws/install/mage_msgs/lib/libmage_msgs__rosidl_typesupport_c.so
[5.523s] -- Up-to-date: /home/nitish/final_ws/install/mage_msgs/include/mage_msgs
[5.523s] -- Up-to-date: /home/nitish/final_ws/install/mage_msgs/include/mage_msgs/msg
[5.525s] -- Up-to-date: /home/nitish/final_ws/install/mage_msgs/include/mage_msgs/msg/part.hpp
[5.526s] -- Up-to-date: /home/nitish/final_ws/install/mage_msgs/include/mage_msgs/msg/marker_array.hpp
[5.528s] -- Up-to-date: /home/nitish/final_ws/install/mage_msgs/include/mage_msgs/msg/sensors.hpp
[5.538s] -- Up-to-date: /home/nitish/final_ws/install/mage_msgs/include/mage_msgs/msg/marker.hpp
[5.539s] -- Up-to-date: /home/nitish/final_ws/install/mage_msgs/include/mage_msgs/msg/part_pose.hpp
[5.539s] -- Up-to-date: /home/nitish/final_ws/install/mage_msgs/include/mage_msgs/msg/detail
[5.540s] -- Up-to-date: /home/nitish/final_ws/install/mage_msgs/include/mage_msgs/msg/detail/advanced_logical_camera_image__builder.hpp
[5.540s] -- Up-to-date: /home/nitish/final_ws/install/mage_msgs/include/mage_msgs/msg/detail/marker_array__struct.hpp
[5.540s] -- Up-to-date: /home/nitish/final_ws/install/mage_msgs/include/mage_msgs/msg/detail/sensors__traits.hpp
[5.540s] -- Up-to-date: /home/nitish/final_ws/install/mage_msgs/include/mage_msgs/msg/detail/sensors__struct.hpp
[5.540s] -- Up-to-date: /home/nitish/final_ws/install/mage_msgs/include/mage_msgs/msg/detail/advanced_logical_camera_image__struct.hpp
[5.541s] -- Up-to-date: /home/nitish/final_ws/install/mage_msgs/include/mage_msgs/msg/detail/marker__traits.hpp
[5.541s] -- Up-to-date: /home/nitish/final_ws/install/mage_msgs/include/mage_msgs/msg/detail/part__traits.hpp
[5.541s] -- Up-to-date: /home/nitish/final_ws/install/mage_msgs/include/mage_msgs/msg/detail/part__struct.hpp
[5.541s] -- Up-to-date: /home/nitish/final_ws/install/mage_msgs/include/mage_msgs/msg/detail/part_pose__builder.hpp
[5.542s] -- Up-to-date: /home/nitish/final_ws/install/mage_msgs/include/mage_msgs/msg/detail/part_pose__struct.hpp
[5.542s] -- Up-to-date: /home/nitish/final_ws/install/mage_msgs/include/mage_msgs/msg/detail/sensors__builder.hpp
[5.542s] -- Up-to-date: /home/nitish/final_ws/install/mage_msgs/include/mage_msgs/msg/detail/marker_array__builder.hpp
[5.543s] -- Up-to-date: /home/nitish/final_ws/install/mage_msgs/include/mage_msgs/msg/detail/marker__struct.hpp
[5.543s] -- Up-to-date: /home/nitish/final_ws/install/mage_msgs/include/mage_msgs/msg/detail/marker__builder.hpp
[5.543s] -- Up-to-date: /home/nitish/final_ws/install/mage_msgs/include/mage_msgs/msg/detail/part_pose__traits.hpp
[5.543s] -- Up-to-date: /home/nitish/final_ws/install/mage_msgs/include/mage_msgs/msg/detail/marker_array__traits.hpp
[5.543s] -- Up-to-date: /home/nitish/final_ws/install/mage_msgs/include/mage_msgs/msg/detail/part__builder.hpp
[5.543s] -- Up-to-date: /home/nitish/final_ws/install/mage_msgs/include/mage_msgs/msg/detail/advanced_logical_camera_image__traits.hpp
[5.544s] -- Up-to-date: /home/nitish/final_ws/install/mage_msgs/include/mage_msgs/msg/advanced_logical_camera_image.hpp
[5.544s] -- Up-to-date: /home/nitish/final_ws/install/mage_msgs/include/mage_msgs
[5.544s] -- Up-to-date: /home/nitish/final_ws/install/mage_msgs/include/mage_msgs/msg
[5.544s] -- Up-to-date: /home/nitish/final_ws/install/mage_msgs/include/mage_msgs/msg/detail
[5.544s] -- Up-to-date: /home/nitish/final_ws/install/mage_msgs/include/mage_msgs/msg/detail/marker__type_support.cpp
[5.545s] -- Up-to-date: /home/nitish/final_ws/install/mage_msgs/include/mage_msgs/msg/detail/advanced_logical_camera_image__type_support.cpp
[5.545s] -- Up-to-date: /home/nitish/final_ws/install/mage_msgs/include/mage_msgs/msg/detail/part__rosidl_typesupport_introspection_cpp.hpp
[5.545s] -- Up-to-date: /home/nitish/final_ws/install/mage_msgs/include/mage_msgs/msg/detail/sensors__rosidl_typesupport_introspection_cpp.hpp
[5.545s] -- Up-to-date: /home/nitish/final_ws/install/mage_msgs/include/mage_msgs/msg/detail/advanced_logical_camera_image__rosidl_typesupport_introspection_cpp.hpp
[5.545s] -- Up-to-date: /home/nitish/final_ws/install/mage_msgs/include/mage_msgs/msg/detail/marker_array__rosidl_typesupport_introspection_cpp.hpp
[5.546s] -- Up-to-date: /home/nitish/final_ws/install/mage_msgs/include/mage_msgs/msg/detail/sensors__type_support.cpp
[5.546s] -- Up-to-date: /home/nitish/final_ws/install/mage_msgs/include/mage_msgs/msg/detail/part_pose__rosidl_typesupport_introspection_cpp.hpp
[5.546s] -- Up-to-date: /home/nitish/final_ws/install/mage_msgs/include/mage_msgs/msg/detail/marker__rosidl_typesupport_introspection_cpp.hpp
[5.546s] -- Up-to-date: /home/nitish/final_ws/install/mage_msgs/include/mage_msgs/msg/detail/part_pose__type_support.cpp
[5.546s] -- Up-to-date: /home/nitish/final_ws/install/mage_msgs/include/mage_msgs/msg/detail/part__type_support.cpp
[5.547s] -- Up-to-date: /home/nitish/final_ws/install/mage_msgs/include/mage_msgs/msg/detail/marker_array__type_support.cpp
[5.547s] -- Up-to-date: /home/nitish/final_ws/install/mage_msgs/lib/libmage_msgs__rosidl_typesupport_introspection_cpp.so
[5.547s] -- Up-to-date: /home/nitish/final_ws/install/mage_msgs/lib/libmage_msgs__rosidl_typesupport_cpp.so
[5.548s] -- Up-to-date: /home/nitish/final_ws/install/mage_msgs/share/mage_msgs/environment/pythonpath.sh
[5.549s] -- Up-to-date: /home/nitish/final_ws/install/mage_msgs/share/mage_msgs/environment/pythonpath.dsv
[5.550s] -- Up-to-date: /home/nitish/final_ws/install/mage_msgs/lib/python3.8/site-packages/mage_msgs/__init__.py
[5.638s] -- Up-to-date: /home/nitish/final_ws/install/mage_msgs/lib/python3.8/site-packages/mage_msgs/msg
[5.639s] -- Up-to-date: /home/nitish/final_ws/install/mage_msgs/lib/python3.8/site-packages/mage_msgs/msg/_advanced_logical_camera_image_s.c
[5.640s] -- Up-to-date: /home/nitish/final_ws/install/mage_msgs/lib/python3.8/site-packages/mage_msgs/msg/__init__.py
[5.643s] -- Up-to-date: /home/nitish/final_ws/install/mage_msgs/lib/python3.8/site-packages/mage_msgs/msg/_part_s.c
[5.644s] -- Up-to-date: /home/nitish/final_ws/install/mage_msgs/lib/python3.8/site-packages/mage_msgs/msg/_marker_s.c
[5.644s] -- Up-to-date: /home/nitish/final_ws/install/mage_msgs/lib/python3.8/site-packages/mage_msgs/msg/_marker_array.py
[5.646s] -- Up-to-date: /home/nitish/final_ws/install/mage_msgs/lib/python3.8/site-packages/mage_msgs/msg/_sensors_s.c
[5.646s] -- Up-to-date: /home/nitish/final_ws/install/mage_msgs/lib/python3.8/site-packages/mage_msgs/msg/_marker_array_s.c
[5.647s] -- Up-to-date: /home/nitish/final_ws/install/mage_msgs/lib/python3.8/site-packages/mage_msgs/msg/_marker.py
[5.647s] -- Up-to-date: /home/nitish/final_ws/install/mage_msgs/lib/python3.8/site-packages/mage_msgs/msg/_part_pose_s.c
[5.647s] -- Up-to-date: /home/nitish/final_ws/install/mage_msgs/lib/python3.8/site-packages/mage_msgs/msg/_sensors.py
[5.648s] -- Up-to-date: /home/nitish/final_ws/install/mage_msgs/lib/python3.8/site-packages/mage_msgs/msg/_part_pose.py
[5.648s] -- Up-to-date: /home/nitish/final_ws/install/mage_msgs/lib/python3.8/site-packages/mage_msgs/msg/_advanced_logical_camera_image.py
[5.649s] -- Up-to-date: /home/nitish/final_ws/install/mage_msgs/lib/python3.8/site-packages/mage_msgs/msg/_part.py
[5.650s] -- Up-to-date: /home/nitish/final_ws/install/mage_msgs/lib/python3.8/site-packages/mage_msgs/mage_msgs_s__rosidl_typesupport_fastrtps_c.cpython-38-x86_64-linux-gnu.so
[5.651s] -- Up-to-date: /home/nitish/final_ws/install/mage_msgs/lib/python3.8/site-packages/mage_msgs/mage_msgs_s__rosidl_typesupport_introspection_c.cpython-38-x86_64-linux-gnu.so
[5.652s] -- Up-to-date: /home/nitish/final_ws/install/mage_msgs/lib/python3.8/site-packages/mage_msgs/mage_msgs_s__rosidl_typesupport_c.cpython-38-x86_64-linux-gnu.so
[5.653s] -- Up-to-date: /home/nitish/final_ws/install/mage_msgs/lib/libmage_msgs__python.so
[5.654s] -- Up-to-date: /home/nitish/final_ws/install/mage_msgs/share/mage_msgs/msg/AdvancedLogicalCameraImage.idl
[5.655s] -- Up-to-date: /home/nitish/final_ws/install/mage_msgs/share/mage_msgs/msg/Part.idl
[5.656s] -- Up-to-date: /home/nitish/final_ws/install/mage_msgs/share/mage_msgs/msg/PartPose.idl
[5.659s] -- Up-to-date: /home/nitish/final_ws/install/mage_msgs/share/mage_msgs/msg/Sensors.idl
[5.659s] -- Up-to-date: /home/nitish/final_ws/install/mage_msgs/share/mage_msgs/msg/Marker.idl
[5.660s] -- Up-to-date: /home/nitish/final_ws/install/mage_msgs/share/mage_msgs/msg/MarkerArray.idl
[5.660s] -- Up-to-date: /home/nitish/final_ws/install/mage_msgs/share/mage_msgs/msg/AdvancedLogicalCameraImage.msg
[5.660s] -- Up-to-date: /home/nitish/final_ws/install/mage_msgs/share/mage_msgs/msg/Part.msg
[5.661s] -- Up-to-date: /home/nitish/final_ws/install/mage_msgs/share/mage_msgs/msg/PartPose.msg
[5.662s] -- Up-to-date: /home/nitish/final_ws/install/mage_msgs/share/mage_msgs/msg/Sensors.msg
[5.663s] -- Up-to-date: /home/nitish/final_ws/install/mage_msgs/share/mage_msgs/msg/Marker.msg
[5.665s] -- Up-to-date: /home/nitish/final_ws/install/mage_msgs/share/mage_msgs/msg/MarkerArray.msg
[5.666s] -- Up-to-date: /home/nitish/final_ws/install/mage_msgs/share/ament_index/resource_index/package_run_dependencies/mage_msgs
[5.666s] -- Up-to-date: /home/nitish/final_ws/install/mage_msgs/share/ament_index/resource_index/parent_prefix_path/mage_msgs
[5.668s] -- Up-to-date: /home/nitish/final_ws/install/mage_msgs/share/mage_msgs/environment/ament_prefix_path.sh
[5.668s] -- Up-to-date: /home/nitish/final_ws/install/mage_msgs/share/mage_msgs/environment/ament_prefix_path.dsv
[5.669s] -- Up-to-date: /home/nitish/final_ws/install/mage_msgs/share/mage_msgs/environment/path.sh
[5.670s] -- Up-to-date: /home/nitish/final_ws/install/mage_msgs/share/mage_msgs/environment/path.dsv
[5.673s] -- Up-to-date: /home/nitish/final_ws/install/mage_msgs/share/mage_msgs/local_setup.bash
[5.675s] -- Up-to-date: /home/nitish/final_ws/install/mage_msgs/share/mage_msgs/local_setup.sh
[5.675s] -- Up-to-date: /home/nitish/final_ws/install/mage_msgs/share/mage_msgs/local_setup.zsh
[5.676s] -- Up-to-date: /home/nitish/final_ws/install/mage_msgs/share/mage_msgs/local_setup.dsv
[5.676s] -- Installing: /home/nitish/final_ws/install/mage_msgs/share/mage_msgs/package.dsv
[5.677s] -- Up-to-date: /home/nitish/final_ws/install/mage_msgs/share/ament_index/resource_index/packages/mage_msgs
[5.678s] -- Up-to-date: /home/nitish/final_ws/install/mage_msgs/share/mage_msgs/cmake/mage_msgs__rosidl_generator_cExport.cmake
[5.678s] -- Up-to-date: /home/nitish/final_ws/install/mage_msgs/share/mage_msgs/cmake/mage_msgs__rosidl_generator_cExport-noconfig.cmake
[5.678s] -- Up-to-date: /home/nitish/final_ws/install/mage_msgs/share/mage_msgs/cmake/mage_msgs__rosidl_typesupport_introspection_cExport.cmake
[5.680s] -- Up-to-date: /home/nitish/final_ws/install/mage_msgs/share/mage_msgs/cmake/mage_msgs__rosidl_typesupport_introspection_cExport-noconfig.cmake
[5.686s] -- Up-to-date: /home/nitish/final_ws/install/mage_msgs/share/mage_msgs/cmake/mage_msgs__rosidl_typesupport_cExport.cmake
[5.686s] -- Up-to-date: /home/nitish/final_ws/install/mage_msgs/share/mage_msgs/cmake/mage_msgs__rosidl_typesupport_cExport-noconfig.cmake
[5.689s] -- Up-to-date: /home/nitish/final_ws/install/mage_msgs/share/mage_msgs/cmake/mage_msgs__rosidl_generator_cppExport.cmake
[5.694s] -- Up-to-date: /home/nitish/final_ws/install/mage_msgs/share/mage_msgs/cmake/mage_msgs__rosidl_typesupport_introspection_cppExport.cmake
[5.694s] -- Up-to-date: /home/nitish/final_ws/install/mage_msgs/share/mage_msgs/cmake/mage_msgs__rosidl_typesupport_introspection_cppExport-noconfig.cmake
[5.695s] -- Up-to-date: /home/nitish/final_ws/install/mage_msgs/share/mage_msgs/cmake/mage_msgs__rosidl_typesupport_cppExport.cmake
[5.697s] -- Up-to-date: /home/nitish/final_ws/install/mage_msgs/share/mage_msgs/cmake/mage_msgs__rosidl_typesupport_cppExport-noconfig.cmake
[5.698s] -- Up-to-date: /home/nitish/final_ws/install/mage_msgs/share/mage_msgs/cmake/rosidl_cmake-extras.cmake
[5.700s] -- Up-to-date: /home/nitish/final_ws/install/mage_msgs/share/mage_msgs/cmake/ament_cmake_export_dependencies-extras.cmake
[5.701s] -- Up-to-date: /home/nitish/final_ws/install/mage_msgs/share/mage_msgs/cmake/ament_cmake_export_libraries-extras.cmake
[5.703s] -- Up-to-date: /home/nitish/final_ws/install/mage_msgs/share/mage_msgs/cmake/ament_cmake_export_targets-extras.cmake
[5.703s] -- Up-to-date: /home/nitish/final_ws/install/mage_msgs/share/mage_msgs/cmake/ament_cmake_export_include_directories-extras.cmake
[5.703s] -- Up-to-date: /home/nitish/final_ws/install/mage_msgs/share/mage_msgs/cmake/rosidl_cmake_export_typesupport_libraries-extras.cmake
[5.703s] -- Up-to-date: /home/nitish/final_ws/install/mage_msgs/share/mage_msgs/cmake/rosidl_cmake_export_typesupport_targets-extras.cmake
[5.704s] -- Up-to-date: /home/nitish/final_ws/install/mage_msgs/share/mage_msgs/cmake/mage_msgsConfig.cmake
[5.704s] -- Up-to-date: /home/nitish/final_ws/install/mage_msgs/share/mage_msgs/cmake/mage_msgsConfig-version.cmake
[5.704s] -- Up-to-date: /home/nitish/final_ws/install/mage_msgs/share/mage_msgs/package.xml
[7.429s] Invoked command in '/home/nitish/final_ws/build/mage_msgs' returned '0': CMAKE_PREFIX_PATH=${CMAKE_PREFIX_PATH}:/home/nitish/final_ws/install/ros2_aruco:/opt/ros/galactic /usr/bin/cmake --install /home/nitish/final_ws/build/mage_msgs
