[0.995s] Invoking command in '/home/nitish/final_ws/build/mage_msgs': CMAKE_PREFIX_PATH=${CMAKE_PREFIX_PATH}:/home/nitish/final_ws/install/ros2_aruco:/opt/ros/galactic /usr/bin/cmake --build /home/nitish/final_ws/build/mage_msgs -- -j12 -l12
[1.082s] [  1%] Built target mage_msgs__cpp
[1.087s] [ 12%] Built target mage_msgs__rosidl_generator_c
[1.143s] [ 23%] Built target mage_msgs__rosidl_typesupport_cpp
[1.144s] [ 35%] Built target mage_msgs__rosidl_typesupport_introspection_cpp
[1.144s] [ 46%] Built target mage_msgs__rosidl_typesupport_introspection_c
[1.147s] [ 57%] Built target mage_msgs__rosidl_typesupport_c
[1.151s] [ 69%] Built target mage_msgs__rosidl_typesupport_fastrtps_cpp
[1.201s] [ 80%] Built target mage_msgs__rosidl_typesupport_fastrtps_c
[1.235s] [ 80%] Built target mage_msgs
[1.271s] [ 81%] Built target mage_msgs__py
[1.324s] [ 91%] Built target mage_msgs__python
[1.371s] [ 94%] Built target mage_msgs__rosidl_typesupport_fastrtps_c__pyext
[1.373s] [ 97%] Built target mage_msgs__rosidl_typesupport_introspection_c__pyext
[1.384s] [100%] Built target mage_msgs__rosidl_typesupport_c__pyext
[1.810s] Invoked command in '/home/nitish/final_ws/build/mage_msgs' returned '0': CMAKE_PREFIX_PATH=${CMAKE_PREFIX_PATH}:/home/nitish/final_ws/install/ros2_aruco:/opt/ros/galactic /usr/bin/cmake --build /home/nitish/final_ws/build/mage_msgs -- -j12 -l12
[2.445s] Invoking command in '/home/nitish/final_ws/build/mage_msgs': CMAKE_PREFIX_PATH=${CMAKE_PREFIX_PATH}:/home/nitish/final_ws/install/ros2_aruco:/opt/ros/galactic /usr/bin/cmake --install /home/nitish/final_ws/build/mage_msgs
[2.463s] -- Install configuration: ""
[2.463s] -- Up-to-date: /home/nitish/final_ws/install/mage_msgs/share/ament_index/resource_index/rosidl_interfaces/mage_msgs
[2.464s] -- Up-to-date: /home/nitish/final_ws/install/mage_msgs/include/mage_msgs
[2.464s] -- Up-to-date: /home/nitish/final_ws/install/mage_msgs/include/mage_msgs/msg
[2.464s] -- Up-to-date: /home/nitish/final_ws/install/mage_msgs/include/mage_msgs/msg/sensors.h
[2.465s] -- Up-to-date: /home/nitish/final_ws/install/mage_msgs/include/mage_msgs/msg/marker.h
[2.465s] -- Up-to-date: /home/nitish/final_ws/install/mage_msgs/include/mage_msgs/msg/marker_array.h
[2.465s] -- Up-to-date: /home/nitish/final_ws/install/mage_msgs/include/mage_msgs/msg/advanced_logical_camera_image.h
[2.465s] -- Up-to-date: /home/nitish/final_ws/install/mage_msgs/include/mage_msgs/msg/rosidl_generator_c__visibility_control.h
[2.466s] -- Up-to-date: /home/nitish/final_ws/install/mage_msgs/include/mage_msgs/msg/detail
[2.466s] -- Up-to-date: /home/nitish/final_ws/install/mage_msgs/include/mage_msgs/msg/detail/marker_array__struct.h
[2.466s] -- Up-to-date: /home/nitish/final_ws/install/mage_msgs/include/mage_msgs/msg/detail/sensors__functions.h
[2.467s] -- Up-to-date: /home/nitish/final_ws/install/mage_msgs/include/mage_msgs/msg/detail/marker_array__functions.c
[2.467s] -- Up-to-date: /home/nitish/final_ws/install/mage_msgs/include/mage_msgs/msg/detail/part__functions.h
[2.467s] -- Up-to-date: /home/nitish/final_ws/install/mage_msgs/include/mage_msgs/msg/detail/part_pose__functions.h
[2.467s] -- Up-to-date: /home/nitish/final_ws/install/mage_msgs/include/mage_msgs/msg/detail/advanced_logical_camera_image__struct.h
[2.467s] -- Up-to-date: /home/nitish/final_ws/install/mage_msgs/include/mage_msgs/msg/detail/advanced_logical_camera_image__functions.h
[2.467s] -- Up-to-date: /home/nitish/final_ws/install/mage_msgs/include/mage_msgs/msg/detail/part__type_support.h
[2.467s] -- Up-to-date: /home/nitish/final_ws/install/mage_msgs/include/mage_msgs/msg/detail/marker_array__type_support.h
[2.467s] -- Up-to-date: /home/nitish/final_ws/install/mage_msgs/include/mage_msgs/msg/detail/advanced_logical_camera_image__type_support.h
[2.468s] -- Up-to-date: /home/nitish/final_ws/install/mage_msgs/include/mage_msgs/msg/detail/marker__struct.h
[2.468s] -- Up-to-date: /home/nitish/final_ws/install/mage_msgs/include/mage_msgs/msg/detail/marker_array__functions.h
[2.468s] -- Up-to-date: /home/nitish/final_ws/install/mage_msgs/include/mage_msgs/msg/detail/part__struct.h
[2.469s] -- Up-to-date: /home/nitish/final_ws/install/mage_msgs/include/mage_msgs/msg/detail/marker__type_support.h
[2.469s] -- Up-to-date: /home/nitish/final_ws/install/mage_msgs/include/mage_msgs/msg/detail/sensors__type_support.h
[2.469s] -- Up-to-date: /home/nitish/final_ws/install/mage_msgs/include/mage_msgs/msg/detail/part__functions.c
[2.469s] -- Up-to-date: /home/nitish/final_ws/install/mage_msgs/include/mage_msgs/msg/detail/sensors__functions.c
[2.470s] -- Up-to-date: /home/nitish/final_ws/install/mage_msgs/include/mage_msgs/msg/detail/part_pose__type_support.h
[2.470s] -- Up-to-date: /home/nitish/final_ws/install/mage_msgs/include/mage_msgs/msg/detail/advanced_logical_camera_image__functions.c
[2.471s] -- Up-to-date: /home/nitish/final_ws/install/mage_msgs/include/mage_msgs/msg/detail/sensors__struct.h
[2.471s] -- Up-to-date: /home/nitish/final_ws/install/mage_msgs/include/mage_msgs/msg/detail/marker__functions.c
[2.471s] -- Up-to-date: /home/nitish/final_ws/install/mage_msgs/include/mage_msgs/msg/detail/part_pose__functions.c
[2.471s] -- Up-to-date: /home/nitish/final_ws/install/mage_msgs/include/mage_msgs/msg/detail/marker__functions.h
[2.471s] -- Up-to-date: /home/nitish/final_ws/install/mage_msgs/include/mage_msgs/msg/detail/part_pose__struct.h
[2.472s] -- Up-to-date: /home/nitish/final_ws/install/mage_msgs/include/mage_msgs/msg/part_pose.h
[2.472s] -- Up-to-date: /home/nitish/final_ws/install/mage_msgs/include/mage_msgs/msg/part.h
[2.472s] -- Up-to-date: /home/nitish/final_ws/install/mage_msgs/share/mage_msgs/environment/library_path.sh
[2.472s] -- Up-to-date: /home/nitish/final_ws/install/mage_msgs/share/mage_msgs/environment/library_path.dsv
[2.473s] -- Up-to-date: /home/nitish/final_ws/install/mage_msgs/lib/libmage_msgs__rosidl_generator_c.so
[2.473s] -- Up-to-date: /home/nitish/final_ws/install/mage_msgs/include/mage_msgs
[2.474s] -- Up-to-date: /home/nitish/final_ws/install/mage_msgs/include/mage_msgs/msg
[2.474s] -- Up-to-date: /home/nitish/final_ws/install/mage_msgs/include/mage_msgs/msg/rosidl_typesupport_fastrtps_c__visibility_control.h
[2.475s] -- Up-to-date: /home/nitish/final_ws/install/mage_msgs/include/mage_msgs/msg/detail
[2.475s] -- Up-to-date: /home/nitish/final_ws/install/mage_msgs/include/mage_msgs/msg/detail/part__rosidl_typesupport_fastrtps_c.h
[2.475s] -- Up-to-date: /home/nitish/final_ws/install/mage_msgs/include/mage_msgs/msg/detail/part_pose__rosidl_typesupport_fastrtps_c.h
[2.475s] -- Up-to-date: /home/nitish/final_ws/install/mage_msgs/include/mage_msgs/msg/detail/advanced_logical_camera_image__rosidl_typesupport_fastrtps_c.h
[2.475s] -- Up-to-date: /home/nitish/final_ws/install/mage_msgs/include/mage_msgs/msg/detail/marker_array__rosidl_typesupport_fastrtps_c.h
[2.476s] -- Up-to-date: /home/nitish/final_ws/install/mage_msgs/include/mage_msgs/msg/detail/sensors__rosidl_typesupport_fastrtps_c.h
[2.476s] -- Up-to-date: /home/nitish/final_ws/install/mage_msgs/include/mage_msgs/msg/detail/marker__rosidl_typesupport_fastrtps_c.h
[2.476s] -- Up-to-date: /home/nitish/final_ws/install/mage_msgs/lib/libmage_msgs__rosidl_typesupport_fastrtps_c.so
[2.477s] -- Up-to-date: /home/nitish/final_ws/install/mage_msgs/include/mage_msgs
[2.477s] -- Up-to-date: /home/nitish/final_ws/install/mage_msgs/include/mage_msgs/msg
[2.477s] -- Up-to-date: /home/nitish/final_ws/install/mage_msgs/include/mage_msgs/msg/rosidl_typesupport_fastrtps_cpp__visibility_control.h
[2.477s] -- Up-to-date: /home/nitish/final_ws/install/mage_msgs/include/mage_msgs/msg/detail
[2.477s] -- Up-to-date: /home/nitish/final_ws/install/mage_msgs/include/mage_msgs/msg/detail/marker_array__rosidl_typesupport_fastrtps_cpp.hpp
[2.478s] -- Up-to-date: /home/nitish/final_ws/install/mage_msgs/include/mage_msgs/msg/detail/part_pose__rosidl_typesupport_fastrtps_cpp.hpp
[2.478s] -- Up-to-date: /home/nitish/final_ws/install/mage_msgs/include/mage_msgs/msg/detail/dds_fastrtps
[2.478s] -- Up-to-date: /home/nitish/final_ws/install/mage_msgs/include/mage_msgs/msg/detail/advanced_logical_camera_image__rosidl_typesupport_fastrtps_cpp.hpp
[2.478s] -- Up-to-date: /home/nitish/final_ws/install/mage_msgs/include/mage_msgs/msg/detail/marker__rosidl_typesupport_fastrtps_cpp.hpp
[2.478s] -- Up-to-date: /home/nitish/final_ws/install/mage_msgs/include/mage_msgs/msg/detail/sensors__rosidl_typesupport_fastrtps_cpp.hpp
[2.478s] -- Up-to-date: /home/nitish/final_ws/install/mage_msgs/include/mage_msgs/msg/detail/part__rosidl_typesupport_fastrtps_cpp.hpp
[2.479s] -- Up-to-date: /home/nitish/final_ws/install/mage_msgs/lib/libmage_msgs__rosidl_typesupport_fastrtps_cpp.so
[2.479s] -- Up-to-date: /home/nitish/final_ws/install/mage_msgs/include/mage_msgs
[2.479s] -- Up-to-date: /home/nitish/final_ws/install/mage_msgs/include/mage_msgs/msg
[2.479s] -- Up-to-date: /home/nitish/final_ws/install/mage_msgs/include/mage_msgs/msg/rosidl_typesupport_introspection_c__visibility_control.h
[2.479s] -- Up-to-date: /home/nitish/final_ws/install/mage_msgs/include/mage_msgs/msg/detail
[2.479s] -- Up-to-date: /home/nitish/final_ws/install/mage_msgs/include/mage_msgs/msg/detail/advanced_logical_camera_image__type_support.c
[2.479s] -- Up-to-date: /home/nitish/final_ws/install/mage_msgs/include/mage_msgs/msg/detail/marker_array__type_support.c
[2.479s] -- Up-to-date: /home/nitish/final_ws/install/mage_msgs/include/mage_msgs/msg/detail/marker__rosidl_typesupport_introspection_c.h
[2.480s] -- Up-to-date: /home/nitish/final_ws/install/mage_msgs/include/mage_msgs/msg/detail/sensors__type_support.c
[2.480s] -- Up-to-date: /home/nitish/final_ws/install/mage_msgs/include/mage_msgs/msg/detail/part_pose__rosidl_typesupport_introspection_c.h
[2.480s] -- Up-to-date: /home/nitish/final_ws/install/mage_msgs/include/mage_msgs/msg/detail/part__type_support.c
[2.480s] -- Up-to-date: /home/nitish/final_ws/install/mage_msgs/include/mage_msgs/msg/detail/marker__type_support.c
[2.480s] -- Up-to-date: /home/nitish/final_ws/install/mage_msgs/include/mage_msgs/msg/detail/marker_array__rosidl_typesupport_introspection_c.h
[2.480s] -- Up-to-date: /home/nitish/final_ws/install/mage_msgs/include/mage_msgs/msg/detail/sensors__rosidl_typesupport_introspection_c.h
[2.480s] -- Up-to-date: /home/nitish/final_ws/install/mage_msgs/include/mage_msgs/msg/detail/part__rosidl_typesupport_introspection_c.h
[2.480s] -- Up-to-date: /home/nitish/final_ws/install/mage_msgs/include/mage_msgs/msg/detail/part_pose__type_support.c
[2.481s] -- Up-to-date: /home/nitish/final_ws/install/mage_msgs/include/mage_msgs/msg/detail/advanced_logical_camera_image__rosidl_typesupport_introspection_c.h
[2.481s] -- Up-to-date: /home/nitish/final_ws/install/mage_msgs/lib/libmage_msgs__rosidl_typesupport_introspection_c.so
[2.481s] -- Up-to-date: /home/nitish/final_ws/install/mage_msgs/lib/libmage_msgs__rosidl_typesupport_c.so
[2.481s] -- Up-to-date: /home/nitish/final_ws/install/mage_msgs/include/mage_msgs
[2.481s] -- Up-to-date: /home/nitish/final_ws/install/mage_msgs/include/mage_msgs/msg
[2.481s] -- Up-to-date: /home/nitish/final_ws/install/mage_msgs/include/mage_msgs/msg/part.hpp
[2.481s] -- Up-to-date: /home/nitish/final_ws/install/mage_msgs/include/mage_msgs/msg/marker_array.hpp
[2.481s] -- Up-to-date: /home/nitish/final_ws/install/mage_msgs/include/mage_msgs/msg/sensors.hpp
[2.482s] -- Up-to-date: /home/nitish/final_ws/install/mage_msgs/include/mage_msgs/msg/marker.hpp
[2.482s] -- Up-to-date: /home/nitish/final_ws/install/mage_msgs/include/mage_msgs/msg/part_pose.hpp
[2.482s] -- Up-to-date: /home/nitish/final_ws/install/mage_msgs/include/mage_msgs/msg/detail
[2.482s] -- Up-to-date: /home/nitish/final_ws/install/mage_msgs/include/mage_msgs/msg/detail/advanced_logical_camera_image__builder.hpp
[2.482s] -- Up-to-date: /home/nitish/final_ws/install/mage_msgs/include/mage_msgs/msg/detail/marker_array__struct.hpp
[2.482s] -- Up-to-date: /home/nitish/final_ws/install/mage_msgs/include/mage_msgs/msg/detail/sensors__traits.hpp
[2.482s] -- Up-to-date: /home/nitish/final_ws/install/mage_msgs/include/mage_msgs/msg/detail/sensors__struct.hpp
[2.483s] -- Up-to-date: /home/nitish/final_ws/install/mage_msgs/include/mage_msgs/msg/detail/advanced_logical_camera_image__struct.hpp
[2.483s] -- Up-to-date: /home/nitish/final_ws/install/mage_msgs/include/mage_msgs/msg/detail/marker__traits.hpp
[2.483s] -- Up-to-date: /home/nitish/final_ws/install/mage_msgs/include/mage_msgs/msg/detail/part__traits.hpp
[2.483s] -- Up-to-date: /home/nitish/final_ws/install/mage_msgs/include/mage_msgs/msg/detail/part__struct.hpp
[2.483s] -- Up-to-date: /home/nitish/final_ws/install/mage_msgs/include/mage_msgs/msg/detail/part_pose__builder.hpp
[2.483s] -- Up-to-date: /home/nitish/final_ws/install/mage_msgs/include/mage_msgs/msg/detail/part_pose__struct.hpp
[2.484s] -- Up-to-date: /home/nitish/final_ws/install/mage_msgs/include/mage_msgs/msg/detail/sensors__builder.hpp
[2.484s] -- Up-to-date: /home/nitish/final_ws/install/mage_msgs/include/mage_msgs/msg/detail/marker_array__builder.hpp
[2.484s] -- Up-to-date: /home/nitish/final_ws/install/mage_msgs/include/mage_msgs/msg/detail/marker__struct.hpp
[2.485s] -- Up-to-date: /home/nitish/final_ws/install/mage_msgs/include/mage_msgs/msg/detail/marker__builder.hpp
[2.485s] -- Up-to-date: /home/nitish/final_ws/install/mage_msgs/include/mage_msgs/msg/detail/part_pose__traits.hpp
[2.485s] -- Up-to-date: /home/nitish/final_ws/install/mage_msgs/include/mage_msgs/msg/detail/marker_array__traits.hpp
[2.485s] -- Up-to-date: /home/nitish/final_ws/install/mage_msgs/include/mage_msgs/msg/detail/part__builder.hpp
[2.486s] -- Up-to-date: /home/nitish/final_ws/install/mage_msgs/include/mage_msgs/msg/detail/advanced_logical_camera_image__traits.hpp
[2.487s] -- Up-to-date: /home/nitish/final_ws/install/mage_msgs/include/mage_msgs/msg/advanced_logical_camera_image.hpp
[2.487s] -- Up-to-date: /home/nitish/final_ws/install/mage_msgs/include/mage_msgs
[2.487s] -- Up-to-date: /home/nitish/final_ws/install/mage_msgs/include/mage_msgs/msg
[2.488s] -- Up-to-date: /home/nitish/final_ws/install/mage_msgs/include/mage_msgs/msg/detail
[2.488s] -- Up-to-date: /home/nitish/final_ws/install/mage_msgs/include/mage_msgs/msg/detail/marker__type_support.cpp
[2.488s] -- Up-to-date: /home/nitish/final_ws/install/mage_msgs/include/mage_msgs/msg/detail/advanced_logical_camera_image__type_support.cpp
[2.492s] -- Up-to-date: /home/nitish/final_ws/install/mage_msgs/include/mage_msgs/msg/detail/part__rosidl_typesupport_introspection_cpp.hpp
[2.493s] -- Up-to-date: /home/nitish/final_ws/install/mage_msgs/include/mage_msgs/msg/detail/sensors__rosidl_typesupport_introspection_cpp.hpp
[2.495s] -- Up-to-date: /home/nitish/final_ws/install/mage_msgs/include/mage_msgs/msg/detail/advanced_logical_camera_image__rosidl_typesupport_introspection_cpp.hpp
[2.495s] -- Up-to-date: /home/nitish/final_ws/install/mage_msgs/include/mage_msgs/msg/detail/marker_array__rosidl_typesupport_introspection_cpp.hpp
[2.495s] -- Up-to-date: /home/nitish/final_ws/install/mage_msgs/include/mage_msgs/msg/detail/sensors__type_support.cpp
[2.496s] -- Up-to-date: /home/nitish/final_ws/install/mage_msgs/include/mage_msgs/msg/detail/part_pose__rosidl_typesupport_introspection_cpp.hpp
[2.496s] -- Up-to-date: /home/nitish/final_ws/install/mage_msgs/include/mage_msgs/msg/detail/marker__rosidl_typesupport_introspection_cpp.hpp
[2.496s] -- Up-to-date: /home/nitish/final_ws/install/mage_msgs/include/mage_msgs/msg/detail/part_pose__type_support.cpp
[2.496s] -- Up-to-date: /home/nitish/final_ws/install/mage_msgs/include/mage_msgs/msg/detail/part__type_support.cpp
[2.497s] -- Up-to-date: /home/nitish/final_ws/install/mage_msgs/include/mage_msgs/msg/detail/marker_array__type_support.cpp
[2.497s] -- Up-to-date: /home/nitish/final_ws/install/mage_msgs/lib/libmage_msgs__rosidl_typesupport_introspection_cpp.so
[2.497s] -- Up-to-date: /home/nitish/final_ws/install/mage_msgs/lib/libmage_msgs__rosidl_typesupport_cpp.so
[2.497s] -- Up-to-date: /home/nitish/final_ws/install/mage_msgs/share/mage_msgs/environment/pythonpath.sh
[2.497s] -- Up-to-date: /home/nitish/final_ws/install/mage_msgs/share/mage_msgs/environment/pythonpath.dsv
[2.498s] -- Up-to-date: /home/nitish/final_ws/install/mage_msgs/lib/python3.8/site-packages/mage_msgs/__init__.py
[2.542s] -- Up-to-date: /home/nitish/final_ws/install/mage_msgs/lib/python3.8/site-packages/mage_msgs/msg
[2.543s] -- Up-to-date: /home/nitish/final_ws/install/mage_msgs/lib/python3.8/site-packages/mage_msgs/msg/_advanced_logical_camera_image_s.c
[2.544s] -- Up-to-date: /home/nitish/final_ws/install/mage_msgs/lib/python3.8/site-packages/mage_msgs/msg/__init__.py
[2.544s] -- Up-to-date: /home/nitish/final_ws/install/mage_msgs/lib/python3.8/site-packages/mage_msgs/msg/_part_s.c
[2.545s] -- Up-to-date: /home/nitish/final_ws/install/mage_msgs/lib/python3.8/site-packages/mage_msgs/msg/_marker_s.c
[2.546s] -- Up-to-date: /home/nitish/final_ws/install/mage_msgs/lib/python3.8/site-packages/mage_msgs/msg/_marker_array.py
[2.546s] -- Up-to-date: /home/nitish/final_ws/install/mage_msgs/lib/python3.8/site-packages/mage_msgs/msg/_sensors_s.c
[2.548s] -- Up-to-date: /home/nitish/final_ws/install/mage_msgs/lib/python3.8/site-packages/mage_msgs/msg/_marker_array_s.c
[2.549s] -- Up-to-date: /home/nitish/final_ws/install/mage_msgs/lib/python3.8/site-packages/mage_msgs/msg/_marker.py
[2.549s] -- Up-to-date: /home/nitish/final_ws/install/mage_msgs/lib/python3.8/site-packages/mage_msgs/msg/_part_pose_s.c
[2.550s] -- Up-to-date: /home/nitish/final_ws/install/mage_msgs/lib/python3.8/site-packages/mage_msgs/msg/_sensors.py
[2.552s] -- Up-to-date: /home/nitish/final_ws/install/mage_msgs/lib/python3.8/site-packages/mage_msgs/msg/_part_pose.py
[2.552s] -- Up-to-date: /home/nitish/final_ws/install/mage_msgs/lib/python3.8/site-packages/mage_msgs/msg/_advanced_logical_camera_image.py
[2.553s] -- Up-to-date: /home/nitish/final_ws/install/mage_msgs/lib/python3.8/site-packages/mage_msgs/msg/_part.py
[2.554s] -- Up-to-date: /home/nitish/final_ws/install/mage_msgs/lib/python3.8/site-packages/mage_msgs/mage_msgs_s__rosidl_typesupport_fastrtps_c.cpython-38-x86_64-linux-gnu.so
[2.555s] -- Up-to-date: /home/nitish/final_ws/install/mage_msgs/lib/python3.8/site-packages/mage_msgs/mage_msgs_s__rosidl_typesupport_introspection_c.cpython-38-x86_64-linux-gnu.so
[2.556s] -- Up-to-date: /home/nitish/final_ws/install/mage_msgs/lib/python3.8/site-packages/mage_msgs/mage_msgs_s__rosidl_typesupport_c.cpython-38-x86_64-linux-gnu.so
[2.557s] -- Up-to-date: /home/nitish/final_ws/install/mage_msgs/lib/libmage_msgs__python.so
[2.558s] -- Up-to-date: /home/nitish/final_ws/install/mage_msgs/share/mage_msgs/msg/AdvancedLogicalCameraImage.idl
[2.560s] -- Up-to-date: /home/nitish/final_ws/install/mage_msgs/share/mage_msgs/msg/Part.idl
[2.560s] -- Up-to-date: /home/nitish/final_ws/install/mage_msgs/share/mage_msgs/msg/PartPose.idl
[2.562s] -- Up-to-date: /home/nitish/final_ws/install/mage_msgs/share/mage_msgs/msg/Sensors.idl
[2.563s] -- Up-to-date: /home/nitish/final_ws/install/mage_msgs/share/mage_msgs/msg/Marker.idl
[2.563s] -- Up-to-date: /home/nitish/final_ws/install/mage_msgs/share/mage_msgs/msg/MarkerArray.idl
[2.564s] -- Up-to-date: /home/nitish/final_ws/install/mage_msgs/share/mage_msgs/msg/AdvancedLogicalCameraImage.msg
[2.565s] -- Up-to-date: /home/nitish/final_ws/install/mage_msgs/share/mage_msgs/msg/Part.msg
[2.565s] -- Up-to-date: /home/nitish/final_ws/install/mage_msgs/share/mage_msgs/msg/PartPose.msg
[2.566s] -- Up-to-date: /home/nitish/final_ws/install/mage_msgs/share/mage_msgs/msg/Sensors.msg
[2.567s] -- Up-to-date: /home/nitish/final_ws/install/mage_msgs/share/mage_msgs/msg/Marker.msg
[2.567s] -- Up-to-date: /home/nitish/final_ws/install/mage_msgs/share/mage_msgs/msg/MarkerArray.msg
[2.568s] -- Up-to-date: /home/nitish/final_ws/install/mage_msgs/share/ament_index/resource_index/package_run_dependencies/mage_msgs
[2.569s] -- Up-to-date: /home/nitish/final_ws/install/mage_msgs/share/ament_index/resource_index/parent_prefix_path/mage_msgs
[2.569s] -- Up-to-date: /home/nitish/final_ws/install/mage_msgs/share/mage_msgs/environment/ament_prefix_path.sh
[2.570s] -- Up-to-date: /home/nitish/final_ws/install/mage_msgs/share/mage_msgs/environment/ament_prefix_path.dsv
[2.570s] -- Up-to-date: /home/nitish/final_ws/install/mage_msgs/share/mage_msgs/environment/path.sh
[2.571s] -- Up-to-date: /home/nitish/final_ws/install/mage_msgs/share/mage_msgs/environment/path.dsv
[2.571s] -- Up-to-date: /home/nitish/final_ws/install/mage_msgs/share/mage_msgs/local_setup.bash
[2.572s] -- Up-to-date: /home/nitish/final_ws/install/mage_msgs/share/mage_msgs/local_setup.sh
[2.572s] -- Up-to-date: /home/nitish/final_ws/install/mage_msgs/share/mage_msgs/local_setup.zsh
[2.572s] -- Up-to-date: /home/nitish/final_ws/install/mage_msgs/share/mage_msgs/local_setup.dsv
[2.573s] -- Installing: /home/nitish/final_ws/install/mage_msgs/share/mage_msgs/package.dsv
[2.574s] -- Up-to-date: /home/nitish/final_ws/install/mage_msgs/share/ament_index/resource_index/packages/mage_msgs
[2.574s] -- Up-to-date: /home/nitish/final_ws/install/mage_msgs/share/mage_msgs/cmake/mage_msgs__rosidl_generator_cExport.cmake
[2.575s] -- Up-to-date: /home/nitish/final_ws/install/mage_msgs/share/mage_msgs/cmake/mage_msgs__rosidl_generator_cExport-noconfig.cmake
[2.575s] -- Up-to-date: /home/nitish/final_ws/install/mage_msgs/share/mage_msgs/cmake/mage_msgs__rosidl_typesupport_introspection_cExport.cmake
[2.575s] -- Up-to-date: /home/nitish/final_ws/install/mage_msgs/share/mage_msgs/cmake/mage_msgs__rosidl_typesupport_introspection_cExport-noconfig.cmake
[2.575s] -- Up-to-date: /home/nitish/final_ws/install/mage_msgs/share/mage_msgs/cmake/mage_msgs__rosidl_typesupport_cExport.cmake
[2.576s] -- Up-to-date: /home/nitish/final_ws/install/mage_msgs/share/mage_msgs/cmake/mage_msgs__rosidl_typesupport_cExport-noconfig.cmake
[2.577s] -- Up-to-date: /home/nitish/final_ws/install/mage_msgs/share/mage_msgs/cmake/mage_msgs__rosidl_generator_cppExport.cmake
[2.578s] -- Up-to-date: /home/nitish/final_ws/install/mage_msgs/share/mage_msgs/cmake/mage_msgs__rosidl_typesupport_introspection_cppExport.cmake
[2.578s] -- Up-to-date: /home/nitish/final_ws/install/mage_msgs/share/mage_msgs/cmake/mage_msgs__rosidl_typesupport_introspection_cppExport-noconfig.cmake
[2.580s] -- Up-to-date: /home/nitish/final_ws/install/mage_msgs/share/mage_msgs/cmake/mage_msgs__rosidl_typesupport_cppExport.cmake
[2.581s] -- Up-to-date: /home/nitish/final_ws/install/mage_msgs/share/mage_msgs/cmake/mage_msgs__rosidl_typesupport_cppExport-noconfig.cmake
[2.581s] -- Up-to-date: /home/nitish/final_ws/install/mage_msgs/share/mage_msgs/cmake/rosidl_cmake-extras.cmake
[2.583s] -- Up-to-date: /home/nitish/final_ws/install/mage_msgs/share/mage_msgs/cmake/ament_cmake_export_dependencies-extras.cmake
[2.583s] -- Up-to-date: /home/nitish/final_ws/install/mage_msgs/share/mage_msgs/cmake/ament_cmake_export_libraries-extras.cmake
[2.584s] -- Up-to-date: /home/nitish/final_ws/install/mage_msgs/share/mage_msgs/cmake/ament_cmake_export_targets-extras.cmake
[2.585s] -- Up-to-date: /home/nitish/final_ws/install/mage_msgs/share/mage_msgs/cmake/ament_cmake_export_include_directories-extras.cmake
[2.585s] -- Up-to-date: /home/nitish/final_ws/install/mage_msgs/share/mage_msgs/cmake/rosidl_cmake_export_typesupport_libraries-extras.cmake
[2.586s] -- Up-to-date: /home/nitish/final_ws/install/mage_msgs/share/mage_msgs/cmake/rosidl_cmake_export_typesupport_targets-extras.cmake
[2.586s] -- Up-to-date: /home/nitish/final_ws/install/mage_msgs/share/mage_msgs/cmake/mage_msgsConfig.cmake
[2.587s] -- Up-to-date: /home/nitish/final_ws/install/mage_msgs/share/mage_msgs/cmake/mage_msgsConfig-version.cmake
[2.588s] -- Up-to-date: /home/nitish/final_ws/install/mage_msgs/share/mage_msgs/package.xml
[3.018s] Invoked command in '/home/nitish/final_ws/build/mage_msgs' returned '0': CMAKE_PREFIX_PATH=${CMAKE_PREFIX_PATH}:/home/nitish/final_ws/install/ros2_aruco:/opt/ros/galactic /usr/bin/cmake --install /home/nitish/final_ws/build/mage_msgs
