[0.740s] Invoking command in '/home/nitish/final_ws/build/mage_msgs': CMAKE_PREFIX_PATH=/opt/ros/galactic /usr/bin/cmake /home/nitish/final_ws/src/mage_msgs -DCMAKE_INSTALL_PREFIX=/home/nitish/final_ws/install/mage_msgs
[1.323s] -- The C compiler identification is GNU 9.4.0
[1.324s] -- The CXX compiler identification is GNU 9.4.0
[1.324s] -- Check for working C compiler: /usr/bin/cc
[1.324s] -- Check for working C compiler: /usr/bin/cc -- works
[1.325s] -- Detecting C compiler ABI info
[1.327s] -- Detecting C compiler ABI info - done
[1.333s] -- Detecting C compile features
[1.334s] -- Detecting C compile features - done
[1.341s] -- Check for working CXX compiler: /usr/bin/c++
[1.488s] -- Check for working CXX compiler: /usr/bin/c++ -- works
[1.489s] -- Detecting CXX compiler ABI info
[1.616s] -- Detecting CXX compiler ABI info - done
[1.636s] -- Detecting CXX compile features
[1.636s] -- Detecting CXX compile features - done
[1.641s] -- Found ament_cmake: 1.1.6 (/opt/ros/galactic/share/ament_cmake/cmake)
[1.680s] -- Found PythonInterp: /usr/bin/python3 (found suitable version "3.8.10", minimum required is "3") 
[1.680s] -- Using PYTHON_EXECUTABLE: /usr/bin/python3
[1.818s] -- Found builtin_interfaces: 1.0.3 (/opt/ros/galactic/share/builtin_interfaces/cmake)
[1.862s] -- Using all available rosidl_typesupport_c: rosidl_typesupport_fastrtps_c;rosidl_typesupport_introspection_c
[1.873s] -- Found rosidl_adapter: 2.2.3 (/opt/ros/galactic/share/rosidl_adapter/cmake)
[2.011s] -- Found OpenSSL: /usr/lib/x86_64-linux-gnu/libcrypto.so (found version "1.1.1f")  
[2.069s] -- Found FastRTPS: /opt/ros/galactic/include  
[2.162s] -- Using all available rosidl_typesupport_cpp: rosidl_typesupport_fastrtps_cpp;rosidl_typesupport_introspection_cpp
[2.188s] -- Found std_msgs: 2.2.4 (/opt/ros/galactic/share/std_msgs/cmake)
[2.205s] -- Found geometry_msgs: 2.2.4 (/opt/ros/galactic/share/geometry_msgs/cmake)
[2.242s] -- Found rosidl_default_generators: 1.1.1 (/opt/ros/galactic/share/rosidl_default_generators/cmake)
[2.273s] -- Found PythonInterp: /usr/bin/python3 (found version "3.8.10") 
[2.542s] -- Found ament_cmake_cppcheck: 0.10.7 (/opt/ros/galactic/share/ament_cmake_cppcheck/cmake)
[2.543s] -- Found ament_cmake_cpplint: 0.10.7 (/opt/ros/galactic/share/ament_cmake_cpplint/cmake)
[2.546s] -- Found ament_cmake_uncrustify: 0.10.7 (/opt/ros/galactic/share/ament_cmake_uncrustify/cmake)
[2.549s] -- Found ament_cmake_ros: 0.9.2 (/opt/ros/galactic/share/ament_cmake_ros/cmake)
[2.882s] -- Using all available rosidl_typesupport_c: rosidl_typesupport_fastrtps_c;rosidl_typesupport_introspection_c
[3.006s] -- Using all available rosidl_typesupport_cpp: rosidl_typesupport_fastrtps_cpp;rosidl_typesupport_introspection_cpp
[3.048s] -- Found PythonInterp: /usr/bin/python3 (found suitable version "3.8.10", minimum required is "3.5") 
[3.051s] -- Found python_cmake_module: 0.8.1 (/opt/ros/galactic/share/python_cmake_module/cmake)
[3.079s] -- Found PythonLibs: /usr/lib/x86_64-linux-gnu/libpython3.8.so (found suitable version "3.8.10", minimum required is "3.5") 
[3.079s] -- Using PYTHON_EXECUTABLE: /usr/bin/python3
[3.079s] -- Using PYTHON_INCLUDE_DIRS: /usr/include/python3.8
[3.079s] -- Using PYTHON_LIBRARIES: /usr/lib/x86_64-linux-gnu/libpython3.8.so
[3.111s] -- Found PythonExtra: .so  
[3.230s] -- Found ament_cmake_flake8: 0.10.7 (/opt/ros/galactic/share/ament_cmake_flake8/cmake)
[3.233s] -- Found ament_cmake_pep257: 0.10.7 (/opt/ros/galactic/share/ament_cmake_pep257/cmake)
[3.245s] -- Configuring done
[3.331s] -- Generating done
[3.333s] -- Build files have been written to: /home/nitish/final_ws/build/mage_msgs
[3.341s] Invoked command in '/home/nitish/final_ws/build/mage_msgs' returned '0': CMAKE_PREFIX_PATH=/opt/ros/galactic /usr/bin/cmake /home/nitish/final_ws/src/mage_msgs -DCMAKE_INSTALL_PREFIX=/home/nitish/final_ws/install/mage_msgs
[3.344s] Invoking command in '/home/nitish/final_ws/build/mage_msgs': CMAKE_PREFIX_PATH=/opt/ros/galactic /usr/bin/cmake --build /home/nitish/final_ws/build/mage_msgs -- -j12 -l12
[3.384s] [35m[1mScanning dependencies of target mage_msgs__cpp[0m
[3.385s] [  1%] [34m[1mGenerating C code for ROS interfaces[0m
[3.396s] [  2%] [34m[1mGenerating C++ code for ROS interfaces[0m
[4.090s] [  2%] Built target mage_msgs__cpp
[4.106s] [  4%] [34m[1mGenerating C++ type support dispatch for ROS interfaces[0m
[4.108s] [  5%] [34m[1mGenerating C++ introspection for ROS interfaces[0m
[4.110s] [  7%] [34m[1mGenerating C++ type support for eProsima Fast-RTPS[0m
[4.249s] [35m[1mScanning dependencies of target mage_msgs__rosidl_generator_c[0m
[4.299s] [  8%] [32mBuilding C object CMakeFiles/mage_msgs__rosidl_generator_c.dir/rosidl_generator_c/mage_msgs/msg/detail/part__functions.c.o[0m
[4.304s] [  9%] [32mBuilding C object CMakeFiles/mage_msgs__rosidl_generator_c.dir/rosidl_generator_c/mage_msgs/msg/detail/part_pose__functions.c.o[0m
[4.305s] [ 12%] [32mBuilding C object CMakeFiles/mage_msgs__rosidl_generator_c.dir/rosidl_generator_c/mage_msgs/msg/detail/marker_array__functions.c.o[0m
[4.306s] [ 12%] [32mBuilding C object CMakeFiles/mage_msgs__rosidl_generator_c.dir/rosidl_generator_c/mage_msgs/msg/detail/sensors__functions.c.o[0m
[4.317s] [ 14%] [32mBuilding C object CMakeFiles/mage_msgs__rosidl_generator_c.dir/rosidl_generator_c/mage_msgs/msg/detail/advanced_logical_camera_image__functions.c.o[0m
[4.321s] [ 15%] [32mBuilding C object CMakeFiles/mage_msgs__rosidl_generator_c.dir/rosidl_generator_c/mage_msgs/msg/detail/marker__functions.c.o[0m
[4.474s] [ 16%] [32m[1mLinking C shared library libmage_msgs__rosidl_generator_c.so[0m
[4.562s] [ 16%] Built target mage_msgs__rosidl_generator_c
[4.596s] [ 18%] [34m[1mGenerating C introspection for ROS interfaces[0m
[4.597s] [ 19%] [34m[1mGenerating C type support dispatch for ROS interfaces[0m
[5.121s] [35m[1mScanning dependencies of target mage_msgs__rosidl_typesupport_cpp[0m
[5.124s] [35m[1mScanning dependencies of target mage_msgs__rosidl_typesupport_introspection_cpp[0m
[5.154s] [ 21%] [32mBuilding CXX object CMakeFiles/mage_msgs__rosidl_typesupport_cpp.dir/rosidl_typesupport_cpp/mage_msgs/msg/part__type_support.cpp.o[0m
[5.156s] [ 22%] [32mBuilding CXX object CMakeFiles/mage_msgs__rosidl_typesupport_cpp.dir/rosidl_typesupport_cpp/mage_msgs/msg/part_pose__type_support.cpp.o[0m
[5.160s] [ 23%] [32mBuilding CXX object CMakeFiles/mage_msgs__rosidl_typesupport_cpp.dir/rosidl_typesupport_cpp/mage_msgs/msg/advanced_logical_camera_image__type_support.cpp.o[0m
[5.162s] [ 25%] [32mBuilding CXX object CMakeFiles/mage_msgs__rosidl_typesupport_introspection_cpp.dir/rosidl_typesupport_introspection_cpp/mage_msgs/msg/detail/advanced_logical_camera_image__type_support.cpp.o[0m
[5.172s] [ 26%] [32mBuilding CXX object CMakeFiles/mage_msgs__rosidl_typesupport_introspection_cpp.dir/rosidl_typesupport_introspection_cpp/mage_msgs/msg/detail/part_pose__type_support.cpp.o[0m
[5.172s] [ 29%] [32mBuilding CXX object CMakeFiles/mage_msgs__rosidl_typesupport_introspection_cpp.dir/rosidl_typesupport_introspection_cpp/mage_msgs/msg/detail/part__type_support.cpp.o[0m
[5.172s] [ 28%] [32mBuilding CXX object CMakeFiles/mage_msgs__rosidl_typesupport_cpp.dir/rosidl_typesupport_cpp/mage_msgs/msg/sensors__type_support.cpp.o[0m
[5.180s] [ 30%] [32mBuilding CXX object CMakeFiles/mage_msgs__rosidl_typesupport_cpp.dir/rosidl_typesupport_cpp/mage_msgs/msg/marker__type_support.cpp.o[0m
[5.207s] [ 32%] [32mBuilding CXX object CMakeFiles/mage_msgs__rosidl_typesupport_introspection_cpp.dir/rosidl_typesupport_introspection_cpp/mage_msgs/msg/detail/sensors__type_support.cpp.o[0m
[5.746s] [35m[1mScanning dependencies of target mage_msgs__rosidl_typesupport_fastrtps_cpp[0m
[5.793s] [35m[1mScanning dependencies of target mage_msgs__rosidl_typesupport_c[0m
[5.864s] [ 33%] [32mBuilding CXX object CMakeFiles/mage_msgs__rosidl_typesupport_c.dir/rosidl_typesupport_c/mage_msgs/msg/advanced_logical_camera_image__type_support.cpp.o[0m
[5.912s] [ 35%] [32mBuilding CXX object CMakeFiles/mage_msgs__rosidl_typesupport_fastrtps_cpp.dir/rosidl_typesupport_fastrtps_cpp/mage_msgs/msg/detail/dds_fastrtps/advanced_logical_camera_image__type_support.cpp.o[0m
[5.935s] [ 36%] [32mBuilding CXX object CMakeFiles/mage_msgs__rosidl_typesupport_fastrtps_cpp.dir/rosidl_typesupport_fastrtps_cpp/mage_msgs/msg/detail/dds_fastrtps/part__type_support.cpp.o[0m
[5.989s] [ 38%] [32mBuilding CXX object CMakeFiles/mage_msgs__rosidl_typesupport_c.dir/rosidl_typesupport_c/mage_msgs/msg/part__type_support.cpp.o[0m
[6.022s] [ 39%] [32mBuilding CXX object CMakeFiles/mage_msgs__rosidl_typesupport_cpp.dir/rosidl_typesupport_cpp/mage_msgs/msg/marker_array__type_support.cpp.o[0m
[6.038s] [35m[1mScanning dependencies of target mage_msgs__rosidl_typesupport_introspection_c[0m
[6.055s] [ 40%] [32mBuilding CXX object CMakeFiles/mage_msgs__rosidl_typesupport_introspection_cpp.dir/rosidl_typesupport_introspection_cpp/mage_msgs/msg/detail/marker_array__type_support.cpp.o[0m
[6.059s] [ 42%] [32mBuilding CXX object CMakeFiles/mage_msgs__rosidl_typesupport_introspection_cpp.dir/rosidl_typesupport_introspection_cpp/mage_msgs/msg/detail/marker__type_support.cpp.o[0m
[6.067s] [ 43%] [32mBuilding CXX object CMakeFiles/mage_msgs__rosidl_typesupport_c.dir/rosidl_typesupport_c/mage_msgs/msg/part_pose__type_support.cpp.o[0m
[6.079s] [ 45%] [32mBuilding CXX object CMakeFiles/mage_msgs__rosidl_typesupport_c.dir/rosidl_typesupport_c/mage_msgs/msg/sensors__type_support.cpp.o[0m
[6.080s] [ 46%] [32mBuilding CXX object CMakeFiles/mage_msgs__rosidl_typesupport_fastrtps_cpp.dir/rosidl_typesupport_fastrtps_cpp/mage_msgs/msg/detail/dds_fastrtps/part_pose__type_support.cpp.o[0m
[6.089s] [ 47%] [32mBuilding C object CMakeFiles/mage_msgs__rosidl_typesupport_introspection_c.dir/rosidl_typesupport_introspection_c/mage_msgs/msg/detail/advanced_logical_camera_image__type_support.c.o[0m
[6.094s] [ 49%] [32mBuilding CXX object CMakeFiles/mage_msgs__rosidl_typesupport_c.dir/rosidl_typesupport_c/mage_msgs/msg/marker__type_support.cpp.o[0m
[6.122s] [ 50%] [32mBuilding CXX object CMakeFiles/mage_msgs__rosidl_typesupport_fastrtps_cpp.dir/rosidl_typesupport_fastrtps_cpp/mage_msgs/msg/detail/dds_fastrtps/sensors__type_support.cpp.o[0m
[6.171s] [ 53%] [32mBuilding CXX object CMakeFiles/mage_msgs__rosidl_typesupport_fastrtps_cpp.dir/rosidl_typesupport_fastrtps_cpp/mage_msgs/msg/detail/dds_fastrtps/marker__type_support.cpp.o[0m
[6.171s] [ 53%] [32mBuilding CXX object CMakeFiles/mage_msgs__rosidl_typesupport_c.dir/rosidl_typesupport_c/mage_msgs/msg/marker_array__type_support.cpp.o[0m
[6.189s] [ 54%] [32mBuilding C object CMakeFiles/mage_msgs__rosidl_typesupport_introspection_c.dir/rosidl_typesupport_introspection_c/mage_msgs/msg/detail/part__type_support.c.o[0m
[6.210s] [ 56%] [32mBuilding CXX object CMakeFiles/mage_msgs__rosidl_typesupport_fastrtps_cpp.dir/rosidl_typesupport_fastrtps_cpp/mage_msgs/msg/detail/dds_fastrtps/marker_array__type_support.cpp.o[0m
[6.255s] [ 59%] [32mBuilding C object CMakeFiles/mage_msgs__rosidl_typesupport_introspection_c.dir/rosidl_typesupport_introspection_c/mage_msgs/msg/detail/part_pose__type_support.c.o[0m
[6.255s] [ 59%] [32m[1mLinking CXX shared library libmage_msgs__rosidl_typesupport_c.so[0m
[6.301s] [ 60%] [32mBuilding C object CMakeFiles/mage_msgs__rosidl_typesupport_introspection_c.dir/rosidl_typesupport_introspection_c/mage_msgs/msg/detail/sensors__type_support.c.o[0m
[6.388s] [ 60%] Built target mage_msgs__rosidl_typesupport_c
[6.411s] [ 61%] [32mBuilding C object CMakeFiles/mage_msgs__rosidl_typesupport_introspection_c.dir/rosidl_typesupport_introspection_c/mage_msgs/msg/detail/marker__type_support.c.o[0m
[6.416s] [ 63%] [32mBuilding C object CMakeFiles/mage_msgs__rosidl_typesupport_introspection_c.dir/rosidl_typesupport_introspection_c/mage_msgs/msg/detail/marker_array__type_support.c.o[0m
[6.508s] [ 64%] [32m[1mLinking C shared library libmage_msgs__rosidl_typesupport_introspection_c.so[0m
[6.599s] [ 64%] Built target mage_msgs__rosidl_typesupport_introspection_c
[6.747s] [ 66%] [32m[1mLinking CXX shared library libmage_msgs__rosidl_typesupport_cpp.so[0m
[6.852s] [ 67%] [32m[1mLinking CXX shared library libmage_msgs__rosidl_typesupport_introspection_cpp.so[0m
[6.873s] [ 67%] Built target mage_msgs__rosidl_typesupport_cpp
[7.013s] [ 67%] Built target mage_msgs__rosidl_typesupport_introspection_cpp
[7.140s] [ 69%] [32m[1mLinking CXX shared library libmage_msgs__rosidl_typesupport_fastrtps_cpp.so[0m
[7.281s] [ 69%] Built target mage_msgs__rosidl_typesupport_fastrtps_cpp
[7.310s] [ 70%] [34m[1mGenerating C type support for eProsima Fast-RTPS[0m
[7.936s] [35m[1mScanning dependencies of target mage_msgs__rosidl_typesupport_fastrtps_c[0m
[7.977s] [ 71%] [32mBuilding CXX object CMakeFiles/mage_msgs__rosidl_typesupport_fastrtps_c.dir/rosidl_typesupport_fastrtps_c/mage_msgs/msg/detail/advanced_logical_camera_image__type_support_c.cpp.o[0m
[7.980s] [ 74%] [32mBuilding CXX object CMakeFiles/mage_msgs__rosidl_typesupport_fastrtps_c.dir/rosidl_typesupport_fastrtps_c/mage_msgs/msg/detail/part_pose__type_support_c.cpp.o[0m
[7.980s] [ 74%] [32mBuilding CXX object CMakeFiles/mage_msgs__rosidl_typesupport_fastrtps_c.dir/rosidl_typesupport_fastrtps_c/mage_msgs/msg/detail/part__type_support_c.cpp.o[0m
[7.980s] [ 76%] [32mBuilding CXX object CMakeFiles/mage_msgs__rosidl_typesupport_fastrtps_c.dir/rosidl_typesupport_fastrtps_c/mage_msgs/msg/detail/sensors__type_support_c.cpp.o[0m
[7.982s] [ 78%] [32mBuilding CXX object CMakeFiles/mage_msgs__rosidl_typesupport_fastrtps_c.dir/rosidl_typesupport_fastrtps_c/mage_msgs/msg/detail/marker__type_support_c.cpp.o[0m
[7.982s] [ 78%] [32mBuilding CXX object CMakeFiles/mage_msgs__rosidl_typesupport_fastrtps_c.dir/rosidl_typesupport_fastrtps_c/mage_msgs/msg/detail/marker_array__type_support_c.cpp.o[0m
[8.746s] [ 80%] [32m[1mLinking CXX shared library libmage_msgs__rosidl_typesupport_fastrtps_c.so[0m
[8.867s] [ 80%] Built target mage_msgs__rosidl_typesupport_fastrtps_c
[8.876s] [35m[1mScanning dependencies of target mage_msgs[0m
[8.886s] [ 80%] Built target mage_msgs
[8.896s] [35m[1mScanning dependencies of target mage_msgs__py[0m
[8.906s] [ 81%] [34m[1mGenerating Python code for ROS interfaces[0m
[10.328s] [ 81%] Built target mage_msgs__py
[10.344s] [35m[1mScanning dependencies of target mage_msgs__python[0m
[10.413s] [ 85%] [32mBuilding C object CMakeFiles/mage_msgs__python.dir/rosidl_generator_py/mage_msgs/msg/_part_pose_s.c.o[0m
[10.414s] [ 85%] [32mBuilding C object CMakeFiles/mage_msgs__python.dir/rosidl_generator_py/mage_msgs/msg/_sensors_s.c.o[0m
[10.414s] [ 85%] [32mBuilding C object CMakeFiles/mage_msgs__python.dir/rosidl_generator_py/mage_msgs/msg/_part_s.c.o[0m
[10.415s] [ 87%] [32mBuilding C object CMakeFiles/mage_msgs__python.dir/rosidl_generator_py/mage_msgs/msg/_marker_s.c.o[0m
[10.417s] [ 88%] [32mBuilding C object CMakeFiles/mage_msgs__python.dir/rosidl_generator_py/mage_msgs/msg/_advanced_logical_camera_image_s.c.o[0m
[10.420s] [ 90%] [32mBuilding C object CMakeFiles/mage_msgs__python.dir/rosidl_generator_py/mage_msgs/msg/_marker_array_s.c.o[0m
[10.622s] [ 91%] [32m[1mLinking C shared library rosidl_generator_py/mage_msgs/libmage_msgs__python.so[0m
[10.690s] [ 91%] Built target mage_msgs__python
[10.718s] [35m[1mScanning dependencies of target mage_msgs__rosidl_typesupport_introspection_c__pyext[0m
[10.718s] [35m[1mScanning dependencies of target mage_msgs__rosidl_typesupport_fastrtps_c__pyext[0m
[10.719s] [35m[1mScanning dependencies of target mage_msgs__rosidl_typesupport_c__pyext[0m
[10.742s] [ 94%] [32mBuilding C object CMakeFiles/mage_msgs__rosidl_typesupport_introspection_c__pyext.dir/rosidl_generator_py/mage_msgs/_mage_msgs_s.ep.rosidl_typesupport_introspection_c.c.o[0m
[10.742s] [ 94%] [32mBuilding C object CMakeFiles/mage_msgs__rosidl_typesupport_c__pyext.dir/rosidl_generator_py/mage_msgs/_mage_msgs_s.ep.rosidl_typesupport_c.c.o[0m
[10.747s] [ 95%] [32mBuilding C object CMakeFiles/mage_msgs__rosidl_typesupport_fastrtps_c__pyext.dir/rosidl_generator_py/mage_msgs/_mage_msgs_s.ep.rosidl_typesupport_fastrtps_c.c.o[0m
[10.831s] [ 97%] [32m[1mLinking C shared library rosidl_generator_py/mage_msgs/mage_msgs_s__rosidl_typesupport_introspection_c.cpython-38-x86_64-linux-gnu.so[0m
[10.831s] [ 98%] [32m[1mLinking C shared library rosidl_generator_py/mage_msgs/mage_msgs_s__rosidl_typesupport_c.cpython-38-x86_64-linux-gnu.so[0m
[10.837s] [100%] [32m[1mLinking CXX shared library rosidl_generator_py/mage_msgs/mage_msgs_s__rosidl_typesupport_fastrtps_c.cpython-38-x86_64-linux-gnu.so[0m
[10.899s] [100%] Built target mage_msgs__rosidl_typesupport_c__pyext
[10.900s] [100%] Built target mage_msgs__rosidl_typesupport_introspection_c__pyext
[10.939s] [100%] Built target mage_msgs__rosidl_typesupport_fastrtps_c__pyext
[10.972s] Invoked command in '/home/nitish/final_ws/build/mage_msgs' returned '0': CMAKE_PREFIX_PATH=/opt/ros/galactic /usr/bin/cmake --build /home/nitish/final_ws/build/mage_msgs -- -j12 -l12
[11.160s] Invoking command in '/home/nitish/final_ws/build/mage_msgs': CMAKE_PREFIX_PATH=/opt/ros/galactic /usr/bin/cmake --install /home/nitish/final_ws/build/mage_msgs
[11.176s] -- Install configuration: ""
[11.176s] -- Installing: /home/nitish/final_ws/install/mage_msgs/share/ament_index/resource_index/rosidl_interfaces/mage_msgs
[11.177s] -- Installing: /home/nitish/final_ws/install/mage_msgs/include/mage_msgs
[11.177s] -- Installing: /home/nitish/final_ws/install/mage_msgs/include/mage_msgs/msg
[11.177s] -- Installing: /home/nitish/final_ws/install/mage_msgs/include/mage_msgs/msg/sensors.h
[11.177s] -- Installing: /home/nitish/final_ws/install/mage_msgs/include/mage_msgs/msg/marker.h
[11.178s] -- Installing: /home/nitish/final_ws/install/mage_msgs/include/mage_msgs/msg/marker_array.h
[11.178s] -- Installing: /home/nitish/final_ws/install/mage_msgs/include/mage_msgs/msg/advanced_logical_camera_image.h
[11.178s] -- Installing: /home/nitish/final_ws/install/mage_msgs/include/mage_msgs/msg/rosidl_generator_c__visibility_control.h
[11.178s] -- Installing: /home/nitish/final_ws/install/mage_msgs/include/mage_msgs/msg/detail
[11.179s] -- Installing: /home/nitish/final_ws/install/mage_msgs/include/mage_msgs/msg/detail/marker_array__struct.h
[11.179s] -- Installing: /home/nitish/final_ws/install/mage_msgs/include/mage_msgs/msg/detail/sensors__functions.h
[11.179s] -- Installing: /home/nitish/final_ws/install/mage_msgs/include/mage_msgs/msg/detail/marker_array__functions.c
[11.179s] -- Installing: /home/nitish/final_ws/install/mage_msgs/include/mage_msgs/msg/detail/part__functions.h
[11.180s] -- Installing: /home/nitish/final_ws/install/mage_msgs/include/mage_msgs/msg/detail/part_pose__functions.h
[11.180s] -- Installing: /home/nitish/final_ws/install/mage_msgs/include/mage_msgs/msg/detail/advanced_logical_camera_image__struct.h
[11.180s] -- Installing: /home/nitish/final_ws/install/mage_msgs/include/mage_msgs/msg/detail/advanced_logical_camera_image__functions.h
[11.180s] -- Installing: /home/nitish/final_ws/install/mage_msgs/include/mage_msgs/msg/detail/part__type_support.h
[11.181s] -- Installing: /home/nitish/final_ws/install/mage_msgs/include/mage_msgs/msg/detail/marker_array__type_support.h
[11.181s] -- Installing: /home/nitish/final_ws/install/mage_msgs/include/mage_msgs/msg/detail/advanced_logical_camera_image__type_support.h
[11.181s] -- Installing: /home/nitish/final_ws/install/mage_msgs/include/mage_msgs/msg/detail/marker__struct.h
[11.181s] -- Installing: /home/nitish/final_ws/install/mage_msgs/include/mage_msgs/msg/detail/marker_array__functions.h
[11.182s] -- Installing: /home/nitish/final_ws/install/mage_msgs/include/mage_msgs/msg/detail/part__struct.h
[11.182s] -- Installing: /home/nitish/final_ws/install/mage_msgs/include/mage_msgs/msg/detail/marker__type_support.h
[11.182s] -- Installing: /home/nitish/final_ws/install/mage_msgs/include/mage_msgs/msg/detail/sensors__type_support.h
[11.182s] -- Installing: /home/nitish/final_ws/install/mage_msgs/include/mage_msgs/msg/detail/part__functions.c
[11.183s] -- Installing: /home/nitish/final_ws/install/mage_msgs/include/mage_msgs/msg/detail/sensors__functions.c
[11.183s] -- Installing: /home/nitish/final_ws/install/mage_msgs/include/mage_msgs/msg/detail/part_pose__type_support.h
[11.183s] -- Installing: /home/nitish/final_ws/install/mage_msgs/include/mage_msgs/msg/detail/advanced_logical_camera_image__functions.c
[11.183s] -- Installing: /home/nitish/final_ws/install/mage_msgs/include/mage_msgs/msg/detail/sensors__struct.h
[11.184s] -- Installing: /home/nitish/final_ws/install/mage_msgs/include/mage_msgs/msg/detail/marker__functions.c
[11.184s] -- Installing: /home/nitish/final_ws/install/mage_msgs/include/mage_msgs/msg/detail/part_pose__functions.c
[11.184s] -- Installing: /home/nitish/final_ws/install/mage_msgs/include/mage_msgs/msg/detail/marker__functions.h
[11.184s] -- Installing: /home/nitish/final_ws/install/mage_msgs/include/mage_msgs/msg/detail/part_pose__struct.h
[11.184s] -- Installing: /home/nitish/final_ws/install/mage_msgs/include/mage_msgs/msg/part_pose.h
[11.184s] -- Installing: /home/nitish/final_ws/install/mage_msgs/include/mage_msgs/msg/part.h
[11.185s] -- Installing: /home/nitish/final_ws/install/mage_msgs/share/mage_msgs/environment/library_path.sh
[11.185s] -- Installing: /home/nitish/final_ws/install/mage_msgs/share/mage_msgs/environment/library_path.dsv
[11.185s] -- Installing: /home/nitish/final_ws/install/mage_msgs/lib/libmage_msgs__rosidl_generator_c.so
[11.185s] -- Set runtime path of "/home/nitish/final_ws/install/mage_msgs/lib/libmage_msgs__rosidl_generator_c.so" to ""
[11.185s] -- Up-to-date: /home/nitish/final_ws/install/mage_msgs/include/mage_msgs
[11.185s] -- Up-to-date: /home/nitish/final_ws/install/mage_msgs/include/mage_msgs/msg
[11.185s] -- Installing: /home/nitish/final_ws/install/mage_msgs/include/mage_msgs/msg/rosidl_typesupport_fastrtps_c__visibility_control.h
[11.185s] -- Up-to-date: /home/nitish/final_ws/install/mage_msgs/include/mage_msgs/msg/detail
[11.185s] -- Installing: /home/nitish/final_ws/install/mage_msgs/include/mage_msgs/msg/detail/part__rosidl_typesupport_fastrtps_c.h
[11.186s] -- Installing: /home/nitish/final_ws/install/mage_msgs/include/mage_msgs/msg/detail/part_pose__rosidl_typesupport_fastrtps_c.h
[11.186s] -- Installing: /home/nitish/final_ws/install/mage_msgs/include/mage_msgs/msg/detail/advanced_logical_camera_image__rosidl_typesupport_fastrtps_c.h
[11.186s] -- Installing: /home/nitish/final_ws/install/mage_msgs/include/mage_msgs/msg/detail/marker_array__rosidl_typesupport_fastrtps_c.h
[11.186s] -- Installing: /home/nitish/final_ws/install/mage_msgs/include/mage_msgs/msg/detail/sensors__rosidl_typesupport_fastrtps_c.h
[11.186s] -- Installing: /home/nitish/final_ws/install/mage_msgs/include/mage_msgs/msg/detail/marker__rosidl_typesupport_fastrtps_c.h
[11.186s] -- Installing: /home/nitish/final_ws/install/mage_msgs/lib/libmage_msgs__rosidl_typesupport_fastrtps_c.so
[11.186s] -- Set runtime path of "/home/nitish/final_ws/install/mage_msgs/lib/libmage_msgs__rosidl_typesupport_fastrtps_c.so" to ""
[11.186s] -- Up-to-date: /home/nitish/final_ws/install/mage_msgs/include/mage_msgs
[11.187s] -- Up-to-date: /home/nitish/final_ws/install/mage_msgs/include/mage_msgs/msg
[11.187s] -- Installing: /home/nitish/final_ws/install/mage_msgs/include/mage_msgs/msg/rosidl_typesupport_fastrtps_cpp__visibility_control.h
[11.187s] -- Up-to-date: /home/nitish/final_ws/install/mage_msgs/include/mage_msgs/msg/detail
[11.187s] -- Installing: /home/nitish/final_ws/install/mage_msgs/include/mage_msgs/msg/detail/marker_array__rosidl_typesupport_fastrtps_cpp.hpp
[11.187s] -- Installing: /home/nitish/final_ws/install/mage_msgs/include/mage_msgs/msg/detail/part_pose__rosidl_typesupport_fastrtps_cpp.hpp
[11.187s] -- Installing: /home/nitish/final_ws/install/mage_msgs/include/mage_msgs/msg/detail/dds_fastrtps
[11.187s] -- Installing: /home/nitish/final_ws/install/mage_msgs/include/mage_msgs/msg/detail/advanced_logical_camera_image__rosidl_typesupport_fastrtps_cpp.hpp
[11.187s] -- Installing: /home/nitish/final_ws/install/mage_msgs/include/mage_msgs/msg/detail/marker__rosidl_typesupport_fastrtps_cpp.hpp
[11.188s] -- Installing: /home/nitish/final_ws/install/mage_msgs/include/mage_msgs/msg/detail/sensors__rosidl_typesupport_fastrtps_cpp.hpp
[11.188s] -- Installing: /home/nitish/final_ws/install/mage_msgs/include/mage_msgs/msg/detail/part__rosidl_typesupport_fastrtps_cpp.hpp
[11.188s] -- Installing: /home/nitish/final_ws/install/mage_msgs/lib/libmage_msgs__rosidl_typesupport_fastrtps_cpp.so
[11.188s] -- Set runtime path of "/home/nitish/final_ws/install/mage_msgs/lib/libmage_msgs__rosidl_typesupport_fastrtps_cpp.so" to ""
[11.188s] -- Up-to-date: /home/nitish/final_ws/install/mage_msgs/include/mage_msgs
[11.188s] -- Up-to-date: /home/nitish/final_ws/install/mage_msgs/include/mage_msgs/msg
[11.189s] -- Installing: /home/nitish/final_ws/install/mage_msgs/include/mage_msgs/msg/rosidl_typesupport_introspection_c__visibility_control.h
[11.189s] -- Up-to-date: /home/nitish/final_ws/install/mage_msgs/include/mage_msgs/msg/detail
[11.189s] -- Installing: /home/nitish/final_ws/install/mage_msgs/include/mage_msgs/msg/detail/advanced_logical_camera_image__type_support.c
[11.189s] -- Installing: /home/nitish/final_ws/install/mage_msgs/include/mage_msgs/msg/detail/marker_array__type_support.c
[11.189s] -- Installing: /home/nitish/final_ws/install/mage_msgs/include/mage_msgs/msg/detail/marker__rosidl_typesupport_introspection_c.h
[11.189s] -- Installing: /home/nitish/final_ws/install/mage_msgs/include/mage_msgs/msg/detail/sensors__type_support.c
[11.189s] -- Installing: /home/nitish/final_ws/install/mage_msgs/include/mage_msgs/msg/detail/part_pose__rosidl_typesupport_introspection_c.h
[11.189s] -- Installing: /home/nitish/final_ws/install/mage_msgs/include/mage_msgs/msg/detail/part__type_support.c
[11.190s] -- Installing: /home/nitish/final_ws/install/mage_msgs/include/mage_msgs/msg/detail/marker__type_support.c
[11.190s] -- Installing: /home/nitish/final_ws/install/mage_msgs/include/mage_msgs/msg/detail/marker_array__rosidl_typesupport_introspection_c.h
[11.190s] -- Installing: /home/nitish/final_ws/install/mage_msgs/include/mage_msgs/msg/detail/sensors__rosidl_typesupport_introspection_c.h
[11.190s] -- Installing: /home/nitish/final_ws/install/mage_msgs/include/mage_msgs/msg/detail/part__rosidl_typesupport_introspection_c.h
[11.190s] -- Installing: /home/nitish/final_ws/install/mage_msgs/include/mage_msgs/msg/detail/part_pose__type_support.c
[11.190s] -- Installing: /home/nitish/final_ws/install/mage_msgs/include/mage_msgs/msg/detail/advanced_logical_camera_image__rosidl_typesupport_introspection_c.h
[11.191s] -- Installing: /home/nitish/final_ws/install/mage_msgs/lib/libmage_msgs__rosidl_typesupport_introspection_c.so
[11.192s] -- Set runtime path of "/home/nitish/final_ws/install/mage_msgs/lib/libmage_msgs__rosidl_typesupport_introspection_c.so" to ""
[11.192s] -- Installing: /home/nitish/final_ws/install/mage_msgs/lib/libmage_msgs__rosidl_typesupport_c.so
[11.193s] -- Set runtime path of "/home/nitish/final_ws/install/mage_msgs/lib/libmage_msgs__rosidl_typesupport_c.so" to ""
[11.193s] -- Up-to-date: /home/nitish/final_ws/install/mage_msgs/include/mage_msgs
[11.193s] -- Up-to-date: /home/nitish/final_ws/install/mage_msgs/include/mage_msgs/msg
[11.193s] -- Installing: /home/nitish/final_ws/install/mage_msgs/include/mage_msgs/msg/part.hpp
[11.194s] -- Installing: /home/nitish/final_ws/install/mage_msgs/include/mage_msgs/msg/marker_array.hpp
[11.194s] -- Installing: /home/nitish/final_ws/install/mage_msgs/include/mage_msgs/msg/sensors.hpp
[11.194s] -- Installing: /home/nitish/final_ws/install/mage_msgs/include/mage_msgs/msg/marker.hpp
[11.194s] -- Installing: /home/nitish/final_ws/install/mage_msgs/include/mage_msgs/msg/part_pose.hpp
[11.195s] -- Up-to-date: /home/nitish/final_ws/install/mage_msgs/include/mage_msgs/msg/detail
[11.195s] -- Installing: /home/nitish/final_ws/install/mage_msgs/include/mage_msgs/msg/detail/advanced_logical_camera_image__builder.hpp
[11.195s] -- Installing: /home/nitish/final_ws/install/mage_msgs/include/mage_msgs/msg/detail/marker_array__struct.hpp
[11.195s] -- Installing: /home/nitish/final_ws/install/mage_msgs/include/mage_msgs/msg/detail/sensors__traits.hpp
[11.195s] -- Installing: /home/nitish/final_ws/install/mage_msgs/include/mage_msgs/msg/detail/sensors__struct.hpp
[11.196s] -- Installing: /home/nitish/final_ws/install/mage_msgs/include/mage_msgs/msg/detail/advanced_logical_camera_image__struct.hpp
[11.196s] -- Installing: /home/nitish/final_ws/install/mage_msgs/include/mage_msgs/msg/detail/marker__traits.hpp
[11.196s] -- Installing: /home/nitish/final_ws/install/mage_msgs/include/mage_msgs/msg/detail/part__traits.hpp
[11.196s] -- Installing: /home/nitish/final_ws/install/mage_msgs/include/mage_msgs/msg/detail/part__struct.hpp
[11.197s] -- Installing: /home/nitish/final_ws/install/mage_msgs/include/mage_msgs/msg/detail/part_pose__builder.hpp
[11.197s] -- Installing: /home/nitish/final_ws/install/mage_msgs/include/mage_msgs/msg/detail/part_pose__struct.hpp
[11.197s] -- Installing: /home/nitish/final_ws/install/mage_msgs/include/mage_msgs/msg/detail/sensors__builder.hpp
[11.197s] -- Installing: /home/nitish/final_ws/install/mage_msgs/include/mage_msgs/msg/detail/marker_array__builder.hpp
[11.197s] -- Installing: /home/nitish/final_ws/install/mage_msgs/include/mage_msgs/msg/detail/marker__struct.hpp
[11.198s] -- Installing: /home/nitish/final_ws/install/mage_msgs/include/mage_msgs/msg/detail/marker__builder.hpp
[11.198s] -- Installing: /home/nitish/final_ws/install/mage_msgs/include/mage_msgs/msg/detail/part_pose__traits.hpp
[11.198s] -- Installing: /home/nitish/final_ws/install/mage_msgs/include/mage_msgs/msg/detail/marker_array__traits.hpp
[11.198s] -- Installing: /home/nitish/final_ws/install/mage_msgs/include/mage_msgs/msg/detail/part__builder.hpp
[11.199s] -- Installing: /home/nitish/final_ws/install/mage_msgs/include/mage_msgs/msg/detail/advanced_logical_camera_image__traits.hpp
[11.199s] -- Installing: /home/nitish/final_ws/install/mage_msgs/include/mage_msgs/msg/advanced_logical_camera_image.hpp
[11.199s] -- Up-to-date: /home/nitish/final_ws/install/mage_msgs/include/mage_msgs
[11.199s] -- Up-to-date: /home/nitish/final_ws/install/mage_msgs/include/mage_msgs/msg
[11.199s] -- Up-to-date: /home/nitish/final_ws/install/mage_msgs/include/mage_msgs/msg/detail
[11.200s] -- Installing: /home/nitish/final_ws/install/mage_msgs/include/mage_msgs/msg/detail/marker__type_support.cpp
[11.200s] -- Installing: /home/nitish/final_ws/install/mage_msgs/include/mage_msgs/msg/detail/advanced_logical_camera_image__type_support.cpp
[11.200s] -- Installing: /home/nitish/final_ws/install/mage_msgs/include/mage_msgs/msg/detail/part__rosidl_typesupport_introspection_cpp.hpp
[11.200s] -- Installing: /home/nitish/final_ws/install/mage_msgs/include/mage_msgs/msg/detail/sensors__rosidl_typesupport_introspection_cpp.hpp
[11.200s] -- Installing: /home/nitish/final_ws/install/mage_msgs/include/mage_msgs/msg/detail/advanced_logical_camera_image__rosidl_typesupport_introspection_cpp.hpp
[11.201s] -- Installing: /home/nitish/final_ws/install/mage_msgs/include/mage_msgs/msg/detail/marker_array__rosidl_typesupport_introspection_cpp.hpp
[11.201s] -- Installing: /home/nitish/final_ws/install/mage_msgs/include/mage_msgs/msg/detail/sensors__type_support.cpp
[11.201s] -- Installing: /home/nitish/final_ws/install/mage_msgs/include/mage_msgs/msg/detail/part_pose__rosidl_typesupport_introspection_cpp.hpp
[11.201s] -- Installing: /home/nitish/final_ws/install/mage_msgs/include/mage_msgs/msg/detail/marker__rosidl_typesupport_introspection_cpp.hpp
[11.201s] -- Installing: /home/nitish/final_ws/install/mage_msgs/include/mage_msgs/msg/detail/part_pose__type_support.cpp
[11.201s] -- Installing: /home/nitish/final_ws/install/mage_msgs/include/mage_msgs/msg/detail/part__type_support.cpp
[11.202s] -- Installing: /home/nitish/final_ws/install/mage_msgs/include/mage_msgs/msg/detail/marker_array__type_support.cpp
[11.202s] -- Installing: /home/nitish/final_ws/install/mage_msgs/lib/libmage_msgs__rosidl_typesupport_introspection_cpp.so
[11.202s] -- Set runtime path of "/home/nitish/final_ws/install/mage_msgs/lib/libmage_msgs__rosidl_typesupport_introspection_cpp.so" to ""
[11.202s] -- Installing: /home/nitish/final_ws/install/mage_msgs/lib/libmage_msgs__rosidl_typesupport_cpp.so
[11.202s] -- Set runtime path of "/home/nitish/final_ws/install/mage_msgs/lib/libmage_msgs__rosidl_typesupport_cpp.so" to ""
[11.202s] -- Installing: /home/nitish/final_ws/install/mage_msgs/share/mage_msgs/environment/pythonpath.sh
[11.202s] -- Installing: /home/nitish/final_ws/install/mage_msgs/share/mage_msgs/environment/pythonpath.dsv
[11.202s] -- Installing: /home/nitish/final_ws/install/mage_msgs/lib/python3.8/site-packages/mage_msgs/__init__.py
[11.240s] Compiling '/home/nitish/final_ws/install/mage_msgs/lib/python3.8/site-packages/mage_msgs/__init__.py'...
[11.245s] -- Installing: /home/nitish/final_ws/install/mage_msgs/lib/python3.8/site-packages/mage_msgs/msg
[11.245s] -- Installing: /home/nitish/final_ws/install/mage_msgs/lib/python3.8/site-packages/mage_msgs/msg/_advanced_logical_camera_image_s.c
[11.245s] -- Installing: /home/nitish/final_ws/install/mage_msgs/lib/python3.8/site-packages/mage_msgs/msg/__init__.py
[11.245s] -- Installing: /home/nitish/final_ws/install/mage_msgs/lib/python3.8/site-packages/mage_msgs/msg/_part_s.c
[11.245s] -- Installing: /home/nitish/final_ws/install/mage_msgs/lib/python3.8/site-packages/mage_msgs/msg/_marker_s.c
[11.246s] -- Installing: /home/nitish/final_ws/install/mage_msgs/lib/python3.8/site-packages/mage_msgs/msg/_marker_array.py
[11.246s] -- Installing: /home/nitish/final_ws/install/mage_msgs/lib/python3.8/site-packages/mage_msgs/msg/_sensors_s.c
[11.246s] -- Installing: /home/nitish/final_ws/install/mage_msgs/lib/python3.8/site-packages/mage_msgs/msg/_marker_array_s.c
[11.246s] -- Installing: /home/nitish/final_ws/install/mage_msgs/lib/python3.8/site-packages/mage_msgs/msg/_marker.py
[11.246s] -- Installing: /home/nitish/final_ws/install/mage_msgs/lib/python3.8/site-packages/mage_msgs/msg/_part_pose_s.c
[11.246s] -- Installing: /home/nitish/final_ws/install/mage_msgs/lib/python3.8/site-packages/mage_msgs/msg/_sensors.py
[11.246s] -- Installing: /home/nitish/final_ws/install/mage_msgs/lib/python3.8/site-packages/mage_msgs/msg/_part_pose.py
[11.246s] -- Installing: /home/nitish/final_ws/install/mage_msgs/lib/python3.8/site-packages/mage_msgs/msg/_advanced_logical_camera_image.py
[11.247s] -- Installing: /home/nitish/final_ws/install/mage_msgs/lib/python3.8/site-packages/mage_msgs/msg/_part.py
[11.247s] -- Installing: /home/nitish/final_ws/install/mage_msgs/lib/python3.8/site-packages/mage_msgs/mage_msgs_s__rosidl_typesupport_fastrtps_c.cpython-38-x86_64-linux-gnu.so
[11.247s] -- Set runtime path of "/home/nitish/final_ws/install/mage_msgs/lib/python3.8/site-packages/mage_msgs/mage_msgs_s__rosidl_typesupport_fastrtps_c.cpython-38-x86_64-linux-gnu.so" to ""
[11.248s] -- Installing: /home/nitish/final_ws/install/mage_msgs/lib/python3.8/site-packages/mage_msgs/mage_msgs_s__rosidl_typesupport_introspection_c.cpython-38-x86_64-linux-gnu.so
[11.248s] -- Set runtime path of "/home/nitish/final_ws/install/mage_msgs/lib/python3.8/site-packages/mage_msgs/mage_msgs_s__rosidl_typesupport_introspection_c.cpython-38-x86_64-linux-gnu.so" to ""
[11.249s] -- Installing: /home/nitish/final_ws/install/mage_msgs/lib/python3.8/site-packages/mage_msgs/mage_msgs_s__rosidl_typesupport_c.cpython-38-x86_64-linux-gnu.so
[11.249s] -- Set runtime path of "/home/nitish/final_ws/install/mage_msgs/lib/python3.8/site-packages/mage_msgs/mage_msgs_s__rosidl_typesupport_c.cpython-38-x86_64-linux-gnu.so" to ""
[11.249s] -- Installing: /home/nitish/final_ws/install/mage_msgs/lib/libmage_msgs__python.so
[11.250s] -- Set runtime path of "/home/nitish/final_ws/install/mage_msgs/lib/libmage_msgs__python.so" to ""
[11.250s] -- Installing: /home/nitish/final_ws/install/mage_msgs/share/mage_msgs/msg/AdvancedLogicalCameraImage.idl
[11.250s] -- Installing: /home/nitish/final_ws/install/mage_msgs/share/mage_msgs/msg/Part.idl
[11.251s] -- Installing: /home/nitish/final_ws/install/mage_msgs/share/mage_msgs/msg/PartPose.idl
[11.251s] -- Installing: /home/nitish/final_ws/install/mage_msgs/share/mage_msgs/msg/Sensors.idl
[11.251s] -- Installing: /home/nitish/final_ws/install/mage_msgs/share/mage_msgs/msg/Marker.idl
[11.251s] -- Installing: /home/nitish/final_ws/install/mage_msgs/share/mage_msgs/msg/MarkerArray.idl
[11.251s] -- Installing: /home/nitish/final_ws/install/mage_msgs/share/mage_msgs/msg/AdvancedLogicalCameraImage.msg
[11.251s] -- Installing: /home/nitish/final_ws/install/mage_msgs/share/mage_msgs/msg/Part.msg
[11.252s] -- Installing: /home/nitish/final_ws/install/mage_msgs/share/mage_msgs/msg/PartPose.msg
[11.252s] -- Installing: /home/nitish/final_ws/install/mage_msgs/share/mage_msgs/msg/Sensors.msg
[11.252s] -- Installing: /home/nitish/final_ws/install/mage_msgs/share/mage_msgs/msg/Marker.msg
[11.252s] -- Installing: /home/nitish/final_ws/install/mage_msgs/share/mage_msgs/msg/MarkerArray.msg
[11.252s] -- Installing: /home/nitish/final_ws/install/mage_msgs/share/ament_index/resource_index/package_run_dependencies/mage_msgs
[11.252s] -- Installing: /home/nitish/final_ws/install/mage_msgs/share/ament_index/resource_index/parent_prefix_path/mage_msgs
[11.253s] -- Installing: /home/nitish/final_ws/install/mage_msgs/share/mage_msgs/environment/ament_prefix_path.sh
[11.253s] -- Installing: /home/nitish/final_ws/install/mage_msgs/share/mage_msgs/environment/ament_prefix_path.dsv
[11.253s] -- Installing: /home/nitish/final_ws/install/mage_msgs/share/mage_msgs/environment/path.sh
[11.253s] -- Installing: /home/nitish/final_ws/install/mage_msgs/share/mage_msgs/environment/path.dsv
[11.253s] -- Installing: /home/nitish/final_ws/install/mage_msgs/share/mage_msgs/local_setup.bash
[11.254s] -- Installing: /home/nitish/final_ws/install/mage_msgs/share/mage_msgs/local_setup.sh
[11.254s] -- Installing: /home/nitish/final_ws/install/mage_msgs/share/mage_msgs/local_setup.zsh
[11.254s] -- Installing: /home/nitish/final_ws/install/mage_msgs/share/mage_msgs/local_setup.dsv
[11.254s] -- Installing: /home/nitish/final_ws/install/mage_msgs/share/mage_msgs/package.dsv
[11.254s] -- Installing: /home/nitish/final_ws/install/mage_msgs/share/ament_index/resource_index/packages/mage_msgs
[11.255s] -- Installing: /home/nitish/final_ws/install/mage_msgs/share/mage_msgs/cmake/mage_msgs__rosidl_generator_cExport.cmake
[11.255s] -- Installing: /home/nitish/final_ws/install/mage_msgs/share/mage_msgs/cmake/mage_msgs__rosidl_generator_cExport-noconfig.cmake
[11.255s] -- Installing: /home/nitish/final_ws/install/mage_msgs/share/mage_msgs/cmake/mage_msgs__rosidl_typesupport_introspection_cExport.cmake
[11.255s] -- Installing: /home/nitish/final_ws/install/mage_msgs/share/mage_msgs/cmake/mage_msgs__rosidl_typesupport_introspection_cExport-noconfig.cmake
[11.255s] -- Installing: /home/nitish/final_ws/install/mage_msgs/share/mage_msgs/cmake/mage_msgs__rosidl_typesupport_cExport.cmake
[11.256s] -- Installing: /home/nitish/final_ws/install/mage_msgs/share/mage_msgs/cmake/mage_msgs__rosidl_typesupport_cExport-noconfig.cmake
[11.256s] -- Installing: /home/nitish/final_ws/install/mage_msgs/share/mage_msgs/cmake/mage_msgs__rosidl_generator_cppExport.cmake
[11.256s] -- Installing: /home/nitish/final_ws/install/mage_msgs/share/mage_msgs/cmake/mage_msgs__rosidl_typesupport_introspection_cppExport.cmake
[11.256s] -- Installing: /home/nitish/final_ws/install/mage_msgs/share/mage_msgs/cmake/mage_msgs__rosidl_typesupport_introspection_cppExport-noconfig.cmake
[11.257s] -- Installing: /home/nitish/final_ws/install/mage_msgs/share/mage_msgs/cmake/mage_msgs__rosidl_typesupport_cppExport.cmake
[11.257s] -- Installing: /home/nitish/final_ws/install/mage_msgs/share/mage_msgs/cmake/mage_msgs__rosidl_typesupport_cppExport-noconfig.cmake
[11.257s] -- Installing: /home/nitish/final_ws/install/mage_msgs/share/mage_msgs/cmake/rosidl_cmake-extras.cmake
[11.257s] -- Installing: /home/nitish/final_ws/install/mage_msgs/share/mage_msgs/cmake/ament_cmake_export_dependencies-extras.cmake
[11.257s] -- Installing: /home/nitish/final_ws/install/mage_msgs/share/mage_msgs/cmake/ament_cmake_export_libraries-extras.cmake
[11.258s] -- Installing: /home/nitish/final_ws/install/mage_msgs/share/mage_msgs/cmake/ament_cmake_export_targets-extras.cmake
[11.258s] -- Installing: /home/nitish/final_ws/install/mage_msgs/share/mage_msgs/cmake/ament_cmake_export_include_directories-extras.cmake
[11.258s] -- Installing: /home/nitish/final_ws/install/mage_msgs/share/mage_msgs/cmake/rosidl_cmake_export_typesupport_libraries-extras.cmake
[11.258s] -- Installing: /home/nitish/final_ws/install/mage_msgs/share/mage_msgs/cmake/rosidl_cmake_export_typesupport_targets-extras.cmake
[11.258s] -- Installing: /home/nitish/final_ws/install/mage_msgs/share/mage_msgs/cmake/mage_msgsConfig.cmake
[11.258s] -- Installing: /home/nitish/final_ws/install/mage_msgs/share/mage_msgs/cmake/mage_msgsConfig-version.cmake
[11.259s] -- Installing: /home/nitish/final_ws/install/mage_msgs/share/mage_msgs/package.xml
[11.261s] Invoked command in '/home/nitish/final_ws/build/mage_msgs' returned '0': CMAKE_PREFIX_PATH=/opt/ros/galactic /usr/bin/cmake --install /home/nitish/final_ws/build/mage_msgs
