[0.502s] Invoking command in '/home/nitish/final_ws/build/final_project': CMAKE_PREFIX_PATH=/home/nitish/final_ws/install/mage_msgs:/home/nitish/final_ws/install/group11_final:/home/nitish/final_ws/install/ros2_aruco_interfaces:/home/nitish/final_ws/install/final_project:/home/nitish/final_ws/install/ros2_aruco:/opt/ros/galactic LD_LIBRARY_PATH=/home/nitish/final_ws/install/mage_msgs/lib:/home/nitish/final_ws/install/ros2_aruco_interfaces/lib:/home/nitish/final_ws/install/final_project/lib:/usr/lib/x86_64-linux-gnu/gazebo-11/plugins:/opt/ros/galactic/opt/yaml_cpp_vendor/lib:/opt/ros/galactic/opt/rviz_ogre_vendor/lib:/opt/ros/galactic/lib/x86_64-linux-gnu:/opt/ros/galactic/lib PYTHONPATH=/home/nitish/final_ws/install/mage_msgs/lib/python3.8/site-packages:/home/nitish/final_ws/install/ros2_aruco_interfaces/lib/python3.8/site-packages:/home/nitish/final_ws/install/ros2_aruco/lib/python3.8/site-packages:/home/nitish/final_ws/install/final_project/lib/python3.8/site-packages:/opt/ros/galactic/lib/python3.8/site-packages /usr/bin/cmake --build /home/nitish/final_ws/build/final_project -- -j12 -l12
[0.568s] [  0%] Built target ament_cmake_python_copy_final_project
[0.582s] [ 50%] Built target disable_shadows_plugin
[0.583s] [100%] Built target AriacLogicalCameraPlugin
[0.785s] running install_scripts
[0.792s] running egg_info
[0.792s] writing final_project.egg-info/PKG-INFO
[0.793s] writing dependency_links to final_project.egg-info/dependency_links.txt
[0.793s] writing top-level names to final_project.egg-info/top_level.txt
[0.806s] running egg_info
[0.807s] writing final_project.egg-info/PKG-INFO
[0.807s] writing dependency_links to final_project.egg-info/dependency_links.txt
[0.808s] writing top-level names to final_project.egg-info/top_level.txt
[0.825s] reading manifest file 'final_project.egg-info/SOURCES.txt'
[0.826s] writing manifest file 'final_project.egg-info/SOURCES.txt'
[0.836s] reading manifest file 'final_project.egg-info/SOURCES.txt'
[0.836s] writing manifest file 'final_project.egg-info/SOURCES.txt'
[0.850s] [100%] Built target ament_cmake_python_build_final_project_egg
[0.863s] [100%] Built target ament_cmake_python_build_final_project_scripts
[0.947s] Invoked command in '/home/nitish/final_ws/build/final_project' returned '0': CMAKE_PREFIX_PATH=/home/nitish/final_ws/install/mage_msgs:/home/nitish/final_ws/install/group11_final:/home/nitish/final_ws/install/ros2_aruco_interfaces:/home/nitish/final_ws/install/final_project:/home/nitish/final_ws/install/ros2_aruco:/opt/ros/galactic LD_LIBRARY_PATH=/home/nitish/final_ws/install/mage_msgs/lib:/home/nitish/final_ws/install/ros2_aruco_interfaces/lib:/home/nitish/final_ws/install/final_project/lib:/usr/lib/x86_64-linux-gnu/gazebo-11/plugins:/opt/ros/galactic/opt/yaml_cpp_vendor/lib:/opt/ros/galactic/opt/rviz_ogre_vendor/lib:/opt/ros/galactic/lib/x86_64-linux-gnu:/opt/ros/galactic/lib PYTHONPATH=/home/nitish/final_ws/install/mage_msgs/lib/python3.8/site-packages:/home/nitish/final_ws/install/ros2_aruco_interfaces/lib/python3.8/site-packages:/home/nitish/final_ws/install/ros2_aruco/lib/python3.8/site-packages:/home/nitish/final_ws/install/final_project/lib/python3.8/site-packages:/opt/ros/galactic/lib/python3.8/site-packages /usr/bin/cmake --build /home/nitish/final_ws/build/final_project -- -j12 -l12
[0.975s] Invoking command in '/home/nitish/final_ws/build/final_project': CMAKE_PREFIX_PATH=/home/nitish/final_ws/install/mage_msgs:/home/nitish/final_ws/install/group11_final:/home/nitish/final_ws/install/ros2_aruco_interfaces:/home/nitish/final_ws/install/final_project:/home/nitish/final_ws/install/ros2_aruco:/opt/ros/galactic LD_LIBRARY_PATH=/home/nitish/final_ws/install/mage_msgs/lib:/home/nitish/final_ws/install/ros2_aruco_interfaces/lib:/home/nitish/final_ws/install/final_project/lib:/usr/lib/x86_64-linux-gnu/gazebo-11/plugins:/opt/ros/galactic/opt/yaml_cpp_vendor/lib:/opt/ros/galactic/opt/rviz_ogre_vendor/lib:/opt/ros/galactic/lib/x86_64-linux-gnu:/opt/ros/galactic/lib PYTHONPATH=/home/nitish/final_ws/install/mage_msgs/lib/python3.8/site-packages:/home/nitish/final_ws/install/ros2_aruco_interfaces/lib/python3.8/site-packages:/home/nitish/final_ws/install/ros2_aruco/lib/python3.8/site-packages:/home/nitish/final_ws/install/final_project/lib/python3.8/site-packages:/opt/ros/galactic/lib/python3.8/site-packages /usr/bin/cmake --install /home/nitish/final_ws/build/final_project
[0.983s] -- Install configuration: ""
[0.983s] -- Up-to-date: /home/nitish/final_ws/install/final_project/share/final_project/environment/library_path.sh
[0.984s] -- Up-to-date: /home/nitish/final_ws/install/final_project/share/final_project/environment/library_path.dsv
[0.984s] -- Up-to-date: /home/nitish/final_ws/install/final_project/include
[0.984s] -- Up-to-date: /home/nitish/final_ws/install/final_project/include/final_project
[0.984s] -- Up-to-date: /home/nitish/final_ws/install/final_project/include/final_project/ariac_logical_camera_plugin.hpp
[0.984s] -- Up-to-date: /home/nitish/final_ws/install/final_project/include/final_project/disable_shadows_plugin.hpp
[0.984s] -- Up-to-date: /home/nitish/final_ws/install/final_project/lib/libAriacLogicalCameraPlugin.so
[0.984s] -- Up-to-date: /home/nitish/final_ws/install/final_project/lib/libdisable_shadows_plugin.so
[0.985s] -- Up-to-date: /home/nitish/final_ws/install/final_project/share/final_project//config
[0.985s] -- Up-to-date: /home/nitish/final_ws/install/final_project/share/final_project//config/sensors.yaml
[0.985s] -- Up-to-date: /home/nitish/final_ws/install/final_project/share/final_project//config/waypoint_params.yaml
[0.985s] -- Up-to-date: /home/nitish/final_ws/install/final_project/share/final_project//launch
[0.985s] -- Up-to-date: /home/nitish/final_ws/install/final_project/share/final_project//launch/robot_state_publisher.launch.py
[0.985s] -- Up-to-date: /home/nitish/final_ws/install/final_project/share/final_project//launch/spawn_turtlebot3.launch.py
[0.986s] -- Up-to-date: /home/nitish/final_ws/install/final_project/share/final_project//launch/final_project.launch.py
[0.986s] -- Up-to-date: /home/nitish/final_ws/install/final_project/share/final_project//models
[0.986s] -- Up-to-date: /home/nitish/final_ws/install/final_project/share/final_project//models/aruco_marker_1
[0.986s] -- Up-to-date: /home/nitish/final_ws/install/final_project/share/final_project//models/aruco_marker_1/model.config
[0.986s] -- Up-to-date: /home/nitish/final_ws/install/final_project/share/final_project//models/aruco_marker_1/model.sdf
[0.986s] -- Up-to-date: /home/nitish/final_ws/install/final_project/share/final_project//models/aruco_marker_1/materials
[0.986s] -- Up-to-date: /home/nitish/final_ws/install/final_project/share/final_project//models/aruco_marker_1/materials/scripts
[0.987s] -- Up-to-date: /home/nitish/final_ws/install/final_project/share/final_project//models/aruco_marker_1/materials/scripts/marker.material
[0.987s] -- Up-to-date: /home/nitish/final_ws/install/final_project/share/final_project//models/aruco_marker_1/materials/textures
[0.987s] -- Up-to-date: /home/nitish/final_ws/install/final_project/share/final_project//models/aruco_marker_1/materials/textures/5x5_1000-1.svg
[0.987s] -- Up-to-date: /home/nitish/final_ws/install/final_project/share/final_project//models/aruco_marker_1/materials/textures/svgtopng.zip
[0.987s] -- Up-to-date: /home/nitish/final_ws/install/final_project/share/final_project//models/aruco_marker_1/materials/textures/5x5_1000-1.png
[0.987s] -- Up-to-date: /home/nitish/final_ws/install/final_project/share/final_project//models/aruco_marker_1/materials/textures/marker_1.png
[0.987s] -- Up-to-date: /home/nitish/final_ws/install/final_project/share/final_project//models/floor
[0.987s] -- Up-to-date: /home/nitish/final_ws/install/final_project/share/final_project//models/floor/meshes
[0.988s] -- Up-to-date: /home/nitish/final_ws/install/final_project/share/final_project//models/floor/meshes/Suede_Blue.jpg
[0.988s] -- Up-to-date: /home/nitish/final_ws/install/final_project/share/final_project//models/floor/meshes/floor.dae
[0.988s] -- Up-to-date: /home/nitish/final_ws/install/final_project/share/final_project//models/floor/meshes/Suede_Blue_1.jpg
[0.988s] -- Up-to-date: /home/nitish/final_ws/install/final_project/share/final_project//models/floor/meshes/example-2.png
[0.988s] -- Up-to-date: /home/nitish/final_ws/install/final_project/share/final_project//models/floor/model.config
[0.988s] -- Up-to-date: /home/nitish/final_ws/install/final_project/share/final_project//models/floor/model.sdf
[0.988s] -- Up-to-date: /home/nitish/final_ws/install/final_project/share/final_project//models/box_pallets
[0.988s] -- Up-to-date: /home/nitish/final_ws/install/final_project/share/final_project//models/box_pallets/meshes
[0.988s] -- Up-to-date: /home/nitish/final_ws/install/final_project/share/final_project//models/box_pallets/meshes/box_pallet.dae
[0.988s] -- Up-to-date: /home/nitish/final_ws/install/final_project/share/final_project//models/box_pallets/meshes/AM200_029_02_Diffuse.jpg
[0.989s] -- Up-to-date: /home/nitish/final_ws/install/final_project/share/final_project//models/box_pallets/meshes/AM200_029_01_Diffuse.jpg
[0.989s] -- Up-to-date: /home/nitish/final_ws/install/final_project/share/final_project//models/box_pallets/meshes/AM200_029_07_Diffuse.jpg
[0.989s] -- Up-to-date: /home/nitish/final_ws/install/final_project/share/final_project//models/box_pallets/model.config
[0.989s] -- Up-to-date: /home/nitish/final_ws/install/final_project/share/final_project//models/box_pallets/model.sdf
[0.989s] -- Up-to-date: /home/nitish/final_ws/install/final_project/share/final_project//models/box_pallets_3
[0.989s] -- Up-to-date: /home/nitish/final_ws/install/final_project/share/final_project//models/box_pallets_3/meshes
[0.989s] -- Up-to-date: /home/nitish/final_ws/install/final_project/share/final_project//models/box_pallets_3/meshes/box_pallet.dae
[0.989s] -- Up-to-date: /home/nitish/final_ws/install/final_project/share/final_project//models/box_pallets_3/meshes/AM200_029_08_Diffuse.jpg
[0.989s] -- Up-to-date: /home/nitish/final_ws/install/final_project/share/final_project//models/box_pallets_3/meshes/AM200_029_04_Diffuse.jpg
[0.989s] -- Up-to-date: /home/nitish/final_ws/install/final_project/share/final_project//models/box_pallets_3/meshes/AM200_029_01_Diffuse.jpg
[0.989s] -- Up-to-date: /home/nitish/final_ws/install/final_project/share/final_project//models/box_pallets_3/meshes/AM200_029_03_Diffuse.jpg
[0.990s] -- Up-to-date: /home/nitish/final_ws/install/final_project/share/final_project//models/box_pallets_3/model.config
[0.990s] -- Up-to-date: /home/nitish/final_ws/install/final_project/share/final_project//models/box_pallets_3/model.sdf
[0.990s] -- Up-to-date: /home/nitish/final_ws/install/final_project/share/final_project//models/aruco_marker_2
[0.990s] -- Up-to-date: /home/nitish/final_ws/install/final_project/share/final_project//models/aruco_marker_2/model.config
[0.990s] -- Up-to-date: /home/nitish/final_ws/install/final_project/share/final_project//models/aruco_marker_2/model.sdf
[0.990s] -- Up-to-date: /home/nitish/final_ws/install/final_project/share/final_project//models/aruco_marker_2/materials
[0.990s] -- Up-to-date: /home/nitish/final_ws/install/final_project/share/final_project//models/aruco_marker_2/materials/scripts
[0.990s] -- Up-to-date: /home/nitish/final_ws/install/final_project/share/final_project//models/aruco_marker_2/materials/scripts/marker.material
[0.990s] -- Up-to-date: /home/nitish/final_ws/install/final_project/share/final_project//models/aruco_marker_2/materials/textures
[0.990s] -- Up-to-date: /home/nitish/final_ws/install/final_project/share/final_project//models/aruco_marker_2/materials/textures/5x5_1000-2.png
[0.990s] -- Up-to-date: /home/nitish/final_ws/install/final_project/share/final_project//models/aruco_marker_2/materials/textures/marker_2.png
[0.991s] -- Up-to-date: /home/nitish/final_ws/install/final_project/share/final_project//models/aruco_marker_2/materials/textures/5x5_1000-2.svg
[0.991s] -- Up-to-date: /home/nitish/final_ws/install/final_project/share/final_project//models/aruco_marker_2/materials/textures/svgtopng.zip
[0.991s] -- Up-to-date: /home/nitish/final_ws/install/final_project/share/final_project//models/aruco_marker_0
[0.991s] -- Up-to-date: /home/nitish/final_ws/install/final_project/share/final_project//models/aruco_marker_0/model.config
[0.991s] -- Up-to-date: /home/nitish/final_ws/install/final_project/share/final_project//models/aruco_marker_0/model.sdf
[0.991s] -- Up-to-date: /home/nitish/final_ws/install/final_project/share/final_project//models/aruco_marker_0/materials
[0.991s] -- Up-to-date: /home/nitish/final_ws/install/final_project/share/final_project//models/aruco_marker_0/materials/scripts
[0.991s] -- Up-to-date: /home/nitish/final_ws/install/final_project/share/final_project//models/aruco_marker_0/materials/scripts/marker.material
[0.991s] -- Up-to-date: /home/nitish/final_ws/install/final_project/share/final_project//models/aruco_marker_0/materials/textures
[0.991s] -- Up-to-date: /home/nitish/final_ws/install/final_project/share/final_project//models/aruco_marker_0/materials/textures/5x5_1000-0.svg
[0.992s] -- Up-to-date: /home/nitish/final_ws/install/final_project/share/final_project//models/aruco_marker_0/materials/textures/marker_0_old.png
[0.992s] -- Up-to-date: /home/nitish/final_ws/install/final_project/share/final_project//models/aruco_marker_0/materials/textures/svgtopng.zip
[0.992s] -- Up-to-date: /home/nitish/final_ws/install/final_project/share/final_project//models/aruco_marker_0/materials/textures/5x5_1000-0.png
[0.992s] -- Up-to-date: /home/nitish/final_ws/install/final_project/share/final_project//models/battery
[0.992s] -- Up-to-date: /home/nitish/final_ws/install/final_project/share/final_project//models/battery/meshes
[0.992s] -- Up-to-date: /home/nitish/final_ws/install/final_project/share/final_project//models/battery/meshes/battery_base.stl
[0.992s] -- Up-to-date: /home/nitish/final_ws/install/final_project/share/final_project//models/battery/meshes/battery_cap.stl
[0.992s] -- Up-to-date: /home/nitish/final_ws/install/final_project/share/final_project//models/battery/meshes/battery_collision.stl
[0.992s] -- Up-to-date: /home/nitish/final_ws/install/final_project/share/final_project//models/battery/meshes/battery_pins.stl
[0.992s] -- Up-to-date: /home/nitish/final_ws/install/final_project/share/final_project//models/battery/model.config
[0.992s] -- Up-to-date: /home/nitish/final_ws/install/final_project/share/final_project//models/battery/model.sdf
[0.993s] -- Up-to-date: /home/nitish/final_ws/install/final_project/share/final_project//models/advanced_logical_camera
[0.993s] -- Up-to-date: /home/nitish/final_ws/install/final_project/share/final_project//models/advanced_logical_camera/meshes
[0.993s] -- Up-to-date: /home/nitish/final_ws/install/final_project/share/final_project//models/advanced_logical_camera/meshes/camera.dae
[0.993s] -- Up-to-date: /home/nitish/final_ws/install/final_project/share/final_project//models/advanced_logical_camera/model.config
[0.993s] -- Up-to-date: /home/nitish/final_ws/install/final_project/share/final_project//models/advanced_logical_camera/model.sdf
[0.993s] -- Up-to-date: /home/nitish/final_ws/install/final_project/share/final_project//models/advanced_logical_camera/materials
[0.993s] -- Up-to-date: /home/nitish/final_ws/install/final_project/share/final_project//models/advanced_logical_camera/materials/textures
[0.993s] -- Up-to-date: /home/nitish/final_ws/install/final_project/share/final_project//models/advanced_logical_camera/materials/textures/camera.png
[0.993s] -- Up-to-date: /home/nitish/final_ws/install/final_project/share/final_project//models/parts_bin
[0.993s] -- Up-to-date: /home/nitish/final_ws/install/final_project/share/final_project//models/parts_bin/meshes
[0.993s] -- Up-to-date: /home/nitish/final_ws/install/final_project/share/final_project//models/parts_bin/meshes/bin_interior.stl
[0.994s] -- Up-to-date: /home/nitish/final_ws/install/final_project/share/final_project//models/parts_bin/meshes/bin_exterior.dae
[0.994s] -- Up-to-date: /home/nitish/final_ws/install/final_project/share/final_project//models/parts_bin/meshes/Steel_Brushed_Stainless.jpg.001.jpg
[0.994s] -- Up-to-date: /home/nitish/final_ws/install/final_project/share/final_project//models/parts_bin/meshes/bin_exterior.stl
[0.994s] -- Up-to-date: /home/nitish/final_ws/install/final_project/share/final_project//models/parts_bin/meshes/Metal_Rough.jpg.001.jpg
[0.994s] -- Up-to-date: /home/nitish/final_ws/install/final_project/share/final_project//models/parts_bin/model.config
[0.994s] -- Up-to-date: /home/nitish/final_ws/install/final_project/share/final_project//models/parts_bin/model.sdf
[0.994s] -- Up-to-date: /home/nitish/final_ws/install/final_project/share/final_project//models/box_pallets_2
[0.994s] -- Up-to-date: /home/nitish/final_ws/install/final_project/share/final_project//models/box_pallets_2/meshes
[0.994s] -- Up-to-date: /home/nitish/final_ws/install/final_project/share/final_project//models/box_pallets_2/meshes/box_pallet.dae
[0.994s] -- Up-to-date: /home/nitish/final_ws/install/final_project/share/final_project//models/box_pallets_2/meshes/AM200_029_06_Diffuse.jpg
[0.995s] -- Up-to-date: /home/nitish/final_ws/install/final_project/share/final_project//models/box_pallets_2/meshes/AM200_029_01_Diffuse.jpg
[0.995s] -- Up-to-date: /home/nitish/final_ws/install/final_project/share/final_project//models/box_pallets_2/meshes/AM200_029_05_Diffuse.jpg
[0.995s] -- Up-to-date: /home/nitish/final_ws/install/final_project/share/final_project//models/box_pallets_2/model.config
[0.995s] -- Up-to-date: /home/nitish/final_ws/install/final_project/share/final_project//models/box_pallets_2/model.sdf
[0.995s] -- Up-to-date: /home/nitish/final_ws/install/final_project/share/final_project//models/turtlebot3_waffle
[0.995s] -- Up-to-date: /home/nitish/final_ws/install/final_project/share/final_project//models/turtlebot3_waffle/model-1_4.sdf
[0.995s] -- Up-to-date: /home/nitish/final_ws/install/final_project/share/final_project//models/turtlebot3_waffle/model.config
[0.995s] -- Up-to-date: /home/nitish/final_ws/install/final_project/share/final_project//models/turtlebot3_waffle/model.sdf
[0.995s] -- Up-to-date: /home/nitish/final_ws/install/final_project/share/final_project//worlds
[0.995s] -- Up-to-date: /home/nitish/final_ws/install/final_project/share/final_project//worlds/final.world
[0.995s] -- Up-to-date: /home/nitish/final_ws/install/final_project/share/final_project//maps
[0.996s] -- Up-to-date: /home/nitish/final_ws/install/final_project/share/final_project//maps/final2_map.pgm
[0.996s] -- Up-to-date: /home/nitish/final_ws/install/final_project/share/final_project//maps/final2_map.yaml
[0.996s] -- Up-to-date: /home/nitish/final_ws/install/final_project/share/final_project/environment/pythonpath.sh
[0.996s] -- Up-to-date: /home/nitish/final_ws/install/final_project/share/final_project/environment/pythonpath.dsv
[0.996s] -- Up-to-date: /home/nitish/final_ws/install/final_project/lib/python3.8/site-packages//final_project.egg-info
[0.996s] -- Installing: /home/nitish/final_ws/install/final_project/lib/python3.8/site-packages//final_project.egg-info/dependency_links.txt
[0.996s] -- Installing: /home/nitish/final_ws/install/final_project/lib/python3.8/site-packages//final_project.egg-info/SOURCES.txt
[0.996s] -- Installing: /home/nitish/final_ws/install/final_project/lib/python3.8/site-packages//final_project.egg-info/top_level.txt
[0.996s] -- Installing: /home/nitish/final_ws/install/final_project/lib/python3.8/site-packages//final_project.egg-info/PKG-INFO
[0.996s] -- Up-to-date: /home/nitish/final_ws/install/final_project/lib/final_project/
[0.996s] -- Up-to-date: /home/nitish/final_ws/install/final_project/lib/python3.8/site-packages/final_project
[0.997s] -- Up-to-date: /home/nitish/final_ws/install/final_project/lib/python3.8/site-packages/final_project/tf_broadcaster.py
[0.997s] -- Up-to-date: /home/nitish/final_ws/install/final_project/lib/python3.8/site-packages/final_project/__init__.py
[0.997s] -- Up-to-date: /home/nitish/final_ws/install/final_project/lib/python3.8/site-packages/final_project/utilities.py
[0.997s] -- Up-to-date: /home/nitish/final_ws/install/final_project/lib/python3.8/site-packages/final_project/spawn_params.py
[0.997s] -- Up-to-date: /home/nitish/final_ws/install/final_project/lib/python3.8/site-packages/final_project/tf2_geometry_msgs.py
[0.997s] -- Up-to-date: /home/nitish/final_ws/install/final_project/lib/python3.8/site-packages/final_project/environment_startup.py
[1.015s] Listing '/home/nitish/final_ws/install/final_project/lib/python3.8/site-packages/final_project'...
[1.018s] -- Up-to-date: /home/nitish/final_ws/install/final_project/lib/final_project/environment_startup_node.py
[1.018s] -- Up-to-date: /home/nitish/final_ws/install/final_project/lib/final_project/sensor_tf_broadcaster.py
[1.018s] -- Up-to-date: /home/nitish/final_ws/install/final_project/lib/final_project/part_spawner.py
[1.018s] -- Up-to-date: /home/nitish/final_ws/install/final_project/lib/final_project/object_tf_broadcaster.py
[1.018s] -- Up-to-date: /home/nitish/final_ws/install/final_project/share/ament_index/resource_index/package_run_dependencies/final_project
[1.019s] -- Up-to-date: /home/nitish/final_ws/install/final_project/share/ament_index/resource_index/parent_prefix_path/final_project
[1.019s] -- Up-to-date: /home/nitish/final_ws/install/final_project/share/final_project/environment/ament_prefix_path.sh
[1.019s] -- Up-to-date: /home/nitish/final_ws/install/final_project/share/final_project/environment/ament_prefix_path.dsv
[1.019s] -- Up-to-date: /home/nitish/final_ws/install/final_project/share/final_project/environment/path.sh
[1.019s] -- Up-to-date: /home/nitish/final_ws/install/final_project/share/final_project/environment/path.dsv
[1.019s] -- Up-to-date: /home/nitish/final_ws/install/final_project/share/final_project/local_setup.bash
[1.019s] -- Up-to-date: /home/nitish/final_ws/install/final_project/share/final_project/local_setup.sh
[1.019s] -- Up-to-date: /home/nitish/final_ws/install/final_project/share/final_project/local_setup.zsh
[1.019s] -- Up-to-date: /home/nitish/final_ws/install/final_project/share/final_project/local_setup.dsv
[1.019s] -- Installing: /home/nitish/final_ws/install/final_project/share/final_project/package.dsv
[1.020s] -- Up-to-date: /home/nitish/final_ws/install/final_project/share/ament_index/resource_index/packages/final_project
[1.020s] -- Up-to-date: /home/nitish/final_ws/install/final_project/share/final_project/cmake/ament_cmake_export_libraries-extras.cmake
[1.020s] -- Up-to-date: /home/nitish/final_ws/install/final_project/share/final_project/cmake/final_projectConfig.cmake
[1.020s] -- Up-to-date: /home/nitish/final_ws/install/final_project/share/final_project/cmake/final_projectConfig-version.cmake
[1.020s] -- Up-to-date: /home/nitish/final_ws/install/final_project/share/final_project/package.xml
[1.021s] Invoked command in '/home/nitish/final_ws/build/final_project' returned '0': CMAKE_PREFIX_PATH=/home/nitish/final_ws/install/mage_msgs:/home/nitish/final_ws/install/group11_final:/home/nitish/final_ws/install/ros2_aruco_interfaces:/home/nitish/final_ws/install/final_project:/home/nitish/final_ws/install/ros2_aruco:/opt/ros/galactic LD_LIBRARY_PATH=/home/nitish/final_ws/install/mage_msgs/lib:/home/nitish/final_ws/install/ros2_aruco_interfaces/lib:/home/nitish/final_ws/install/final_project/lib:/usr/lib/x86_64-linux-gnu/gazebo-11/plugins:/opt/ros/galactic/opt/yaml_cpp_vendor/lib:/opt/ros/galactic/opt/rviz_ogre_vendor/lib:/opt/ros/galactic/lib/x86_64-linux-gnu:/opt/ros/galactic/lib PYTHONPATH=/home/nitish/final_ws/install/mage_msgs/lib/python3.8/site-packages:/home/nitish/final_ws/install/ros2_aruco_interfaces/lib/python3.8/site-packages:/home/nitish/final_ws/install/ros2_aruco/lib/python3.8/site-packages:/home/nitish/final_ws/install/final_project/lib/python3.8/site-packages:/opt/ros/galactic/lib/python3.8/site-packages /usr/bin/cmake --install /home/nitish/final_ws/build/final_project
