[4.140s] DEBUG:colcon:Command line arguments: ['/usr/bin/colcon', 'build']
[4.140s] DEBUG:colcon:Parsed command line arguments: Namespace(allow_overriding=[], ament_cmake_args=None, base_paths=['.'], build_base='build', catkin_cmake_args=None, catkin_skip_building_tests=False, cmake_args=None, cmake_clean_cache=False, cmake_clean_first=False, cmake_force_configure=False, cmake_target=None, cmake_target_skip_unavailable=False, continue_on_error=False, event_handlers=None, executor='parallel', ignore_user_meta=False, install_base='install', log_base=None, log_level=None, main=<bound method BuildVerb.main of <colcon_core.verb.build.BuildVerb object at 0x7ffb235e2340>>, merge_install=False, metas=['./colcon.meta'], packages_above=None, packages_above_and_dependencies=None, packages_above_depth=None, packages_end=None, packages_ignore=None, packages_ignore_regex=None, packages_select=None, packages_select_build_failed=False, packages_select_by_dep=None, packages_select_regex=None, packages_select_test_failures=False, packages_skip=None, packages_skip_build_finished=False, packages_skip_by_dep=None, packages_skip_regex=None, packages_skip_test_passed=False, packages_skip_up_to=None, packages_start=None, packages_up_to=None, packages_up_to_regex=None, parallel_workers=12, paths=None, symlink_install=False, test_result_base=None, verb_extension=<colcon_core.verb.build.BuildVerb object at 0x7ffb235e2340>, verb_name='build', verb_parser=<colcon_defaults.argument_parser.defaults.DefaultArgumentsDecorator object at 0x7ffb235985b0>)
[4.312s] Level 1:colcon.colcon_core.package_discovery:discover_packages(colcon_meta) check parameters
[4.312s] Level 1:colcon.colcon_core.package_discovery:discover_packages(recursive) check parameters
[4.312s] Level 1:colcon.colcon_core.package_discovery:discover_packages(ignore) check parameters
[4.312s] Level 1:colcon.colcon_core.package_discovery:discover_packages(path) check parameters
[4.312s] Level 1:colcon.colcon_core.package_discovery:discover_packages(colcon_meta) discover
[4.312s] Level 1:colcon.colcon_core.package_discovery:discover_packages(recursive) discover
[4.312s] INFO:colcon.colcon_core.package_discovery:Crawling recursively for packages in '/home/nitish/final_ws'
[4.312s] Level 1:colcon.colcon_core.package_identification:_identify(.) by extensions ['ignore', 'ignore_ament_install']
[4.313s] Level 1:colcon.colcon_core.package_identification:_identify(.) by extension 'ignore'
[4.313s] Level 1:colcon.colcon_core.package_identification:_identify(.) by extension 'ignore_ament_install'
[4.313s] Level 1:colcon.colcon_core.package_identification:_identify(.) by extensions ['colcon_pkg']
[4.313s] Level 1:colcon.colcon_core.package_identification:_identify(.) by extension 'colcon_pkg'
[4.313s] Level 1:colcon.colcon_core.package_identification:_identify(.) by extensions ['colcon_meta']
[4.313s] Level 1:colcon.colcon_core.package_identification:_identify(.) by extension 'colcon_meta'
[4.313s] Level 1:colcon.colcon_core.package_identification:_identify(.) by extensions ['ros']
[4.313s] Level 1:colcon.colcon_core.package_identification:_identify(.) by extension 'ros'
[4.330s] Level 1:colcon.colcon_core.package_identification:_identify(.) by extensions ['cmake', 'python']
[4.331s] Level 1:colcon.colcon_core.package_identification:_identify(.) by extension 'cmake'
[4.331s] Level 1:colcon.colcon_core.package_identification:_identify(.) by extension 'python'
[4.331s] Level 1:colcon.colcon_core.package_identification:_identify(.) by extensions ['python_setup_py']
[4.331s] Level 1:colcon.colcon_core.package_identification:_identify(.) by extension 'python_setup_py'
[4.331s] Level 1:colcon.colcon_core.package_identification:_identify(build) by extensions ['ignore', 'ignore_ament_install']
[4.331s] Level 1:colcon.colcon_core.package_identification:_identify(build) by extension 'ignore'
[4.331s] Level 1:colcon.colcon_core.package_identification:_identify(build) ignored
[4.331s] Level 1:colcon.colcon_core.package_identification:_identify(install) by extensions ['ignore', 'ignore_ament_install']
[4.332s] Level 1:colcon.colcon_core.package_identification:_identify(install) by extension 'ignore'
[4.332s] Level 1:colcon.colcon_core.package_identification:_identify(install) ignored
[4.332s] Level 1:colcon.colcon_core.package_identification:_identify(log) by extensions ['ignore', 'ignore_ament_install']
[4.332s] Level 1:colcon.colcon_core.package_identification:_identify(log) by extension 'ignore'
[4.332s] Level 1:colcon.colcon_core.package_identification:_identify(log) ignored
[4.332s] Level 1:colcon.colcon_core.package_identification:_identify(src) by extensions ['ignore', 'ignore_ament_install']
[4.332s] Level 1:colcon.colcon_core.package_identification:_identify(src) by extension 'ignore'
[4.332s] Level 1:colcon.colcon_core.package_identification:_identify(src) by extension 'ignore_ament_install'
[4.333s] Level 1:colcon.colcon_core.package_identification:_identify(src) by extensions ['colcon_pkg']
[4.333s] Level 1:colcon.colcon_core.package_identification:_identify(src) by extension 'colcon_pkg'
[4.333s] Level 1:colcon.colcon_core.package_identification:_identify(src) by extensions ['colcon_meta']
[4.333s] Level 1:colcon.colcon_core.package_identification:_identify(src) by extension 'colcon_meta'
[4.333s] Level 1:colcon.colcon_core.package_identification:_identify(src) by extensions ['ros']
[4.333s] Level 1:colcon.colcon_core.package_identification:_identify(src) by extension 'ros'
[4.333s] Level 1:colcon.colcon_core.package_identification:_identify(src) by extensions ['cmake', 'python']
[4.333s] Level 1:colcon.colcon_core.package_identification:_identify(src) by extension 'cmake'
[4.333s] Level 1:colcon.colcon_core.package_identification:_identify(src) by extension 'python'
[4.333s] Level 1:colcon.colcon_core.package_identification:_identify(src) by extensions ['python_setup_py']
[4.333s] Level 1:colcon.colcon_core.package_identification:_identify(src) by extension 'python_setup_py'
[4.334s] Level 1:colcon.colcon_core.package_identification:_identify(src/final_project) by extensions ['ignore', 'ignore_ament_install']
[4.334s] Level 1:colcon.colcon_core.package_identification:_identify(src/final_project) by extension 'ignore'
[4.334s] Level 1:colcon.colcon_core.package_identification:_identify(src/final_project) by extension 'ignore_ament_install'
[4.334s] Level 1:colcon.colcon_core.package_identification:_identify(src/final_project) by extensions ['colcon_pkg']
[4.334s] Level 1:colcon.colcon_core.package_identification:_identify(src/final_project) by extension 'colcon_pkg'
[4.334s] Level 1:colcon.colcon_core.package_identification:_identify(src/final_project) by extensions ['colcon_meta']
[4.334s] Level 1:colcon.colcon_core.package_identification:_identify(src/final_project) by extension 'colcon_meta'
[4.334s] Level 1:colcon.colcon_core.package_identification:_identify(src/final_project) by extensions ['ros']
[4.334s] Level 1:colcon.colcon_core.package_identification:_identify(src/final_project) by extension 'ros'
[4.339s] DEBUG:colcon.colcon_core.package_identification:Package 'src/final_project' with type 'ros.ament_cmake' and name 'final_project'
[4.339s] Level 1:colcon.colcon_core.package_identification:_identify(src/group11_final) by extensions ['ignore', 'ignore_ament_install']
[4.339s] Level 1:colcon.colcon_core.package_identification:_identify(src/group11_final) by extension 'ignore'
[4.339s] Level 1:colcon.colcon_core.package_identification:_identify(src/group11_final) by extension 'ignore_ament_install'
[4.339s] Level 1:colcon.colcon_core.package_identification:_identify(src/group11_final) by extensions ['colcon_pkg']
[4.339s] Level 1:colcon.colcon_core.package_identification:_identify(src/group11_final) by extension 'colcon_pkg'
[4.339s] Level 1:colcon.colcon_core.package_identification:_identify(src/group11_final) by extensions ['colcon_meta']
[4.339s] Level 1:colcon.colcon_core.package_identification:_identify(src/group11_final) by extension 'colcon_meta'
[4.340s] Level 1:colcon.colcon_core.package_identification:_identify(src/group11_final) by extensions ['ros']
[4.340s] Level 1:colcon.colcon_core.package_identification:_identify(src/group11_final) by extension 'ros'
[4.341s] DEBUG:colcon.colcon_core.package_identification:Package 'src/group11_final' with type 'ros.ament_cmake' and name 'group11_final'
[4.342s] Level 1:colcon.colcon_core.package_identification:_identify(src/mage_msgs) by extensions ['ignore', 'ignore_ament_install']
[4.342s] Level 1:colcon.colcon_core.package_identification:_identify(src/mage_msgs) by extension 'ignore'
[4.342s] Level 1:colcon.colcon_core.package_identification:_identify(src/mage_msgs) by extension 'ignore_ament_install'
[4.342s] Level 1:colcon.colcon_core.package_identification:_identify(src/mage_msgs) by extensions ['colcon_pkg']
[4.342s] Level 1:colcon.colcon_core.package_identification:_identify(src/mage_msgs) by extension 'colcon_pkg'
[4.342s] Level 1:colcon.colcon_core.package_identification:_identify(src/mage_msgs) by extensions ['colcon_meta']
[4.342s] Level 1:colcon.colcon_core.package_identification:_identify(src/mage_msgs) by extension 'colcon_meta'
[4.342s] Level 1:colcon.colcon_core.package_identification:_identify(src/mage_msgs) by extensions ['ros']
[4.342s] Level 1:colcon.colcon_core.package_identification:_identify(src/mage_msgs) by extension 'ros'
[4.343s] DEBUG:colcon.colcon_core.package_identification:Package 'src/mage_msgs' with type 'ros.ament_cmake' and name 'mage_msgs'
[4.343s] Level 1:colcon.colcon_core.package_identification:_identify(src/ros2_aruco) by extensions ['ignore', 'ignore_ament_install']
[4.343s] Level 1:colcon.colcon_core.package_identification:_identify(src/ros2_aruco) by extension 'ignore'
[4.344s] Level 1:colcon.colcon_core.package_identification:_identify(src/ros2_aruco) by extension 'ignore_ament_install'
[4.344s] Level 1:colcon.colcon_core.package_identification:_identify(src/ros2_aruco) by extensions ['colcon_pkg']
[4.344s] Level 1:colcon.colcon_core.package_identification:_identify(src/ros2_aruco) by extension 'colcon_pkg'
[4.344s] Level 1:colcon.colcon_core.package_identification:_identify(src/ros2_aruco) by extensions ['colcon_meta']
[4.344s] Level 1:colcon.colcon_core.package_identification:_identify(src/ros2_aruco) by extension 'colcon_meta'
[4.344s] Level 1:colcon.colcon_core.package_identification:_identify(src/ros2_aruco) by extensions ['ros']
[4.344s] Level 1:colcon.colcon_core.package_identification:_identify(src/ros2_aruco) by extension 'ros'
[4.344s] Level 1:colcon.colcon_core.package_identification:_identify(src/ros2_aruco) by extensions ['cmake', 'python']
[4.344s] Level 1:colcon.colcon_core.package_identification:_identify(src/ros2_aruco) by extension 'cmake'
[4.344s] Level 1:colcon.colcon_core.package_identification:_identify(src/ros2_aruco) by extension 'python'
[4.344s] Level 1:colcon.colcon_core.package_identification:_identify(src/ros2_aruco) by extensions ['python_setup_py']
[4.344s] Level 1:colcon.colcon_core.package_identification:_identify(src/ros2_aruco) by extension 'python_setup_py'
[4.345s] Level 1:colcon.colcon_core.package_identification:_identify(src/ros2_aruco/ros2_aruco) by extensions ['ignore', 'ignore_ament_install']
[4.345s] Level 1:colcon.colcon_core.package_identification:_identify(src/ros2_aruco/ros2_aruco) by extension 'ignore'
[4.345s] Level 1:colcon.colcon_core.package_identification:_identify(src/ros2_aruco/ros2_aruco) by extension 'ignore_ament_install'
[4.345s] Level 1:colcon.colcon_core.package_identification:_identify(src/ros2_aruco/ros2_aruco) by extensions ['colcon_pkg']
[4.345s] Level 1:colcon.colcon_core.package_identification:_identify(src/ros2_aruco/ros2_aruco) by extension 'colcon_pkg'
[4.345s] Level 1:colcon.colcon_core.package_identification:_identify(src/ros2_aruco/ros2_aruco) by extensions ['colcon_meta']
[4.345s] Level 1:colcon.colcon_core.package_identification:_identify(src/ros2_aruco/ros2_aruco) by extension 'colcon_meta'
[4.345s] Level 1:colcon.colcon_core.package_identification:_identify(src/ros2_aruco/ros2_aruco) by extensions ['ros']
[4.345s] Level 1:colcon.colcon_core.package_identification:_identify(src/ros2_aruco/ros2_aruco) by extension 'ros'
[4.346s] DEBUG:colcon.colcon_core.package_identification:Package 'src/ros2_aruco/ros2_aruco' with type 'ros.ament_python' and name 'ros2_aruco'
[4.346s] Level 1:colcon.colcon_core.package_identification:_identify(src/ros2_aruco/ros2_aruco_interfaces) by extensions ['ignore', 'ignore_ament_install']
[4.346s] Level 1:colcon.colcon_core.package_identification:_identify(src/ros2_aruco/ros2_aruco_interfaces) by extension 'ignore'
[4.347s] Level 1:colcon.colcon_core.package_identification:_identify(src/ros2_aruco/ros2_aruco_interfaces) by extension 'ignore_ament_install'
[4.347s] Level 1:colcon.colcon_core.package_identification:_identify(src/ros2_aruco/ros2_aruco_interfaces) by extensions ['colcon_pkg']
[4.347s] Level 1:colcon.colcon_core.package_identification:_identify(src/ros2_aruco/ros2_aruco_interfaces) by extension 'colcon_pkg'
[4.347s] Level 1:colcon.colcon_core.package_identification:_identify(src/ros2_aruco/ros2_aruco_interfaces) by extensions ['colcon_meta']
[4.347s] Level 1:colcon.colcon_core.package_identification:_identify(src/ros2_aruco/ros2_aruco_interfaces) by extension 'colcon_meta'
[4.347s] Level 1:colcon.colcon_core.package_identification:_identify(src/ros2_aruco/ros2_aruco_interfaces) by extensions ['ros']
[4.347s] Level 1:colcon.colcon_core.package_identification:_identify(src/ros2_aruco/ros2_aruco_interfaces) by extension 'ros'
[4.348s] DEBUG:colcon.colcon_core.package_identification:Package 'src/ros2_aruco/ros2_aruco_interfaces' with type 'ros.ament_cmake' and name 'ros2_aruco_interfaces'
[4.348s] Level 1:colcon.colcon_core.package_discovery:discover_packages(recursive) using defaults
[4.348s] Level 1:colcon.colcon_core.package_discovery:discover_packages(ignore) discover
[4.348s] Level 1:colcon.colcon_core.package_discovery:discover_packages(ignore) using defaults
[4.348s] Level 1:colcon.colcon_core.package_discovery:discover_packages(path) discover
[4.348s] Level 1:colcon.colcon_core.package_discovery:discover_packages(path) using defaults
[4.739s] Level 1:colcon.colcon_core.package_discovery:discover_packages(prefix_path) check parameters
[4.739s] Level 1:colcon.colcon_core.package_discovery:discover_packages(prefix_path) discover
[4.883s] DEBUG:colcon.colcon_installed_package_information.package_discovery:Found 5 installed packages in /home/nitish/final_ws/install
[4.959s] DEBUG:colcon.colcon_installed_package_information.package_discovery:Found 353 installed packages in /opt/ros/galactic
[4.961s] Level 1:colcon.colcon_core.package_discovery:discover_packages(prefix_path) using defaults
[5.269s] Level 5:colcon.colcon_core.verb:set package 'mage_msgs' build argument 'cmake_args' from command line to 'None'
[5.269s] Level 5:colcon.colcon_core.verb:set package 'mage_msgs' build argument 'cmake_target' from command line to 'None'
[5.269s] Level 5:colcon.colcon_core.verb:set package 'mage_msgs' build argument 'cmake_target_skip_unavailable' from command line to 'False'
[5.269s] Level 5:colcon.colcon_core.verb:set package 'mage_msgs' build argument 'cmake_clean_cache' from command line to 'False'
[5.269s] Level 5:colcon.colcon_core.verb:set package 'mage_msgs' build argument 'cmake_clean_first' from command line to 'False'
[5.269s] Level 5:colcon.colcon_core.verb:set package 'mage_msgs' build argument 'cmake_force_configure' from command line to 'False'
[5.269s] Level 5:colcon.colcon_core.verb:set package 'mage_msgs' build argument 'ament_cmake_args' from command line to 'None'
[5.269s] Level 5:colcon.colcon_core.verb:set package 'mage_msgs' build argument 'catkin_cmake_args' from command line to 'None'
[5.270s] Level 5:colcon.colcon_core.verb:set package 'mage_msgs' build argument 'catkin_skip_building_tests' from command line to 'False'
[5.270s] DEBUG:colcon.colcon_core.verb:Building package 'mage_msgs' with the following arguments: {'ament_cmake_args': None, 'build_base': '/home/nitish/final_ws/build/mage_msgs', 'catkin_cmake_args': None, 'catkin_skip_building_tests': False, 'cmake_args': None, 'cmake_clean_cache': False, 'cmake_clean_first': False, 'cmake_force_configure': False, 'cmake_target': None, 'cmake_target_skip_unavailable': False, 'install_base': '/home/nitish/final_ws/install/mage_msgs', 'merge_install': False, 'path': '/home/nitish/final_ws/src/mage_msgs', 'symlink_install': False, 'test_result_base': None}
[5.344s] Level 5:colcon.colcon_core.verb:set package 'ros2_aruco' build argument 'cmake_args' from command line to 'None'
[5.344s] Level 5:colcon.colcon_core.verb:set package 'ros2_aruco' build argument 'cmake_target' from command line to 'None'
[5.344s] Level 5:colcon.colcon_core.verb:set package 'ros2_aruco' build argument 'cmake_target_skip_unavailable' from command line to 'False'
[5.344s] Level 5:colcon.colcon_core.verb:set package 'ros2_aruco' build argument 'cmake_clean_cache' from command line to 'False'
[5.344s] Level 5:colcon.colcon_core.verb:set package 'ros2_aruco' build argument 'cmake_clean_first' from command line to 'False'
[5.344s] Level 5:colcon.colcon_core.verb:set package 'ros2_aruco' build argument 'cmake_force_configure' from command line to 'False'
[5.344s] Level 5:colcon.colcon_core.verb:set package 'ros2_aruco' build argument 'ament_cmake_args' from command line to 'None'
[5.344s] Level 5:colcon.colcon_core.verb:set package 'ros2_aruco' build argument 'catkin_cmake_args' from command line to 'None'
[5.344s] Level 5:colcon.colcon_core.verb:set package 'ros2_aruco' build argument 'catkin_skip_building_tests' from command line to 'False'
[5.344s] DEBUG:colcon.colcon_core.verb:Building package 'ros2_aruco' with the following arguments: {'ament_cmake_args': None, 'build_base': '/home/nitish/final_ws/build/ros2_aruco', 'catkin_cmake_args': None, 'catkin_skip_building_tests': False, 'cmake_args': None, 'cmake_clean_cache': False, 'cmake_clean_first': False, 'cmake_force_configure': False, 'cmake_target': None, 'cmake_target_skip_unavailable': False, 'install_base': '/home/nitish/final_ws/install/ros2_aruco', 'merge_install': False, 'path': '/home/nitish/final_ws/src/ros2_aruco/ros2_aruco', 'symlink_install': False, 'test_result_base': None}
[5.422s] Level 5:colcon.colcon_core.verb:set package 'ros2_aruco_interfaces' build argument 'cmake_args' from command line to 'None'
[5.422s] Level 5:colcon.colcon_core.verb:set package 'ros2_aruco_interfaces' build argument 'cmake_target' from command line to 'None'
[5.422s] Level 5:colcon.colcon_core.verb:set package 'ros2_aruco_interfaces' build argument 'cmake_target_skip_unavailable' from command line to 'False'
[5.422s] Level 5:colcon.colcon_core.verb:set package 'ros2_aruco_interfaces' build argument 'cmake_clean_cache' from command line to 'False'
[5.422s] Level 5:colcon.colcon_core.verb:set package 'ros2_aruco_interfaces' build argument 'cmake_clean_first' from command line to 'False'
[5.422s] Level 5:colcon.colcon_core.verb:set package 'ros2_aruco_interfaces' build argument 'cmake_force_configure' from command line to 'False'
[5.422s] Level 5:colcon.colcon_core.verb:set package 'ros2_aruco_interfaces' build argument 'ament_cmake_args' from command line to 'None'
[5.422s] Level 5:colcon.colcon_core.verb:set package 'ros2_aruco_interfaces' build argument 'catkin_cmake_args' from command line to 'None'
[5.422s] Level 5:colcon.colcon_core.verb:set package 'ros2_aruco_interfaces' build argument 'catkin_skip_building_tests' from command line to 'False'
[5.422s] DEBUG:colcon.colcon_core.verb:Building package 'ros2_aruco_interfaces' with the following arguments: {'ament_cmake_args': None, 'build_base': '/home/nitish/final_ws/build/ros2_aruco_interfaces', 'catkin_cmake_args': None, 'catkin_skip_building_tests': False, 'cmake_args': None, 'cmake_clean_cache': False, 'cmake_clean_first': False, 'cmake_force_configure': False, 'cmake_target': None, 'cmake_target_skip_unavailable': False, 'install_base': '/home/nitish/final_ws/install/ros2_aruco_interfaces', 'merge_install': False, 'path': '/home/nitish/final_ws/src/ros2_aruco/ros2_aruco_interfaces', 'symlink_install': False, 'test_result_base': None}
[5.501s] Level 5:colcon.colcon_core.verb:set package 'final_project' build argument 'cmake_args' from command line to 'None'
[5.501s] Level 5:colcon.colcon_core.verb:set package 'final_project' build argument 'cmake_target' from command line to 'None'
[5.501s] Level 5:colcon.colcon_core.verb:set package 'final_project' build argument 'cmake_target_skip_unavailable' from command line to 'False'
[5.501s] Level 5:colcon.colcon_core.verb:set package 'final_project' build argument 'cmake_clean_cache' from command line to 'False'
[5.501s] Level 5:colcon.colcon_core.verb:set package 'final_project' build argument 'cmake_clean_first' from command line to 'False'
[5.501s] Level 5:colcon.colcon_core.verb:set package 'final_project' build argument 'cmake_force_configure' from command line to 'False'
[5.501s] Level 5:colcon.colcon_core.verb:set package 'final_project' build argument 'ament_cmake_args' from command line to 'None'
[5.501s] Level 5:colcon.colcon_core.verb:set package 'final_project' build argument 'catkin_cmake_args' from command line to 'None'
[5.501s] Level 5:colcon.colcon_core.verb:set package 'final_project' build argument 'catkin_skip_building_tests' from command line to 'False'
[5.501s] DEBUG:colcon.colcon_core.verb:Building package 'final_project' with the following arguments: {'ament_cmake_args': None, 'build_base': '/home/nitish/final_ws/build/final_project', 'catkin_cmake_args': None, 'catkin_skip_building_tests': False, 'cmake_args': None, 'cmake_clean_cache': False, 'cmake_clean_first': False, 'cmake_force_configure': False, 'cmake_target': None, 'cmake_target_skip_unavailable': False, 'install_base': '/home/nitish/final_ws/install/final_project', 'merge_install': False, 'path': '/home/nitish/final_ws/src/final_project', 'symlink_install': False, 'test_result_base': None}
[5.585s] Level 5:colcon.colcon_core.verb:set package 'group11_final' build argument 'cmake_args' from command line to 'None'
[5.585s] Level 5:colcon.colcon_core.verb:set package 'group11_final' build argument 'cmake_target' from command line to 'None'
[5.585s] Level 5:colcon.colcon_core.verb:set package 'group11_final' build argument 'cmake_target_skip_unavailable' from command line to 'False'
[5.585s] Level 5:colcon.colcon_core.verb:set package 'group11_final' build argument 'cmake_clean_cache' from command line to 'False'
[5.585s] Level 5:colcon.colcon_core.verb:set package 'group11_final' build argument 'cmake_clean_first' from command line to 'False'
[5.585s] Level 5:colcon.colcon_core.verb:set package 'group11_final' build argument 'cmake_force_configure' from command line to 'False'
[5.585s] Level 5:colcon.colcon_core.verb:set package 'group11_final' build argument 'ament_cmake_args' from command line to 'None'
[5.585s] Level 5:colcon.colcon_core.verb:set package 'group11_final' build argument 'catkin_cmake_args' from command line to 'None'
[5.585s] Level 5:colcon.colcon_core.verb:set package 'group11_final' build argument 'catkin_skip_building_tests' from command line to 'False'
[5.585s] DEBUG:colcon.colcon_core.verb:Building package 'group11_final' with the following arguments: {'ament_cmake_args': None, 'build_base': '/home/nitish/final_ws/build/group11_final', 'catkin_cmake_args': None, 'catkin_skip_building_tests': False, 'cmake_args': None, 'cmake_clean_cache': False, 'cmake_clean_first': False, 'cmake_force_configure': False, 'cmake_target': None, 'cmake_target_skip_unavailable': False, 'install_base': '/home/nitish/final_ws/install/group11_final', 'merge_install': False, 'path': '/home/nitish/final_ws/src/group11_final', 'symlink_install': False, 'test_result_base': None}
[5.670s] INFO:colcon.colcon_core.executor:Executing jobs using 'parallel' executor
[5.752s] DEBUG:colcon.colcon_parallel_executor.executor.parallel:run_until_complete
[5.753s] INFO:colcon.colcon_ros.task.ament_cmake.build:Building ROS package in '/home/nitish/final_ws/src/mage_msgs' with build type 'ament_cmake'
[5.753s] INFO:colcon.colcon_cmake.task.cmake.build:Building CMake package in '/home/nitish/final_ws/src/mage_msgs'
[5.838s] INFO:colcon.colcon_core.plugin_system:Skipping extension 'colcon_core.shell.bat': Not used on non-Windows systems
[5.838s] INFO:colcon.colcon_core.shell:Skip shell extension 'powershell' for command environment: Not usable outside of PowerShell
[5.838s] DEBUG:colcon.colcon_core.shell:Skip shell extension 'dsv' for command environment
[6.074s] INFO:colcon.colcon_ros.task.ament_cmake.build:Building ROS package in '/home/nitish/final_ws/src/ros2_aruco/ros2_aruco_interfaces' with build type 'ament_cmake'
[6.075s] INFO:colcon.colcon_cmake.task.cmake.build:Building CMake package in '/home/nitish/final_ws/src/ros2_aruco/ros2_aruco_interfaces'
[6.154s] INFO:colcon.colcon_core.shell:Skip shell extension 'powershell' for command environment: Not usable outside of PowerShell
[6.154s] DEBUG:colcon.colcon_core.shell:Skip shell extension 'dsv' for command environment
[6.386s] INFO:colcon.colcon_ros.task.ament_python.build:Building ROS package in '/home/nitish/final_ws/src/ros2_aruco/ros2_aruco' with build type 'ament_python'
[6.387s] Level 1:colcon.colcon_core.shell:create_environment_hook('ros2_aruco', 'ament_prefix_path')
[6.462s] INFO:colcon.colcon_core.shell:Creating environment hook '/home/nitish/final_ws/install/ros2_aruco/share/ros2_aruco/hook/ament_prefix_path.ps1'
[6.464s] INFO:colcon.colcon_core.shell:Creating environment descriptor '/home/nitish/final_ws/install/ros2_aruco/share/ros2_aruco/hook/ament_prefix_path.dsv'
[6.464s] INFO:colcon.colcon_core.shell:Creating environment hook '/home/nitish/final_ws/install/ros2_aruco/share/ros2_aruco/hook/ament_prefix_path.sh'
[6.540s] INFO:colcon.colcon_core.shell:Skip shell extension 'powershell' for command environment: Not usable outside of PowerShell
[6.540s] DEBUG:colcon.colcon_core.shell:Skip shell extension 'dsv' for command environment
[6.785s] DEBUG:colcon.colcon_core.event_handler.log_command:Invoking command in '/home/nitish/final_ws/build/mage_msgs': CMAKE_PREFIX_PATH=${CMAKE_PREFIX_PATH}:/home/nitish/final_ws/install/ros2_aruco:/opt/ros/galactic /usr/bin/cmake --build /home/nitish/final_ws/build/mage_msgs -- -j12 -l12
[6.796s] DEBUG:colcon.colcon_core.event_handler.log_command:Invoking command in '/home/nitish/final_ws/build/ros2_aruco_interfaces': CMAKE_PREFIX_PATH=${CMAKE_PREFIX_PATH}:/home/nitish/final_ws/install/ros2_aruco:/opt/ros/galactic /usr/bin/cmake --build /home/nitish/final_ws/build/ros2_aruco_interfaces -- -j12 -l12
[7.365s] INFO:colcon.colcon_core.task.python.build:Building Python package in '/home/nitish/final_ws/src/ros2_aruco/ros2_aruco'
[7.454s] INFO:colcon.colcon_core.shell:Skip shell extension 'powershell' for command environment: Not usable outside of PowerShell
[7.454s] DEBUG:colcon.colcon_core.shell:Skip shell extension 'dsv' for command environment
[7.687s] DEBUG:colcon.colcon_core.event_handler.log_command:Invoked command in '/home/nitish/final_ws/build/ros2_aruco_interfaces' returned '0': CMAKE_PREFIX_PATH=${CMAKE_PREFIX_PATH}:/home/nitish/final_ws/install/ros2_aruco:/opt/ros/galactic /usr/bin/cmake --build /home/nitish/final_ws/build/ros2_aruco_interfaces -- -j12 -l12
[7.693s] DEBUG:colcon.colcon_core.event_handler.log_command:Invoked command in '/home/nitish/final_ws/build/mage_msgs' returned '0': CMAKE_PREFIX_PATH=${CMAKE_PREFIX_PATH}:/home/nitish/final_ws/install/ros2_aruco:/opt/ros/galactic /usr/bin/cmake --build /home/nitish/final_ws/build/mage_msgs -- -j12 -l12
[7.773s] DEBUG:colcon.colcon_core.event_handler.log_command:Invoking command in '/home/nitish/final_ws/build/ros2_aruco_interfaces': CMAKE_PREFIX_PATH=${CMAKE_PREFIX_PATH}:/home/nitish/final_ws/install/ros2_aruco:/opt/ros/galactic /usr/bin/cmake --install /home/nitish/final_ws/build/ros2_aruco_interfaces
[7.853s] Level 1:colcon.colcon_core.environment:create_environment_scripts_only(ros2_aruco_interfaces)
[7.854s] DEBUG:colcon.colcon_core.event_handler.log_command:Invoked command in '/home/nitish/final_ws/build/ros2_aruco_interfaces' returned '0': CMAKE_PREFIX_PATH=${CMAKE_PREFIX_PATH}:/home/nitish/final_ws/install/ros2_aruco:/opt/ros/galactic /usr/bin/cmake --install /home/nitish/final_ws/build/ros2_aruco_interfaces
[7.926s] Level 1:colcon.colcon_core.environment:checking '/home/nitish/final_ws/install/ros2_aruco_interfaces' for CMake module files
[7.926s] Level 1:colcon.colcon_core.environment:checking '/home/nitish/final_ws/install/ros2_aruco_interfaces' for CMake config files
[7.927s] Level 1:colcon.colcon_core.shell:create_environment_hook('ros2_aruco_interfaces', 'cmake_prefix_path')
[7.972s] INFO:colcon.colcon_core.shell:Creating environment hook '/home/nitish/final_ws/install/ros2_aruco_interfaces/share/ros2_aruco_interfaces/hook/cmake_prefix_path.ps1'
[7.973s] INFO:colcon.colcon_core.shell:Creating environment descriptor '/home/nitish/final_ws/install/ros2_aruco_interfaces/share/ros2_aruco_interfaces/hook/cmake_prefix_path.dsv'
[7.973s] INFO:colcon.colcon_core.shell:Creating environment hook '/home/nitish/final_ws/install/ros2_aruco_interfaces/share/ros2_aruco_interfaces/hook/cmake_prefix_path.sh'
[7.974s] Level 1:colcon.colcon_core.environment:checking '/home/nitish/final_ws/install/ros2_aruco_interfaces/lib'
[7.974s] Level 1:colcon.colcon_core.shell:create_environment_hook('ros2_aruco_interfaces', 'ld_library_path_lib')
[8.018s] INFO:colcon.colcon_core.shell:Creating environment hook '/home/nitish/final_ws/install/ros2_aruco_interfaces/share/ros2_aruco_interfaces/hook/ld_library_path_lib.ps1'
[8.018s] INFO:colcon.colcon_core.shell:Creating environment descriptor '/home/nitish/final_ws/install/ros2_aruco_interfaces/share/ros2_aruco_interfaces/hook/ld_library_path_lib.dsv'
[8.018s] INFO:colcon.colcon_core.shell:Creating environment hook '/home/nitish/final_ws/install/ros2_aruco_interfaces/share/ros2_aruco_interfaces/hook/ld_library_path_lib.sh'
[8.019s] Level 1:colcon.colcon_core.environment:checking '/home/nitish/final_ws/install/ros2_aruco_interfaces/bin'
[8.019s] Level 1:colcon.colcon_core.environment:checking '/home/nitish/final_ws/install/ros2_aruco_interfaces/lib/pkgconfig/ros2_aruco_interfaces.pc'
[8.019s] Level 1:colcon.colcon_core.environment:checking '/home/nitish/final_ws/install/ros2_aruco_interfaces/lib/python3.8/site-packages'
[8.019s] Level 1:colcon.colcon_core.shell:create_environment_hook('ros2_aruco_interfaces', 'pythonpath')
[8.063s] INFO:colcon.colcon_core.shell:Creating environment hook '/home/nitish/final_ws/install/ros2_aruco_interfaces/share/ros2_aruco_interfaces/hook/pythonpath.ps1'
[8.063s] INFO:colcon.colcon_core.shell:Creating environment descriptor '/home/nitish/final_ws/install/ros2_aruco_interfaces/share/ros2_aruco_interfaces/hook/pythonpath.dsv'
[8.063s] INFO:colcon.colcon_core.shell:Creating environment hook '/home/nitish/final_ws/install/ros2_aruco_interfaces/share/ros2_aruco_interfaces/hook/pythonpath.sh'
[8.064s] Level 1:colcon.colcon_core.environment:checking '/home/nitish/final_ws/install/ros2_aruco_interfaces/bin'
[8.141s] INFO:colcon.colcon_core.shell:Creating package script '/home/nitish/final_ws/install/ros2_aruco_interfaces/share/ros2_aruco_interfaces/package.ps1'
[8.142s] INFO:colcon.colcon_core.shell:Creating package descriptor '/home/nitish/final_ws/install/ros2_aruco_interfaces/share/ros2_aruco_interfaces/package.dsv'
[8.142s] INFO:colcon.colcon_core.shell:Creating package script '/home/nitish/final_ws/install/ros2_aruco_interfaces/share/ros2_aruco_interfaces/package.sh'
[8.143s] INFO:colcon.colcon_core.shell:Creating package script '/home/nitish/final_ws/install/ros2_aruco_interfaces/share/ros2_aruco_interfaces/package.bash'
[8.144s] INFO:colcon.colcon_core.shell:Creating package script '/home/nitish/final_ws/install/ros2_aruco_interfaces/share/ros2_aruco_interfaces/package.zsh'
[8.144s] Level 1:colcon.colcon_core.environment:create_file_with_runtime_dependencies(/home/nitish/final_ws/install/ros2_aruco_interfaces/share/colcon-core/packages/ros2_aruco_interfaces)
[8.151s] DEBUG:colcon.colcon_core.event_handler.log_command:Invoking command in '/home/nitish/final_ws/build/mage_msgs': CMAKE_PREFIX_PATH=${CMAKE_PREFIX_PATH}:/home/nitish/final_ws/install/ros2_aruco:/opt/ros/galactic /usr/bin/cmake --install /home/nitish/final_ws/build/mage_msgs
[8.181s] DEBUG:colcon.colcon_core.event_handler.log_command:Invoking command in '/home/nitish/final_ws/src/ros2_aruco/ros2_aruco': PYTHONPATH=/home/nitish/final_ws/build/ros2_aruco/prefix_override:/home/nitish/final_ws/install/ros2_aruco/lib/python3.8/site-packages:${PYTHONPATH} /usr/bin/python3 setup.py egg_info --egg-base ../../../build/ros2_aruco build --build-base /home/nitish/final_ws/build/ros2_aruco/build install --record /home/nitish/final_ws/build/ros2_aruco/install.log --install-scripts $base/lib/ros2_aruco --single-version-externally-managed
[8.303s] Level 1:colcon.colcon_core.environment:create_environment_scripts_only(ros2_aruco_interfaces)
[8.393s] Level 1:colcon.colcon_core.environment:checking '/home/nitish/final_ws/install/ros2_aruco_interfaces' for CMake module files
[8.394s] Level 1:colcon.colcon_core.environment:checking '/home/nitish/final_ws/install/ros2_aruco_interfaces' for CMake config files
[8.395s] Level 1:colcon.colcon_core.shell:create_environment_hook('ros2_aruco_interfaces', 'cmake_prefix_path')
[8.476s] INFO:colcon.colcon_core.shell:Creating environment hook '/home/nitish/final_ws/install/ros2_aruco_interfaces/share/ros2_aruco_interfaces/hook/cmake_prefix_path.ps1'
[8.477s] INFO:colcon.colcon_core.shell:Creating environment descriptor '/home/nitish/final_ws/install/ros2_aruco_interfaces/share/ros2_aruco_interfaces/hook/cmake_prefix_path.dsv'
[8.478s] INFO:colcon.colcon_core.shell:Creating environment hook '/home/nitish/final_ws/install/ros2_aruco_interfaces/share/ros2_aruco_interfaces/hook/cmake_prefix_path.sh'
[8.479s] Level 1:colcon.colcon_core.environment:checking '/home/nitish/final_ws/install/ros2_aruco_interfaces/lib'
[8.479s] Level 1:colcon.colcon_core.shell:create_environment_hook('ros2_aruco_interfaces', 'ld_library_path_lib')
[8.567s] INFO:colcon.colcon_core.shell:Creating environment hook '/home/nitish/final_ws/install/ros2_aruco_interfaces/share/ros2_aruco_interfaces/hook/ld_library_path_lib.ps1'
[8.568s] INFO:colcon.colcon_core.shell:Creating environment descriptor '/home/nitish/final_ws/install/ros2_aruco_interfaces/share/ros2_aruco_interfaces/hook/ld_library_path_lib.dsv'
[8.568s] INFO:colcon.colcon_core.shell:Creating environment hook '/home/nitish/final_ws/install/ros2_aruco_interfaces/share/ros2_aruco_interfaces/hook/ld_library_path_lib.sh'
[8.569s] Level 1:colcon.colcon_core.environment:checking '/home/nitish/final_ws/install/ros2_aruco_interfaces/bin'
[8.569s] Level 1:colcon.colcon_core.environment:checking '/home/nitish/final_ws/install/ros2_aruco_interfaces/lib/pkgconfig/ros2_aruco_interfaces.pc'
[8.570s] Level 1:colcon.colcon_core.environment:checking '/home/nitish/final_ws/install/ros2_aruco_interfaces/lib/python3.8/site-packages'
[8.570s] Level 1:colcon.colcon_core.shell:create_environment_hook('ros2_aruco_interfaces', 'pythonpath')
[8.678s] INFO:colcon.colcon_core.shell:Creating environment hook '/home/nitish/final_ws/install/ros2_aruco_interfaces/share/ros2_aruco_interfaces/hook/pythonpath.ps1'
[8.679s] INFO:colcon.colcon_core.shell:Creating environment descriptor '/home/nitish/final_ws/install/ros2_aruco_interfaces/share/ros2_aruco_interfaces/hook/pythonpath.dsv'
[8.679s] INFO:colcon.colcon_core.shell:Creating environment hook '/home/nitish/final_ws/install/ros2_aruco_interfaces/share/ros2_aruco_interfaces/hook/pythonpath.sh'
[8.680s] Level 1:colcon.colcon_core.environment:checking '/home/nitish/final_ws/install/ros2_aruco_interfaces/bin'
[8.773s] INFO:colcon.colcon_core.shell:Creating package script '/home/nitish/final_ws/install/ros2_aruco_interfaces/share/ros2_aruco_interfaces/package.ps1'
[8.774s] INFO:colcon.colcon_core.shell:Creating package descriptor '/home/nitish/final_ws/install/ros2_aruco_interfaces/share/ros2_aruco_interfaces/package.dsv'
[8.775s] INFO:colcon.colcon_core.shell:Creating package script '/home/nitish/final_ws/install/ros2_aruco_interfaces/share/ros2_aruco_interfaces/package.sh'
[8.776s] INFO:colcon.colcon_core.shell:Creating package script '/home/nitish/final_ws/install/ros2_aruco_interfaces/share/ros2_aruco_interfaces/package.bash'
[8.777s] INFO:colcon.colcon_core.shell:Creating package script '/home/nitish/final_ws/install/ros2_aruco_interfaces/share/ros2_aruco_interfaces/package.zsh'
[8.778s] Level 1:colcon.colcon_core.environment:create_file_with_runtime_dependencies(/home/nitish/final_ws/install/ros2_aruco_interfaces/share/colcon-core/packages/ros2_aruco_interfaces)
[8.781s] Level 1:colcon.colcon_core.environment:create_environment_scripts_only(mage_msgs)
[8.782s] DEBUG:colcon.colcon_core.event_handler.log_command:Invoked command in '/home/nitish/final_ws/build/mage_msgs' returned '0': CMAKE_PREFIX_PATH=${CMAKE_PREFIX_PATH}:/home/nitish/final_ws/install/ros2_aruco:/opt/ros/galactic /usr/bin/cmake --install /home/nitish/final_ws/build/mage_msgs
[8.879s] Level 1:colcon.colcon_core.environment:checking '/home/nitish/final_ws/install/mage_msgs' for CMake module files
[8.880s] Level 1:colcon.colcon_core.environment:checking '/home/nitish/final_ws/install/mage_msgs' for CMake config files
[8.881s] Level 1:colcon.colcon_core.shell:create_environment_hook('mage_msgs', 'cmake_prefix_path')
[8.960s] INFO:colcon.colcon_core.shell:Creating environment hook '/home/nitish/final_ws/install/mage_msgs/share/mage_msgs/hook/cmake_prefix_path.ps1'
[8.964s] INFO:colcon.colcon_core.shell:Creating environment descriptor '/home/nitish/final_ws/install/mage_msgs/share/mage_msgs/hook/cmake_prefix_path.dsv'
[8.965s] INFO:colcon.colcon_core.shell:Creating environment hook '/home/nitish/final_ws/install/mage_msgs/share/mage_msgs/hook/cmake_prefix_path.sh'
[8.966s] Level 1:colcon.colcon_core.environment:checking '/home/nitish/final_ws/install/mage_msgs/lib'
[8.966s] Level 1:colcon.colcon_core.shell:create_environment_hook('mage_msgs', 'ld_library_path_lib')
[9.047s] INFO:colcon.colcon_core.shell:Creating environment hook '/home/nitish/final_ws/install/mage_msgs/share/mage_msgs/hook/ld_library_path_lib.ps1'
[9.048s] INFO:colcon.colcon_core.shell:Creating environment descriptor '/home/nitish/final_ws/install/mage_msgs/share/mage_msgs/hook/ld_library_path_lib.dsv'
[9.048s] INFO:colcon.colcon_core.shell:Creating environment hook '/home/nitish/final_ws/install/mage_msgs/share/mage_msgs/hook/ld_library_path_lib.sh'
[9.048s] Level 1:colcon.colcon_core.environment:checking '/home/nitish/final_ws/install/mage_msgs/bin'
[9.048s] Level 1:colcon.colcon_core.environment:checking '/home/nitish/final_ws/install/mage_msgs/lib/pkgconfig/mage_msgs.pc'
[9.049s] Level 1:colcon.colcon_core.environment:checking '/home/nitish/final_ws/install/mage_msgs/lib/python3.8/site-packages'
[9.049s] Level 1:colcon.colcon_core.shell:create_environment_hook('mage_msgs', 'pythonpath')
[9.125s] INFO:colcon.colcon_core.shell:Creating environment hook '/home/nitish/final_ws/install/mage_msgs/share/mage_msgs/hook/pythonpath.ps1'
[9.126s] INFO:colcon.colcon_core.shell:Creating environment descriptor '/home/nitish/final_ws/install/mage_msgs/share/mage_msgs/hook/pythonpath.dsv'
[9.126s] INFO:colcon.colcon_core.shell:Creating environment hook '/home/nitish/final_ws/install/mage_msgs/share/mage_msgs/hook/pythonpath.sh'
[9.127s] Level 1:colcon.colcon_core.environment:checking '/home/nitish/final_ws/install/mage_msgs/bin'
[9.213s] INFO:colcon.colcon_core.shell:Creating package script '/home/nitish/final_ws/install/mage_msgs/share/mage_msgs/package.ps1'
[9.214s] INFO:colcon.colcon_core.shell:Creating package descriptor '/home/nitish/final_ws/install/mage_msgs/share/mage_msgs/package.dsv'
[9.215s] INFO:colcon.colcon_core.shell:Creating package script '/home/nitish/final_ws/install/mage_msgs/share/mage_msgs/package.sh'
[9.215s] INFO:colcon.colcon_core.shell:Creating package script '/home/nitish/final_ws/install/mage_msgs/share/mage_msgs/package.bash'
[9.216s] INFO:colcon.colcon_core.shell:Creating package script '/home/nitish/final_ws/install/mage_msgs/share/mage_msgs/package.zsh'
[9.216s] Level 1:colcon.colcon_core.environment:create_file_with_runtime_dependencies(/home/nitish/final_ws/install/mage_msgs/share/colcon-core/packages/mage_msgs)
[9.221s] DEBUG:colcon.colcon_core.event_handler.log_command:Invoked command in '/home/nitish/final_ws/src/ros2_aruco/ros2_aruco' returned '0': PYTHONPATH=/home/nitish/final_ws/build/ros2_aruco/prefix_override:/home/nitish/final_ws/install/ros2_aruco/lib/python3.8/site-packages:${PYTHONPATH} /usr/bin/python3 setup.py egg_info --egg-base ../../../build/ros2_aruco build --build-base /home/nitish/final_ws/build/ros2_aruco/build install --record /home/nitish/final_ws/build/ros2_aruco/install.log --install-scripts $base/lib/ros2_aruco --single-version-externally-managed
[9.304s] Level 1:colcon.colcon_core.environment:checking '/home/nitish/final_ws/install/ros2_aruco' for CMake module files
[9.305s] Level 1:colcon.colcon_core.environment:checking '/home/nitish/final_ws/install/ros2_aruco' for CMake config files
[9.305s] Level 1:colcon.colcon_core.environment:checking '/home/nitish/final_ws/install/ros2_aruco/lib'
[9.305s] Level 1:colcon.colcon_core.environment:checking '/home/nitish/final_ws/install/ros2_aruco/bin'
[9.306s] Level 1:colcon.colcon_core.environment:checking '/home/nitish/final_ws/install/ros2_aruco/lib/pkgconfig/ros2_aruco.pc'
[9.306s] Level 1:colcon.colcon_core.environment:checking '/home/nitish/final_ws/install/ros2_aruco/lib/python3.8/site-packages'
[9.306s] Level 1:colcon.colcon_core.shell:create_environment_hook('ros2_aruco', 'pythonpath')
[9.350s] INFO:colcon.colcon_core.shell:Creating environment hook '/home/nitish/final_ws/install/ros2_aruco/share/ros2_aruco/hook/pythonpath.ps1'
[9.350s] INFO:colcon.colcon_core.shell:Creating environment descriptor '/home/nitish/final_ws/install/ros2_aruco/share/ros2_aruco/hook/pythonpath.dsv'
[9.350s] INFO:colcon.colcon_core.shell:Creating environment hook '/home/nitish/final_ws/install/ros2_aruco/share/ros2_aruco/hook/pythonpath.sh'
[9.351s] Level 1:colcon.colcon_core.environment:checking '/home/nitish/final_ws/install/ros2_aruco/bin'
[9.351s] Level 1:colcon.colcon_core.environment:create_environment_scripts_only(ros2_aruco)
[9.393s] INFO:colcon.colcon_core.shell:Creating package script '/home/nitish/final_ws/install/ros2_aruco/share/ros2_aruco/package.ps1'
[9.396s] INFO:colcon.colcon_core.shell:Creating package descriptor '/home/nitish/final_ws/install/ros2_aruco/share/ros2_aruco/package.dsv'
[9.397s] INFO:colcon.colcon_core.shell:Creating package script '/home/nitish/final_ws/install/ros2_aruco/share/ros2_aruco/package.sh'
[9.399s] INFO:colcon.colcon_core.shell:Creating package script '/home/nitish/final_ws/install/ros2_aruco/share/ros2_aruco/package.bash'
[9.400s] INFO:colcon.colcon_core.shell:Creating package script '/home/nitish/final_ws/install/ros2_aruco/share/ros2_aruco/package.zsh'
[9.402s] Level 1:colcon.colcon_core.environment:create_file_with_runtime_dependencies(/home/nitish/final_ws/install/ros2_aruco/share/colcon-core/packages/ros2_aruco)
[9.487s] Level 1:colcon.colcon_core.environment:create_environment_scripts_only(mage_msgs)
[9.563s] Level 1:colcon.colcon_core.environment:checking '/home/nitish/final_ws/install/mage_msgs' for CMake module files
[9.563s] Level 1:colcon.colcon_core.environment:checking '/home/nitish/final_ws/install/mage_msgs' for CMake config files
[9.565s] Level 1:colcon.colcon_core.shell:create_environment_hook('mage_msgs', 'cmake_prefix_path')
[9.642s] INFO:colcon.colcon_core.shell:Creating environment hook '/home/nitish/final_ws/install/mage_msgs/share/mage_msgs/hook/cmake_prefix_path.ps1'
[9.643s] INFO:colcon.colcon_core.shell:Creating environment descriptor '/home/nitish/final_ws/install/mage_msgs/share/mage_msgs/hook/cmake_prefix_path.dsv'
[9.644s] INFO:colcon.colcon_core.shell:Creating environment hook '/home/nitish/final_ws/install/mage_msgs/share/mage_msgs/hook/cmake_prefix_path.sh'
[9.644s] Level 1:colcon.colcon_core.environment:checking '/home/nitish/final_ws/install/mage_msgs/lib'
[9.644s] Level 1:colcon.colcon_core.shell:create_environment_hook('mage_msgs', 'ld_library_path_lib')
[9.719s] INFO:colcon.colcon_core.shell:Creating environment hook '/home/nitish/final_ws/install/mage_msgs/share/mage_msgs/hook/ld_library_path_lib.ps1'
[9.719s] INFO:colcon.colcon_core.shell:Creating environment descriptor '/home/nitish/final_ws/install/mage_msgs/share/mage_msgs/hook/ld_library_path_lib.dsv'
[9.720s] INFO:colcon.colcon_core.shell:Creating environment hook '/home/nitish/final_ws/install/mage_msgs/share/mage_msgs/hook/ld_library_path_lib.sh'
[9.720s] Level 1:colcon.colcon_core.environment:checking '/home/nitish/final_ws/install/mage_msgs/bin'
[9.721s] Level 1:colcon.colcon_core.environment:checking '/home/nitish/final_ws/install/mage_msgs/lib/pkgconfig/mage_msgs.pc'
[9.721s] Level 1:colcon.colcon_core.environment:checking '/home/nitish/final_ws/install/mage_msgs/lib/python3.8/site-packages'
[9.721s] Level 1:colcon.colcon_core.shell:create_environment_hook('mage_msgs', 'pythonpath')
[9.796s] INFO:colcon.colcon_core.shell:Creating environment hook '/home/nitish/final_ws/install/mage_msgs/share/mage_msgs/hook/pythonpath.ps1'
[9.796s] INFO:colcon.colcon_core.shell:Creating environment descriptor '/home/nitish/final_ws/install/mage_msgs/share/mage_msgs/hook/pythonpath.dsv'
[9.797s] INFO:colcon.colcon_core.shell:Creating environment hook '/home/nitish/final_ws/install/mage_msgs/share/mage_msgs/hook/pythonpath.sh'
[9.797s] Level 1:colcon.colcon_core.environment:checking '/home/nitish/final_ws/install/mage_msgs/bin'
[9.873s] INFO:colcon.colcon_core.shell:Creating package script '/home/nitish/final_ws/install/mage_msgs/share/mage_msgs/package.ps1'
[9.874s] INFO:colcon.colcon_core.shell:Creating package descriptor '/home/nitish/final_ws/install/mage_msgs/share/mage_msgs/package.dsv'
[9.875s] INFO:colcon.colcon_core.shell:Creating package script '/home/nitish/final_ws/install/mage_msgs/share/mage_msgs/package.sh'
[9.876s] INFO:colcon.colcon_core.shell:Creating package script '/home/nitish/final_ws/install/mage_msgs/share/mage_msgs/package.bash'
[9.877s] INFO:colcon.colcon_core.shell:Creating package script '/home/nitish/final_ws/install/mage_msgs/share/mage_msgs/package.zsh'
[9.877s] Level 1:colcon.colcon_core.environment:create_file_with_runtime_dependencies(/home/nitish/final_ws/install/mage_msgs/share/colcon-core/packages/mage_msgs)
[9.878s] INFO:colcon.colcon_ros.task.ament_cmake.build:Building ROS package in '/home/nitish/final_ws/src/final_project' with build type 'ament_cmake'
[9.878s] INFO:colcon.colcon_cmake.task.cmake.build:Building CMake package in '/home/nitish/final_ws/src/final_project'
[9.954s] INFO:colcon.colcon_core.shell:Skip shell extension 'powershell' for command environment: Not usable outside of PowerShell
[9.954s] DEBUG:colcon.colcon_core.shell:Skip shell extension 'dsv' for command environment
[10.184s] INFO:colcon.colcon_ros.task.ament_cmake.build:Building ROS package in '/home/nitish/final_ws/src/group11_final' with build type 'ament_cmake'
[10.185s] INFO:colcon.colcon_cmake.task.cmake.build:Building CMake package in '/home/nitish/final_ws/src/group11_final'
[10.272s] INFO:colcon.colcon_core.shell:Skip shell extension 'powershell' for command environment: Not usable outside of PowerShell
[10.272s] DEBUG:colcon.colcon_core.shell:Skip shell extension 'dsv' for command environment
[10.533s] DEBUG:colcon.colcon_core.event_handler.log_command:Invoking command in '/home/nitish/final_ws/build/final_project': CMAKE_PREFIX_PATH=/home/nitish/final_ws/install/mage_msgs:/home/nitish/final_ws/install/group11_final:/home/nitish/final_ws/install/ros2_aruco_interfaces:/home/nitish/final_ws/install/final_project:/home/nitish/final_ws/install/ros2_aruco:/opt/ros/galactic LD_LIBRARY_PATH=/home/nitish/final_ws/install/mage_msgs/lib:/home/nitish/final_ws/install/ros2_aruco_interfaces/lib:/home/nitish/final_ws/install/final_project/lib:/usr/lib/x86_64-linux-gnu/gazebo-11/plugins:/opt/ros/galactic/opt/yaml_cpp_vendor/lib:/opt/ros/galactic/opt/rviz_ogre_vendor/lib:/opt/ros/galactic/lib/x86_64-linux-gnu:/opt/ros/galactic/lib PYTHONPATH=/home/nitish/final_ws/install/mage_msgs/lib/python3.8/site-packages:/home/nitish/final_ws/install/ros2_aruco_interfaces/lib/python3.8/site-packages:/home/nitish/final_ws/install/ros2_aruco/lib/python3.8/site-packages:/home/nitish/final_ws/install/final_project/lib/python3.8/site-packages:/opt/ros/galactic/lib/python3.8/site-packages /usr/bin/cmake --build /home/nitish/final_ws/build/final_project -- -j12 -l12
[10.538s] DEBUG:colcon.colcon_core.event_handler.log_command:Invoking command in '/home/nitish/final_ws/build/group11_final': CMAKE_PREFIX_PATH=/home/nitish/final_ws/install/ros2_aruco_interfaces:/home/nitish/final_ws/install/mage_msgs:/home/nitish/final_ws/install/group11_final:/home/nitish/final_ws/install/final_project:/home/nitish/final_ws/install/ros2_aruco:/opt/ros/galactic LD_LIBRARY_PATH=/home/nitish/final_ws/install/ros2_aruco_interfaces/lib:/home/nitish/final_ws/install/mage_msgs/lib:/home/nitish/final_ws/install/final_project/lib:/usr/lib/x86_64-linux-gnu/gazebo-11/plugins:/opt/ros/galactic/opt/yaml_cpp_vendor/lib:/opt/ros/galactic/opt/rviz_ogre_vendor/lib:/opt/ros/galactic/lib/x86_64-linux-gnu:/opt/ros/galactic/lib PYTHONPATH=/home/nitish/final_ws/install/ros2_aruco_interfaces/lib/python3.8/site-packages:/home/nitish/final_ws/install/mage_msgs/lib/python3.8/site-packages:/home/nitish/final_ws/install/ros2_aruco/lib/python3.8/site-packages:/home/nitish/final_ws/install/final_project/lib/python3.8/site-packages:/opt/ros/galactic/lib/python3.8/site-packages /usr/bin/cmake --build /home/nitish/final_ws/build/group11_final -- -j12 -l12
[11.106s] DEBUG:colcon.colcon_core.event_handler.log_command:Invoked command in '/home/nitish/final_ws/build/final_project' returned '0': CMAKE_PREFIX_PATH=/home/nitish/final_ws/install/mage_msgs:/home/nitish/final_ws/install/group11_final:/home/nitish/final_ws/install/ros2_aruco_interfaces:/home/nitish/final_ws/install/final_project:/home/nitish/final_ws/install/ros2_aruco:/opt/ros/galactic LD_LIBRARY_PATH=/home/nitish/final_ws/install/mage_msgs/lib:/home/nitish/final_ws/install/ros2_aruco_interfaces/lib:/home/nitish/final_ws/install/final_project/lib:/usr/lib/x86_64-linux-gnu/gazebo-11/plugins:/opt/ros/galactic/opt/yaml_cpp_vendor/lib:/opt/ros/galactic/opt/rviz_ogre_vendor/lib:/opt/ros/galactic/lib/x86_64-linux-gnu:/opt/ros/galactic/lib PYTHONPATH=/home/nitish/final_ws/install/mage_msgs/lib/python3.8/site-packages:/home/nitish/final_ws/install/ros2_aruco_interfaces/lib/python3.8/site-packages:/home/nitish/final_ws/install/ros2_aruco/lib/python3.8/site-packages:/home/nitish/final_ws/install/final_project/lib/python3.8/site-packages:/opt/ros/galactic/lib/python3.8/site-packages /usr/bin/cmake --build /home/nitish/final_ws/build/final_project -- -j12 -l12
[11.159s] DEBUG:colcon.colcon_core.event_handler.log_command:Invoking command in '/home/nitish/final_ws/build/final_project': CMAKE_PREFIX_PATH=/home/nitish/final_ws/install/mage_msgs:/home/nitish/final_ws/install/group11_final:/home/nitish/final_ws/install/ros2_aruco_interfaces:/home/nitish/final_ws/install/final_project:/home/nitish/final_ws/install/ros2_aruco:/opt/ros/galactic LD_LIBRARY_PATH=/home/nitish/final_ws/install/mage_msgs/lib:/home/nitish/final_ws/install/ros2_aruco_interfaces/lib:/home/nitish/final_ws/install/final_project/lib:/usr/lib/x86_64-linux-gnu/gazebo-11/plugins:/opt/ros/galactic/opt/yaml_cpp_vendor/lib:/opt/ros/galactic/opt/rviz_ogre_vendor/lib:/opt/ros/galactic/lib/x86_64-linux-gnu:/opt/ros/galactic/lib PYTHONPATH=/home/nitish/final_ws/install/mage_msgs/lib/python3.8/site-packages:/home/nitish/final_ws/install/ros2_aruco_interfaces/lib/python3.8/site-packages:/home/nitish/final_ws/install/ros2_aruco/lib/python3.8/site-packages:/home/nitish/final_ws/install/final_project/lib/python3.8/site-packages:/opt/ros/galactic/lib/python3.8/site-packages /usr/bin/cmake --install /home/nitish/final_ws/build/final_project
[11.244s] Level 1:colcon.colcon_core.environment:create_environment_scripts_only(final_project)
[11.246s] DEBUG:colcon.colcon_core.event_handler.log_command:Invoked command in '/home/nitish/final_ws/build/final_project' returned '0': CMAKE_PREFIX_PATH=/home/nitish/final_ws/install/mage_msgs:/home/nitish/final_ws/install/group11_final:/home/nitish/final_ws/install/ros2_aruco_interfaces:/home/nitish/final_ws/install/final_project:/home/nitish/final_ws/install/ros2_aruco:/opt/ros/galactic LD_LIBRARY_PATH=/home/nitish/final_ws/install/mage_msgs/lib:/home/nitish/final_ws/install/ros2_aruco_interfaces/lib:/home/nitish/final_ws/install/final_project/lib:/usr/lib/x86_64-linux-gnu/gazebo-11/plugins:/opt/ros/galactic/opt/yaml_cpp_vendor/lib:/opt/ros/galactic/opt/rviz_ogre_vendor/lib:/opt/ros/galactic/lib/x86_64-linux-gnu:/opt/ros/galactic/lib PYTHONPATH=/home/nitish/final_ws/install/mage_msgs/lib/python3.8/site-packages:/home/nitish/final_ws/install/ros2_aruco_interfaces/lib/python3.8/site-packages:/home/nitish/final_ws/install/ros2_aruco/lib/python3.8/site-packages:/home/nitish/final_ws/install/final_project/lib/python3.8/site-packages:/opt/ros/galactic/lib/python3.8/site-packages /usr/bin/cmake --install /home/nitish/final_ws/build/final_project
[11.320s] Level 1:colcon.colcon_core.environment:checking '/home/nitish/final_ws/install/final_project' for CMake module files
[11.320s] Level 1:colcon.colcon_core.environment:checking '/home/nitish/final_ws/install/final_project' for CMake config files
[11.322s] Level 1:colcon.colcon_core.shell:create_environment_hook('final_project', 'cmake_prefix_path')
[11.367s] INFO:colcon.colcon_core.shell:Creating environment hook '/home/nitish/final_ws/install/final_project/share/final_project/hook/cmake_prefix_path.ps1'
[11.367s] INFO:colcon.colcon_core.shell:Creating environment descriptor '/home/nitish/final_ws/install/final_project/share/final_project/hook/cmake_prefix_path.dsv'
[11.367s] INFO:colcon.colcon_core.shell:Creating environment hook '/home/nitish/final_ws/install/final_project/share/final_project/hook/cmake_prefix_path.sh'
[11.368s] Level 1:colcon.colcon_core.environment:checking '/home/nitish/final_ws/install/final_project/lib'
[11.368s] Level 1:colcon.colcon_core.shell:create_environment_hook('final_project', 'ld_library_path_lib')
[11.413s] INFO:colcon.colcon_core.shell:Creating environment hook '/home/nitish/final_ws/install/final_project/share/final_project/hook/ld_library_path_lib.ps1'
[11.414s] INFO:colcon.colcon_core.shell:Creating environment descriptor '/home/nitish/final_ws/install/final_project/share/final_project/hook/ld_library_path_lib.dsv'
[11.414s] INFO:colcon.colcon_core.shell:Creating environment hook '/home/nitish/final_ws/install/final_project/share/final_project/hook/ld_library_path_lib.sh'
[11.414s] Level 1:colcon.colcon_core.environment:checking '/home/nitish/final_ws/install/final_project/bin'
[11.414s] Level 1:colcon.colcon_core.environment:checking '/home/nitish/final_ws/install/final_project/lib/pkgconfig/final_project.pc'
[11.415s] Level 1:colcon.colcon_core.environment:checking '/home/nitish/final_ws/install/final_project/lib/python3.8/site-packages'
[11.415s] Level 1:colcon.colcon_core.shell:create_environment_hook('final_project', 'pythonpath')
[11.486s] INFO:colcon.colcon_core.shell:Creating environment hook '/home/nitish/final_ws/install/final_project/share/final_project/hook/pythonpath.ps1'
[11.487s] INFO:colcon.colcon_core.shell:Creating environment descriptor '/home/nitish/final_ws/install/final_project/share/final_project/hook/pythonpath.dsv'
[11.487s] INFO:colcon.colcon_core.shell:Creating environment hook '/home/nitish/final_ws/install/final_project/share/final_project/hook/pythonpath.sh'
[11.488s] Level 1:colcon.colcon_core.environment:checking '/home/nitish/final_ws/install/final_project/bin'
[11.539s] INFO:colcon.colcon_core.shell:Creating package script '/home/nitish/final_ws/install/final_project/share/final_project/package.ps1'
[11.539s] INFO:colcon.colcon_core.shell:Creating package descriptor '/home/nitish/final_ws/install/final_project/share/final_project/package.dsv'
[11.540s] INFO:colcon.colcon_core.shell:Creating package script '/home/nitish/final_ws/install/final_project/share/final_project/package.sh'
[11.540s] INFO:colcon.colcon_core.shell:Creating package script '/home/nitish/final_ws/install/final_project/share/final_project/package.bash'
[11.540s] INFO:colcon.colcon_core.shell:Creating package script '/home/nitish/final_ws/install/final_project/share/final_project/package.zsh'
[11.541s] Level 1:colcon.colcon_core.environment:create_file_with_runtime_dependencies(/home/nitish/final_ws/install/final_project/share/colcon-core/packages/final_project)
[11.616s] Level 1:colcon.colcon_core.environment:create_environment_scripts_only(final_project)
[11.688s] Level 1:colcon.colcon_core.environment:checking '/home/nitish/final_ws/install/final_project' for CMake module files
[11.689s] Level 1:colcon.colcon_core.environment:checking '/home/nitish/final_ws/install/final_project' for CMake config files
[11.690s] Level 1:colcon.colcon_core.shell:create_environment_hook('final_project', 'cmake_prefix_path')
[11.740s] INFO:colcon.colcon_core.shell:Creating environment hook '/home/nitish/final_ws/install/final_project/share/final_project/hook/cmake_prefix_path.ps1'
[11.740s] INFO:colcon.colcon_core.shell:Creating environment descriptor '/home/nitish/final_ws/install/final_project/share/final_project/hook/cmake_prefix_path.dsv'
[11.740s] INFO:colcon.colcon_core.shell:Creating environment hook '/home/nitish/final_ws/install/final_project/share/final_project/hook/cmake_prefix_path.sh'
[11.743s] Level 1:colcon.colcon_core.environment:checking '/home/nitish/final_ws/install/final_project/lib'
[11.743s] Level 1:colcon.colcon_core.shell:create_environment_hook('final_project', 'ld_library_path_lib')
[11.861s] INFO:colcon.colcon_core.shell:Creating environment hook '/home/nitish/final_ws/install/final_project/share/final_project/hook/ld_library_path_lib.ps1'
[11.862s] INFO:colcon.colcon_core.shell:Creating environment descriptor '/home/nitish/final_ws/install/final_project/share/final_project/hook/ld_library_path_lib.dsv'
[11.863s] INFO:colcon.colcon_core.shell:Creating environment hook '/home/nitish/final_ws/install/final_project/share/final_project/hook/ld_library_path_lib.sh'
[11.863s] Level 1:colcon.colcon_core.environment:checking '/home/nitish/final_ws/install/final_project/bin'
[11.863s] Level 1:colcon.colcon_core.environment:checking '/home/nitish/final_ws/install/final_project/lib/pkgconfig/final_project.pc'
[11.864s] Level 1:colcon.colcon_core.environment:checking '/home/nitish/final_ws/install/final_project/lib/python3.8/site-packages'
[11.864s] Level 1:colcon.colcon_core.shell:create_environment_hook('final_project', 'pythonpath')
[11.974s] INFO:colcon.colcon_core.shell:Creating environment hook '/home/nitish/final_ws/install/final_project/share/final_project/hook/pythonpath.ps1'
[11.974s] INFO:colcon.colcon_core.shell:Creating environment descriptor '/home/nitish/final_ws/install/final_project/share/final_project/hook/pythonpath.dsv'
[11.975s] INFO:colcon.colcon_core.shell:Creating environment hook '/home/nitish/final_ws/install/final_project/share/final_project/hook/pythonpath.sh'
[11.976s] Level 1:colcon.colcon_core.environment:checking '/home/nitish/final_ws/install/final_project/bin'
[12.022s] INFO:colcon.colcon_core.shell:Creating package script '/home/nitish/final_ws/install/final_project/share/final_project/package.ps1'
[12.023s] INFO:colcon.colcon_core.shell:Creating package descriptor '/home/nitish/final_ws/install/final_project/share/final_project/package.dsv'
[12.023s] INFO:colcon.colcon_core.shell:Creating package script '/home/nitish/final_ws/install/final_project/share/final_project/package.sh'
[12.023s] INFO:colcon.colcon_core.shell:Creating package script '/home/nitish/final_ws/install/final_project/share/final_project/package.bash'
[12.024s] INFO:colcon.colcon_core.shell:Creating package script '/home/nitish/final_ws/install/final_project/share/final_project/package.zsh'
[12.024s] Level 1:colcon.colcon_core.environment:create_file_with_runtime_dependencies(/home/nitish/final_ws/install/final_project/share/colcon-core/packages/final_project)
[17.604s] DEBUG:colcon.colcon_core.event_handler.log_command:Invoked command in '/home/nitish/final_ws/build/group11_final' returned '2': CMAKE_PREFIX_PATH=/home/nitish/final_ws/install/ros2_aruco_interfaces:/home/nitish/final_ws/install/mage_msgs:/home/nitish/final_ws/install/group11_final:/home/nitish/final_ws/install/final_project:/home/nitish/final_ws/install/ros2_aruco:/opt/ros/galactic LD_LIBRARY_PATH=/home/nitish/final_ws/install/ros2_aruco_interfaces/lib:/home/nitish/final_ws/install/mage_msgs/lib:/home/nitish/final_ws/install/final_project/lib:/usr/lib/x86_64-linux-gnu/gazebo-11/plugins:/opt/ros/galactic/opt/yaml_cpp_vendor/lib:/opt/ros/galactic/opt/rviz_ogre_vendor/lib:/opt/ros/galactic/lib/x86_64-linux-gnu:/opt/ros/galactic/lib PYTHONPATH=/home/nitish/final_ws/install/ros2_aruco_interfaces/lib/python3.8/site-packages:/home/nitish/final_ws/install/mage_msgs/lib/python3.8/site-packages:/home/nitish/final_ws/install/ros2_aruco/lib/python3.8/site-packages:/home/nitish/final_ws/install/final_project/lib/python3.8/site-packages:/opt/ros/galactic/lib/python3.8/site-packages /usr/bin/cmake --build /home/nitish/final_ws/build/group11_final -- -j12 -l12
[17.703s] Level 1:colcon.colcon_core.environment:create_environment_scripts_only(group11_final)
[17.745s] Level 1:colcon.colcon_core.environment:checking '/home/nitish/final_ws/install/group11_final' for CMake module files
[17.745s] Level 1:colcon.colcon_core.environment:checking '/home/nitish/final_ws/install/group11_final' for CMake config files
[17.745s] Level 1:colcon.colcon_core.shell:create_environment_hook('group11_final', 'cmake_prefix_path')
[17.828s] INFO:colcon.colcon_core.shell:Creating environment hook '/home/nitish/final_ws/install/group11_final/share/group11_final/hook/cmake_prefix_path.ps1'
[17.829s] INFO:colcon.colcon_core.shell:Creating environment descriptor '/home/nitish/final_ws/install/group11_final/share/group11_final/hook/cmake_prefix_path.dsv'
[17.829s] INFO:colcon.colcon_core.shell:Creating environment hook '/home/nitish/final_ws/install/group11_final/share/group11_final/hook/cmake_prefix_path.sh'
[17.830s] Level 1:colcon.colcon_core.environment:checking '/home/nitish/final_ws/install/group11_final/lib'
[17.830s] Level 1:colcon.colcon_core.environment:checking '/home/nitish/final_ws/install/group11_final/bin'
[17.830s] Level 1:colcon.colcon_core.environment:checking '/home/nitish/final_ws/install/group11_final/lib/pkgconfig/group11_final.pc'
[17.831s] Level 1:colcon.colcon_core.environment:checking '/home/nitish/final_ws/install/group11_final/lib/python3.8/site-packages'
[17.831s] Level 1:colcon.colcon_core.environment:checking '/home/nitish/final_ws/install/group11_final/bin'
[17.927s] INFO:colcon.colcon_core.shell:Creating package script '/home/nitish/final_ws/install/group11_final/share/group11_final/package.ps1'
[17.928s] INFO:colcon.colcon_core.shell:Creating package descriptor '/home/nitish/final_ws/install/group11_final/share/group11_final/package.dsv'
[17.929s] INFO:colcon.colcon_core.shell:Creating package script '/home/nitish/final_ws/install/group11_final/share/group11_final/package.sh'
[17.929s] INFO:colcon.colcon_core.shell:Creating package script '/home/nitish/final_ws/install/group11_final/share/group11_final/package.bash'
[17.930s] INFO:colcon.colcon_core.shell:Creating package script '/home/nitish/final_ws/install/group11_final/share/group11_final/package.zsh'
[17.930s] Level 1:colcon.colcon_core.environment:create_file_with_runtime_dependencies(/home/nitish/final_ws/install/group11_final/share/colcon-core/packages/group11_final)
[17.941s] DEBUG:colcon.colcon_parallel_executor.executor.parallel:closing loop
[17.941s] DEBUG:colcon.colcon_parallel_executor.executor.parallel:loop closed
[17.941s] DEBUG:colcon.colcon_parallel_executor.executor.parallel:run_until_complete finished with '2'
[17.942s] DEBUG:colcon.colcon_core.event_reactor:joining thread
[18.027s] INFO:colcon.colcon_core.plugin_system:Skipping extension 'colcon_notification.desktop_notification.terminal_notifier': Not used on non-Darwin systems
[18.027s] INFO:colcon.colcon_core.plugin_system:Skipping extension 'colcon_notification.desktop_notification.win32': Not used on non-Windows systems
[18.027s] INFO:colcon.colcon_notification.desktop_notification:Sending desktop notification using 'notify2'
[18.041s] DEBUG:colcon.colcon_core.event_reactor:joined thread
[18.116s] INFO:colcon.colcon_core.shell:Creating prefix script '/home/nitish/final_ws/install/local_setup.ps1'
[18.117s] INFO:colcon.colcon_core.shell:Creating prefix util module '/home/nitish/final_ws/install/_local_setup_util_ps1.py'
[18.119s] INFO:colcon.colcon_core.shell:Creating prefix chain script '/home/nitish/final_ws/install/setup.ps1'
[18.193s] INFO:colcon.colcon_core.shell:Creating prefix script '/home/nitish/final_ws/install/local_setup.sh'
[18.194s] INFO:colcon.colcon_core.shell:Creating prefix util module '/home/nitish/final_ws/install/_local_setup_util_sh.py'
[18.195s] INFO:colcon.colcon_core.shell:Creating prefix chain script '/home/nitish/final_ws/install/setup.sh'
[18.269s] INFO:colcon.colcon_core.shell:Creating prefix script '/home/nitish/final_ws/install/local_setup.bash'
[18.270s] INFO:colcon.colcon_core.shell:Creating prefix chain script '/home/nitish/final_ws/install/setup.bash'
[18.345s] INFO:colcon.colcon_core.shell:Creating prefix script '/home/nitish/final_ws/install/local_setup.zsh'
[18.346s] INFO:colcon.colcon_core.shell:Creating prefix chain script '/home/nitish/final_ws/install/setup.zsh'
