[0.324s] Invoking command in '/home/nitish/final_ws/build/group11_final': CMAKE_PREFIX_PATH=/home/nitish/final_ws/install/ros2_aruco_interfaces:/home/nitish/final_ws/install/mage_msgs:/home/nitish/final_ws/install/group11_final:/home/nitish/final_ws/install/final_project:/home/nitish/final_ws/install/ros2_aruco:/opt/ros/galactic LD_LIBRARY_PATH=/home/nitish/final_ws/install/ros2_aruco_interfaces/lib:/home/nitish/final_ws/install/mage_msgs/lib:/home/nitish/final_ws/install/final_project/lib:/usr/lib/x86_64-linux-gnu/gazebo-11/plugins:/opt/ros/galactic/opt/yaml_cpp_vendor/lib:/opt/ros/galactic/opt/rviz_ogre_vendor/lib:/opt/ros/galactic/lib/x86_64-linux-gnu:/opt/ros/galactic/lib PYTHONPATH=/home/nitish/final_ws/install/ros2_aruco_interfaces/lib/python3.8/site-packages:/home/nitish/final_ws/install/mage_msgs/lib/python3.8/site-packages:/home/nitish/final_ws/install/ros2_aruco/lib/python3.8/site-packages:/home/nitish/final_ws/install/final_project/lib/python3.8/site-packages:/opt/ros/galactic/lib/python3.8/site-packages /usr/bin/cmake --build /home/nitish/final_ws/build/group11_final -- -j12 -l12
[0.395s] [35m[1mScanning dependencies of target part_pose_listener[0m
[0.596s] [ 33%] [32mBuilding CXX object CMakeFiles/part_pose_listener.dir/src/part_pose_listener.cpp.o[0m
[24.019s] [ 66%] [32m[1mLinking CXX executable part_pose_listener[0m
[25.458s] [100%] Built target part_pose_listener
[25.715s] Invoked command in '/home/nitish/final_ws/build/group11_final' returned '0': CMAKE_PREFIX_PATH=/home/nitish/final_ws/install/ros2_aruco_interfaces:/home/nitish/final_ws/install/mage_msgs:/home/nitish/final_ws/install/group11_final:/home/nitish/final_ws/install/final_project:/home/nitish/final_ws/install/ros2_aruco:/opt/ros/galactic LD_LIBRARY_PATH=/home/nitish/final_ws/install/ros2_aruco_interfaces/lib:/home/nitish/final_ws/install/mage_msgs/lib:/home/nitish/final_ws/install/final_project/lib:/usr/lib/x86_64-linux-gnu/gazebo-11/plugins:/opt/ros/galactic/opt/yaml_cpp_vendor/lib:/opt/ros/galactic/opt/rviz_ogre_vendor/lib:/opt/ros/galactic/lib/x86_64-linux-gnu:/opt/ros/galactic/lib PYTHONPATH=/home/nitish/final_ws/install/ros2_aruco_interfaces/lib/python3.8/site-packages:/home/nitish/final_ws/install/mage_msgs/lib/python3.8/site-packages:/home/nitish/final_ws/install/ros2_aruco/lib/python3.8/site-packages:/home/nitish/final_ws/install/final_project/lib/python3.8/site-packages:/opt/ros/galactic/lib/python3.8/site-packages /usr/bin/cmake --build /home/nitish/final_ws/build/group11_final -- -j12 -l12
[25.792s] Invoking command in '/home/nitish/final_ws/build/group11_final': CMAKE_PREFIX_PATH=/home/nitish/final_ws/install/ros2_aruco_interfaces:/home/nitish/final_ws/install/mage_msgs:/home/nitish/final_ws/install/group11_final:/home/nitish/final_ws/install/final_project:/home/nitish/final_ws/install/ros2_aruco:/opt/ros/galactic LD_LIBRARY_PATH=/home/nitish/final_ws/install/ros2_aruco_interfaces/lib:/home/nitish/final_ws/install/mage_msgs/lib:/home/nitish/final_ws/install/final_project/lib:/usr/lib/x86_64-linux-gnu/gazebo-11/plugins:/opt/ros/galactic/opt/yaml_cpp_vendor/lib:/opt/ros/galactic/opt/rviz_ogre_vendor/lib:/opt/ros/galactic/lib/x86_64-linux-gnu:/opt/ros/galactic/lib PYTHONPATH=/home/nitish/final_ws/install/ros2_aruco_interfaces/lib/python3.8/site-packages:/home/nitish/final_ws/install/mage_msgs/lib/python3.8/site-packages:/home/nitish/final_ws/install/ros2_aruco/lib/python3.8/site-packages:/home/nitish/final_ws/install/final_project/lib/python3.8/site-packages:/opt/ros/galactic/lib/python3.8/site-packages /usr/bin/cmake --install /home/nitish/final_ws/build/group11_final
[25.810s] -- Install configuration: ""
[25.810s] -- Installing: /home/nitish/final_ws/install/group11_final/lib/group11_final/part_pose_listener
[25.824s] -- Set runtime path of "/home/nitish/final_ws/install/group11_final/lib/group11_final/part_pose_listener" to ""
[25.825s] -- Up-to-date: /home/nitish/final_ws/install/group11_final/share/group11_final//include
[25.825s] -- Up-to-date: /home/nitish/final_ws/install/group11_final/share/group11_final//include/group11_final
[25.826s] -- Up-to-date: /home/nitish/final_ws/install/group11_final/share/group11_final//include/group11_final/part_pose_listener.hpp
[25.826s] -- Up-to-date: /home/nitish/final_ws/install/group11_final/share/group11_final//config
[25.826s] -- Up-to-date: /home/nitish/final_ws/install/group11_final/share/group11_final//config/waypoint_params.yaml
[25.826s] -- Up-to-date: /home/nitish/final_ws/install/group11_final/share/group11_final//launch
[25.826s] -- Up-to-date: /home/nitish/final_ws/install/group11_final/share/group11_final//launch/launch.py
[25.826s] -- Up-to-date: /home/nitish/final_ws/install/group11_final/share/ament_index/resource_index/package_run_dependencies/group11_final
[25.826s] -- Up-to-date: /home/nitish/final_ws/install/group11_final/share/ament_index/resource_index/parent_prefix_path/group11_final
[25.827s] -- Up-to-date: /home/nitish/final_ws/install/group11_final/share/group11_final/environment/ament_prefix_path.sh
[25.827s] -- Up-to-date: /home/nitish/final_ws/install/group11_final/share/group11_final/environment/ament_prefix_path.dsv
[25.827s] -- Up-to-date: /home/nitish/final_ws/install/group11_final/share/group11_final/environment/path.sh
[25.827s] -- Up-to-date: /home/nitish/final_ws/install/group11_final/share/group11_final/environment/path.dsv
[25.827s] -- Up-to-date: /home/nitish/final_ws/install/group11_final/share/group11_final/local_setup.bash
[25.827s] -- Up-to-date: /home/nitish/final_ws/install/group11_final/share/group11_final/local_setup.sh
[25.828s] -- Up-to-date: /home/nitish/final_ws/install/group11_final/share/group11_final/local_setup.zsh
[25.828s] -- Up-to-date: /home/nitish/final_ws/install/group11_final/share/group11_final/local_setup.dsv
[25.828s] -- Installing: /home/nitish/final_ws/install/group11_final/share/group11_final/package.dsv
[25.829s] -- Up-to-date: /home/nitish/final_ws/install/group11_final/share/ament_index/resource_index/packages/group11_final
[25.830s] -- Up-to-date: /home/nitish/final_ws/install/group11_final/share/group11_final/cmake/group11_finalConfig.cmake
[25.832s] -- Up-to-date: /home/nitish/final_ws/install/group11_final/share/group11_final/cmake/group11_finalConfig-version.cmake
[25.832s] -- Up-to-date: /home/nitish/final_ws/install/group11_final/share/group11_final/package.xml
[25.833s] Invoked command in '/home/nitish/final_ws/build/group11_final' returned '0': CMAKE_PREFIX_PATH=/home/nitish/final_ws/install/ros2_aruco_interfaces:/home/nitish/final_ws/install/mage_msgs:/home/nitish/final_ws/install/group11_final:/home/nitish/final_ws/install/final_project:/home/nitish/final_ws/install/ros2_aruco:/opt/ros/galactic LD_LIBRARY_PATH=/home/nitish/final_ws/install/ros2_aruco_interfaces/lib:/home/nitish/final_ws/install/mage_msgs/lib:/home/nitish/final_ws/install/final_project/lib:/usr/lib/x86_64-linux-gnu/gazebo-11/plugins:/opt/ros/galactic/opt/yaml_cpp_vendor/lib:/opt/ros/galactic/opt/rviz_ogre_vendor/lib:/opt/ros/galactic/lib/x86_64-linux-gnu:/opt/ros/galactic/lib PYTHONPATH=/home/nitish/final_ws/install/ros2_aruco_interfaces/lib/python3.8/site-packages:/home/nitish/final_ws/install/mage_msgs/lib/python3.8/site-packages:/home/nitish/final_ws/install/ros2_aruco/lib/python3.8/site-packages:/home/nitish/final_ws/install/final_project/lib/python3.8/site-packages:/opt/ros/galactic/lib/python3.8/site-packages /usr/bin/cmake --install /home/nitish/final_ws/build/group11_final
