[0.309s] Invoking command in '/home/nitish/final_ws/build/group11_final': CMAKE_PREFIX_PATH=/home/nitish/final_ws/install/ros2_aruco_interfaces:/home/nitish/final_ws/install/mage_msgs:/home/nitish/final_ws/install/group11_final:/home/nitish/final_ws/install/final_project:/home/nitish/final_ws/install/ros2_aruco:/opt/ros/galactic LD_LIBRARY_PATH=/home/nitish/final_ws/install/ros2_aruco_interfaces/lib:/home/nitish/final_ws/install/mage_msgs/lib:/home/nitish/final_ws/install/final_project/lib:/usr/lib/x86_64-linux-gnu/gazebo-11/plugins:/opt/ros/galactic/opt/yaml_cpp_vendor/lib:/opt/ros/galactic/opt/rviz_ogre_vendor/lib:/opt/ros/galactic/lib/x86_64-linux-gnu:/opt/ros/galactic/lib PYTHONPATH=/home/nitish/final_ws/install/ros2_aruco_interfaces/lib/python3.8/site-packages:/home/nitish/final_ws/install/mage_msgs/lib/python3.8/site-packages:/home/nitish/final_ws/install/ros2_aruco/lib/python3.8/site-packages:/home/nitish/final_ws/install/final_project/lib/python3.8/site-packages:/opt/ros/galactic/lib/python3.8/site-packages /usr/bin/cmake --build /home/nitish/final_ws/build/group11_final -- -j12 -l12
[0.420s] [ 33%] [32mBuilding CXX object CMakeFiles/part_pose_listener.dir/src/main.cpp.o[0m
[0.422s] [ 66%] [32mBuilding CXX object CMakeFiles/part_pose_listener.dir/src/part_pose_listener.cpp.o[0m
[3.906s] In file included from [01m[K/home/nitish/final_ws/src/group11_final/src/part_pose_listener.cpp:1[m[K:
[3.906s] [01m[K/home/nitish/final_ws/src/group11_final/include/group11_final/part_pose_listener.hpp:110:8:[m[K [01;31m[Kerror: [m[K‘[01m[Kvoid PartPoseListener::resultCallback(const WrappedResult&)[m[K’ cannot be overloaded with ‘[01m[Kvoid PartPoseListener::resultCallback(const WrappedResult&)[m[K’
[3.906s]   110 |   void [01;31m[KresultCallback[m[K(const GoalHandleNavigation::WrappedResult& result);
[3.906s]       |        [01;31m[K^~~~~~~~~~~~~~[m[K
[3.906s] [01m[K/home/nitish/final_ws/src/group11_final/include/group11_final/part_pose_listener.hpp:104:10:[m[K [01;36m[Knote: [m[Kprevious declaration ‘[01m[Kvoid PartPoseListener::resultCallback(const WrappedResult&)[m[K’
[3.907s]   104 |     void [01;36m[KresultCallback[m[K(const GoalHandleNavigation::WrappedResult& result);
[3.907s]       |          [01;36m[K^~~~~~~~~~~~~~[m[K
[3.907s] [01m[K/home/nitish/final_ws/src/group11_final/include/group11_final/part_pose_listener.hpp:114:8:[m[K [01;31m[Kerror: [m[K‘[01m[Kvoid PartPoseListener::sendGoalToWaypoint(const PartPoseListener::Waypoint&)[m[K’ cannot be overloaded with ‘[01m[Kvoid PartPoseListener::sendGoalToWaypoint(const PartPoseListener::Waypoint&)[m[K’
[3.907s]   114 |   void [01;31m[KsendGoalToWaypoint[m[K(const Waypoint& waypoint); // Updated declaration
[3.907s]       |        [01;31m[K^~~~~~~~~~~~~~~~~~[m[K
[3.907s] [01m[K/home/nitish/final_ws/src/group11_final/include/group11_final/part_pose_listener.hpp:103:8:[m[K [01;36m[Knote: [m[Kprevious declaration ‘[01m[Kvoid PartPoseListener::sendGoalToWaypoint(const PartPoseListener::Waypoint&)[m[K’
[3.907s]   103 |   void [01;36m[KsendGoalToWaypoint[m[K(const Waypoint& waypoint);
[3.907s]       |        [01;36m[K^~~~~~~~~~~~~~~~~~[m[K
[3.907s] [01m[K/home/nitish/final_ws/src/group11_final/include/group11_final/part_pose_listener.hpp:115:10:[m[K [01;31m[Kerror: [m[K‘[01m[Kvoid PartPoseListener::resultCallback(const WrappedResult&)[m[K’ cannot be overloaded with ‘[01m[Kvoid PartPoseListener::resultCallback(const WrappedResult&)[m[K’
[3.907s]   115 |     void [01;31m[KresultCallback[m[K(const GoalHandleNavigation::WrappedResult& result);
[3.907s]       |          [01;31m[K^~~~~~~~~~~~~~[m[K
[3.907s] [01m[K/home/nitish/final_ws/src/group11_final/include/group11_final/part_pose_listener.hpp:104:10:[m[K [01;36m[Knote: [m[Kprevious declaration ‘[01m[Kvoid PartPoseListener::resultCallback(const WrappedResult&)[m[K’
[3.907s]   104 |     void [01;36m[KresultCallback[m[K(const GoalHandleNavigation::WrappedResult& result);
[3.908s]       |          [01;36m[K^~~~~~~~~~~~~~[m[K
[4.001s] In file included from [01m[K/home/nitish/final_ws/src/group11_final/src/main.cpp:1[m[K:
[4.002s] [01m[K/home/nitish/final_ws/src/group11_final/include/group11_final/part_pose_listener.hpp:110:8:[m[K [01;31m[Kerror: [m[K‘[01m[Kvoid PartPoseListener::resultCallback(const WrappedResult&)[m[K’ cannot be overloaded with ‘[01m[Kvoid PartPoseListener::resultCallback(const WrappedResult&)[m[K’
[4.002s]   110 |   void [01;31m[KresultCallback[m[K(const GoalHandleNavigation::WrappedResult& result);
[4.002s]       |        [01;31m[K^~~~~~~~~~~~~~[m[K
[4.002s] [01m[K/home/nitish/final_ws/src/group11_final/include/group11_final/part_pose_listener.hpp:104:10:[m[K [01;36m[Knote: [m[Kprevious declaration ‘[01m[Kvoid PartPoseListener::resultCallback(const WrappedResult&)[m[K’
[4.002s]   104 |     void [01;36m[KresultCallback[m[K(const GoalHandleNavigation::WrappedResult& result);
[4.002s]       |          [01;36m[K^~~~~~~~~~~~~~[m[K
[4.003s] [01m[K/home/nitish/final_ws/src/group11_final/include/group11_final/part_pose_listener.hpp:114:8:[m[K [01;31m[Kerror: [m[K‘[01m[Kvoid PartPoseListener::sendGoalToWaypoint(const PartPoseListener::Waypoint&)[m[K’ cannot be overloaded with ‘[01m[Kvoid PartPoseListener::sendGoalToWaypoint(const PartPoseListener::Waypoint&)[m[K’
[4.003s]   114 |   void [01;31m[KsendGoalToWaypoint[m[K(const Waypoint& waypoint); // Updated declaration
[4.003s]       |        [01;31m[K^~~~~~~~~~~~~~~~~~[m[K
[4.003s] [01m[K/home/nitish/final_ws/src/group11_final/include/group11_final/part_pose_listener.hpp:103:8:[m[K [01;36m[Knote: [m[Kprevious declaration ‘[01m[Kvoid PartPoseListener::sendGoalToWaypoint(const PartPoseListener::Waypoint&)[m[K’
[4.003s]   103 |   void [01;36m[KsendGoalToWaypoint[m[K(const Waypoint& waypoint);
[4.003s]       |        [01;36m[K^~~~~~~~~~~~~~~~~~[m[K
[4.004s] [01m[K/home/nitish/final_ws/src/group11_final/include/group11_final/part_pose_listener.hpp:115:10:[m[K [01;31m[Kerror: [m[K‘[01m[Kvoid PartPoseListener::resultCallback(const WrappedResult&)[m[K’ cannot be overloaded with ‘[01m[Kvoid PartPoseListener::resultCallback(const WrappedResult&)[m[K’
[4.004s]   115 |     void [01;31m[KresultCallback[m[K(const GoalHandleNavigation::WrappedResult& result);
[4.004s]       |          [01;31m[K^~~~~~~~~~~~~~[m[K
[4.004s] [01m[K/home/nitish/final_ws/src/group11_final/include/group11_final/part_pose_listener.hpp:104:10:[m[K [01;36m[Knote: [m[Kprevious declaration ‘[01m[Kvoid PartPoseListener::resultCallback(const WrappedResult&)[m[K’
[4.004s]   104 |     void [01;36m[KresultCallback[m[K(const GoalHandleNavigation::WrappedResult& result);
[4.004s]       |          [01;36m[K^~~~~~~~~~~~~~[m[K
[4.096s] [01m[K/home/nitish/final_ws/src/group11_final/include/group11_final/part_pose_listener.hpp:126:54:[m[K [01;31m[Kerror: [m[Kredeclaration of ‘[01m[Krclcpp_action::Client<nav2_msgs::action::NavigateToPose>::SharedPtr PartPoseListener::navigate_to_pose_client_[m[K’
[4.096s]   126 |     rclcpp_action::Client<NavigateToPose>::SharedPtr [01;31m[Knavigate_to_pose_client_[m[K;
[4.096s]       |                                                      [01;31m[K^~~~~~~~~~~~~~~~~~~~~~~~[m[K
[4.096s] [01m[K/home/nitish/final_ws/src/group11_final/include/group11_final/part_pose_listener.hpp:116:54:[m[K [01;36m[Knote: [m[Kprevious declaration ‘[01m[Krclcpp_action::Client<nav2_msgs::action::NavigateToPose>::SharedPtr PartPoseListener::navigate_to_pose_client_[m[K’
[4.096s]   116 |     rclcpp_action::Client<NavigateToPose>::SharedPtr [01;36m[Knavigate_to_pose_client_[m[K;
[4.096s]       |                                                      [01;36m[K^~~~~~~~~~~~~~~~~~~~~~~~[m[K
[4.096s] [01m[K/home/nitish/final_ws/src/group11_final/include/group11_final/part_pose_listener.hpp:127:27:[m[K [01;31m[Kerror: [m[Kredeclaration of ‘[01m[Kstd::vector<PartPoseListener::Waypoint> PartPoseListener::waypoints_[m[K’
[4.096s]   127 |     std::vector<Waypoint> [01;31m[Kwaypoints_[m[K;
[4.096s]       |                           [01;31m[K^~~~~~~~~~[m[K
[4.096s] [01m[K/home/nitish/final_ws/src/group11_final/include/group11_final/part_pose_listener.hpp:43:27:[m[K [01;36m[Knote: [m[Kprevious declaration ‘[01m[Kstd::vector<PartPoseListener::Waypoint> PartPoseListener::waypoints_[m[K’
[4.096s]    43 |     std::vector<Waypoint> [01;36m[Kwaypoints_[m[K;
[4.097s]       |                           [01;36m[K^~~~~~~~~~[m[K
[4.195s] [01m[K/home/nitish/final_ws/src/group11_final/include/group11_final/part_pose_listener.hpp:126:54:[m[K [01;31m[Kerror: [m[Kredeclaration of ‘[01m[Krclcpp_action::Client<nav2_msgs::action::NavigateToPose>::SharedPtr PartPoseListener::navigate_to_pose_client_[m[K’
[4.195s]   126 |     rclcpp_action::Client<NavigateToPose>::SharedPtr [01;31m[Knavigate_to_pose_client_[m[K;
[4.195s]       |                                                      [01;31m[K^~~~~~~~~~~~~~~~~~~~~~~~[m[K
[4.195s] [01m[K/home/nitish/final_ws/src/group11_final/include/group11_final/part_pose_listener.hpp:116:54:[m[K [01;36m[Knote: [m[Kprevious declaration ‘[01m[Krclcpp_action::Client<nav2_msgs::action::NavigateToPose>::SharedPtr PartPoseListener::navigate_to_pose_client_[m[K’
[4.195s]   116 |     rclcpp_action::Client<NavigateToPose>::SharedPtr [01;36m[Knavigate_to_pose_client_[m[K;
[4.195s]       |                                                      [01;36m[K^~~~~~~~~~~~~~~~~~~~~~~~[m[K
[4.195s] [01m[K/home/nitish/final_ws/src/group11_final/include/group11_final/part_pose_listener.hpp:127:27:[m[K [01;31m[Kerror: [m[Kredeclaration of ‘[01m[Kstd::vector<PartPoseListener::Waypoint> PartPoseListener::waypoints_[m[K’
[4.195s]   127 |     std::vector<Waypoint> [01;31m[Kwaypoints_[m[K;
[4.195s]       |                           [01;31m[K^~~~~~~~~~[m[K
[4.195s] [01m[K/home/nitish/final_ws/src/group11_final/include/group11_final/part_pose_listener.hpp:43:27:[m[K [01;36m[Knote: [m[Kprevious declaration ‘[01m[Kstd::vector<PartPoseListener::Waypoint> PartPoseListener::waypoints_[m[K’
[4.196s]    43 |     std::vector<Waypoint> [01;36m[Kwaypoints_[m[K;
[4.196s]       |                           [01;36m[K^~~~~~~~~~[m[K
[4.212s] [01m[K/home/nitish/final_ws/src/group11_final/src/part_pose_listener.cpp:[m[K In member function ‘[01m[Kvoid PartPoseListener::feedback_callback(rclcpp_action::ClientGoalHandle<nav2_msgs::action::NavigateToPose>::SharedPtr, std::shared_ptr<const nav2_msgs::action::NavigateToPose_Feedback_<std::allocator<void> > >)[m[K’:
[4.212s] [01m[K/home/nitish/final_ws/src/group11_final/src/part_pose_listener.cpp:398:59:[m[K [01;35m[Kwarning: [m[Kunused parameter ‘[01m[Kfeedback[m[K’ [[01;35m[K-Wunused-parameter[m[K]
[4.212s]   398 |     [01;35m[Kconst std::shared_ptr<const NavigateToPose::Feedback> feedback[m[K) {
[4.212s]       |     [01;35m[K~~~~~~~~~~~~~~~~~~~~~~~~~~~~~~~~~~~~~~~~~~~~~~~~~~~~~~^~~~~~~~[m[K
[4.918s] make[2]: *** [CMakeFiles/part_pose_listener.dir/build.make:76: CMakeFiles/part_pose_listener.dir/src/main.cpp.o] Error 1
[4.918s] make[2]: *** Waiting for unfinished jobs....
[10.919s] make[2]: *** [CMakeFiles/part_pose_listener.dir/build.make:63: CMakeFiles/part_pose_listener.dir/src/part_pose_listener.cpp.o] Error 1
[10.920s] make[1]: *** [CMakeFiles/Makefile2:78: CMakeFiles/part_pose_listener.dir/all] Error 2
[10.920s] make: *** [Makefile:141: all] Error 2
[10.924s] Invoked command in '/home/nitish/final_ws/build/group11_final' returned '2': CMAKE_PREFIX_PATH=/home/nitish/final_ws/install/ros2_aruco_interfaces:/home/nitish/final_ws/install/mage_msgs:/home/nitish/final_ws/install/group11_final:/home/nitish/final_ws/install/final_project:/home/nitish/final_ws/install/ros2_aruco:/opt/ros/galactic LD_LIBRARY_PATH=/home/nitish/final_ws/install/ros2_aruco_interfaces/lib:/home/nitish/final_ws/install/mage_msgs/lib:/home/nitish/final_ws/install/final_project/lib:/usr/lib/x86_64-linux-gnu/gazebo-11/plugins:/opt/ros/galactic/opt/yaml_cpp_vendor/lib:/opt/ros/galactic/opt/rviz_ogre_vendor/lib:/opt/ros/galactic/lib/x86_64-linux-gnu:/opt/ros/galactic/lib PYTHONPATH=/home/nitish/final_ws/install/ros2_aruco_interfaces/lib/python3.8/site-packages:/home/nitish/final_ws/install/mage_msgs/lib/python3.8/site-packages:/home/nitish/final_ws/install/ros2_aruco/lib/python3.8/site-packages:/home/nitish/final_ws/install/final_project/lib/python3.8/site-packages:/opt/ros/galactic/lib/python3.8/site-packages /usr/bin/cmake --build /home/nitish/final_ws/build/group11_final -- -j12 -l12
