[6.155s] DEBUG:colcon:Command line arguments: ['/usr/bin/colcon', 'build', '--packages-select', 'group11_final']
[6.155s] DEBUG:colcon:Parsed command line arguments: Namespace(allow_overriding=[], ament_cmake_args=None, base_paths=['.'], build_base='build', catkin_cmake_args=None, catkin_skip_building_tests=False, cmake_args=None, cmake_clean_cache=False, cmake_clean_first=False, cmake_force_configure=False, cmake_target=None, cmake_target_skip_unavailable=False, continue_on_error=False, event_handlers=None, executor='parallel', ignore_user_meta=False, install_base='install', log_base=None, log_level=None, main=<bound method BuildVerb.main of <colcon_core.verb.build.BuildVerb object at 0x7f1efab6a1c0>>, merge_install=False, metas=['./colcon.meta'], packages_above=None, packages_above_and_dependencies=None, packages_above_depth=None, packages_end=None, packages_ignore=None, packages_ignore_regex=None, packages_select=['group11_final'], packages_select_build_failed=False, packages_select_by_dep=None, packages_select_regex=None, packages_select_test_failures=False, packages_skip=None, packages_skip_build_finished=False, packages_skip_by_dep=None, packages_skip_regex=None, packages_skip_test_passed=False, packages_skip_up_to=None, packages_start=None, packages_up_to=None, packages_up_to_regex=None, parallel_workers=12, paths=None, symlink_install=False, test_result_base=None, verb_extension=<colcon_core.verb.build.BuildVerb object at 0x7f1efab6a1c0>, verb_name='build', verb_parser=<colcon_defaults.argument_parser.defaults.DefaultArgumentsDecorator object at 0x7f1efa5c2e20>)
[6.513s] Level 1:colcon.colcon_core.package_discovery:discover_packages(colcon_meta) check parameters
[6.514s] Level 1:colcon.colcon_core.package_discovery:discover_packages(recursive) check parameters
[6.515s] Level 1:colcon.colcon_core.package_discovery:discover_packages(ignore) check parameters
[6.515s] Level 1:colcon.colcon_core.package_discovery:discover_packages(path) check parameters
[6.515s] Level 1:colcon.colcon_core.package_discovery:discover_packages(colcon_meta) discover
[6.515s] Level 1:colcon.colcon_core.package_discovery:discover_packages(recursive) discover
[6.516s] INFO:colcon.colcon_core.package_discovery:Crawling recursively for packages in '/home/nitish/final_ws'
[6.516s] Level 1:colcon.colcon_core.package_identification:_identify(.) by extensions ['ignore', 'ignore_ament_install']
[6.516s] Level 1:colcon.colcon_core.package_identification:_identify(.) by extension 'ignore'
[6.516s] Level 1:colcon.colcon_core.package_identification:_identify(.) by extension 'ignore_ament_install'
[6.516s] Level 1:colcon.colcon_core.package_identification:_identify(.) by extensions ['colcon_pkg']
[6.516s] Level 1:colcon.colcon_core.package_identification:_identify(.) by extension 'colcon_pkg'
[6.516s] Level 1:colcon.colcon_core.package_identification:_identify(.) by extensions ['colcon_meta']
[6.516s] Level 1:colcon.colcon_core.package_identification:_identify(.) by extension 'colcon_meta'
[6.517s] Level 1:colcon.colcon_core.package_identification:_identify(.) by extensions ['ros']
[6.517s] Level 1:colcon.colcon_core.package_identification:_identify(.) by extension 'ros'
[6.553s] Level 1:colcon.colcon_core.package_identification:_identify(.) by extensions ['cmake', 'python']
[6.553s] Level 1:colcon.colcon_core.package_identification:_identify(.) by extension 'cmake'
[6.553s] Level 1:colcon.colcon_core.package_identification:_identify(.) by extension 'python'
[6.553s] Level 1:colcon.colcon_core.package_identification:_identify(.) by extensions ['python_setup_py']
[6.553s] Level 1:colcon.colcon_core.package_identification:_identify(.) by extension 'python_setup_py'
[6.553s] Level 1:colcon.colcon_core.package_identification:_identify(build) by extensions ['ignore', 'ignore_ament_install']
[6.554s] Level 1:colcon.colcon_core.package_identification:_identify(build) by extension 'ignore'
[6.555s] Level 1:colcon.colcon_core.package_identification:_identify(build) ignored
[6.555s] Level 1:colcon.colcon_core.package_identification:_identify(install) by extensions ['ignore', 'ignore_ament_install']
[6.556s] Level 1:colcon.colcon_core.package_identification:_identify(install) by extension 'ignore'
[6.556s] Level 1:colcon.colcon_core.package_identification:_identify(install) ignored
[6.557s] Level 1:colcon.colcon_core.package_identification:_identify(log) by extensions ['ignore', 'ignore_ament_install']
[6.558s] Level 1:colcon.colcon_core.package_identification:_identify(log) by extension 'ignore'
[6.558s] Level 1:colcon.colcon_core.package_identification:_identify(log) ignored
[6.558s] Level 1:colcon.colcon_core.package_identification:_identify(src) by extensions ['ignore', 'ignore_ament_install']
[6.559s] Level 1:colcon.colcon_core.package_identification:_identify(src) by extension 'ignore'
[6.559s] Level 1:colcon.colcon_core.package_identification:_identify(src) by extension 'ignore_ament_install'
[6.559s] Level 1:colcon.colcon_core.package_identification:_identify(src) by extensions ['colcon_pkg']
[6.560s] Level 1:colcon.colcon_core.package_identification:_identify(src) by extension 'colcon_pkg'
[6.560s] Level 1:colcon.colcon_core.package_identification:_identify(src) by extensions ['colcon_meta']
[6.560s] Level 1:colcon.colcon_core.package_identification:_identify(src) by extension 'colcon_meta'
[6.560s] Level 1:colcon.colcon_core.package_identification:_identify(src) by extensions ['ros']
[6.560s] Level 1:colcon.colcon_core.package_identification:_identify(src) by extension 'ros'
[6.560s] Level 1:colcon.colcon_core.package_identification:_identify(src) by extensions ['cmake', 'python']
[6.560s] Level 1:colcon.colcon_core.package_identification:_identify(src) by extension 'cmake'
[6.560s] Level 1:colcon.colcon_core.package_identification:_identify(src) by extension 'python'
[6.561s] Level 1:colcon.colcon_core.package_identification:_identify(src) by extensions ['python_setup_py']
[6.561s] Level 1:colcon.colcon_core.package_identification:_identify(src) by extension 'python_setup_py'
[6.561s] Level 1:colcon.colcon_core.package_identification:_identify(src/final_project) by extensions ['ignore', 'ignore_ament_install']
[6.561s] Level 1:colcon.colcon_core.package_identification:_identify(src/final_project) by extension 'ignore'
[6.562s] Level 1:colcon.colcon_core.package_identification:_identify(src/final_project) by extension 'ignore_ament_install'
[6.562s] Level 1:colcon.colcon_core.package_identification:_identify(src/final_project) by extensions ['colcon_pkg']
[6.562s] Level 1:colcon.colcon_core.package_identification:_identify(src/final_project) by extension 'colcon_pkg'
[6.562s] Level 1:colcon.colcon_core.package_identification:_identify(src/final_project) by extensions ['colcon_meta']
[6.562s] Level 1:colcon.colcon_core.package_identification:_identify(src/final_project) by extension 'colcon_meta'
[6.562s] Level 1:colcon.colcon_core.package_identification:_identify(src/final_project) by extensions ['ros']
[6.562s] Level 1:colcon.colcon_core.package_identification:_identify(src/final_project) by extension 'ros'
[6.574s] DEBUG:colcon.colcon_core.package_identification:Package 'src/final_project' with type 'ros.ament_cmake' and name 'final_project'
[6.574s] Level 1:colcon.colcon_core.package_identification:_identify(src/group11_final) by extensions ['ignore', 'ignore_ament_install']
[6.574s] Level 1:colcon.colcon_core.package_identification:_identify(src/group11_final) by extension 'ignore'
[6.574s] Level 1:colcon.colcon_core.package_identification:_identify(src/group11_final) by extension 'ignore_ament_install'
[6.574s] Level 1:colcon.colcon_core.package_identification:_identify(src/group11_final) by extensions ['colcon_pkg']
[6.575s] Level 1:colcon.colcon_core.package_identification:_identify(src/group11_final) by extension 'colcon_pkg'
[6.575s] Level 1:colcon.colcon_core.package_identification:_identify(src/group11_final) by extensions ['colcon_meta']
[6.575s] Level 1:colcon.colcon_core.package_identification:_identify(src/group11_final) by extension 'colcon_meta'
[6.575s] Level 1:colcon.colcon_core.package_identification:_identify(src/group11_final) by extensions ['ros']
[6.575s] Level 1:colcon.colcon_core.package_identification:_identify(src/group11_final) by extension 'ros'
[6.578s] DEBUG:colcon.colcon_core.package_identification:Package 'src/group11_final' with type 'ros.ament_cmake' and name 'group11_final'
[6.578s] Level 1:colcon.colcon_core.package_identification:_identify(src/mage_msgs) by extensions ['ignore', 'ignore_ament_install']
[6.578s] Level 1:colcon.colcon_core.package_identification:_identify(src/mage_msgs) by extension 'ignore'
[6.579s] Level 1:colcon.colcon_core.package_identification:_identify(src/mage_msgs) by extension 'ignore_ament_install'
[6.579s] Level 1:colcon.colcon_core.package_identification:_identify(src/mage_msgs) by extensions ['colcon_pkg']
[6.579s] Level 1:colcon.colcon_core.package_identification:_identify(src/mage_msgs) by extension 'colcon_pkg'
[6.579s] Level 1:colcon.colcon_core.package_identification:_identify(src/mage_msgs) by extensions ['colcon_meta']
[6.579s] Level 1:colcon.colcon_core.package_identification:_identify(src/mage_msgs) by extension 'colcon_meta'
[6.579s] Level 1:colcon.colcon_core.package_identification:_identify(src/mage_msgs) by extensions ['ros']
[6.579s] Level 1:colcon.colcon_core.package_identification:_identify(src/mage_msgs) by extension 'ros'
[6.580s] DEBUG:colcon.colcon_core.package_identification:Package 'src/mage_msgs' with type 'ros.ament_cmake' and name 'mage_msgs'
[6.581s] Level 1:colcon.colcon_core.package_identification:_identify(src/ros2_aruco) by extensions ['ignore', 'ignore_ament_install']
[6.582s] Level 1:colcon.colcon_core.package_identification:_identify(src/ros2_aruco) by extension 'ignore'
[6.583s] Level 1:colcon.colcon_core.package_identification:_identify(src/ros2_aruco) by extension 'ignore_ament_install'
[6.584s] Level 1:colcon.colcon_core.package_identification:_identify(src/ros2_aruco) by extensions ['colcon_pkg']
[6.584s] Level 1:colcon.colcon_core.package_identification:_identify(src/ros2_aruco) by extension 'colcon_pkg'
[6.585s] Level 1:colcon.colcon_core.package_identification:_identify(src/ros2_aruco) by extensions ['colcon_meta']
[6.585s] Level 1:colcon.colcon_core.package_identification:_identify(src/ros2_aruco) by extension 'colcon_meta'
[6.586s] Level 1:colcon.colcon_core.package_identification:_identify(src/ros2_aruco) by extensions ['ros']
[6.586s] Level 1:colcon.colcon_core.package_identification:_identify(src/ros2_aruco) by extension 'ros'
[6.586s] Level 1:colcon.colcon_core.package_identification:_identify(src/ros2_aruco) by extensions ['cmake', 'python']
[6.587s] Level 1:colcon.colcon_core.package_identification:_identify(src/ros2_aruco) by extension 'cmake'
[6.587s] Level 1:colcon.colcon_core.package_identification:_identify(src/ros2_aruco) by extension 'python'
[6.588s] Level 1:colcon.colcon_core.package_identification:_identify(src/ros2_aruco) by extensions ['python_setup_py']
[6.588s] Level 1:colcon.colcon_core.package_identification:_identify(src/ros2_aruco) by extension 'python_setup_py'
[6.588s] Level 1:colcon.colcon_core.package_identification:_identify(src/ros2_aruco/ros2_aruco) by extensions ['ignore', 'ignore_ament_install']
[6.588s] Level 1:colcon.colcon_core.package_identification:_identify(src/ros2_aruco/ros2_aruco) by extension 'ignore'
[6.588s] Level 1:colcon.colcon_core.package_identification:_identify(src/ros2_aruco/ros2_aruco) by extension 'ignore_ament_install'
[6.588s] Level 1:colcon.colcon_core.package_identification:_identify(src/ros2_aruco/ros2_aruco) by extensions ['colcon_pkg']
[6.588s] Level 1:colcon.colcon_core.package_identification:_identify(src/ros2_aruco/ros2_aruco) by extension 'colcon_pkg'
[6.588s] Level 1:colcon.colcon_core.package_identification:_identify(src/ros2_aruco/ros2_aruco) by extensions ['colcon_meta']
[6.588s] Level 1:colcon.colcon_core.package_identification:_identify(src/ros2_aruco/ros2_aruco) by extension 'colcon_meta'
[6.588s] Level 1:colcon.colcon_core.package_identification:_identify(src/ros2_aruco/ros2_aruco) by extensions ['ros']
[6.588s] Level 1:colcon.colcon_core.package_identification:_identify(src/ros2_aruco/ros2_aruco) by extension 'ros'
[6.590s] DEBUG:colcon.colcon_core.package_identification:Package 'src/ros2_aruco/ros2_aruco' with type 'ros.ament_python' and name 'ros2_aruco'
[6.590s] Level 1:colcon.colcon_core.package_identification:_identify(src/ros2_aruco/ros2_aruco_interfaces) by extensions ['ignore', 'ignore_ament_install']
[6.590s] Level 1:colcon.colcon_core.package_identification:_identify(src/ros2_aruco/ros2_aruco_interfaces) by extension 'ignore'
[6.590s] Level 1:colcon.colcon_core.package_identification:_identify(src/ros2_aruco/ros2_aruco_interfaces) by extension 'ignore_ament_install'
[6.590s] Level 1:colcon.colcon_core.package_identification:_identify(src/ros2_aruco/ros2_aruco_interfaces) by extensions ['colcon_pkg']
[6.591s] Level 1:colcon.colcon_core.package_identification:_identify(src/ros2_aruco/ros2_aruco_interfaces) by extension 'colcon_pkg'
[6.591s] Level 1:colcon.colcon_core.package_identification:_identify(src/ros2_aruco/ros2_aruco_interfaces) by extensions ['colcon_meta']
[6.591s] Level 1:colcon.colcon_core.package_identification:_identify(src/ros2_aruco/ros2_aruco_interfaces) by extension 'colcon_meta'
[6.591s] Level 1:colcon.colcon_core.package_identification:_identify(src/ros2_aruco/ros2_aruco_interfaces) by extensions ['ros']
[6.591s] Level 1:colcon.colcon_core.package_identification:_identify(src/ros2_aruco/ros2_aruco_interfaces) by extension 'ros'
[6.592s] DEBUG:colcon.colcon_core.package_identification:Package 'src/ros2_aruco/ros2_aruco_interfaces' with type 'ros.ament_cmake' and name 'ros2_aruco_interfaces'
[6.592s] Level 1:colcon.colcon_core.package_discovery:discover_packages(recursive) using defaults
[6.592s] Level 1:colcon.colcon_core.package_discovery:discover_packages(ignore) discover
[6.592s] Level 1:colcon.colcon_core.package_discovery:discover_packages(ignore) using defaults
[6.592s] Level 1:colcon.colcon_core.package_discovery:discover_packages(path) discover
[6.592s] Level 1:colcon.colcon_core.package_discovery:discover_packages(path) using defaults
[6.992s] INFO:colcon.colcon_core.package_selection:Skipping not selected package 'mage_msgs' in 'src/mage_msgs'
[6.992s] INFO:colcon.colcon_core.package_selection:Skipping not selected package 'ros2_aruco' in 'src/ros2_aruco/ros2_aruco'
[6.992s] INFO:colcon.colcon_core.package_selection:Skipping not selected package 'ros2_aruco_interfaces' in 'src/ros2_aruco/ros2_aruco_interfaces'
[6.992s] INFO:colcon.colcon_core.package_selection:Skipping not selected package 'final_project' in 'src/final_project'
[7.169s] Level 1:colcon.colcon_core.package_discovery:discover_packages(prefix_path) check parameters
[7.169s] Level 1:colcon.colcon_core.package_discovery:discover_packages(prefix_path) discover
[7.339s] DEBUG:colcon.colcon_installed_package_information.package_discovery:Found 5 installed packages in /home/nitish/final_ws/install
[7.428s] DEBUG:colcon.colcon_installed_package_information.package_discovery:Found 353 installed packages in /opt/ros/galactic
[7.433s] Level 1:colcon.colcon_core.package_discovery:discover_packages(prefix_path) using defaults
[7.851s] Level 5:colcon.colcon_core.verb:set package 'group11_final' build argument 'cmake_args' from command line to 'None'
[7.851s] Level 5:colcon.colcon_core.verb:set package 'group11_final' build argument 'cmake_target' from command line to 'None'
[7.851s] Level 5:colcon.colcon_core.verb:set package 'group11_final' build argument 'cmake_target_skip_unavailable' from command line to 'False'
[7.851s] Level 5:colcon.colcon_core.verb:set package 'group11_final' build argument 'cmake_clean_cache' from command line to 'False'
[7.851s] Level 5:colcon.colcon_core.verb:set package 'group11_final' build argument 'cmake_clean_first' from command line to 'False'
[7.851s] Level 5:colcon.colcon_core.verb:set package 'group11_final' build argument 'cmake_force_configure' from command line to 'False'
[7.851s] Level 5:colcon.colcon_core.verb:set package 'group11_final' build argument 'ament_cmake_args' from command line to 'None'
[7.851s] Level 5:colcon.colcon_core.verb:set package 'group11_final' build argument 'catkin_cmake_args' from command line to 'None'
[7.851s] Level 5:colcon.colcon_core.verb:set package 'group11_final' build argument 'catkin_skip_building_tests' from command line to 'False'
[7.851s] DEBUG:colcon.colcon_core.verb:Building package 'group11_final' with the following arguments: {'ament_cmake_args': None, 'build_base': '/home/nitish/final_ws/build/group11_final', 'catkin_cmake_args': None, 'catkin_skip_building_tests': False, 'cmake_args': None, 'cmake_clean_cache': False, 'cmake_clean_first': False, 'cmake_force_configure': False, 'cmake_target': None, 'cmake_target_skip_unavailable': False, 'install_base': '/home/nitish/final_ws/install/group11_final', 'merge_install': False, 'path': '/home/nitish/final_ws/src/group11_final', 'symlink_install': False, 'test_result_base': None}
[7.947s] INFO:colcon.colcon_core.executor:Executing jobs using 'parallel' executor
[8.042s] DEBUG:colcon.colcon_parallel_executor.executor.parallel:run_until_complete
[8.042s] INFO:colcon.colcon_ros.task.ament_cmake.build:Building ROS package in '/home/nitish/final_ws/src/group11_final' with build type 'ament_cmake'
[8.043s] INFO:colcon.colcon_cmake.task.cmake.build:Building CMake package in '/home/nitish/final_ws/src/group11_final'
[8.149s] INFO:colcon.colcon_core.plugin_system:Skipping extension 'colcon_core.shell.bat': Not used on non-Windows systems
[8.149s] INFO:colcon.colcon_core.shell:Skip shell extension 'powershell' for command environment: Not usable outside of PowerShell
[8.149s] DEBUG:colcon.colcon_core.shell:Skip shell extension 'dsv' for command environment
[8.575s] DEBUG:colcon.colcon_core.event_handler.log_command:Invoking command in '/home/nitish/final_ws/build/group11_final': CMAKE_PREFIX_PATH=/home/nitish/final_ws/install/ros2_aruco_interfaces:/home/nitish/final_ws/install/mage_msgs:/home/nitish/final_ws/install/group11_final:/home/nitish/final_ws/install/final_project:/home/nitish/final_ws/install/ros2_aruco:/opt/ros/galactic LD_LIBRARY_PATH=/home/nitish/final_ws/install/ros2_aruco_interfaces/lib:/home/nitish/final_ws/install/mage_msgs/lib:/home/nitish/final_ws/install/final_project/lib:/usr/lib/x86_64-linux-gnu/gazebo-11/plugins:/opt/ros/galactic/opt/yaml_cpp_vendor/lib:/opt/ros/galactic/opt/rviz_ogre_vendor/lib:/opt/ros/galactic/lib/x86_64-linux-gnu:/opt/ros/galactic/lib PYTHONPATH=/home/nitish/final_ws/install/ros2_aruco_interfaces/lib/python3.8/site-packages:/home/nitish/final_ws/install/mage_msgs/lib/python3.8/site-packages:/home/nitish/final_ws/install/ros2_aruco/lib/python3.8/site-packages:/home/nitish/final_ws/install/final_project/lib/python3.8/site-packages:/opt/ros/galactic/lib/python3.8/site-packages /usr/bin/cmake --build /home/nitish/final_ws/build/group11_final -- -j12 -l12
[43.761s] DEBUG:colcon.colcon_core.event_handler.log_command:Invoked command in '/home/nitish/final_ws/build/group11_final' returned '0': CMAKE_PREFIX_PATH=/home/nitish/final_ws/install/ros2_aruco_interfaces:/home/nitish/final_ws/install/mage_msgs:/home/nitish/final_ws/install/group11_final:/home/nitish/final_ws/install/final_project:/home/nitish/final_ws/install/ros2_aruco:/opt/ros/galactic LD_LIBRARY_PATH=/home/nitish/final_ws/install/ros2_aruco_interfaces/lib:/home/nitish/final_ws/install/mage_msgs/lib:/home/nitish/final_ws/install/final_project/lib:/usr/lib/x86_64-linux-gnu/gazebo-11/plugins:/opt/ros/galactic/opt/yaml_cpp_vendor/lib:/opt/ros/galactic/opt/rviz_ogre_vendor/lib:/opt/ros/galactic/lib/x86_64-linux-gnu:/opt/ros/galactic/lib PYTHONPATH=/home/nitish/final_ws/install/ros2_aruco_interfaces/lib/python3.8/site-packages:/home/nitish/final_ws/install/mage_msgs/lib/python3.8/site-packages:/home/nitish/final_ws/install/ros2_aruco/lib/python3.8/site-packages:/home/nitish/final_ws/install/final_project/lib/python3.8/site-packages:/opt/ros/galactic/lib/python3.8/site-packages /usr/bin/cmake --build /home/nitish/final_ws/build/group11_final -- -j12 -l12
[43.846s] DEBUG:colcon.colcon_core.event_handler.log_command:Invoking command in '/home/nitish/final_ws/build/group11_final': CMAKE_PREFIX_PATH=/home/nitish/final_ws/install/ros2_aruco_interfaces:/home/nitish/final_ws/install/mage_msgs:/home/nitish/final_ws/install/group11_final:/home/nitish/final_ws/install/final_project:/home/nitish/final_ws/install/ros2_aruco:/opt/ros/galactic LD_LIBRARY_PATH=/home/nitish/final_ws/install/ros2_aruco_interfaces/lib:/home/nitish/final_ws/install/mage_msgs/lib:/home/nitish/final_ws/install/final_project/lib:/usr/lib/x86_64-linux-gnu/gazebo-11/plugins:/opt/ros/galactic/opt/yaml_cpp_vendor/lib:/opt/ros/galactic/opt/rviz_ogre_vendor/lib:/opt/ros/galactic/lib/x86_64-linux-gnu:/opt/ros/galactic/lib PYTHONPATH=/home/nitish/final_ws/install/ros2_aruco_interfaces/lib/python3.8/site-packages:/home/nitish/final_ws/install/mage_msgs/lib/python3.8/site-packages:/home/nitish/final_ws/install/ros2_aruco/lib/python3.8/site-packages:/home/nitish/final_ws/install/final_project/lib/python3.8/site-packages:/opt/ros/galactic/lib/python3.8/site-packages /usr/bin/cmake --install /home/nitish/final_ws/build/group11_final
[43.893s] Level 1:colcon.colcon_core.environment:create_environment_scripts_only(group11_final)
[43.894s] DEBUG:colcon.colcon_core.event_handler.log_command:Invoked command in '/home/nitish/final_ws/build/group11_final' returned '0': CMAKE_PREFIX_PATH=/home/nitish/final_ws/install/ros2_aruco_interfaces:/home/nitish/final_ws/install/mage_msgs:/home/nitish/final_ws/install/group11_final:/home/nitish/final_ws/install/final_project:/home/nitish/final_ws/install/ros2_aruco:/opt/ros/galactic LD_LIBRARY_PATH=/home/nitish/final_ws/install/ros2_aruco_interfaces/lib:/home/nitish/final_ws/install/mage_msgs/lib:/home/nitish/final_ws/install/final_project/lib:/usr/lib/x86_64-linux-gnu/gazebo-11/plugins:/opt/ros/galactic/opt/yaml_cpp_vendor/lib:/opt/ros/galactic/opt/rviz_ogre_vendor/lib:/opt/ros/galactic/lib/x86_64-linux-gnu:/opt/ros/galactic/lib PYTHONPATH=/home/nitish/final_ws/install/ros2_aruco_interfaces/lib/python3.8/site-packages:/home/nitish/final_ws/install/mage_msgs/lib/python3.8/site-packages:/home/nitish/final_ws/install/ros2_aruco/lib/python3.8/site-packages:/home/nitish/final_ws/install/final_project/lib/python3.8/site-packages:/opt/ros/galactic/lib/python3.8/site-packages /usr/bin/cmake --install /home/nitish/final_ws/build/group11_final
[44.009s] Level 1:colcon.colcon_core.environment:checking '/home/nitish/final_ws/install/group11_final' for CMake module files
[44.010s] Level 1:colcon.colcon_core.environment:checking '/home/nitish/final_ws/install/group11_final' for CMake config files
[44.010s] Level 1:colcon.colcon_core.shell:create_environment_hook('group11_final', 'cmake_prefix_path')
[44.142s] INFO:colcon.colcon_core.shell:Creating environment hook '/home/nitish/final_ws/install/group11_final/share/group11_final/hook/cmake_prefix_path.ps1'
[44.144s] INFO:colcon.colcon_core.shell:Creating environment descriptor '/home/nitish/final_ws/install/group11_final/share/group11_final/hook/cmake_prefix_path.dsv'
[44.145s] INFO:colcon.colcon_core.shell:Creating environment hook '/home/nitish/final_ws/install/group11_final/share/group11_final/hook/cmake_prefix_path.sh'
[44.148s] Level 1:colcon.colcon_core.environment:checking '/home/nitish/final_ws/install/group11_final/lib'
[44.150s] Level 1:colcon.colcon_core.environment:checking '/home/nitish/final_ws/install/group11_final/bin'
[44.151s] Level 1:colcon.colcon_core.environment:checking '/home/nitish/final_ws/install/group11_final/lib/pkgconfig/group11_final.pc'
[44.151s] Level 1:colcon.colcon_core.environment:checking '/home/nitish/final_ws/install/group11_final/lib/python3.8/site-packages'
[44.152s] Level 1:colcon.colcon_core.environment:checking '/home/nitish/final_ws/install/group11_final/bin'
[44.292s] INFO:colcon.colcon_core.shell:Creating package script '/home/nitish/final_ws/install/group11_final/share/group11_final/package.ps1'
[44.294s] INFO:colcon.colcon_core.shell:Creating package descriptor '/home/nitish/final_ws/install/group11_final/share/group11_final/package.dsv'
[44.295s] INFO:colcon.colcon_core.shell:Creating package script '/home/nitish/final_ws/install/group11_final/share/group11_final/package.sh'
[44.296s] INFO:colcon.colcon_core.shell:Creating package script '/home/nitish/final_ws/install/group11_final/share/group11_final/package.bash'
[44.298s] INFO:colcon.colcon_core.shell:Creating package script '/home/nitish/final_ws/install/group11_final/share/group11_final/package.zsh'
[44.300s] Level 1:colcon.colcon_core.environment:create_file_with_runtime_dependencies(/home/nitish/final_ws/install/group11_final/share/colcon-core/packages/group11_final)
[44.484s] Level 1:colcon.colcon_core.environment:create_environment_scripts_only(group11_final)
[44.601s] Level 1:colcon.colcon_core.environment:checking '/home/nitish/final_ws/install/group11_final' for CMake module files
[44.602s] Level 1:colcon.colcon_core.environment:checking '/home/nitish/final_ws/install/group11_final' for CMake config files
[44.603s] Level 1:colcon.colcon_core.shell:create_environment_hook('group11_final', 'cmake_prefix_path')
[44.741s] INFO:colcon.colcon_core.shell:Creating environment hook '/home/nitish/final_ws/install/group11_final/share/group11_final/hook/cmake_prefix_path.ps1'
[44.741s] INFO:colcon.colcon_core.shell:Creating environment descriptor '/home/nitish/final_ws/install/group11_final/share/group11_final/hook/cmake_prefix_path.dsv'
[44.742s] INFO:colcon.colcon_core.shell:Creating environment hook '/home/nitish/final_ws/install/group11_final/share/group11_final/hook/cmake_prefix_path.sh'
[44.743s] Level 1:colcon.colcon_core.environment:checking '/home/nitish/final_ws/install/group11_final/lib'
[44.744s] Level 1:colcon.colcon_core.environment:checking '/home/nitish/final_ws/install/group11_final/bin'
[44.744s] Level 1:colcon.colcon_core.environment:checking '/home/nitish/final_ws/install/group11_final/lib/pkgconfig/group11_final.pc'
[44.744s] Level 1:colcon.colcon_core.environment:checking '/home/nitish/final_ws/install/group11_final/lib/python3.8/site-packages'
[44.744s] Level 1:colcon.colcon_core.environment:checking '/home/nitish/final_ws/install/group11_final/bin'
[44.883s] INFO:colcon.colcon_core.shell:Creating package script '/home/nitish/final_ws/install/group11_final/share/group11_final/package.ps1'
[44.885s] INFO:colcon.colcon_core.shell:Creating package descriptor '/home/nitish/final_ws/install/group11_final/share/group11_final/package.dsv'
[44.886s] INFO:colcon.colcon_core.shell:Creating package script '/home/nitish/final_ws/install/group11_final/share/group11_final/package.sh'
[44.888s] INFO:colcon.colcon_core.shell:Creating package script '/home/nitish/final_ws/install/group11_final/share/group11_final/package.bash'
[44.888s] INFO:colcon.colcon_core.shell:Creating package script '/home/nitish/final_ws/install/group11_final/share/group11_final/package.zsh'
[44.889s] Level 1:colcon.colcon_core.environment:create_file_with_runtime_dependencies(/home/nitish/final_ws/install/group11_final/share/colcon-core/packages/group11_final)
[44.889s] DEBUG:colcon.colcon_parallel_executor.executor.parallel:closing loop
[44.890s] DEBUG:colcon.colcon_parallel_executor.executor.parallel:loop closed
[44.890s] DEBUG:colcon.colcon_parallel_executor.executor.parallel:run_until_complete finished with '0'
[44.890s] DEBUG:colcon.colcon_core.event_reactor:joining thread
[45.018s] INFO:colcon.colcon_core.plugin_system:Skipping extension 'colcon_notification.desktop_notification.terminal_notifier': Not used on non-Darwin systems
[45.019s] INFO:colcon.colcon_core.plugin_system:Skipping extension 'colcon_notification.desktop_notification.win32': Not used on non-Windows systems
[45.019s] INFO:colcon.colcon_notification.desktop_notification:Sending desktop notification using 'notify2'
[45.046s] DEBUG:colcon.colcon_core.event_reactor:joined thread
[45.143s] INFO:colcon.colcon_core.shell:Creating prefix script '/home/nitish/final_ws/install/local_setup.ps1'
[45.144s] INFO:colcon.colcon_core.shell:Creating prefix util module '/home/nitish/final_ws/install/_local_setup_util_ps1.py'
[45.145s] INFO:colcon.colcon_core.shell:Creating prefix chain script '/home/nitish/final_ws/install/setup.ps1'
[45.255s] INFO:colcon.colcon_core.shell:Creating prefix script '/home/nitish/final_ws/install/local_setup.sh'
[45.256s] INFO:colcon.colcon_core.shell:Creating prefix util module '/home/nitish/final_ws/install/_local_setup_util_sh.py'
[45.256s] INFO:colcon.colcon_core.shell:Creating prefix chain script '/home/nitish/final_ws/install/setup.sh'
[45.372s] INFO:colcon.colcon_core.shell:Creating prefix script '/home/nitish/final_ws/install/local_setup.bash'
[45.375s] INFO:colcon.colcon_core.shell:Creating prefix chain script '/home/nitish/final_ws/install/setup.bash'
[45.499s] INFO:colcon.colcon_core.shell:Creating prefix script '/home/nitish/final_ws/install/local_setup.zsh'
[45.500s] INFO:colcon.colcon_core.shell:Creating prefix chain script '/home/nitish/final_ws/install/setup.zsh'
