[0.428s] Invoking command in '/home/nitish/final_ws/build/group11_final': CMAKE_PREFIX_PATH=/home/nitish/final_ws/install/ros2_aruco_interfaces:/home/nitish/final_ws/install/mage_msgs:/home/nitish/final_ws/install/group11_final:/home/nitish/final_ws/install/final_project:/home/nitish/final_ws/install/ros2_aruco:/opt/ros/galactic LD_LIBRARY_PATH=/home/nitish/final_ws/install/ros2_aruco_interfaces/lib:/home/nitish/final_ws/install/mage_msgs/lib:/home/nitish/final_ws/install/final_project/lib:/usr/lib/x86_64-linux-gnu/gazebo-11/plugins:/opt/ros/galactic/opt/yaml_cpp_vendor/lib:/opt/ros/galactic/opt/rviz_ogre_vendor/lib:/opt/ros/galactic/lib/x86_64-linux-gnu:/opt/ros/galactic/lib PYTHONPATH=/home/nitish/final_ws/install/ros2_aruco_interfaces/lib/python3.8/site-packages:/home/nitish/final_ws/install/mage_msgs/lib/python3.8/site-packages:/home/nitish/final_ws/install/ros2_aruco/lib/python3.8/site-packages:/home/nitish/final_ws/install/final_project/lib/python3.8/site-packages:/opt/ros/galactic/lib/python3.8/site-packages /usr/bin/cmake --build /home/nitish/final_ws/build/group11_final -- -j12 -l12
[0.546s] [35m[1mScanning dependencies of target part_pose_listener[0m
[0.704s] [ 33%] [32mBuilding CXX object CMakeFiles/part_pose_listener.dir/src/part_pose_listener.cpp.o[0m
[5.226s] In file included from [01m[K/home/nitish/final_ws/src/group11_final/src/part_pose_listener.cpp:1[m[K:
[5.227s] [01m[K/home/nitish/final_ws/src/group11_final/include/group11_final/part_pose_listener.hpp:[m[K In constructor ‘[01m[KPartPoseListener::PartPoseListener()[m[K’:
[5.227s] [01m[K/home/nitish/final_ws/src/group11_final/include/group11_final/part_pose_listener.hpp:91:32:[m[K [01;35m[Kwarning: [m[K‘[01m[KPartPoseListener::tfListener[m[K’ will be initialized after [[01;35m[K-Wreorder[m[K]
[5.227s]    91 |     tf2_ros::TransformListener [01;35m[KtfListener[m[K;
[5.227s]       |                                [01;35m[K^~~~~~~~~~[m[K
[5.227s] [01m[K/home/nitish/final_ws/src/group11_final/include/group11_final/part_pose_listener.hpp:70:10:[m[K [01;35m[Kwarning: [m[K  ‘[01m[Klong int PartPoseListener::aruco_marker_id_[m[K’ [[01;35m[K-Wreorder[m[K]
[5.228s]    70 |     long [01;35m[Karuco_marker_id_[m[K; // Variable to store the ArUco marker ID
[5.229s]       |          [01;35m[K^~~~~~~~~~~~~~~~[m[K
[5.229s] [01m[K/home/nitish/final_ws/src/group11_final/src/part_pose_listener.cpp:3:1:[m[K [01;35m[Kwarning: [m[K  when initialized here [[01;35m[K-Wreorder[m[K]
[5.229s]     3 | [01;35m[KPartPoseListener[m[K::PartPoseListener() : Node("part_pose_listener"),
[5.230s]       | [01;35m[K^~~~~~~~~~~~~~~~[m[K
[5.230s] In file included from [01m[K/home/nitish/final_ws/src/group11_final/src/part_pose_listener.cpp:1[m[K:
[5.231s] [01m[K/home/nitish/final_ws/src/group11_final/include/group11_final/part_pose_listener.hpp:74:10:[m[K [01;35m[Kwarning: [m[K‘[01m[KPartPoseListener::info_logged_[m[K’ will be initialized after [[01;35m[K-Wreorder[m[K]
[5.231s]    74 |     bool [01;35m[Kinfo_logged_[m[K;
[5.231s]       |          [01;35m[K^~~~~~~~~~~~[m[K
[5.231s] [01m[K/home/nitish/final_ws/src/group11_final/include/group11_final/part_pose_listener.hpp:66:12:[m[K [01;35m[Kwarning: [m[K  ‘[01m[Ksize_t PartPoseListener::total_parts_to_detect[m[K’ [[01;35m[K-Wreorder[m[K]
[5.232s]    66 |     size_t [01;35m[Ktotal_parts_to_detect[m[K;
[5.232s]       |            [01;35m[K^~~~~~~~~~~~~~~~~~~~~[m[K
[5.232s] [01m[K/home/nitish/final_ws/src/group11_final/src/part_pose_listener.cpp:3:1:[m[K [01;35m[Kwarning: [m[K  when initialized here [[01;35m[K-Wreorder[m[K]
[5.232s]     3 | [01;35m[KPartPoseListener[m[K::PartPoseListener() : Node("part_pose_listener"),
[5.232s]       | [01;35m[K^~~~~~~~~~~~~~~~[m[K
[5.232s] In file included from [01m[K/home/nitish/final_ws/src/group11_final/src/part_pose_listener.cpp:1[m[K:
[5.232s] [01m[K/home/nitish/final_ws/src/group11_final/include/group11_final/part_pose_listener.hpp:72:10:[m[K [01;35m[Kwarning: [m[K‘[01m[KPartPoseListener::all_parts_logged_[m[K’ will be initialized after [[01;35m[K-Wreorder[m[K]
[5.232s]    72 |     bool [01;35m[Kall_parts_logged_[m[K;
[5.233s]       |          [01;35m[K^~~~~~~~~~~~~~~~~[m[K
[5.233s] [01m[K/home/nitish/final_ws/src/group11_final/include/group11_final/part_pose_listener.hpp:42:10:[m[K [01;35m[Kwarning: [m[K  ‘[01m[Kbool PartPoseListener::initial_pose_set_[m[K’ [[01;35m[K-Wreorder[m[K]
[5.233s]    42 |     bool [01;35m[Kinitial_pose_set_[m[K;
[5.233s]       |          [01;35m[K^~~~~~~~~~~~~~~~~[m[K
[5.233s] [01m[K/home/nitish/final_ws/src/group11_final/src/part_pose_listener.cpp:3:1:[m[K [01;35m[Kwarning: [m[K  when initialized here [[01;35m[K-Wreorder[m[K]
[5.233s]     3 | [01;35m[KPartPoseListener[m[K::PartPoseListener() : Node("part_pose_listener"),
[5.233s]       | [01;35m[K^~~~~~~~~~~~~~~~[m[K
[24.375s] [ 66%] [32m[1mLinking CXX executable part_pose_listener[0m
[25.824s] [100%] Built target part_pose_listener
[25.850s] Invoked command in '/home/nitish/final_ws/build/group11_final' returned '0': CMAKE_PREFIX_PATH=/home/nitish/final_ws/install/ros2_aruco_interfaces:/home/nitish/final_ws/install/mage_msgs:/home/nitish/final_ws/install/group11_final:/home/nitish/final_ws/install/final_project:/home/nitish/final_ws/install/ros2_aruco:/opt/ros/galactic LD_LIBRARY_PATH=/home/nitish/final_ws/install/ros2_aruco_interfaces/lib:/home/nitish/final_ws/install/mage_msgs/lib:/home/nitish/final_ws/install/final_project/lib:/usr/lib/x86_64-linux-gnu/gazebo-11/plugins:/opt/ros/galactic/opt/yaml_cpp_vendor/lib:/opt/ros/galactic/opt/rviz_ogre_vendor/lib:/opt/ros/galactic/lib/x86_64-linux-gnu:/opt/ros/galactic/lib PYTHONPATH=/home/nitish/final_ws/install/ros2_aruco_interfaces/lib/python3.8/site-packages:/home/nitish/final_ws/install/mage_msgs/lib/python3.8/site-packages:/home/nitish/final_ws/install/ros2_aruco/lib/python3.8/site-packages:/home/nitish/final_ws/install/final_project/lib/python3.8/site-packages:/opt/ros/galactic/lib/python3.8/site-packages /usr/bin/cmake --build /home/nitish/final_ws/build/group11_final -- -j12 -l12
[25.914s] Invoking command in '/home/nitish/final_ws/build/group11_final': CMAKE_PREFIX_PATH=/home/nitish/final_ws/install/ros2_aruco_interfaces:/home/nitish/final_ws/install/mage_msgs:/home/nitish/final_ws/install/group11_final:/home/nitish/final_ws/install/final_project:/home/nitish/final_ws/install/ros2_aruco:/opt/ros/galactic LD_LIBRARY_PATH=/home/nitish/final_ws/install/ros2_aruco_interfaces/lib:/home/nitish/final_ws/install/mage_msgs/lib:/home/nitish/final_ws/install/final_project/lib:/usr/lib/x86_64-linux-gnu/gazebo-11/plugins:/opt/ros/galactic/opt/yaml_cpp_vendor/lib:/opt/ros/galactic/opt/rviz_ogre_vendor/lib:/opt/ros/galactic/lib/x86_64-linux-gnu:/opt/ros/galactic/lib PYTHONPATH=/home/nitish/final_ws/install/ros2_aruco_interfaces/lib/python3.8/site-packages:/home/nitish/final_ws/install/mage_msgs/lib/python3.8/site-packages:/home/nitish/final_ws/install/ros2_aruco/lib/python3.8/site-packages:/home/nitish/final_ws/install/final_project/lib/python3.8/site-packages:/opt/ros/galactic/lib/python3.8/site-packages /usr/bin/cmake --install /home/nitish/final_ws/build/group11_final
[25.929s] -- Install configuration: ""
[25.930s] -- Installing: /home/nitish/final_ws/install/group11_final/lib/group11_final/part_pose_listener
[25.942s] -- Set runtime path of "/home/nitish/final_ws/install/group11_final/lib/group11_final/part_pose_listener" to ""
[25.943s] -- Up-to-date: /home/nitish/final_ws/install/group11_final/share/group11_final//include
[25.943s] -- Up-to-date: /home/nitish/final_ws/install/group11_final/share/group11_final//include/group11_final
[25.943s] -- Up-to-date: /home/nitish/final_ws/install/group11_final/share/group11_final//include/group11_final/part_pose_listener.hpp
[25.943s] -- Up-to-date: /home/nitish/final_ws/install/group11_final/share/group11_final//config
[25.943s] -- Up-to-date: /home/nitish/final_ws/install/group11_final/share/group11_final//config/waypoint_params.yaml
[25.944s] -- Up-to-date: /home/nitish/final_ws/install/group11_final/share/group11_final//launch
[25.944s] -- Up-to-date: /home/nitish/final_ws/install/group11_final/share/group11_final//launch/launch.py
[25.944s] -- Up-to-date: /home/nitish/final_ws/install/group11_final/share/ament_index/resource_index/package_run_dependencies/group11_final
[25.944s] -- Up-to-date: /home/nitish/final_ws/install/group11_final/share/ament_index/resource_index/parent_prefix_path/group11_final
[25.944s] -- Up-to-date: /home/nitish/final_ws/install/group11_final/share/group11_final/environment/ament_prefix_path.sh
[25.944s] -- Up-to-date: /home/nitish/final_ws/install/group11_final/share/group11_final/environment/ament_prefix_path.dsv
[25.944s] -- Up-to-date: /home/nitish/final_ws/install/group11_final/share/group11_final/environment/path.sh
[25.945s] -- Up-to-date: /home/nitish/final_ws/install/group11_final/share/group11_final/environment/path.dsv
[25.945s] -- Up-to-date: /home/nitish/final_ws/install/group11_final/share/group11_final/local_setup.bash
[25.945s] -- Up-to-date: /home/nitish/final_ws/install/group11_final/share/group11_final/local_setup.sh
[25.945s] -- Up-to-date: /home/nitish/final_ws/install/group11_final/share/group11_final/local_setup.zsh
[25.945s] -- Up-to-date: /home/nitish/final_ws/install/group11_final/share/group11_final/local_setup.dsv
[25.945s] -- Installing: /home/nitish/final_ws/install/group11_final/share/group11_final/package.dsv
[25.946s] -- Up-to-date: /home/nitish/final_ws/install/group11_final/share/ament_index/resource_index/packages/group11_final
[25.946s] -- Up-to-date: /home/nitish/final_ws/install/group11_final/share/group11_final/cmake/group11_finalConfig.cmake
[25.946s] -- Up-to-date: /home/nitish/final_ws/install/group11_final/share/group11_final/cmake/group11_finalConfig-version.cmake
[25.946s] -- Up-to-date: /home/nitish/final_ws/install/group11_final/share/group11_final/package.xml
[25.948s] Invoked command in '/home/nitish/final_ws/build/group11_final' returned '0': CMAKE_PREFIX_PATH=/home/nitish/final_ws/install/ros2_aruco_interfaces:/home/nitish/final_ws/install/mage_msgs:/home/nitish/final_ws/install/group11_final:/home/nitish/final_ws/install/final_project:/home/nitish/final_ws/install/ros2_aruco:/opt/ros/galactic LD_LIBRARY_PATH=/home/nitish/final_ws/install/ros2_aruco_interfaces/lib:/home/nitish/final_ws/install/mage_msgs/lib:/home/nitish/final_ws/install/final_project/lib:/usr/lib/x86_64-linux-gnu/gazebo-11/plugins:/opt/ros/galactic/opt/yaml_cpp_vendor/lib:/opt/ros/galactic/opt/rviz_ogre_vendor/lib:/opt/ros/galactic/lib/x86_64-linux-gnu:/opt/ros/galactic/lib PYTHONPATH=/home/nitish/final_ws/install/ros2_aruco_interfaces/lib/python3.8/site-packages:/home/nitish/final_ws/install/mage_msgs/lib/python3.8/site-packages:/home/nitish/final_ws/install/ros2_aruco/lib/python3.8/site-packages:/home/nitish/final_ws/install/final_project/lib/python3.8/site-packages:/opt/ros/galactic/lib/python3.8/site-packages /usr/bin/cmake --install /home/nitish/final_ws/build/group11_final
