[0.346s] Invoking command in '/home/nitish/final_ws/build/group11_final': CMAKE_PREFIX_PATH=/home/nitish/final_ws/install/ros2_aruco_interfaces:/home/nitish/final_ws/install/mage_msgs:/home/nitish/final_ws/install/group11_final:/home/nitish/final_ws/install/final_project:/home/nitish/final_ws/install/ros2_aruco:/opt/ros/galactic LD_LIBRARY_PATH=/home/nitish/final_ws/install/ros2_aruco_interfaces/lib:/home/nitish/final_ws/install/mage_msgs/lib:/home/nitish/final_ws/install/final_project/lib:/usr/lib/x86_64-linux-gnu/gazebo-11/plugins:/opt/ros/galactic/opt/yaml_cpp_vendor/lib:/opt/ros/galactic/opt/rviz_ogre_vendor/lib:/opt/ros/galactic/lib/x86_64-linux-gnu:/opt/ros/galactic/lib PYTHONPATH=/home/nitish/final_ws/install/ros2_aruco_interfaces/lib/python3.8/site-packages:/home/nitish/final_ws/install/mage_msgs/lib/python3.8/site-packages:/home/nitish/final_ws/install/ros2_aruco/lib/python3.8/site-packages:/home/nitish/final_ws/install/final_project/lib/python3.8/site-packages:/opt/ros/galactic/lib/python3.8/site-packages /usr/bin/cmake --build /home/nitish/final_ws/build/group11_final -- -j12 -l12
[0.426s] [35m[1mScanning dependencies of target part_pose_listener[0m
[0.504s] [ 33%] [32mBuilding CXX object CMakeFiles/part_pose_listener.dir/src/part_pose_listener.cpp.o[0m
[0.508s] [ 66%] [32mBuilding CXX object CMakeFiles/part_pose_listener.dir/src/main.cpp.o[0m
[34.122s] [100%] [32m[1mLinking CXX executable part_pose_listener[0m
[36.199s] [100%] Built target part_pose_listener
[36.243s] Invoked command in '/home/nitish/final_ws/build/group11_final' returned '0': CMAKE_PREFIX_PATH=/home/nitish/final_ws/install/ros2_aruco_interfaces:/home/nitish/final_ws/install/mage_msgs:/home/nitish/final_ws/install/group11_final:/home/nitish/final_ws/install/final_project:/home/nitish/final_ws/install/ros2_aruco:/opt/ros/galactic LD_LIBRARY_PATH=/home/nitish/final_ws/install/ros2_aruco_interfaces/lib:/home/nitish/final_ws/install/mage_msgs/lib:/home/nitish/final_ws/install/final_project/lib:/usr/lib/x86_64-linux-gnu/gazebo-11/plugins:/opt/ros/galactic/opt/yaml_cpp_vendor/lib:/opt/ros/galactic/opt/rviz_ogre_vendor/lib:/opt/ros/galactic/lib/x86_64-linux-gnu:/opt/ros/galactic/lib PYTHONPATH=/home/nitish/final_ws/install/ros2_aruco_interfaces/lib/python3.8/site-packages:/home/nitish/final_ws/install/mage_msgs/lib/python3.8/site-packages:/home/nitish/final_ws/install/ros2_aruco/lib/python3.8/site-packages:/home/nitish/final_ws/install/final_project/lib/python3.8/site-packages:/opt/ros/galactic/lib/python3.8/site-packages /usr/bin/cmake --build /home/nitish/final_ws/build/group11_final -- -j12 -l12
[36.354s] Invoking command in '/home/nitish/final_ws/build/group11_final': CMAKE_PREFIX_PATH=/home/nitish/final_ws/install/ros2_aruco_interfaces:/home/nitish/final_ws/install/mage_msgs:/home/nitish/final_ws/install/group11_final:/home/nitish/final_ws/install/final_project:/home/nitish/final_ws/install/ros2_aruco:/opt/ros/galactic LD_LIBRARY_PATH=/home/nitish/final_ws/install/ros2_aruco_interfaces/lib:/home/nitish/final_ws/install/mage_msgs/lib:/home/nitish/final_ws/install/final_project/lib:/usr/lib/x86_64-linux-gnu/gazebo-11/plugins:/opt/ros/galactic/opt/yaml_cpp_vendor/lib:/opt/ros/galactic/opt/rviz_ogre_vendor/lib:/opt/ros/galactic/lib/x86_64-linux-gnu:/opt/ros/galactic/lib PYTHONPATH=/home/nitish/final_ws/install/ros2_aruco_interfaces/lib/python3.8/site-packages:/home/nitish/final_ws/install/mage_msgs/lib/python3.8/site-packages:/home/nitish/final_ws/install/ros2_aruco/lib/python3.8/site-packages:/home/nitish/final_ws/install/final_project/lib/python3.8/site-packages:/opt/ros/galactic/lib/python3.8/site-packages /usr/bin/cmake --install /home/nitish/final_ws/build/group11_final
[36.368s] -- Install configuration: ""
[36.368s] -- Installing: /home/nitish/final_ws/install/group11_final/lib/group11_final/part_pose_listener
[36.393s] -- Set runtime path of "/home/nitish/final_ws/install/group11_final/lib/group11_final/part_pose_listener" to ""
[36.394s] -- Up-to-date: /home/nitish/final_ws/install/group11_final/share/group11_final//include
[36.398s] -- Up-to-date: /home/nitish/final_ws/install/group11_final/share/group11_final//include/group11_final
[36.398s] -- Installing: /home/nitish/final_ws/install/group11_final/share/group11_final//include/group11_final/part_pose_listener.hpp
[36.399s] -- Up-to-date: /home/nitish/final_ws/install/group11_final/share/group11_final//config
[36.400s] -- Up-to-date: /home/nitish/final_ws/install/group11_final/share/group11_final//config/waypoint_params.yaml
[36.400s] -- Up-to-date: /home/nitish/final_ws/install/group11_final/share/group11_final//launch
[36.400s] -- Up-to-date: /home/nitish/final_ws/install/group11_final/share/group11_final//launch/launch.py
[36.401s] -- Up-to-date: /home/nitish/final_ws/install/group11_final/share/ament_index/resource_index/package_run_dependencies/group11_final
[36.402s] -- Up-to-date: /home/nitish/final_ws/install/group11_final/share/ament_index/resource_index/parent_prefix_path/group11_final
[36.402s] -- Up-to-date: /home/nitish/final_ws/install/group11_final/share/group11_final/environment/ament_prefix_path.sh
[36.404s] -- Up-to-date: /home/nitish/final_ws/install/group11_final/share/group11_final/environment/ament_prefix_path.dsv
[36.405s] -- Up-to-date: /home/nitish/final_ws/install/group11_final/share/group11_final/environment/path.sh
[36.405s] -- Up-to-date: /home/nitish/final_ws/install/group11_final/share/group11_final/environment/path.dsv
[36.405s] -- Up-to-date: /home/nitish/final_ws/install/group11_final/share/group11_final/local_setup.bash
[36.405s] -- Up-to-date: /home/nitish/final_ws/install/group11_final/share/group11_final/local_setup.sh
[36.406s] -- Up-to-date: /home/nitish/final_ws/install/group11_final/share/group11_final/local_setup.zsh
[36.406s] -- Up-to-date: /home/nitish/final_ws/install/group11_final/share/group11_final/local_setup.dsv
[36.406s] -- Installing: /home/nitish/final_ws/install/group11_final/share/group11_final/package.dsv
[36.407s] -- Up-to-date: /home/nitish/final_ws/install/group11_final/share/ament_index/resource_index/packages/group11_final
[36.407s] -- Up-to-date: /home/nitish/final_ws/install/group11_final/share/group11_final/cmake/group11_finalConfig.cmake
[36.407s] -- Up-to-date: /home/nitish/final_ws/install/group11_final/share/group11_final/cmake/group11_finalConfig-version.cmake
[36.408s] -- Up-to-date: /home/nitish/final_ws/install/group11_final/share/group11_final/package.xml
[36.409s] Invoked command in '/home/nitish/final_ws/build/group11_final' returned '0': CMAKE_PREFIX_PATH=/home/nitish/final_ws/install/ros2_aruco_interfaces:/home/nitish/final_ws/install/mage_msgs:/home/nitish/final_ws/install/group11_final:/home/nitish/final_ws/install/final_project:/home/nitish/final_ws/install/ros2_aruco:/opt/ros/galactic LD_LIBRARY_PATH=/home/nitish/final_ws/install/ros2_aruco_interfaces/lib:/home/nitish/final_ws/install/mage_msgs/lib:/home/nitish/final_ws/install/final_project/lib:/usr/lib/x86_64-linux-gnu/gazebo-11/plugins:/opt/ros/galactic/opt/yaml_cpp_vendor/lib:/opt/ros/galactic/opt/rviz_ogre_vendor/lib:/opt/ros/galactic/lib/x86_64-linux-gnu:/opt/ros/galactic/lib PYTHONPATH=/home/nitish/final_ws/install/ros2_aruco_interfaces/lib/python3.8/site-packages:/home/nitish/final_ws/install/mage_msgs/lib/python3.8/site-packages:/home/nitish/final_ws/install/ros2_aruco/lib/python3.8/site-packages:/home/nitish/final_ws/install/final_project/lib/python3.8/site-packages:/opt/ros/galactic/lib/python3.8/site-packages /usr/bin/cmake --install /home/nitish/final_ws/build/group11_final
