[0.638s] Invoking command in '/home/nitish/final_ws/build/final_project': CMAKE_PREFIX_PATH=/home/nitish/final_ws/install/mage_msgs:/home/nitish/final_ws/install/group11_final:/home/nitish/final_ws/install/ros2_aruco_interfaces:/home/nitish/final_ws/install/final_project:/home/nitish/final_ws/install/ros2_aruco:/opt/ros/galactic LD_LIBRARY_PATH=/home/nitish/final_ws/install/mage_msgs/lib:/home/nitish/final_ws/install/ros2_aruco_interfaces/lib:/home/nitish/final_ws/install/final_project/lib:/usr/lib/x86_64-linux-gnu/gazebo-11/plugins:/opt/ros/galactic/opt/yaml_cpp_vendor/lib:/opt/ros/galactic/opt/rviz_ogre_vendor/lib:/opt/ros/galactic/lib/x86_64-linux-gnu:/opt/ros/galactic/lib PYTHONPATH=/home/nitish/final_ws/install/mage_msgs/lib/python3.8/site-packages:/home/nitish/final_ws/install/ros2_aruco_interfaces/lib/python3.8/site-packages:/home/nitish/final_ws/install/ros2_aruco/lib/python3.8/site-packages:/home/nitish/final_ws/install/final_project/lib/python3.8/site-packages:/opt/ros/galactic/lib/python3.8/site-packages /usr/bin/cmake --build /home/nitish/final_ws/build/final_project -- -j12 -l12
[0.735s] [  0%] Built target ament_cmake_python_copy_final_project
[0.753s] [ 50%] Built target disable_shadows_plugin
[0.757s] [100%] Built target AriacLogicalCameraPlugin
[1.115s] running egg_info
[1.117s] writing final_project.egg-info/PKG-INFO
[1.117s] writing dependency_links to final_project.egg-info/dependency_links.txt
[1.117s] writing top-level names to final_project.egg-info/top_level.txt
[1.134s] running install_scripts
[1.172s] reading manifest file 'final_project.egg-info/SOURCES.txt'
[1.173s] running egg_info
[1.173s] writing manifest file 'final_project.egg-info/SOURCES.txt'
[1.174s] writing final_project.egg-info/PKG-INFO
[1.175s] writing dependency_links to final_project.egg-info/dependency_links.txt
[1.175s] writing top-level names to final_project.egg-info/top_level.txt
[1.214s] [100%] Built target ament_cmake_python_build_final_project_egg
[1.230s] reading manifest file 'final_project.egg-info/SOURCES.txt'
[1.231s] writing manifest file 'final_project.egg-info/SOURCES.txt'
[1.282s] [100%] Built target ament_cmake_python_build_final_project_scripts
[1.301s] Invoked command in '/home/nitish/final_ws/build/final_project' returned '0': CMAKE_PREFIX_PATH=/home/nitish/final_ws/install/mage_msgs:/home/nitish/final_ws/install/group11_final:/home/nitish/final_ws/install/ros2_aruco_interfaces:/home/nitish/final_ws/install/final_project:/home/nitish/final_ws/install/ros2_aruco:/opt/ros/galactic LD_LIBRARY_PATH=/home/nitish/final_ws/install/mage_msgs/lib:/home/nitish/final_ws/install/ros2_aruco_interfaces/lib:/home/nitish/final_ws/install/final_project/lib:/usr/lib/x86_64-linux-gnu/gazebo-11/plugins:/opt/ros/galactic/opt/yaml_cpp_vendor/lib:/opt/ros/galactic/opt/rviz_ogre_vendor/lib:/opt/ros/galactic/lib/x86_64-linux-gnu:/opt/ros/galactic/lib PYTHONPATH=/home/nitish/final_ws/install/mage_msgs/lib/python3.8/site-packages:/home/nitish/final_ws/install/ros2_aruco_interfaces/lib/python3.8/site-packages:/home/nitish/final_ws/install/ros2_aruco/lib/python3.8/site-packages:/home/nitish/final_ws/install/final_project/lib/python3.8/site-packages:/opt/ros/galactic/lib/python3.8/site-packages /usr/bin/cmake --build /home/nitish/final_ws/build/final_project -- -j12 -l12
[1.357s] Invoking command in '/home/nitish/final_ws/build/final_project': CMAKE_PREFIX_PATH=/home/nitish/final_ws/install/mage_msgs:/home/nitish/final_ws/install/group11_final:/home/nitish/final_ws/install/ros2_aruco_interfaces:/home/nitish/final_ws/install/final_project:/home/nitish/final_ws/install/ros2_aruco:/opt/ros/galactic LD_LIBRARY_PATH=/home/nitish/final_ws/install/mage_msgs/lib:/home/nitish/final_ws/install/ros2_aruco_interfaces/lib:/home/nitish/final_ws/install/final_project/lib:/usr/lib/x86_64-linux-gnu/gazebo-11/plugins:/opt/ros/galactic/opt/yaml_cpp_vendor/lib:/opt/ros/galactic/opt/rviz_ogre_vendor/lib:/opt/ros/galactic/lib/x86_64-linux-gnu:/opt/ros/galactic/lib PYTHONPATH=/home/nitish/final_ws/install/mage_msgs/lib/python3.8/site-packages:/home/nitish/final_ws/install/ros2_aruco_interfaces/lib/python3.8/site-packages:/home/nitish/final_ws/install/ros2_aruco/lib/python3.8/site-packages:/home/nitish/final_ws/install/final_project/lib/python3.8/site-packages:/opt/ros/galactic/lib/python3.8/site-packages /usr/bin/cmake --install /home/nitish/final_ws/build/final_project
[1.371s] -- Install configuration: ""
[1.372s] -- Up-to-date: /home/nitish/final_ws/install/final_project/share/final_project/environment/library_path.sh
[1.372s] -- Up-to-date: /home/nitish/final_ws/install/final_project/share/final_project/environment/library_path.dsv
[1.372s] -- Up-to-date: /home/nitish/final_ws/install/final_project/include
[1.373s] -- Up-to-date: /home/nitish/final_ws/install/final_project/include/final_project
[1.373s] -- Up-to-date: /home/nitish/final_ws/install/final_project/include/final_project/ariac_logical_camera_plugin.hpp
[1.373s] -- Up-to-date: /home/nitish/final_ws/install/final_project/include/final_project/disable_shadows_plugin.hpp
[1.373s] -- Up-to-date: /home/nitish/final_ws/install/final_project/lib/libAriacLogicalCameraPlugin.so
[1.374s] -- Up-to-date: /home/nitish/final_ws/install/final_project/lib/libdisable_shadows_plugin.so
[1.374s] -- Up-to-date: /home/nitish/final_ws/install/final_project/share/final_project//config
[1.374s] -- Up-to-date: /home/nitish/final_ws/install/final_project/share/final_project//config/sensors.yaml
[1.375s] -- Up-to-date: /home/nitish/final_ws/install/final_project/share/final_project//config/waypoint_params.yaml
[1.375s] -- Up-to-date: /home/nitish/final_ws/install/final_project/share/final_project//launch
[1.376s] -- Up-to-date: /home/nitish/final_ws/install/final_project/share/final_project//launch/robot_state_publisher.launch.py
[1.376s] -- Up-to-date: /home/nitish/final_ws/install/final_project/share/final_project//launch/spawn_turtlebot3.launch.py
[1.377s] -- Up-to-date: /home/nitish/final_ws/install/final_project/share/final_project//launch/final_project.launch.py
[1.377s] -- Up-to-date: /home/nitish/final_ws/install/final_project/share/final_project//models
[1.377s] -- Up-to-date: /home/nitish/final_ws/install/final_project/share/final_project//models/aruco_marker_1
[1.378s] -- Up-to-date: /home/nitish/final_ws/install/final_project/share/final_project//models/aruco_marker_1/model.config
[1.378s] -- Up-to-date: /home/nitish/final_ws/install/final_project/share/final_project//models/aruco_marker_1/model.sdf
[1.378s] -- Up-to-date: /home/nitish/final_ws/install/final_project/share/final_project//models/aruco_marker_1/materials
[1.378s] -- Up-to-date: /home/nitish/final_ws/install/final_project/share/final_project//models/aruco_marker_1/materials/scripts
[1.378s] -- Up-to-date: /home/nitish/final_ws/install/final_project/share/final_project//models/aruco_marker_1/materials/scripts/marker.material
[1.379s] -- Up-to-date: /home/nitish/final_ws/install/final_project/share/final_project//models/aruco_marker_1/materials/textures
[1.379s] -- Up-to-date: /home/nitish/final_ws/install/final_project/share/final_project//models/aruco_marker_1/materials/textures/5x5_1000-1.svg
[1.379s] -- Up-to-date: /home/nitish/final_ws/install/final_project/share/final_project//models/aruco_marker_1/materials/textures/svgtopng.zip
[1.379s] -- Up-to-date: /home/nitish/final_ws/install/final_project/share/final_project//models/aruco_marker_1/materials/textures/5x5_1000-1.png
[1.379s] -- Up-to-date: /home/nitish/final_ws/install/final_project/share/final_project//models/aruco_marker_1/materials/textures/marker_1.png
[1.380s] -- Up-to-date: /home/nitish/final_ws/install/final_project/share/final_project//models/floor
[1.380s] -- Up-to-date: /home/nitish/final_ws/install/final_project/share/final_project//models/floor/meshes
[1.380s] -- Up-to-date: /home/nitish/final_ws/install/final_project/share/final_project//models/floor/meshes/Suede_Blue.jpg
[1.380s] -- Up-to-date: /home/nitish/final_ws/install/final_project/share/final_project//models/floor/meshes/floor.dae
[1.380s] -- Up-to-date: /home/nitish/final_ws/install/final_project/share/final_project//models/floor/meshes/Suede_Blue_1.jpg
[1.380s] -- Up-to-date: /home/nitish/final_ws/install/final_project/share/final_project//models/floor/meshes/example-2.png
[1.381s] -- Up-to-date: /home/nitish/final_ws/install/final_project/share/final_project//models/floor/model.config
[1.381s] -- Up-to-date: /home/nitish/final_ws/install/final_project/share/final_project//models/floor/model.sdf
[1.381s] -- Up-to-date: /home/nitish/final_ws/install/final_project/share/final_project//models/box_pallets
[1.381s] -- Up-to-date: /home/nitish/final_ws/install/final_project/share/final_project//models/box_pallets/meshes
[1.381s] -- Up-to-date: /home/nitish/final_ws/install/final_project/share/final_project//models/box_pallets/meshes/box_pallet.dae
[1.381s] -- Up-to-date: /home/nitish/final_ws/install/final_project/share/final_project//models/box_pallets/meshes/AM200_029_02_Diffuse.jpg
[1.381s] -- Up-to-date: /home/nitish/final_ws/install/final_project/share/final_project//models/box_pallets/meshes/AM200_029_01_Diffuse.jpg
[1.382s] -- Up-to-date: /home/nitish/final_ws/install/final_project/share/final_project//models/box_pallets/meshes/AM200_029_07_Diffuse.jpg
[1.382s] -- Up-to-date: /home/nitish/final_ws/install/final_project/share/final_project//models/box_pallets/model.config
[1.382s] -- Up-to-date: /home/nitish/final_ws/install/final_project/share/final_project//models/box_pallets/model.sdf
[1.382s] -- Up-to-date: /home/nitish/final_ws/install/final_project/share/final_project//models/box_pallets_3
[1.382s] -- Up-to-date: /home/nitish/final_ws/install/final_project/share/final_project//models/box_pallets_3/meshes
[1.382s] -- Up-to-date: /home/nitish/final_ws/install/final_project/share/final_project//models/box_pallets_3/meshes/box_pallet.dae
[1.383s] -- Up-to-date: /home/nitish/final_ws/install/final_project/share/final_project//models/box_pallets_3/meshes/AM200_029_08_Diffuse.jpg
[1.383s] -- Up-to-date: /home/nitish/final_ws/install/final_project/share/final_project//models/box_pallets_3/meshes/AM200_029_04_Diffuse.jpg
[1.383s] -- Up-to-date: /home/nitish/final_ws/install/final_project/share/final_project//models/box_pallets_3/meshes/AM200_029_01_Diffuse.jpg
[1.383s] -- Up-to-date: /home/nitish/final_ws/install/final_project/share/final_project//models/box_pallets_3/meshes/AM200_029_03_Diffuse.jpg
[1.383s] -- Up-to-date: /home/nitish/final_ws/install/final_project/share/final_project//models/box_pallets_3/model.config
[1.384s] -- Up-to-date: /home/nitish/final_ws/install/final_project/share/final_project//models/box_pallets_3/model.sdf
[1.384s] -- Up-to-date: /home/nitish/final_ws/install/final_project/share/final_project//models/aruco_marker_2
[1.384s] -- Up-to-date: /home/nitish/final_ws/install/final_project/share/final_project//models/aruco_marker_2/model.config
[1.384s] -- Up-to-date: /home/nitish/final_ws/install/final_project/share/final_project//models/aruco_marker_2/model.sdf
[1.384s] -- Up-to-date: /home/nitish/final_ws/install/final_project/share/final_project//models/aruco_marker_2/materials
[1.384s] -- Up-to-date: /home/nitish/final_ws/install/final_project/share/final_project//models/aruco_marker_2/materials/scripts
[1.385s] -- Up-to-date: /home/nitish/final_ws/install/final_project/share/final_project//models/aruco_marker_2/materials/scripts/marker.material
[1.385s] -- Up-to-date: /home/nitish/final_ws/install/final_project/share/final_project//models/aruco_marker_2/materials/textures
[1.385s] -- Up-to-date: /home/nitish/final_ws/install/final_project/share/final_project//models/aruco_marker_2/materials/textures/5x5_1000-2.png
[1.385s] -- Up-to-date: /home/nitish/final_ws/install/final_project/share/final_project//models/aruco_marker_2/materials/textures/marker_2.png
[1.385s] -- Up-to-date: /home/nitish/final_ws/install/final_project/share/final_project//models/aruco_marker_2/materials/textures/5x5_1000-2.svg
[1.385s] -- Up-to-date: /home/nitish/final_ws/install/final_project/share/final_project//models/aruco_marker_2/materials/textures/svgtopng.zip
[1.386s] -- Up-to-date: /home/nitish/final_ws/install/final_project/share/final_project//models/aruco_marker_0
[1.386s] -- Up-to-date: /home/nitish/final_ws/install/final_project/share/final_project//models/aruco_marker_0/model.config
[1.386s] -- Up-to-date: /home/nitish/final_ws/install/final_project/share/final_project//models/aruco_marker_0/model.sdf
[1.386s] -- Up-to-date: /home/nitish/final_ws/install/final_project/share/final_project//models/aruco_marker_0/materials
[1.386s] -- Up-to-date: /home/nitish/final_ws/install/final_project/share/final_project//models/aruco_marker_0/materials/scripts
[1.387s] -- Up-to-date: /home/nitish/final_ws/install/final_project/share/final_project//models/aruco_marker_0/materials/scripts/marker.material
[1.387s] -- Up-to-date: /home/nitish/final_ws/install/final_project/share/final_project//models/aruco_marker_0/materials/textures
[1.387s] -- Up-to-date: /home/nitish/final_ws/install/final_project/share/final_project//models/aruco_marker_0/materials/textures/5x5_1000-0.svg
[1.387s] -- Up-to-date: /home/nitish/final_ws/install/final_project/share/final_project//models/aruco_marker_0/materials/textures/marker_0_old.png
[1.387s] -- Up-to-date: /home/nitish/final_ws/install/final_project/share/final_project//models/aruco_marker_0/materials/textures/svgtopng.zip
[1.388s] -- Up-to-date: /home/nitish/final_ws/install/final_project/share/final_project//models/aruco_marker_0/materials/textures/5x5_1000-0.png
[1.388s] -- Up-to-date: /home/nitish/final_ws/install/final_project/share/final_project//models/battery
[1.388s] -- Up-to-date: /home/nitish/final_ws/install/final_project/share/final_project//models/battery/meshes
[1.388s] -- Up-to-date: /home/nitish/final_ws/install/final_project/share/final_project//models/battery/meshes/battery_base.stl
[1.389s] -- Up-to-date: /home/nitish/final_ws/install/final_project/share/final_project//models/battery/meshes/battery_cap.stl
[1.389s] -- Up-to-date: /home/nitish/final_ws/install/final_project/share/final_project//models/battery/meshes/battery_collision.stl
[1.389s] -- Up-to-date: /home/nitish/final_ws/install/final_project/share/final_project//models/battery/meshes/battery_pins.stl
[1.389s] -- Up-to-date: /home/nitish/final_ws/install/final_project/share/final_project//models/battery/model.config
[1.389s] -- Up-to-date: /home/nitish/final_ws/install/final_project/share/final_project//models/battery/model.sdf
[1.390s] -- Up-to-date: /home/nitish/final_ws/install/final_project/share/final_project//models/advanced_logical_camera
[1.390s] -- Up-to-date: /home/nitish/final_ws/install/final_project/share/final_project//models/advanced_logical_camera/meshes
[1.390s] -- Up-to-date: /home/nitish/final_ws/install/final_project/share/final_project//models/advanced_logical_camera/meshes/camera.dae
[1.390s] -- Up-to-date: /home/nitish/final_ws/install/final_project/share/final_project//models/advanced_logical_camera/model.config
[1.390s] -- Up-to-date: /home/nitish/final_ws/install/final_project/share/final_project//models/advanced_logical_camera/model.sdf
[1.390s] -- Up-to-date: /home/nitish/final_ws/install/final_project/share/final_project//models/advanced_logical_camera/materials
[1.391s] -- Up-to-date: /home/nitish/final_ws/install/final_project/share/final_project//models/advanced_logical_camera/materials/textures
[1.391s] -- Up-to-date: /home/nitish/final_ws/install/final_project/share/final_project//models/advanced_logical_camera/materials/textures/camera.png
[1.391s] -- Up-to-date: /home/nitish/final_ws/install/final_project/share/final_project//models/parts_bin
[1.391s] -- Up-to-date: /home/nitish/final_ws/install/final_project/share/final_project//models/parts_bin/meshes
[1.391s] -- Up-to-date: /home/nitish/final_ws/install/final_project/share/final_project//models/parts_bin/meshes/bin_interior.stl
[1.391s] -- Up-to-date: /home/nitish/final_ws/install/final_project/share/final_project//models/parts_bin/meshes/bin_exterior.dae
[1.392s] -- Up-to-date: /home/nitish/final_ws/install/final_project/share/final_project//models/parts_bin/meshes/Steel_Brushed_Stainless.jpg.001.jpg
[1.392s] -- Up-to-date: /home/nitish/final_ws/install/final_project/share/final_project//models/parts_bin/meshes/bin_exterior.stl
[1.392s] -- Up-to-date: /home/nitish/final_ws/install/final_project/share/final_project//models/parts_bin/meshes/Metal_Rough.jpg.001.jpg
[1.392s] -- Up-to-date: /home/nitish/final_ws/install/final_project/share/final_project//models/parts_bin/model.config
[1.392s] -- Up-to-date: /home/nitish/final_ws/install/final_project/share/final_project//models/parts_bin/model.sdf
[1.393s] -- Up-to-date: /home/nitish/final_ws/install/final_project/share/final_project//models/box_pallets_2
[1.393s] -- Up-to-date: /home/nitish/final_ws/install/final_project/share/final_project//models/box_pallets_2/meshes
[1.393s] -- Up-to-date: /home/nitish/final_ws/install/final_project/share/final_project//models/box_pallets_2/meshes/box_pallet.dae
[1.393s] -- Up-to-date: /home/nitish/final_ws/install/final_project/share/final_project//models/box_pallets_2/meshes/AM200_029_06_Diffuse.jpg
[1.393s] -- Up-to-date: /home/nitish/final_ws/install/final_project/share/final_project//models/box_pallets_2/meshes/AM200_029_01_Diffuse.jpg
[1.393s] -- Up-to-date: /home/nitish/final_ws/install/final_project/share/final_project//models/box_pallets_2/meshes/AM200_029_05_Diffuse.jpg
[1.393s] -- Up-to-date: /home/nitish/final_ws/install/final_project/share/final_project//models/box_pallets_2/model.config
[1.394s] -- Up-to-date: /home/nitish/final_ws/install/final_project/share/final_project//models/box_pallets_2/model.sdf
[1.394s] -- Up-to-date: /home/nitish/final_ws/install/final_project/share/final_project//models/turtlebot3_waffle
[1.394s] -- Up-to-date: /home/nitish/final_ws/install/final_project/share/final_project//models/turtlebot3_waffle/model-1_4.sdf
[1.394s] -- Up-to-date: /home/nitish/final_ws/install/final_project/share/final_project//models/turtlebot3_waffle/model.config
[1.394s] -- Up-to-date: /home/nitish/final_ws/install/final_project/share/final_project//models/turtlebot3_waffle/model.sdf
[1.394s] -- Up-to-date: /home/nitish/final_ws/install/final_project/share/final_project//worlds
[1.395s] -- Up-to-date: /home/nitish/final_ws/install/final_project/share/final_project//worlds/final.world
[1.395s] -- Up-to-date: /home/nitish/final_ws/install/final_project/share/final_project//maps
[1.395s] -- Up-to-date: /home/nitish/final_ws/install/final_project/share/final_project//maps/final2_map.pgm
[1.395s] -- Up-to-date: /home/nitish/final_ws/install/final_project/share/final_project//maps/final2_map.yaml
[1.395s] -- Up-to-date: /home/nitish/final_ws/install/final_project/share/final_project/environment/pythonpath.sh
[1.396s] -- Up-to-date: /home/nitish/final_ws/install/final_project/share/final_project/environment/pythonpath.dsv
[1.396s] -- Up-to-date: /home/nitish/final_ws/install/final_project/lib/python3.8/site-packages//final_project.egg-info
[1.396s] -- Installing: /home/nitish/final_ws/install/final_project/lib/python3.8/site-packages//final_project.egg-info/dependency_links.txt
[1.396s] -- Installing: /home/nitish/final_ws/install/final_project/lib/python3.8/site-packages//final_project.egg-info/SOURCES.txt
[1.396s] -- Installing: /home/nitish/final_ws/install/final_project/lib/python3.8/site-packages//final_project.egg-info/top_level.txt
[1.397s] -- Installing: /home/nitish/final_ws/install/final_project/lib/python3.8/site-packages//final_project.egg-info/PKG-INFO
[1.397s] -- Up-to-date: /home/nitish/final_ws/install/final_project/lib/final_project/
[1.397s] -- Up-to-date: /home/nitish/final_ws/install/final_project/lib/python3.8/site-packages/final_project
[1.397s] -- Up-to-date: /home/nitish/final_ws/install/final_project/lib/python3.8/site-packages/final_project/tf_broadcaster.py
[1.397s] -- Up-to-date: /home/nitish/final_ws/install/final_project/lib/python3.8/site-packages/final_project/__init__.py
[1.398s] -- Up-to-date: /home/nitish/final_ws/install/final_project/lib/python3.8/site-packages/final_project/utilities.py
[1.398s] -- Up-to-date: /home/nitish/final_ws/install/final_project/lib/python3.8/site-packages/final_project/spawn_params.py
[1.398s] -- Up-to-date: /home/nitish/final_ws/install/final_project/lib/python3.8/site-packages/final_project/tf2_geometry_msgs.py
[1.398s] -- Up-to-date: /home/nitish/final_ws/install/final_project/lib/python3.8/site-packages/final_project/environment_startup.py
[1.432s] Listing '/home/nitish/final_ws/install/final_project/lib/python3.8/site-packages/final_project'...
[1.439s] -- Up-to-date: /home/nitish/final_ws/install/final_project/lib/final_project/environment_startup_node.py
[1.439s] -- Up-to-date: /home/nitish/final_ws/install/final_project/lib/final_project/sensor_tf_broadcaster.py
[1.440s] -- Up-to-date: /home/nitish/final_ws/install/final_project/lib/final_project/part_spawner.py
[1.440s] -- Up-to-date: /home/nitish/final_ws/install/final_project/lib/final_project/object_tf_broadcaster.py
[1.440s] -- Up-to-date: /home/nitish/final_ws/install/final_project/share/ament_index/resource_index/package_run_dependencies/final_project
[1.440s] -- Up-to-date: /home/nitish/final_ws/install/final_project/share/ament_index/resource_index/parent_prefix_path/final_project
[1.441s] -- Up-to-date: /home/nitish/final_ws/install/final_project/share/final_project/environment/ament_prefix_path.sh
[1.441s] -- Up-to-date: /home/nitish/final_ws/install/final_project/share/final_project/environment/ament_prefix_path.dsv
[1.441s] -- Up-to-date: /home/nitish/final_ws/install/final_project/share/final_project/environment/path.sh
[1.441s] -- Up-to-date: /home/nitish/final_ws/install/final_project/share/final_project/environment/path.dsv
[1.441s] -- Up-to-date: /home/nitish/final_ws/install/final_project/share/final_project/local_setup.bash
[1.442s] -- Up-to-date: /home/nitish/final_ws/install/final_project/share/final_project/local_setup.sh
[1.442s] -- Up-to-date: /home/nitish/final_ws/install/final_project/share/final_project/local_setup.zsh
[1.442s] -- Up-to-date: /home/nitish/final_ws/install/final_project/share/final_project/local_setup.dsv
[1.442s] -- Installing: /home/nitish/final_ws/install/final_project/share/final_project/package.dsv
[1.442s] -- Up-to-date: /home/nitish/final_ws/install/final_project/share/ament_index/resource_index/packages/final_project
[1.442s] -- Up-to-date: /home/nitish/final_ws/install/final_project/share/final_project/cmake/ament_cmake_export_libraries-extras.cmake
[1.442s] -- Up-to-date: /home/nitish/final_ws/install/final_project/share/final_project/cmake/final_projectConfig.cmake
[1.443s] -- Up-to-date: /home/nitish/final_ws/install/final_project/share/final_project/cmake/final_projectConfig-version.cmake
[1.443s] -- Up-to-date: /home/nitish/final_ws/install/final_project/share/final_project/package.xml
[1.446s] Invoked command in '/home/nitish/final_ws/build/final_project' returned '0': CMAKE_PREFIX_PATH=/home/nitish/final_ws/install/mage_msgs:/home/nitish/final_ws/install/group11_final:/home/nitish/final_ws/install/ros2_aruco_interfaces:/home/nitish/final_ws/install/final_project:/home/nitish/final_ws/install/ros2_aruco:/opt/ros/galactic LD_LIBRARY_PATH=/home/nitish/final_ws/install/mage_msgs/lib:/home/nitish/final_ws/install/ros2_aruco_interfaces/lib:/home/nitish/final_ws/install/final_project/lib:/usr/lib/x86_64-linux-gnu/gazebo-11/plugins:/opt/ros/galactic/opt/yaml_cpp_vendor/lib:/opt/ros/galactic/opt/rviz_ogre_vendor/lib:/opt/ros/galactic/lib/x86_64-linux-gnu:/opt/ros/galactic/lib PYTHONPATH=/home/nitish/final_ws/install/mage_msgs/lib/python3.8/site-packages:/home/nitish/final_ws/install/ros2_aruco_interfaces/lib/python3.8/site-packages:/home/nitish/final_ws/install/ros2_aruco/lib/python3.8/site-packages:/home/nitish/final_ws/install/final_project/lib/python3.8/site-packages:/opt/ros/galactic/lib/python3.8/site-packages /usr/bin/cmake --install /home/nitish/final_ws/build/final_project
