[1.013s] Invoking command in '/home/nitish/final_ws/build/mage_msgs': CMAKE_PREFIX_PATH=${CMAKE_PREFIX_PATH}:/home/nitish/final_ws/install/ros2_aruco:/opt/ros/galactic /usr/bin/cmake --build /home/nitish/final_ws/build/mage_msgs -- -j12 -l12
[1.101s] [  1%] Built target mage_msgs__cpp
[1.105s] [ 12%] Built target mage_msgs__rosidl_generator_c
[1.161s] [ 23%] Built target mage_msgs__rosidl_typesupport_introspection_cpp
[1.163s] [ 35%] Built target mage_msgs__rosidl_typesupport_cpp
[1.163s] [ 46%] Built target mage_msgs__rosidl_typesupport_c
[1.165s] [ 57%] Built target mage_msgs__rosidl_typesupport_introspection_c
[1.170s] [ 69%] Built target mage_msgs__rosidl_typesupport_fastrtps_cpp
[1.219s] [ 80%] Built target mage_msgs__rosidl_typesupport_fastrtps_c
[1.255s] [ 80%] Built target mage_msgs
[1.290s] [ 81%] Built target mage_msgs__py
[1.340s] [ 91%] Built target mage_msgs__python
[1.387s] [ 94%] Built target mage_msgs__rosidl_typesupport_fastrtps_c__pyext
[1.388s] [ 97%] Built target mage_msgs__rosidl_typesupport_introspection_c__pyext
[1.393s] [100%] Built target mage_msgs__rosidl_typesupport_c__pyext
[1.783s] Invoked command in '/home/nitish/final_ws/build/mage_msgs' returned '0': CMAKE_PREFIX_PATH=${CMAKE_PREFIX_PATH}:/home/nitish/final_ws/install/ros2_aruco:/opt/ros/galactic /usr/bin/cmake --build /home/nitish/final_ws/build/mage_msgs -- -j12 -l12
[2.420s] Invoking command in '/home/nitish/final_ws/build/mage_msgs': CMAKE_PREFIX_PATH=${CMAKE_PREFIX_PATH}:/home/nitish/final_ws/install/ros2_aruco:/opt/ros/galactic /usr/bin/cmake --install /home/nitish/final_ws/build/mage_msgs
[2.435s] -- Install configuration: ""
[2.439s] -- Up-to-date: /home/nitish/final_ws/install/mage_msgs/share/ament_index/resource_index/rosidl_interfaces/mage_msgs
[2.442s] -- Up-to-date: /home/nitish/final_ws/install/mage_msgs/include/mage_msgs
[2.442s] -- Up-to-date: /home/nitish/final_ws/install/mage_msgs/include/mage_msgs/msg
[2.443s] -- Up-to-date: /home/nitish/final_ws/install/mage_msgs/include/mage_msgs/msg/sensors.h
[2.443s] -- Up-to-date: /home/nitish/final_ws/install/mage_msgs/include/mage_msgs/msg/marker.h
[2.443s] -- Up-to-date: /home/nitish/final_ws/install/mage_msgs/include/mage_msgs/msg/marker_array.h
[2.443s] -- Up-to-date: /home/nitish/final_ws/install/mage_msgs/include/mage_msgs/msg/advanced_logical_camera_image.h
[2.444s] -- Up-to-date: /home/nitish/final_ws/install/mage_msgs/include/mage_msgs/msg/rosidl_generator_c__visibility_control.h
[2.444s] -- Up-to-date: /home/nitish/final_ws/install/mage_msgs/include/mage_msgs/msg/detail
[2.444s] -- Up-to-date: /home/nitish/final_ws/install/mage_msgs/include/mage_msgs/msg/detail/marker_array__struct.h
[2.444s] -- Up-to-date: /home/nitish/final_ws/install/mage_msgs/include/mage_msgs/msg/detail/sensors__functions.h
[2.445s] -- Up-to-date: /home/nitish/final_ws/install/mage_msgs/include/mage_msgs/msg/detail/marker_array__functions.c
[2.445s] -- Up-to-date: /home/nitish/final_ws/install/mage_msgs/include/mage_msgs/msg/detail/part__functions.h
[2.447s] -- Up-to-date: /home/nitish/final_ws/install/mage_msgs/include/mage_msgs/msg/detail/part_pose__functions.h
[2.447s] -- Up-to-date: /home/nitish/final_ws/install/mage_msgs/include/mage_msgs/msg/detail/advanced_logical_camera_image__struct.h
[2.447s] -- Up-to-date: /home/nitish/final_ws/install/mage_msgs/include/mage_msgs/msg/detail/advanced_logical_camera_image__functions.h
[2.447s] -- Up-to-date: /home/nitish/final_ws/install/mage_msgs/include/mage_msgs/msg/detail/part__type_support.h
[2.448s] -- Up-to-date: /home/nitish/final_ws/install/mage_msgs/include/mage_msgs/msg/detail/marker_array__type_support.h
[2.448s] -- Up-to-date: /home/nitish/final_ws/install/mage_msgs/include/mage_msgs/msg/detail/advanced_logical_camera_image__type_support.h
[2.448s] -- Up-to-date: /home/nitish/final_ws/install/mage_msgs/include/mage_msgs/msg/detail/marker__struct.h
[2.448s] -- Up-to-date: /home/nitish/final_ws/install/mage_msgs/include/mage_msgs/msg/detail/marker_array__functions.h
[2.448s] -- Up-to-date: /home/nitish/final_ws/install/mage_msgs/include/mage_msgs/msg/detail/part__struct.h
[2.448s] -- Up-to-date: /home/nitish/final_ws/install/mage_msgs/include/mage_msgs/msg/detail/marker__type_support.h
[2.449s] -- Up-to-date: /home/nitish/final_ws/install/mage_msgs/include/mage_msgs/msg/detail/sensors__type_support.h
[2.449s] -- Up-to-date: /home/nitish/final_ws/install/mage_msgs/include/mage_msgs/msg/detail/part__functions.c
[2.449s] -- Up-to-date: /home/nitish/final_ws/install/mage_msgs/include/mage_msgs/msg/detail/sensors__functions.c
[2.449s] -- Up-to-date: /home/nitish/final_ws/install/mage_msgs/include/mage_msgs/msg/detail/part_pose__type_support.h
[2.449s] -- Up-to-date: /home/nitish/final_ws/install/mage_msgs/include/mage_msgs/msg/detail/advanced_logical_camera_image__functions.c
[2.449s] -- Up-to-date: /home/nitish/final_ws/install/mage_msgs/include/mage_msgs/msg/detail/sensors__struct.h
[2.449s] -- Up-to-date: /home/nitish/final_ws/install/mage_msgs/include/mage_msgs/msg/detail/marker__functions.c
[2.449s] -- Up-to-date: /home/nitish/final_ws/install/mage_msgs/include/mage_msgs/msg/detail/part_pose__functions.c
[2.450s] -- Up-to-date: /home/nitish/final_ws/install/mage_msgs/include/mage_msgs/msg/detail/marker__functions.h
[2.450s] -- Up-to-date: /home/nitish/final_ws/install/mage_msgs/include/mage_msgs/msg/detail/part_pose__struct.h
[2.450s] -- Up-to-date: /home/nitish/final_ws/install/mage_msgs/include/mage_msgs/msg/part_pose.h
[2.450s] -- Up-to-date: /home/nitish/final_ws/install/mage_msgs/include/mage_msgs/msg/part.h
[2.450s] -- Up-to-date: /home/nitish/final_ws/install/mage_msgs/share/mage_msgs/environment/library_path.sh
[2.450s] -- Up-to-date: /home/nitish/final_ws/install/mage_msgs/share/mage_msgs/environment/library_path.dsv
[2.450s] -- Up-to-date: /home/nitish/final_ws/install/mage_msgs/lib/libmage_msgs__rosidl_generator_c.so
[2.450s] -- Up-to-date: /home/nitish/final_ws/install/mage_msgs/include/mage_msgs
[2.451s] -- Up-to-date: /home/nitish/final_ws/install/mage_msgs/include/mage_msgs/msg
[2.451s] -- Up-to-date: /home/nitish/final_ws/install/mage_msgs/include/mage_msgs/msg/rosidl_typesupport_fastrtps_c__visibility_control.h
[2.451s] -- Up-to-date: /home/nitish/final_ws/install/mage_msgs/include/mage_msgs/msg/detail
[2.451s] -- Up-to-date: /home/nitish/final_ws/install/mage_msgs/include/mage_msgs/msg/detail/part__rosidl_typesupport_fastrtps_c.h
[2.451s] -- Up-to-date: /home/nitish/final_ws/install/mage_msgs/include/mage_msgs/msg/detail/part_pose__rosidl_typesupport_fastrtps_c.h
[2.451s] -- Up-to-date: /home/nitish/final_ws/install/mage_msgs/include/mage_msgs/msg/detail/advanced_logical_camera_image__rosidl_typesupport_fastrtps_c.h
[2.451s] -- Up-to-date: /home/nitish/final_ws/install/mage_msgs/include/mage_msgs/msg/detail/marker_array__rosidl_typesupport_fastrtps_c.h
[2.451s] -- Up-to-date: /home/nitish/final_ws/install/mage_msgs/include/mage_msgs/msg/detail/sensors__rosidl_typesupport_fastrtps_c.h
[2.451s] -- Up-to-date: /home/nitish/final_ws/install/mage_msgs/include/mage_msgs/msg/detail/marker__rosidl_typesupport_fastrtps_c.h
[2.452s] -- Up-to-date: /home/nitish/final_ws/install/mage_msgs/lib/libmage_msgs__rosidl_typesupport_fastrtps_c.so
[2.452s] -- Up-to-date: /home/nitish/final_ws/install/mage_msgs/include/mage_msgs
[2.452s] -- Up-to-date: /home/nitish/final_ws/install/mage_msgs/include/mage_msgs/msg
[2.452s] -- Up-to-date: /home/nitish/final_ws/install/mage_msgs/include/mage_msgs/msg/rosidl_typesupport_fastrtps_cpp__visibility_control.h
[2.452s] -- Up-to-date: /home/nitish/final_ws/install/mage_msgs/include/mage_msgs/msg/detail
[2.452s] -- Up-to-date: /home/nitish/final_ws/install/mage_msgs/include/mage_msgs/msg/detail/marker_array__rosidl_typesupport_fastrtps_cpp.hpp
[2.452s] -- Up-to-date: /home/nitish/final_ws/install/mage_msgs/include/mage_msgs/msg/detail/part_pose__rosidl_typesupport_fastrtps_cpp.hpp
[2.453s] -- Up-to-date: /home/nitish/final_ws/install/mage_msgs/include/mage_msgs/msg/detail/dds_fastrtps
[2.453s] -- Up-to-date: /home/nitish/final_ws/install/mage_msgs/include/mage_msgs/msg/detail/advanced_logical_camera_image__rosidl_typesupport_fastrtps_cpp.hpp
[2.453s] -- Up-to-date: /home/nitish/final_ws/install/mage_msgs/include/mage_msgs/msg/detail/marker__rosidl_typesupport_fastrtps_cpp.hpp
[2.453s] -- Up-to-date: /home/nitish/final_ws/install/mage_msgs/include/mage_msgs/msg/detail/sensors__rosidl_typesupport_fastrtps_cpp.hpp
[2.453s] -- Up-to-date: /home/nitish/final_ws/install/mage_msgs/include/mage_msgs/msg/detail/part__rosidl_typesupport_fastrtps_cpp.hpp
[2.453s] -- Up-to-date: /home/nitish/final_ws/install/mage_msgs/lib/libmage_msgs__rosidl_typesupport_fastrtps_cpp.so
[2.453s] -- Up-to-date: /home/nitish/final_ws/install/mage_msgs/include/mage_msgs
[2.453s] -- Up-to-date: /home/nitish/final_ws/install/mage_msgs/include/mage_msgs/msg
[2.454s] -- Up-to-date: /home/nitish/final_ws/install/mage_msgs/include/mage_msgs/msg/rosidl_typesupport_introspection_c__visibility_control.h
[2.454s] -- Up-to-date: /home/nitish/final_ws/install/mage_msgs/include/mage_msgs/msg/detail
[2.454s] -- Up-to-date: /home/nitish/final_ws/install/mage_msgs/include/mage_msgs/msg/detail/advanced_logical_camera_image__type_support.c
[2.454s] -- Up-to-date: /home/nitish/final_ws/install/mage_msgs/include/mage_msgs/msg/detail/marker_array__type_support.c
[2.455s] -- Up-to-date: /home/nitish/final_ws/install/mage_msgs/include/mage_msgs/msg/detail/marker__rosidl_typesupport_introspection_c.h
[2.455s] -- Up-to-date: /home/nitish/final_ws/install/mage_msgs/include/mage_msgs/msg/detail/sensors__type_support.c
[2.455s] -- Up-to-date: /home/nitish/final_ws/install/mage_msgs/include/mage_msgs/msg/detail/part_pose__rosidl_typesupport_introspection_c.h
[2.455s] -- Up-to-date: /home/nitish/final_ws/install/mage_msgs/include/mage_msgs/msg/detail/part__type_support.c
[2.455s] -- Up-to-date: /home/nitish/final_ws/install/mage_msgs/include/mage_msgs/msg/detail/marker__type_support.c
[2.455s] -- Up-to-date: /home/nitish/final_ws/install/mage_msgs/include/mage_msgs/msg/detail/marker_array__rosidl_typesupport_introspection_c.h
[2.456s] -- Up-to-date: /home/nitish/final_ws/install/mage_msgs/include/mage_msgs/msg/detail/sensors__rosidl_typesupport_introspection_c.h
[2.456s] -- Up-to-date: /home/nitish/final_ws/install/mage_msgs/include/mage_msgs/msg/detail/part__rosidl_typesupport_introspection_c.h
[2.456s] -- Up-to-date: /home/nitish/final_ws/install/mage_msgs/include/mage_msgs/msg/detail/part_pose__type_support.c
[2.456s] -- Up-to-date: /home/nitish/final_ws/install/mage_msgs/include/mage_msgs/msg/detail/advanced_logical_camera_image__rosidl_typesupport_introspection_c.h
[2.456s] -- Up-to-date: /home/nitish/final_ws/install/mage_msgs/lib/libmage_msgs__rosidl_typesupport_introspection_c.so
[2.457s] -- Up-to-date: /home/nitish/final_ws/install/mage_msgs/lib/libmage_msgs__rosidl_typesupport_c.so
[2.457s] -- Up-to-date: /home/nitish/final_ws/install/mage_msgs/include/mage_msgs
[2.457s] -- Up-to-date: /home/nitish/final_ws/install/mage_msgs/include/mage_msgs/msg
[2.457s] -- Up-to-date: /home/nitish/final_ws/install/mage_msgs/include/mage_msgs/msg/part.hpp
[2.457s] -- Up-to-date: /home/nitish/final_ws/install/mage_msgs/include/mage_msgs/msg/marker_array.hpp
[2.457s] -- Up-to-date: /home/nitish/final_ws/install/mage_msgs/include/mage_msgs/msg/sensors.hpp
[2.457s] -- Up-to-date: /home/nitish/final_ws/install/mage_msgs/include/mage_msgs/msg/marker.hpp
[2.457s] -- Up-to-date: /home/nitish/final_ws/install/mage_msgs/include/mage_msgs/msg/part_pose.hpp
[2.457s] -- Up-to-date: /home/nitish/final_ws/install/mage_msgs/include/mage_msgs/msg/detail
[2.458s] -- Up-to-date: /home/nitish/final_ws/install/mage_msgs/include/mage_msgs/msg/detail/advanced_logical_camera_image__builder.hpp
[2.458s] -- Up-to-date: /home/nitish/final_ws/install/mage_msgs/include/mage_msgs/msg/detail/marker_array__struct.hpp
[2.458s] -- Up-to-date: /home/nitish/final_ws/install/mage_msgs/include/mage_msgs/msg/detail/sensors__traits.hpp
[2.458s] -- Up-to-date: /home/nitish/final_ws/install/mage_msgs/include/mage_msgs/msg/detail/sensors__struct.hpp
[2.458s] -- Up-to-date: /home/nitish/final_ws/install/mage_msgs/include/mage_msgs/msg/detail/advanced_logical_camera_image__struct.hpp
[2.458s] -- Up-to-date: /home/nitish/final_ws/install/mage_msgs/include/mage_msgs/msg/detail/marker__traits.hpp
[2.458s] -- Up-to-date: /home/nitish/final_ws/install/mage_msgs/include/mage_msgs/msg/detail/part__traits.hpp
[2.458s] -- Up-to-date: /home/nitish/final_ws/install/mage_msgs/include/mage_msgs/msg/detail/part__struct.hpp
[2.459s] -- Up-to-date: /home/nitish/final_ws/install/mage_msgs/include/mage_msgs/msg/detail/part_pose__builder.hpp
[2.459s] -- Up-to-date: /home/nitish/final_ws/install/mage_msgs/include/mage_msgs/msg/detail/part_pose__struct.hpp
[2.459s] -- Up-to-date: /home/nitish/final_ws/install/mage_msgs/include/mage_msgs/msg/detail/sensors__builder.hpp
[2.459s] -- Up-to-date: /home/nitish/final_ws/install/mage_msgs/include/mage_msgs/msg/detail/marker_array__builder.hpp
[2.459s] -- Up-to-date: /home/nitish/final_ws/install/mage_msgs/include/mage_msgs/msg/detail/marker__struct.hpp
[2.459s] -- Up-to-date: /home/nitish/final_ws/install/mage_msgs/include/mage_msgs/msg/detail/marker__builder.hpp
[2.459s] -- Up-to-date: /home/nitish/final_ws/install/mage_msgs/include/mage_msgs/msg/detail/part_pose__traits.hpp
[2.459s] -- Up-to-date: /home/nitish/final_ws/install/mage_msgs/include/mage_msgs/msg/detail/marker_array__traits.hpp
[2.460s] -- Up-to-date: /home/nitish/final_ws/install/mage_msgs/include/mage_msgs/msg/detail/part__builder.hpp
[2.460s] -- Up-to-date: /home/nitish/final_ws/install/mage_msgs/include/mage_msgs/msg/detail/advanced_logical_camera_image__traits.hpp
[2.460s] -- Up-to-date: /home/nitish/final_ws/install/mage_msgs/include/mage_msgs/msg/advanced_logical_camera_image.hpp
[2.460s] -- Up-to-date: /home/nitish/final_ws/install/mage_msgs/include/mage_msgs
[2.460s] -- Up-to-date: /home/nitish/final_ws/install/mage_msgs/include/mage_msgs/msg
[2.460s] -- Up-to-date: /home/nitish/final_ws/install/mage_msgs/include/mage_msgs/msg/detail
[2.460s] -- Up-to-date: /home/nitish/final_ws/install/mage_msgs/include/mage_msgs/msg/detail/marker__type_support.cpp
[2.460s] -- Up-to-date: /home/nitish/final_ws/install/mage_msgs/include/mage_msgs/msg/detail/advanced_logical_camera_image__type_support.cpp
[2.461s] -- Up-to-date: /home/nitish/final_ws/install/mage_msgs/include/mage_msgs/msg/detail/part__rosidl_typesupport_introspection_cpp.hpp
[2.461s] -- Up-to-date: /home/nitish/final_ws/install/mage_msgs/include/mage_msgs/msg/detail/sensors__rosidl_typesupport_introspection_cpp.hpp
[2.461s] -- Up-to-date: /home/nitish/final_ws/install/mage_msgs/include/mage_msgs/msg/detail/advanced_logical_camera_image__rosidl_typesupport_introspection_cpp.hpp
[2.461s] -- Up-to-date: /home/nitish/final_ws/install/mage_msgs/include/mage_msgs/msg/detail/marker_array__rosidl_typesupport_introspection_cpp.hpp
[2.461s] -- Up-to-date: /home/nitish/final_ws/install/mage_msgs/include/mage_msgs/msg/detail/sensors__type_support.cpp
[2.461s] -- Up-to-date: /home/nitish/final_ws/install/mage_msgs/include/mage_msgs/msg/detail/part_pose__rosidl_typesupport_introspection_cpp.hpp
[2.461s] -- Up-to-date: /home/nitish/final_ws/install/mage_msgs/include/mage_msgs/msg/detail/marker__rosidl_typesupport_introspection_cpp.hpp
[2.461s] -- Up-to-date: /home/nitish/final_ws/install/mage_msgs/include/mage_msgs/msg/detail/part_pose__type_support.cpp
[2.461s] -- Up-to-date: /home/nitish/final_ws/install/mage_msgs/include/mage_msgs/msg/detail/part__type_support.cpp
[2.462s] -- Up-to-date: /home/nitish/final_ws/install/mage_msgs/include/mage_msgs/msg/detail/marker_array__type_support.cpp
[2.462s] -- Up-to-date: /home/nitish/final_ws/install/mage_msgs/lib/libmage_msgs__rosidl_typesupport_introspection_cpp.so
[2.462s] -- Up-to-date: /home/nitish/final_ws/install/mage_msgs/lib/libmage_msgs__rosidl_typesupport_cpp.so
[2.462s] -- Up-to-date: /home/nitish/final_ws/install/mage_msgs/share/mage_msgs/environment/pythonpath.sh
[2.462s] -- Up-to-date: /home/nitish/final_ws/install/mage_msgs/share/mage_msgs/environment/pythonpath.dsv
[2.462s] -- Up-to-date: /home/nitish/final_ws/install/mage_msgs/lib/python3.8/site-packages/mage_msgs/__init__.py
[2.504s] -- Up-to-date: /home/nitish/final_ws/install/mage_msgs/lib/python3.8/site-packages/mage_msgs/msg
[2.505s] -- Up-to-date: /home/nitish/final_ws/install/mage_msgs/lib/python3.8/site-packages/mage_msgs/msg/_advanced_logical_camera_image_s.c
[2.505s] -- Up-to-date: /home/nitish/final_ws/install/mage_msgs/lib/python3.8/site-packages/mage_msgs/msg/__init__.py
[2.506s] -- Up-to-date: /home/nitish/final_ws/install/mage_msgs/lib/python3.8/site-packages/mage_msgs/msg/_part_s.c
[2.507s] -- Up-to-date: /home/nitish/final_ws/install/mage_msgs/lib/python3.8/site-packages/mage_msgs/msg/_marker_s.c
[2.508s] -- Up-to-date: /home/nitish/final_ws/install/mage_msgs/lib/python3.8/site-packages/mage_msgs/msg/_marker_array.py
[2.508s] -- Up-to-date: /home/nitish/final_ws/install/mage_msgs/lib/python3.8/site-packages/mage_msgs/msg/_sensors_s.c
[2.509s] -- Up-to-date: /home/nitish/final_ws/install/mage_msgs/lib/python3.8/site-packages/mage_msgs/msg/_marker_array_s.c
[2.509s] -- Up-to-date: /home/nitish/final_ws/install/mage_msgs/lib/python3.8/site-packages/mage_msgs/msg/_marker.py
[2.511s] -- Up-to-date: /home/nitish/final_ws/install/mage_msgs/lib/python3.8/site-packages/mage_msgs/msg/_part_pose_s.c
[2.512s] -- Up-to-date: /home/nitish/final_ws/install/mage_msgs/lib/python3.8/site-packages/mage_msgs/msg/_sensors.py
[2.512s] -- Up-to-date: /home/nitish/final_ws/install/mage_msgs/lib/python3.8/site-packages/mage_msgs/msg/_part_pose.py
[2.513s] -- Up-to-date: /home/nitish/final_ws/install/mage_msgs/lib/python3.8/site-packages/mage_msgs/msg/_advanced_logical_camera_image.py
[2.513s] -- Up-to-date: /home/nitish/final_ws/install/mage_msgs/lib/python3.8/site-packages/mage_msgs/msg/_part.py
[2.514s] -- Up-to-date: /home/nitish/final_ws/install/mage_msgs/lib/python3.8/site-packages/mage_msgs/mage_msgs_s__rosidl_typesupport_fastrtps_c.cpython-38-x86_64-linux-gnu.so
[2.515s] -- Up-to-date: /home/nitish/final_ws/install/mage_msgs/lib/python3.8/site-packages/mage_msgs/mage_msgs_s__rosidl_typesupport_introspection_c.cpython-38-x86_64-linux-gnu.so
[2.516s] -- Up-to-date: /home/nitish/final_ws/install/mage_msgs/lib/python3.8/site-packages/mage_msgs/mage_msgs_s__rosidl_typesupport_c.cpython-38-x86_64-linux-gnu.so
[2.517s] -- Up-to-date: /home/nitish/final_ws/install/mage_msgs/lib/libmage_msgs__python.so
[2.519s] -- Up-to-date: /home/nitish/final_ws/install/mage_msgs/share/mage_msgs/msg/AdvancedLogicalCameraImage.idl
[2.519s] -- Up-to-date: /home/nitish/final_ws/install/mage_msgs/share/mage_msgs/msg/Part.idl
[2.520s] -- Up-to-date: /home/nitish/final_ws/install/mage_msgs/share/mage_msgs/msg/PartPose.idl
[2.521s] -- Up-to-date: /home/nitish/final_ws/install/mage_msgs/share/mage_msgs/msg/Sensors.idl
[2.522s] -- Up-to-date: /home/nitish/final_ws/install/mage_msgs/share/mage_msgs/msg/Marker.idl
[2.523s] -- Up-to-date: /home/nitish/final_ws/install/mage_msgs/share/mage_msgs/msg/MarkerArray.idl
[2.523s] -- Up-to-date: /home/nitish/final_ws/install/mage_msgs/share/mage_msgs/msg/AdvancedLogicalCameraImage.msg
[2.525s] -- Up-to-date: /home/nitish/final_ws/install/mage_msgs/share/mage_msgs/msg/Part.msg
[2.526s] -- Up-to-date: /home/nitish/final_ws/install/mage_msgs/share/mage_msgs/msg/PartPose.msg
[2.526s] -- Up-to-date: /home/nitish/final_ws/install/mage_msgs/share/mage_msgs/msg/Sensors.msg
[2.527s] -- Up-to-date: /home/nitish/final_ws/install/mage_msgs/share/mage_msgs/msg/Marker.msg
[2.528s] -- Up-to-date: /home/nitish/final_ws/install/mage_msgs/share/mage_msgs/msg/MarkerArray.msg
[2.529s] -- Up-to-date: /home/nitish/final_ws/install/mage_msgs/share/ament_index/resource_index/package_run_dependencies/mage_msgs
[2.530s] -- Up-to-date: /home/nitish/final_ws/install/mage_msgs/share/ament_index/resource_index/parent_prefix_path/mage_msgs
[2.531s] -- Up-to-date: /home/nitish/final_ws/install/mage_msgs/share/mage_msgs/environment/ament_prefix_path.sh
[2.531s] -- Up-to-date: /home/nitish/final_ws/install/mage_msgs/share/mage_msgs/environment/ament_prefix_path.dsv
[2.532s] -- Up-to-date: /home/nitish/final_ws/install/mage_msgs/share/mage_msgs/environment/path.sh
[2.533s] -- Up-to-date: /home/nitish/final_ws/install/mage_msgs/share/mage_msgs/environment/path.dsv
[2.534s] -- Up-to-date: /home/nitish/final_ws/install/mage_msgs/share/mage_msgs/local_setup.bash
[2.534s] -- Up-to-date: /home/nitish/final_ws/install/mage_msgs/share/mage_msgs/local_setup.sh
[2.536s] -- Up-to-date: /home/nitish/final_ws/install/mage_msgs/share/mage_msgs/local_setup.zsh
[2.536s] -- Up-to-date: /home/nitish/final_ws/install/mage_msgs/share/mage_msgs/local_setup.dsv
[2.537s] -- Installing: /home/nitish/final_ws/install/mage_msgs/share/mage_msgs/package.dsv
[2.538s] -- Up-to-date: /home/nitish/final_ws/install/mage_msgs/share/ament_index/resource_index/packages/mage_msgs
[2.539s] -- Up-to-date: /home/nitish/final_ws/install/mage_msgs/share/mage_msgs/cmake/mage_msgs__rosidl_generator_cExport.cmake
[2.540s] -- Up-to-date: /home/nitish/final_ws/install/mage_msgs/share/mage_msgs/cmake/mage_msgs__rosidl_generator_cExport-noconfig.cmake
[2.541s] -- Up-to-date: /home/nitish/final_ws/install/mage_msgs/share/mage_msgs/cmake/mage_msgs__rosidl_typesupport_introspection_cExport.cmake
[2.542s] -- Up-to-date: /home/nitish/final_ws/install/mage_msgs/share/mage_msgs/cmake/mage_msgs__rosidl_typesupport_introspection_cExport-noconfig.cmake
[2.542s] -- Up-to-date: /home/nitish/final_ws/install/mage_msgs/share/mage_msgs/cmake/mage_msgs__rosidl_typesupport_cExport.cmake
[2.543s] -- Up-to-date: /home/nitish/final_ws/install/mage_msgs/share/mage_msgs/cmake/mage_msgs__rosidl_typesupport_cExport-noconfig.cmake
[2.544s] -- Up-to-date: /home/nitish/final_ws/install/mage_msgs/share/mage_msgs/cmake/mage_msgs__rosidl_generator_cppExport.cmake
[2.544s] -- Up-to-date: /home/nitish/final_ws/install/mage_msgs/share/mage_msgs/cmake/mage_msgs__rosidl_typesupport_introspection_cppExport.cmake
[2.545s] -- Up-to-date: /home/nitish/final_ws/install/mage_msgs/share/mage_msgs/cmake/mage_msgs__rosidl_typesupport_introspection_cppExport-noconfig.cmake
[2.546s] -- Up-to-date: /home/nitish/final_ws/install/mage_msgs/share/mage_msgs/cmake/mage_msgs__rosidl_typesupport_cppExport.cmake
[2.547s] -- Up-to-date: /home/nitish/final_ws/install/mage_msgs/share/mage_msgs/cmake/mage_msgs__rosidl_typesupport_cppExport-noconfig.cmake
[2.548s] -- Up-to-date: /home/nitish/final_ws/install/mage_msgs/share/mage_msgs/cmake/rosidl_cmake-extras.cmake
[2.549s] -- Up-to-date: /home/nitish/final_ws/install/mage_msgs/share/mage_msgs/cmake/ament_cmake_export_dependencies-extras.cmake
[2.549s] -- Up-to-date: /home/nitish/final_ws/install/mage_msgs/share/mage_msgs/cmake/ament_cmake_export_libraries-extras.cmake
[2.550s] -- Up-to-date: /home/nitish/final_ws/install/mage_msgs/share/mage_msgs/cmake/ament_cmake_export_targets-extras.cmake
[2.552s] -- Up-to-date: /home/nitish/final_ws/install/mage_msgs/share/mage_msgs/cmake/ament_cmake_export_include_directories-extras.cmake
[2.552s] -- Up-to-date: /home/nitish/final_ws/install/mage_msgs/share/mage_msgs/cmake/rosidl_cmake_export_typesupport_libraries-extras.cmake
[2.553s] -- Up-to-date: /home/nitish/final_ws/install/mage_msgs/share/mage_msgs/cmake/rosidl_cmake_export_typesupport_targets-extras.cmake
[2.553s] -- Up-to-date: /home/nitish/final_ws/install/mage_msgs/share/mage_msgs/cmake/mage_msgsConfig.cmake
[2.554s] -- Up-to-date: /home/nitish/final_ws/install/mage_msgs/share/mage_msgs/cmake/mage_msgsConfig-version.cmake
[2.555s] -- Up-to-date: /home/nitish/final_ws/install/mage_msgs/share/mage_msgs/package.xml
[3.005s] Invoked command in '/home/nitish/final_ws/build/mage_msgs' returned '0': CMAKE_PREFIX_PATH=${CMAKE_PREFIX_PATH}:/home/nitish/final_ws/install/ros2_aruco:/opt/ros/galactic /usr/bin/cmake --install /home/nitish/final_ws/build/mage_msgs
