-- The C compiler identification is GNU 9.4.0
-- The CXX compiler identification is GNU 9.4.0
-- Check for working C compiler: /usr/bin/cc
-- Check for working C compiler: /usr/bin/cc -- works
-- Detecting C compiler ABI info
-- Detecting C compiler ABI info - done
-- Detecting C compile features
-- Detecting C compile features - done
-- Check for working CXX compiler: /usr/bin/c++
-- Check for working CXX compiler: /usr/bin/c++ -- works
-- Detecting CXX compiler ABI info
-- Detecting CXX compiler ABI info - done
-- Detecting CXX compile features
-- Detecting CXX compile features - done
-- Found ament_cmake: 1.1.6 (/opt/ros/galactic/share/ament_cmake/cmake)
-- Found PythonInterp: /usr/bin/python3 (found suitable version "3.8.10", minimum required is "3") 
-- Using PYTHON_EXECUTABLE: /usr/bin/python3
-- Found rclcpp: 9.2.2 (/opt/ros/galactic/share/rclcpp/cmake)
-- Using all available rosidl_typesupport_c: rosidl_typesupport_fastrtps_c;rosidl_typesupport_introspection_c
-- Found rosidl_adapter: 2.2.3 (/opt/ros/galactic/share/rosidl_adapter/cmake)
-- Found OpenSSL: /usr/lib/x86_64-linux-gnu/libcrypto.so (found version "1.1.1f")  
-- Found FastRTPS: /opt/ros/galactic/include  
-- Using all available rosidl_typesupport_cpp: rosidl_typesupport_fastrtps_cpp;rosidl_typesupport_introspection_cpp
-- Found rmw_implementation_cmake: 3.3.1 (/opt/ros/galactic/share/rmw_implementation_cmake/cmake)
-- Found rmw_cyclonedds_cpp: 0.22.6 (/opt/ros/galactic/share/rmw_cyclonedds_cpp/cmake)
-- Using RMW implementation 'rmw_cyclonedds_cpp' as default
-- Looking for pthread.h
-- Looking for pthread.h - found
-- Performing Test CMAKE_HAVE_LIBC_PTHREAD
-- Performing Test CMAKE_HAVE_LIBC_PTHREAD - Failed
-- Looking for pthread_create in pthreads
-- Looking for pthread_create in pthreads - not found
-- Looking for pthread_create in pthread
-- Looking for pthread_create in pthread - found
-- Found Threads: TRUE  
-- Found tf2_ros: 0.17.5 (/opt/ros/galactic/share/tf2_ros/cmake)
-- Found tf2_geometry_msgs: 0.17.5 (/opt/ros/galactic/share/tf2_geometry_msgs/cmake)
-- Found eigen3_cmake_module: 0.1.1 (/opt/ros/galactic/share/eigen3_cmake_module/cmake)
-- Found Eigen3: TRUE (found version "3.3.7") 
-- Found ros2_aruco_interfaces: 0.1.0 (/home/nitish/final_ws/install/ros2_aruco_interfaces/share/ros2_aruco_interfaces/cmake)
-- Found mage_msgs: 0.0.0 (/home/nitish/final_ws/install/mage_msgs/share/mage_msgs/cmake)
-- Found nav_msgs: 2.2.4 (/opt/ros/galactic/share/nav_msgs/cmake)
-- Configuring done
-- Generating done
-- Build files have been written to: /home/nitish/final_ws/build/group11_final
[35m[1mScanning dependencies of target part_pose_listener[0m
[ 66%] [32mBuilding CXX object CMakeFiles/part_pose_listener.dir/src/part_pose_listener.cpp.o[0m
[ 66%] [32mBuilding CXX object CMakeFiles/part_pose_listener.dir/src/main.cpp.o[0m
[100%] [32m[1mLinking CXX executable part_pose_listener[0m
[100%] Built target part_pose_listener
-- Install configuration: ""
-- Installing: /home/nitish/final_ws/install/group11_final/lib/group11_final/part_pose_listener
-- Set runtime path of "/home/nitish/final_ws/install/group11_final/lib/group11_final/part_pose_listener" to ""
-- Installing: /home/nitish/final_ws/install/group11_final/share/group11_final//include
-- Installing: /home/nitish/final_ws/install/group11_final/share/group11_final//include/group11_final
-- Installing: /home/nitish/final_ws/install/group11_final/share/group11_final//include/group11_final/part_pose_listener.hpp
-- Installing: /home/nitish/final_ws/install/group11_final/share/group11_final//config
-- Installing: /home/nitish/final_ws/install/group11_final/share/group11_final//config/waypoint_params.yaml
-- Installing: /home/nitish/final_ws/install/group11_final/share/group11_final//launch
-- Installing: /home/nitish/final_ws/install/group11_final/share/group11_final//launch/launch.py
-- Installing: /home/nitish/final_ws/install/group11_final/share/ament_index/resource_index/package_run_dependencies/group11_final
-- Installing: /home/nitish/final_ws/install/group11_final/share/ament_index/resource_index/parent_prefix_path/group11_final
-- Installing: /home/nitish/final_ws/install/group11_final/share/group11_final/environment/ament_prefix_path.sh
-- Installing: /home/nitish/final_ws/install/group11_final/share/group11_final/environment/ament_prefix_path.dsv
-- Installing: /home/nitish/final_ws/install/group11_final/share/group11_final/environment/path.sh
-- Installing: /home/nitish/final_ws/install/group11_final/share/group11_final/environment/path.dsv
-- Installing: /home/nitish/final_ws/install/group11_final/share/group11_final/local_setup.bash
-- Installing: /home/nitish/final_ws/install/group11_final/share/group11_final/local_setup.sh
-- Installing: /home/nitish/final_ws/install/group11_final/share/group11_final/local_setup.zsh
-- Installing: /home/nitish/final_ws/install/group11_final/share/group11_final/local_setup.dsv
-- Installing: /home/nitish/final_ws/install/group11_final/share/group11_final/package.dsv
-- Installing: /home/nitish/final_ws/install/group11_final/share/ament_index/resource_index/packages/group11_final
-- Installing: /home/nitish/final_ws/install/group11_final/share/group11_final/cmake/group11_finalConfig.cmake
-- Installing: /home/nitish/final_ws/install/group11_final/share/group11_final/cmake/group11_finalConfig-version.cmake
-- Installing: /home/nitish/final_ws/install/group11_final/share/group11_final/package.xml
