[4.290s] DEBUG:colcon:Command line arguments: ['/usr/bin/colcon', 'build']
[4.290s] DEBUG:colcon:Parsed command line arguments: Namespace(allow_overriding=[], ament_cmake_args=None, base_paths=['.'], build_base='build', catkin_cmake_args=None, catkin_skip_building_tests=False, cmake_args=None, cmake_clean_cache=False, cmake_clean_first=False, cmake_force_configure=False, cmake_target=None, cmake_target_skip_unavailable=False, continue_on_error=False, event_handlers=None, executor='parallel', ignore_user_meta=False, install_base='install', log_base=None, log_level=None, main=<bound method BuildVerb.main of <colcon_core.verb.build.BuildVerb object at 0x7ff7c54903a0>>, merge_install=False, metas=['./colcon.meta'], packages_above=None, packages_above_and_dependencies=None, packages_above_depth=None, packages_end=None, packages_ignore=None, packages_ignore_regex=None, packages_select=None, packages_select_build_failed=False, packages_select_by_dep=None, packages_select_regex=None, packages_select_test_failures=False, packages_skip=None, packages_skip_build_finished=False, packages_skip_by_dep=None, packages_skip_regex=None, packages_skip_test_passed=False, packages_skip_up_to=None, packages_start=None, packages_up_to=None, packages_up_to_regex=None, parallel_workers=12, paths=None, symlink_install=False, test_result_base=None, verb_extension=<colcon_core.verb.build.BuildVerb object at 0x7ff7c54903a0>, verb_name='build', verb_parser=<colcon_defaults.argument_parser.defaults.DefaultArgumentsDecorator object at 0x7ff7c549a550>)
[4.478s] Level 1:colcon.colcon_core.package_discovery:discover_packages(colcon_meta) check parameters
[4.478s] Level 1:colcon.colcon_core.package_discovery:discover_packages(recursive) check parameters
[4.478s] Level 1:colcon.colcon_core.package_discovery:discover_packages(ignore) check parameters
[4.478s] Level 1:colcon.colcon_core.package_discovery:discover_packages(path) check parameters
[4.478s] Level 1:colcon.colcon_core.package_discovery:discover_packages(colcon_meta) discover
[4.478s] Level 1:colcon.colcon_core.package_discovery:discover_packages(recursive) discover
[4.478s] INFO:colcon.colcon_core.package_discovery:Crawling recursively for packages in '/home/nitish/final_ws'
[4.479s] Level 1:colcon.colcon_core.package_identification:_identify(.) by extensions ['ignore', 'ignore_ament_install']
[4.479s] Level 1:colcon.colcon_core.package_identification:_identify(.) by extension 'ignore'
[4.479s] Level 1:colcon.colcon_core.package_identification:_identify(.) by extension 'ignore_ament_install'
[4.479s] Level 1:colcon.colcon_core.package_identification:_identify(.) by extensions ['colcon_pkg']
[4.479s] Level 1:colcon.colcon_core.package_identification:_identify(.) by extension 'colcon_pkg'
[4.479s] Level 1:colcon.colcon_core.package_identification:_identify(.) by extensions ['colcon_meta']
[4.479s] Level 1:colcon.colcon_core.package_identification:_identify(.) by extension 'colcon_meta'
[4.479s] Level 1:colcon.colcon_core.package_identification:_identify(.) by extensions ['ros']
[4.479s] Level 1:colcon.colcon_core.package_identification:_identify(.) by extension 'ros'
[4.496s] Level 1:colcon.colcon_core.package_identification:_identify(.) by extensions ['cmake', 'python']
[4.496s] Level 1:colcon.colcon_core.package_identification:_identify(.) by extension 'cmake'
[4.496s] Level 1:colcon.colcon_core.package_identification:_identify(.) by extension 'python'
[4.496s] Level 1:colcon.colcon_core.package_identification:_identify(.) by extensions ['python_setup_py']
[4.496s] Level 1:colcon.colcon_core.package_identification:_identify(.) by extension 'python_setup_py'
[4.497s] Level 1:colcon.colcon_core.package_identification:_identify(build) by extensions ['ignore', 'ignore_ament_install']
[4.497s] Level 1:colcon.colcon_core.package_identification:_identify(build) by extension 'ignore'
[4.497s] Level 1:colcon.colcon_core.package_identification:_identify(build) ignored
[4.497s] Level 1:colcon.colcon_core.package_identification:_identify(install) by extensions ['ignore', 'ignore_ament_install']
[4.497s] Level 1:colcon.colcon_core.package_identification:_identify(install) by extension 'ignore'
[4.497s] Level 1:colcon.colcon_core.package_identification:_identify(install) ignored
[4.498s] Level 1:colcon.colcon_core.package_identification:_identify(log) by extensions ['ignore', 'ignore_ament_install']
[4.498s] Level 1:colcon.colcon_core.package_identification:_identify(log) by extension 'ignore'
[4.498s] Level 1:colcon.colcon_core.package_identification:_identify(log) ignored
[4.498s] Level 1:colcon.colcon_core.package_identification:_identify(src) by extensions ['ignore', 'ignore_ament_install']
[4.498s] Level 1:colcon.colcon_core.package_identification:_identify(src) by extension 'ignore'
[4.498s] Level 1:colcon.colcon_core.package_identification:_identify(src) by extension 'ignore_ament_install'
[4.498s] Level 1:colcon.colcon_core.package_identification:_identify(src) by extensions ['colcon_pkg']
[4.498s] Level 1:colcon.colcon_core.package_identification:_identify(src) by extension 'colcon_pkg'
[4.498s] Level 1:colcon.colcon_core.package_identification:_identify(src) by extensions ['colcon_meta']
[4.499s] Level 1:colcon.colcon_core.package_identification:_identify(src) by extension 'colcon_meta'
[4.499s] Level 1:colcon.colcon_core.package_identification:_identify(src) by extensions ['ros']
[4.499s] Level 1:colcon.colcon_core.package_identification:_identify(src) by extension 'ros'
[4.499s] Level 1:colcon.colcon_core.package_identification:_identify(src) by extensions ['cmake', 'python']
[4.499s] Level 1:colcon.colcon_core.package_identification:_identify(src) by extension 'cmake'
[4.499s] Level 1:colcon.colcon_core.package_identification:_identify(src) by extension 'python'
[4.499s] Level 1:colcon.colcon_core.package_identification:_identify(src) by extensions ['python_setup_py']
[4.499s] Level 1:colcon.colcon_core.package_identification:_identify(src) by extension 'python_setup_py'
[4.499s] Level 1:colcon.colcon_core.package_identification:_identify(src/final_project) by extensions ['ignore', 'ignore_ament_install']
[4.499s] Level 1:colcon.colcon_core.package_identification:_identify(src/final_project) by extension 'ignore'
[4.499s] Level 1:colcon.colcon_core.package_identification:_identify(src/final_project) by extension 'ignore_ament_install'
[4.499s] Level 1:colcon.colcon_core.package_identification:_identify(src/final_project) by extensions ['colcon_pkg']
[4.500s] Level 1:colcon.colcon_core.package_identification:_identify(src/final_project) by extension 'colcon_pkg'
[4.500s] Level 1:colcon.colcon_core.package_identification:_identify(src/final_project) by extensions ['colcon_meta']
[4.500s] Level 1:colcon.colcon_core.package_identification:_identify(src/final_project) by extension 'colcon_meta'
[4.500s] Level 1:colcon.colcon_core.package_identification:_identify(src/final_project) by extensions ['ros']
[4.500s] Level 1:colcon.colcon_core.package_identification:_identify(src/final_project) by extension 'ros'
[4.504s] DEBUG:colcon.colcon_core.package_identification:Package 'src/final_project' with type 'ros.ament_cmake' and name 'final_project'
[4.504s] Level 1:colcon.colcon_core.package_identification:_identify(src/group11_final) by extensions ['ignore', 'ignore_ament_install']
[4.505s] Level 1:colcon.colcon_core.package_identification:_identify(src/group11_final) by extension 'ignore'
[4.505s] Level 1:colcon.colcon_core.package_identification:_identify(src/group11_final) by extension 'ignore_ament_install'
[4.505s] Level 1:colcon.colcon_core.package_identification:_identify(src/group11_final) by extensions ['colcon_pkg']
[4.505s] Level 1:colcon.colcon_core.package_identification:_identify(src/group11_final) by extension 'colcon_pkg'
[4.505s] Level 1:colcon.colcon_core.package_identification:_identify(src/group11_final) by extensions ['colcon_meta']
[4.505s] Level 1:colcon.colcon_core.package_identification:_identify(src/group11_final) by extension 'colcon_meta'
[4.505s] Level 1:colcon.colcon_core.package_identification:_identify(src/group11_final) by extensions ['ros']
[4.505s] Level 1:colcon.colcon_core.package_identification:_identify(src/group11_final) by extension 'ros'
[4.507s] DEBUG:colcon.colcon_core.package_identification:Package 'src/group11_final' with type 'ros.ament_cmake' and name 'group11_final'
[4.508s] Level 1:colcon.colcon_core.package_identification:_identify(src/mage_msgs) by extensions ['ignore', 'ignore_ament_install']
[4.508s] Level 1:colcon.colcon_core.package_identification:_identify(src/mage_msgs) by extension 'ignore'
[4.508s] Level 1:colcon.colcon_core.package_identification:_identify(src/mage_msgs) by extension 'ignore_ament_install'
[4.508s] Level 1:colcon.colcon_core.package_identification:_identify(src/mage_msgs) by extensions ['colcon_pkg']
[4.508s] Level 1:colcon.colcon_core.package_identification:_identify(src/mage_msgs) by extension 'colcon_pkg'
[4.508s] Level 1:colcon.colcon_core.package_identification:_identify(src/mage_msgs) by extensions ['colcon_meta']
[4.508s] Level 1:colcon.colcon_core.package_identification:_identify(src/mage_msgs) by extension 'colcon_meta'
[4.508s] Level 1:colcon.colcon_core.package_identification:_identify(src/mage_msgs) by extensions ['ros']
[4.508s] Level 1:colcon.colcon_core.package_identification:_identify(src/mage_msgs) by extension 'ros'
[4.509s] DEBUG:colcon.colcon_core.package_identification:Package 'src/mage_msgs' with type 'ros.ament_cmake' and name 'mage_msgs'
[4.509s] Level 1:colcon.colcon_core.package_identification:_identify(src/ros2_aruco) by extensions ['ignore', 'ignore_ament_install']
[4.509s] Level 1:colcon.colcon_core.package_identification:_identify(src/ros2_aruco) by extension 'ignore'
[4.509s] Level 1:colcon.colcon_core.package_identification:_identify(src/ros2_aruco) by extension 'ignore_ament_install'
[4.510s] Level 1:colcon.colcon_core.package_identification:_identify(src/ros2_aruco) by extensions ['colcon_pkg']
[4.510s] Level 1:colcon.colcon_core.package_identification:_identify(src/ros2_aruco) by extension 'colcon_pkg'
[4.510s] Level 1:colcon.colcon_core.package_identification:_identify(src/ros2_aruco) by extensions ['colcon_meta']
[4.510s] Level 1:colcon.colcon_core.package_identification:_identify(src/ros2_aruco) by extension 'colcon_meta'
[4.510s] Level 1:colcon.colcon_core.package_identification:_identify(src/ros2_aruco) by extensions ['ros']
[4.510s] Level 1:colcon.colcon_core.package_identification:_identify(src/ros2_aruco) by extension 'ros'
[4.510s] Level 1:colcon.colcon_core.package_identification:_identify(src/ros2_aruco) by extensions ['cmake', 'python']
[4.510s] Level 1:colcon.colcon_core.package_identification:_identify(src/ros2_aruco) by extension 'cmake'
[4.510s] Level 1:colcon.colcon_core.package_identification:_identify(src/ros2_aruco) by extension 'python'
[4.510s] Level 1:colcon.colcon_core.package_identification:_identify(src/ros2_aruco) by extensions ['python_setup_py']
[4.510s] Level 1:colcon.colcon_core.package_identification:_identify(src/ros2_aruco) by extension 'python_setup_py'
[4.510s] Level 1:colcon.colcon_core.package_identification:_identify(src/ros2_aruco/ros2_aruco) by extensions ['ignore', 'ignore_ament_install']
[4.511s] Level 1:colcon.colcon_core.package_identification:_identify(src/ros2_aruco/ros2_aruco) by extension 'ignore'
[4.511s] Level 1:colcon.colcon_core.package_identification:_identify(src/ros2_aruco/ros2_aruco) by extension 'ignore_ament_install'
[4.511s] Level 1:colcon.colcon_core.package_identification:_identify(src/ros2_aruco/ros2_aruco) by extensions ['colcon_pkg']
[4.511s] Level 1:colcon.colcon_core.package_identification:_identify(src/ros2_aruco/ros2_aruco) by extension 'colcon_pkg'
[4.511s] Level 1:colcon.colcon_core.package_identification:_identify(src/ros2_aruco/ros2_aruco) by extensions ['colcon_meta']
[4.511s] Level 1:colcon.colcon_core.package_identification:_identify(src/ros2_aruco/ros2_aruco) by extension 'colcon_meta'
[4.511s] Level 1:colcon.colcon_core.package_identification:_identify(src/ros2_aruco/ros2_aruco) by extensions ['ros']
[4.511s] Level 1:colcon.colcon_core.package_identification:_identify(src/ros2_aruco/ros2_aruco) by extension 'ros'
[4.512s] DEBUG:colcon.colcon_core.package_identification:Package 'src/ros2_aruco/ros2_aruco' with type 'ros.ament_python' and name 'ros2_aruco'
[4.512s] Level 1:colcon.colcon_core.package_identification:_identify(src/ros2_aruco/ros2_aruco_interfaces) by extensions ['ignore', 'ignore_ament_install']
[4.512s] Level 1:colcon.colcon_core.package_identification:_identify(src/ros2_aruco/ros2_aruco_interfaces) by extension 'ignore'
[4.512s] Level 1:colcon.colcon_core.package_identification:_identify(src/ros2_aruco/ros2_aruco_interfaces) by extension 'ignore_ament_install'
[4.512s] Level 1:colcon.colcon_core.package_identification:_identify(src/ros2_aruco/ros2_aruco_interfaces) by extensions ['colcon_pkg']
[4.512s] Level 1:colcon.colcon_core.package_identification:_identify(src/ros2_aruco/ros2_aruco_interfaces) by extension 'colcon_pkg'
[4.512s] Level 1:colcon.colcon_core.package_identification:_identify(src/ros2_aruco/ros2_aruco_interfaces) by extensions ['colcon_meta']
[4.512s] Level 1:colcon.colcon_core.package_identification:_identify(src/ros2_aruco/ros2_aruco_interfaces) by extension 'colcon_meta'
[4.513s] Level 1:colcon.colcon_core.package_identification:_identify(src/ros2_aruco/ros2_aruco_interfaces) by extensions ['ros']
[4.513s] Level 1:colcon.colcon_core.package_identification:_identify(src/ros2_aruco/ros2_aruco_interfaces) by extension 'ros'
[4.513s] DEBUG:colcon.colcon_core.package_identification:Package 'src/ros2_aruco/ros2_aruco_interfaces' with type 'ros.ament_cmake' and name 'ros2_aruco_interfaces'
[4.514s] Level 1:colcon.colcon_core.package_discovery:discover_packages(recursive) using defaults
[4.514s] Level 1:colcon.colcon_core.package_discovery:discover_packages(ignore) discover
[4.514s] Level 1:colcon.colcon_core.package_discovery:discover_packages(ignore) using defaults
[4.514s] Level 1:colcon.colcon_core.package_discovery:discover_packages(path) discover
[4.514s] Level 1:colcon.colcon_core.package_discovery:discover_packages(path) using defaults
[4.914s] Level 1:colcon.colcon_core.package_discovery:discover_packages(prefix_path) check parameters
[4.914s] Level 1:colcon.colcon_core.package_discovery:discover_packages(prefix_path) discover
[5.065s] DEBUG:colcon.colcon_installed_package_information.package_discovery:Found 5 installed packages in /home/nitish/final_ws/install
[5.142s] DEBUG:colcon.colcon_installed_package_information.package_discovery:Found 353 installed packages in /opt/ros/galactic
[5.145s] Level 1:colcon.colcon_core.package_discovery:discover_packages(prefix_path) using defaults
[5.449s] Level 5:colcon.colcon_core.verb:set package 'mage_msgs' build argument 'cmake_args' from command line to 'None'
[5.449s] Level 5:colcon.colcon_core.verb:set package 'mage_msgs' build argument 'cmake_target' from command line to 'None'
[5.449s] Level 5:colcon.colcon_core.verb:set package 'mage_msgs' build argument 'cmake_target_skip_unavailable' from command line to 'False'
[5.449s] Level 5:colcon.colcon_core.verb:set package 'mage_msgs' build argument 'cmake_clean_cache' from command line to 'False'
[5.449s] Level 5:colcon.colcon_core.verb:set package 'mage_msgs' build argument 'cmake_clean_first' from command line to 'False'
[5.449s] Level 5:colcon.colcon_core.verb:set package 'mage_msgs' build argument 'cmake_force_configure' from command line to 'False'
[5.449s] Level 5:colcon.colcon_core.verb:set package 'mage_msgs' build argument 'ament_cmake_args' from command line to 'None'
[5.449s] Level 5:colcon.colcon_core.verb:set package 'mage_msgs' build argument 'catkin_cmake_args' from command line to 'None'
[5.449s] Level 5:colcon.colcon_core.verb:set package 'mage_msgs' build argument 'catkin_skip_building_tests' from command line to 'False'
[5.449s] DEBUG:colcon.colcon_core.verb:Building package 'mage_msgs' with the following arguments: {'ament_cmake_args': None, 'build_base': '/home/nitish/final_ws/build/mage_msgs', 'catkin_cmake_args': None, 'catkin_skip_building_tests': False, 'cmake_args': None, 'cmake_clean_cache': False, 'cmake_clean_first': False, 'cmake_force_configure': False, 'cmake_target': None, 'cmake_target_skip_unavailable': False, 'install_base': '/home/nitish/final_ws/install/mage_msgs', 'merge_install': False, 'path': '/home/nitish/final_ws/src/mage_msgs', 'symlink_install': False, 'test_result_base': None}
[5.522s] Level 5:colcon.colcon_core.verb:set package 'ros2_aruco' build argument 'cmake_args' from command line to 'None'
[5.522s] Level 5:colcon.colcon_core.verb:set package 'ros2_aruco' build argument 'cmake_target' from command line to 'None'
[5.522s] Level 5:colcon.colcon_core.verb:set package 'ros2_aruco' build argument 'cmake_target_skip_unavailable' from command line to 'False'
[5.522s] Level 5:colcon.colcon_core.verb:set package 'ros2_aruco' build argument 'cmake_clean_cache' from command line to 'False'
[5.522s] Level 5:colcon.colcon_core.verb:set package 'ros2_aruco' build argument 'cmake_clean_first' from command line to 'False'
[5.522s] Level 5:colcon.colcon_core.verb:set package 'ros2_aruco' build argument 'cmake_force_configure' from command line to 'False'
[5.522s] Level 5:colcon.colcon_core.verb:set package 'ros2_aruco' build argument 'ament_cmake_args' from command line to 'None'
[5.522s] Level 5:colcon.colcon_core.verb:set package 'ros2_aruco' build argument 'catkin_cmake_args' from command line to 'None'
[5.522s] Level 5:colcon.colcon_core.verb:set package 'ros2_aruco' build argument 'catkin_skip_building_tests' from command line to 'False'
[5.522s] DEBUG:colcon.colcon_core.verb:Building package 'ros2_aruco' with the following arguments: {'ament_cmake_args': None, 'build_base': '/home/nitish/final_ws/build/ros2_aruco', 'catkin_cmake_args': None, 'catkin_skip_building_tests': False, 'cmake_args': None, 'cmake_clean_cache': False, 'cmake_clean_first': False, 'cmake_force_configure': False, 'cmake_target': None, 'cmake_target_skip_unavailable': False, 'install_base': '/home/nitish/final_ws/install/ros2_aruco', 'merge_install': False, 'path': '/home/nitish/final_ws/src/ros2_aruco/ros2_aruco', 'symlink_install': False, 'test_result_base': None}
[5.596s] Level 5:colcon.colcon_core.verb:set package 'ros2_aruco_interfaces' build argument 'cmake_args' from command line to 'None'
[5.596s] Level 5:colcon.colcon_core.verb:set package 'ros2_aruco_interfaces' build argument 'cmake_target' from command line to 'None'
[5.596s] Level 5:colcon.colcon_core.verb:set package 'ros2_aruco_interfaces' build argument 'cmake_target_skip_unavailable' from command line to 'False'
[5.596s] Level 5:colcon.colcon_core.verb:set package 'ros2_aruco_interfaces' build argument 'cmake_clean_cache' from command line to 'False'
[5.596s] Level 5:colcon.colcon_core.verb:set package 'ros2_aruco_interfaces' build argument 'cmake_clean_first' from command line to 'False'
[5.596s] Level 5:colcon.colcon_core.verb:set package 'ros2_aruco_interfaces' build argument 'cmake_force_configure' from command line to 'False'
[5.596s] Level 5:colcon.colcon_core.verb:set package 'ros2_aruco_interfaces' build argument 'ament_cmake_args' from command line to 'None'
[5.596s] Level 5:colcon.colcon_core.verb:set package 'ros2_aruco_interfaces' build argument 'catkin_cmake_args' from command line to 'None'
[5.596s] Level 5:colcon.colcon_core.verb:set package 'ros2_aruco_interfaces' build argument 'catkin_skip_building_tests' from command line to 'False'
[5.596s] DEBUG:colcon.colcon_core.verb:Building package 'ros2_aruco_interfaces' with the following arguments: {'ament_cmake_args': None, 'build_base': '/home/nitish/final_ws/build/ros2_aruco_interfaces', 'catkin_cmake_args': None, 'catkin_skip_building_tests': False, 'cmake_args': None, 'cmake_clean_cache': False, 'cmake_clean_first': False, 'cmake_force_configure': False, 'cmake_target': None, 'cmake_target_skip_unavailable': False, 'install_base': '/home/nitish/final_ws/install/ros2_aruco_interfaces', 'merge_install': False, 'path': '/home/nitish/final_ws/src/ros2_aruco/ros2_aruco_interfaces', 'symlink_install': False, 'test_result_base': None}
[5.669s] Level 5:colcon.colcon_core.verb:set package 'final_project' build argument 'cmake_args' from command line to 'None'
[5.669s] Level 5:colcon.colcon_core.verb:set package 'final_project' build argument 'cmake_target' from command line to 'None'
[5.669s] Level 5:colcon.colcon_core.verb:set package 'final_project' build argument 'cmake_target_skip_unavailable' from command line to 'False'
[5.669s] Level 5:colcon.colcon_core.verb:set package 'final_project' build argument 'cmake_clean_cache' from command line to 'False'
[5.669s] Level 5:colcon.colcon_core.verb:set package 'final_project' build argument 'cmake_clean_first' from command line to 'False'
[5.669s] Level 5:colcon.colcon_core.verb:set package 'final_project' build argument 'cmake_force_configure' from command line to 'False'
[5.669s] Level 5:colcon.colcon_core.verb:set package 'final_project' build argument 'ament_cmake_args' from command line to 'None'
[5.669s] Level 5:colcon.colcon_core.verb:set package 'final_project' build argument 'catkin_cmake_args' from command line to 'None'
[5.669s] Level 5:colcon.colcon_core.verb:set package 'final_project' build argument 'catkin_skip_building_tests' from command line to 'False'
[5.669s] DEBUG:colcon.colcon_core.verb:Building package 'final_project' with the following arguments: {'ament_cmake_args': None, 'build_base': '/home/nitish/final_ws/build/final_project', 'catkin_cmake_args': None, 'catkin_skip_building_tests': False, 'cmake_args': None, 'cmake_clean_cache': False, 'cmake_clean_first': False, 'cmake_force_configure': False, 'cmake_target': None, 'cmake_target_skip_unavailable': False, 'install_base': '/home/nitish/final_ws/install/final_project', 'merge_install': False, 'path': '/home/nitish/final_ws/src/final_project', 'symlink_install': False, 'test_result_base': None}
[5.742s] Level 5:colcon.colcon_core.verb:set package 'group11_final' build argument 'cmake_args' from command line to 'None'
[5.742s] Level 5:colcon.colcon_core.verb:set package 'group11_final' build argument 'cmake_target' from command line to 'None'
[5.742s] Level 5:colcon.colcon_core.verb:set package 'group11_final' build argument 'cmake_target_skip_unavailable' from command line to 'False'
[5.742s] Level 5:colcon.colcon_core.verb:set package 'group11_final' build argument 'cmake_clean_cache' from command line to 'False'
[5.742s] Level 5:colcon.colcon_core.verb:set package 'group11_final' build argument 'cmake_clean_first' from command line to 'False'
[5.742s] Level 5:colcon.colcon_core.verb:set package 'group11_final' build argument 'cmake_force_configure' from command line to 'False'
[5.742s] Level 5:colcon.colcon_core.verb:set package 'group11_final' build argument 'ament_cmake_args' from command line to 'None'
[5.742s] Level 5:colcon.colcon_core.verb:set package 'group11_final' build argument 'catkin_cmake_args' from command line to 'None'
[5.742s] Level 5:colcon.colcon_core.verb:set package 'group11_final' build argument 'catkin_skip_building_tests' from command line to 'False'
[5.742s] DEBUG:colcon.colcon_core.verb:Building package 'group11_final' with the following arguments: {'ament_cmake_args': None, 'build_base': '/home/nitish/final_ws/build/group11_final', 'catkin_cmake_args': None, 'catkin_skip_building_tests': False, 'cmake_args': None, 'cmake_clean_cache': False, 'cmake_clean_first': False, 'cmake_force_configure': False, 'cmake_target': None, 'cmake_target_skip_unavailable': False, 'install_base': '/home/nitish/final_ws/install/group11_final', 'merge_install': False, 'path': '/home/nitish/final_ws/src/group11_final', 'symlink_install': False, 'test_result_base': None}
[5.815s] INFO:colcon.colcon_core.executor:Executing jobs using 'parallel' executor
[5.888s] DEBUG:colcon.colcon_parallel_executor.executor.parallel:run_until_complete
[5.888s] INFO:colcon.colcon_ros.task.ament_cmake.build:Building ROS package in '/home/nitish/final_ws/src/mage_msgs' with build type 'ament_cmake'
[5.888s] INFO:colcon.colcon_cmake.task.cmake.build:Building CMake package in '/home/nitish/final_ws/src/mage_msgs'
[5.965s] INFO:colcon.colcon_core.plugin_system:Skipping extension 'colcon_core.shell.bat': Not used on non-Windows systems
[5.965s] INFO:colcon.colcon_core.shell:Skip shell extension 'powershell' for command environment: Not usable outside of PowerShell
[5.966s] DEBUG:colcon.colcon_core.shell:Skip shell extension 'dsv' for command environment
[6.194s] INFO:colcon.colcon_ros.task.ament_cmake.build:Building ROS package in '/home/nitish/final_ws/src/ros2_aruco/ros2_aruco_interfaces' with build type 'ament_cmake'
[6.194s] INFO:colcon.colcon_cmake.task.cmake.build:Building CMake package in '/home/nitish/final_ws/src/ros2_aruco/ros2_aruco_interfaces'
[6.270s] INFO:colcon.colcon_core.shell:Skip shell extension 'powershell' for command environment: Not usable outside of PowerShell
[6.270s] DEBUG:colcon.colcon_core.shell:Skip shell extension 'dsv' for command environment
[6.500s] INFO:colcon.colcon_ros.task.ament_python.build:Building ROS package in '/home/nitish/final_ws/src/ros2_aruco/ros2_aruco' with build type 'ament_python'
[6.500s] Level 1:colcon.colcon_core.shell:create_environment_hook('ros2_aruco', 'ament_prefix_path')
[6.577s] INFO:colcon.colcon_core.shell:Creating environment hook '/home/nitish/final_ws/install/ros2_aruco/share/ros2_aruco/hook/ament_prefix_path.ps1'
[6.578s] INFO:colcon.colcon_core.shell:Creating environment descriptor '/home/nitish/final_ws/install/ros2_aruco/share/ros2_aruco/hook/ament_prefix_path.dsv'
[6.579s] INFO:colcon.colcon_core.shell:Creating environment hook '/home/nitish/final_ws/install/ros2_aruco/share/ros2_aruco/hook/ament_prefix_path.sh'
[6.655s] INFO:colcon.colcon_core.shell:Skip shell extension 'powershell' for command environment: Not usable outside of PowerShell
[6.655s] DEBUG:colcon.colcon_core.shell:Skip shell extension 'dsv' for command environment
[6.911s] DEBUG:colcon.colcon_core.event_handler.log_command:Invoking command in '/home/nitish/final_ws/build/mage_msgs': CMAKE_PREFIX_PATH=${CMAKE_PREFIX_PATH}:/home/nitish/final_ws/install/ros2_aruco:/opt/ros/galactic /usr/bin/cmake --build /home/nitish/final_ws/build/mage_msgs -- -j12 -l12
[6.921s] DEBUG:colcon.colcon_core.event_handler.log_command:Invoking command in '/home/nitish/final_ws/build/ros2_aruco_interfaces': CMAKE_PREFIX_PATH=${CMAKE_PREFIX_PATH}:/home/nitish/final_ws/install/ros2_aruco:/opt/ros/galactic /usr/bin/cmake --build /home/nitish/final_ws/build/ros2_aruco_interfaces -- -j12 -l12
[7.343s] INFO:colcon.colcon_core.task.python.build:Building Python package in '/home/nitish/final_ws/src/ros2_aruco/ros2_aruco'
[7.421s] INFO:colcon.colcon_core.shell:Skip shell extension 'powershell' for command environment: Not usable outside of PowerShell
[7.421s] DEBUG:colcon.colcon_core.shell:Skip shell extension 'dsv' for command environment
[7.721s] DEBUG:colcon.colcon_core.event_handler.log_command:Invoked command in '/home/nitish/final_ws/build/mage_msgs' returned '0': CMAKE_PREFIX_PATH=${CMAKE_PREFIX_PATH}:/home/nitish/final_ws/install/ros2_aruco:/opt/ros/galactic /usr/bin/cmake --build /home/nitish/final_ws/build/mage_msgs -- -j12 -l12
[7.722s] DEBUG:colcon.colcon_core.event_handler.log_command:Invoked command in '/home/nitish/final_ws/build/ros2_aruco_interfaces' returned '0': CMAKE_PREFIX_PATH=${CMAKE_PREFIX_PATH}:/home/nitish/final_ws/install/ros2_aruco:/opt/ros/galactic /usr/bin/cmake --build /home/nitish/final_ws/build/ros2_aruco_interfaces -- -j12 -l12
[7.823s] DEBUG:colcon.colcon_core.event_handler.log_command:Invoking command in '/home/nitish/final_ws/build/ros2_aruco_interfaces': CMAKE_PREFIX_PATH=${CMAKE_PREFIX_PATH}:/home/nitish/final_ws/install/ros2_aruco:/opt/ros/galactic /usr/bin/cmake --install /home/nitish/final_ws/build/ros2_aruco_interfaces
[7.914s] Level 1:colcon.colcon_core.environment:create_environment_scripts_only(ros2_aruco_interfaces)
[7.915s] DEBUG:colcon.colcon_core.event_handler.log_command:Invoked command in '/home/nitish/final_ws/build/ros2_aruco_interfaces' returned '0': CMAKE_PREFIX_PATH=${CMAKE_PREFIX_PATH}:/home/nitish/final_ws/install/ros2_aruco:/opt/ros/galactic /usr/bin/cmake --install /home/nitish/final_ws/build/ros2_aruco_interfaces
[8.000s] Level 1:colcon.colcon_core.environment:checking '/home/nitish/final_ws/install/ros2_aruco_interfaces' for CMake module files
[8.001s] Level 1:colcon.colcon_core.environment:checking '/home/nitish/final_ws/install/ros2_aruco_interfaces' for CMake config files
[8.002s] Level 1:colcon.colcon_core.shell:create_environment_hook('ros2_aruco_interfaces', 'cmake_prefix_path')
[8.081s] INFO:colcon.colcon_core.shell:Creating environment hook '/home/nitish/final_ws/install/ros2_aruco_interfaces/share/ros2_aruco_interfaces/hook/cmake_prefix_path.ps1'
[8.082s] INFO:colcon.colcon_core.shell:Creating environment descriptor '/home/nitish/final_ws/install/ros2_aruco_interfaces/share/ros2_aruco_interfaces/hook/cmake_prefix_path.dsv'
[8.082s] INFO:colcon.colcon_core.shell:Creating environment hook '/home/nitish/final_ws/install/ros2_aruco_interfaces/share/ros2_aruco_interfaces/hook/cmake_prefix_path.sh'
[8.083s] Level 1:colcon.colcon_core.environment:checking '/home/nitish/final_ws/install/ros2_aruco_interfaces/lib'
[8.083s] Level 1:colcon.colcon_core.shell:create_environment_hook('ros2_aruco_interfaces', 'ld_library_path_lib')
[8.182s] INFO:colcon.colcon_core.shell:Creating environment hook '/home/nitish/final_ws/install/ros2_aruco_interfaces/share/ros2_aruco_interfaces/hook/ld_library_path_lib.ps1'
[8.182s] INFO:colcon.colcon_core.shell:Creating environment descriptor '/home/nitish/final_ws/install/ros2_aruco_interfaces/share/ros2_aruco_interfaces/hook/ld_library_path_lib.dsv'
[8.183s] INFO:colcon.colcon_core.shell:Creating environment hook '/home/nitish/final_ws/install/ros2_aruco_interfaces/share/ros2_aruco_interfaces/hook/ld_library_path_lib.sh'
[8.183s] Level 1:colcon.colcon_core.environment:checking '/home/nitish/final_ws/install/ros2_aruco_interfaces/bin'
[8.183s] Level 1:colcon.colcon_core.environment:checking '/home/nitish/final_ws/install/ros2_aruco_interfaces/lib/pkgconfig/ros2_aruco_interfaces.pc'
[8.184s] Level 1:colcon.colcon_core.environment:checking '/home/nitish/final_ws/install/ros2_aruco_interfaces/lib/python3.8/site-packages'
[8.184s] Level 1:colcon.colcon_core.shell:create_environment_hook('ros2_aruco_interfaces', 'pythonpath')
[8.263s] INFO:colcon.colcon_core.shell:Creating environment hook '/home/nitish/final_ws/install/ros2_aruco_interfaces/share/ros2_aruco_interfaces/hook/pythonpath.ps1'
[8.264s] INFO:colcon.colcon_core.shell:Creating environment descriptor '/home/nitish/final_ws/install/ros2_aruco_interfaces/share/ros2_aruco_interfaces/hook/pythonpath.dsv'
[8.264s] INFO:colcon.colcon_core.shell:Creating environment hook '/home/nitish/final_ws/install/ros2_aruco_interfaces/share/ros2_aruco_interfaces/hook/pythonpath.sh'
[8.265s] Level 1:colcon.colcon_core.environment:checking '/home/nitish/final_ws/install/ros2_aruco_interfaces/bin'
[8.346s] INFO:colcon.colcon_core.shell:Creating package script '/home/nitish/final_ws/install/ros2_aruco_interfaces/share/ros2_aruco_interfaces/package.ps1'
[8.347s] INFO:colcon.colcon_core.shell:Creating package descriptor '/home/nitish/final_ws/install/ros2_aruco_interfaces/share/ros2_aruco_interfaces/package.dsv'
[8.348s] INFO:colcon.colcon_core.shell:Creating package script '/home/nitish/final_ws/install/ros2_aruco_interfaces/share/ros2_aruco_interfaces/package.sh'
[8.349s] INFO:colcon.colcon_core.shell:Creating package script '/home/nitish/final_ws/install/ros2_aruco_interfaces/share/ros2_aruco_interfaces/package.bash'
[8.350s] INFO:colcon.colcon_core.shell:Creating package script '/home/nitish/final_ws/install/ros2_aruco_interfaces/share/ros2_aruco_interfaces/package.zsh'
[8.351s] Level 1:colcon.colcon_core.environment:create_file_with_runtime_dependencies(/home/nitish/final_ws/install/ros2_aruco_interfaces/share/colcon-core/packages/ros2_aruco_interfaces)
[8.361s] DEBUG:colcon.colcon_core.event_handler.log_command:Invoking command in '/home/nitish/final_ws/build/mage_msgs': CMAKE_PREFIX_PATH=${CMAKE_PREFIX_PATH}:/home/nitish/final_ws/install/ros2_aruco:/opt/ros/galactic /usr/bin/cmake --install /home/nitish/final_ws/build/mage_msgs
[8.369s] DEBUG:colcon.colcon_core.event_handler.log_command:Invoking command in '/home/nitish/final_ws/src/ros2_aruco/ros2_aruco': PYTHONPATH=/home/nitish/final_ws/build/ros2_aruco/prefix_override:/home/nitish/final_ws/install/ros2_aruco/lib/python3.8/site-packages:${PYTHONPATH} /usr/bin/python3 setup.py egg_info --egg-base ../../../build/ros2_aruco build --build-base /home/nitish/final_ws/build/ros2_aruco/build install --record /home/nitish/final_ws/build/ros2_aruco/install.log --install-scripts $base/lib/ros2_aruco --single-version-externally-managed
[8.528s] Level 1:colcon.colcon_core.environment:create_environment_scripts_only(ros2_aruco_interfaces)
[8.606s] Level 1:colcon.colcon_core.environment:checking '/home/nitish/final_ws/install/ros2_aruco_interfaces' for CMake module files
[8.607s] Level 1:colcon.colcon_core.environment:checking '/home/nitish/final_ws/install/ros2_aruco_interfaces' for CMake config files
[8.608s] Level 1:colcon.colcon_core.shell:create_environment_hook('ros2_aruco_interfaces', 'cmake_prefix_path')
[8.686s] INFO:colcon.colcon_core.shell:Creating environment hook '/home/nitish/final_ws/install/ros2_aruco_interfaces/share/ros2_aruco_interfaces/hook/cmake_prefix_path.ps1'
[8.687s] INFO:colcon.colcon_core.shell:Creating environment descriptor '/home/nitish/final_ws/install/ros2_aruco_interfaces/share/ros2_aruco_interfaces/hook/cmake_prefix_path.dsv'
[8.687s] INFO:colcon.colcon_core.shell:Creating environment hook '/home/nitish/final_ws/install/ros2_aruco_interfaces/share/ros2_aruco_interfaces/hook/cmake_prefix_path.sh'
[8.688s] Level 1:colcon.colcon_core.environment:checking '/home/nitish/final_ws/install/ros2_aruco_interfaces/lib'
[8.688s] Level 1:colcon.colcon_core.shell:create_environment_hook('ros2_aruco_interfaces', 'ld_library_path_lib')
[8.771s] INFO:colcon.colcon_core.shell:Creating environment hook '/home/nitish/final_ws/install/ros2_aruco_interfaces/share/ros2_aruco_interfaces/hook/ld_library_path_lib.ps1'
[8.771s] INFO:colcon.colcon_core.shell:Creating environment descriptor '/home/nitish/final_ws/install/ros2_aruco_interfaces/share/ros2_aruco_interfaces/hook/ld_library_path_lib.dsv'
[8.772s] INFO:colcon.colcon_core.shell:Creating environment hook '/home/nitish/final_ws/install/ros2_aruco_interfaces/share/ros2_aruco_interfaces/hook/ld_library_path_lib.sh'
[8.772s] Level 1:colcon.colcon_core.environment:checking '/home/nitish/final_ws/install/ros2_aruco_interfaces/bin'
[8.773s] Level 1:colcon.colcon_core.environment:checking '/home/nitish/final_ws/install/ros2_aruco_interfaces/lib/pkgconfig/ros2_aruco_interfaces.pc'
[8.773s] Level 1:colcon.colcon_core.environment:checking '/home/nitish/final_ws/install/ros2_aruco_interfaces/lib/python3.8/site-packages'
[8.773s] Level 1:colcon.colcon_core.shell:create_environment_hook('ros2_aruco_interfaces', 'pythonpath')
[8.857s] INFO:colcon.colcon_core.shell:Creating environment hook '/home/nitish/final_ws/install/ros2_aruco_interfaces/share/ros2_aruco_interfaces/hook/pythonpath.ps1'
[8.858s] INFO:colcon.colcon_core.shell:Creating environment descriptor '/home/nitish/final_ws/install/ros2_aruco_interfaces/share/ros2_aruco_interfaces/hook/pythonpath.dsv'
[8.859s] INFO:colcon.colcon_core.shell:Creating environment hook '/home/nitish/final_ws/install/ros2_aruco_interfaces/share/ros2_aruco_interfaces/hook/pythonpath.sh'
[8.860s] Level 1:colcon.colcon_core.environment:checking '/home/nitish/final_ws/install/ros2_aruco_interfaces/bin'
[8.938s] INFO:colcon.colcon_core.shell:Creating package script '/home/nitish/final_ws/install/ros2_aruco_interfaces/share/ros2_aruco_interfaces/package.ps1'
[8.939s] INFO:colcon.colcon_core.shell:Creating package descriptor '/home/nitish/final_ws/install/ros2_aruco_interfaces/share/ros2_aruco_interfaces/package.dsv'
[8.940s] INFO:colcon.colcon_core.shell:Creating package script '/home/nitish/final_ws/install/ros2_aruco_interfaces/share/ros2_aruco_interfaces/package.sh'
[8.941s] INFO:colcon.colcon_core.shell:Creating package script '/home/nitish/final_ws/install/ros2_aruco_interfaces/share/ros2_aruco_interfaces/package.bash'
[8.941s] INFO:colcon.colcon_core.shell:Creating package script '/home/nitish/final_ws/install/ros2_aruco_interfaces/share/ros2_aruco_interfaces/package.zsh'
[8.942s] Level 1:colcon.colcon_core.environment:create_file_with_runtime_dependencies(/home/nitish/final_ws/install/ros2_aruco_interfaces/share/colcon-core/packages/ros2_aruco_interfaces)
[8.945s] DEBUG:colcon.colcon_core.event_handler.log_command:Invoked command in '/home/nitish/final_ws/src/ros2_aruco/ros2_aruco' returned '0': PYTHONPATH=/home/nitish/final_ws/build/ros2_aruco/prefix_override:/home/nitish/final_ws/install/ros2_aruco/lib/python3.8/site-packages:${PYTHONPATH} /usr/bin/python3 setup.py egg_info --egg-base ../../../build/ros2_aruco build --build-base /home/nitish/final_ws/build/ros2_aruco/build install --record /home/nitish/final_ws/build/ros2_aruco/install.log --install-scripts $base/lib/ros2_aruco --single-version-externally-managed
[9.026s] Level 1:colcon.colcon_core.environment:checking '/home/nitish/final_ws/install/ros2_aruco' for CMake module files
[9.026s] Level 1:colcon.colcon_core.environment:checking '/home/nitish/final_ws/install/ros2_aruco' for CMake config files
[9.027s] Level 1:colcon.colcon_core.environment:checking '/home/nitish/final_ws/install/ros2_aruco/lib'
[9.027s] Level 1:colcon.colcon_core.environment:checking '/home/nitish/final_ws/install/ros2_aruco/bin'
[9.027s] Level 1:colcon.colcon_core.environment:checking '/home/nitish/final_ws/install/ros2_aruco/lib/pkgconfig/ros2_aruco.pc'
[9.028s] Level 1:colcon.colcon_core.environment:checking '/home/nitish/final_ws/install/ros2_aruco/lib/python3.8/site-packages'
[9.028s] Level 1:colcon.colcon_core.shell:create_environment_hook('ros2_aruco', 'pythonpath')
[9.105s] INFO:colcon.colcon_core.shell:Creating environment hook '/home/nitish/final_ws/install/ros2_aruco/share/ros2_aruco/hook/pythonpath.ps1'
[9.106s] INFO:colcon.colcon_core.shell:Creating environment descriptor '/home/nitish/final_ws/install/ros2_aruco/share/ros2_aruco/hook/pythonpath.dsv'
[9.106s] INFO:colcon.colcon_core.shell:Creating environment hook '/home/nitish/final_ws/install/ros2_aruco/share/ros2_aruco/hook/pythonpath.sh'
[9.107s] Level 1:colcon.colcon_core.environment:checking '/home/nitish/final_ws/install/ros2_aruco/bin'
[9.107s] Level 1:colcon.colcon_core.environment:create_environment_scripts_only(ros2_aruco)
[9.184s] INFO:colcon.colcon_core.shell:Creating package script '/home/nitish/final_ws/install/ros2_aruco/share/ros2_aruco/package.ps1'
[9.185s] INFO:colcon.colcon_core.shell:Creating package descriptor '/home/nitish/final_ws/install/ros2_aruco/share/ros2_aruco/package.dsv'
[9.186s] INFO:colcon.colcon_core.shell:Creating package script '/home/nitish/final_ws/install/ros2_aruco/share/ros2_aruco/package.sh'
[9.186s] INFO:colcon.colcon_core.shell:Creating package script '/home/nitish/final_ws/install/ros2_aruco/share/ros2_aruco/package.bash'
[9.187s] INFO:colcon.colcon_core.shell:Creating package script '/home/nitish/final_ws/install/ros2_aruco/share/ros2_aruco/package.zsh'
[9.187s] Level 1:colcon.colcon_core.environment:create_file_with_runtime_dependencies(/home/nitish/final_ws/install/ros2_aruco/share/colcon-core/packages/ros2_aruco)
[9.188s] Level 1:colcon.colcon_core.environment:create_environment_scripts_only(mage_msgs)
[9.189s] DEBUG:colcon.colcon_core.event_handler.log_command:Invoked command in '/home/nitish/final_ws/build/mage_msgs' returned '0': CMAKE_PREFIX_PATH=${CMAKE_PREFIX_PATH}:/home/nitish/final_ws/install/ros2_aruco:/opt/ros/galactic /usr/bin/cmake --install /home/nitish/final_ws/build/mage_msgs
[9.267s] Level 1:colcon.colcon_core.environment:checking '/home/nitish/final_ws/install/mage_msgs' for CMake module files
[9.268s] Level 1:colcon.colcon_core.environment:checking '/home/nitish/final_ws/install/mage_msgs' for CMake config files
[9.269s] Level 1:colcon.colcon_core.shell:create_environment_hook('mage_msgs', 'cmake_prefix_path')
[9.347s] INFO:colcon.colcon_core.shell:Creating environment hook '/home/nitish/final_ws/install/mage_msgs/share/mage_msgs/hook/cmake_prefix_path.ps1'
[9.347s] INFO:colcon.colcon_core.shell:Creating environment descriptor '/home/nitish/final_ws/install/mage_msgs/share/mage_msgs/hook/cmake_prefix_path.dsv'
[9.348s] INFO:colcon.colcon_core.shell:Creating environment hook '/home/nitish/final_ws/install/mage_msgs/share/mage_msgs/hook/cmake_prefix_path.sh'
[9.349s] Level 1:colcon.colcon_core.environment:checking '/home/nitish/final_ws/install/mage_msgs/lib'
[9.349s] Level 1:colcon.colcon_core.shell:create_environment_hook('mage_msgs', 'ld_library_path_lib')
[9.428s] INFO:colcon.colcon_core.shell:Creating environment hook '/home/nitish/final_ws/install/mage_msgs/share/mage_msgs/hook/ld_library_path_lib.ps1'
[9.429s] INFO:colcon.colcon_core.shell:Creating environment descriptor '/home/nitish/final_ws/install/mage_msgs/share/mage_msgs/hook/ld_library_path_lib.dsv'
[9.429s] INFO:colcon.colcon_core.shell:Creating environment hook '/home/nitish/final_ws/install/mage_msgs/share/mage_msgs/hook/ld_library_path_lib.sh'
[9.430s] Level 1:colcon.colcon_core.environment:checking '/home/nitish/final_ws/install/mage_msgs/bin'
[9.430s] Level 1:colcon.colcon_core.environment:checking '/home/nitish/final_ws/install/mage_msgs/lib/pkgconfig/mage_msgs.pc'
[9.430s] Level 1:colcon.colcon_core.environment:checking '/home/nitish/final_ws/install/mage_msgs/lib/python3.8/site-packages'
[9.431s] Level 1:colcon.colcon_core.shell:create_environment_hook('mage_msgs', 'pythonpath')
[9.509s] INFO:colcon.colcon_core.shell:Creating environment hook '/home/nitish/final_ws/install/mage_msgs/share/mage_msgs/hook/pythonpath.ps1'
[9.509s] INFO:colcon.colcon_core.shell:Creating environment descriptor '/home/nitish/final_ws/install/mage_msgs/share/mage_msgs/hook/pythonpath.dsv'
[9.510s] INFO:colcon.colcon_core.shell:Creating environment hook '/home/nitish/final_ws/install/mage_msgs/share/mage_msgs/hook/pythonpath.sh'
[9.511s] Level 1:colcon.colcon_core.environment:checking '/home/nitish/final_ws/install/mage_msgs/bin'
[9.589s] INFO:colcon.colcon_core.shell:Creating package script '/home/nitish/final_ws/install/mage_msgs/share/mage_msgs/package.ps1'
[9.590s] INFO:colcon.colcon_core.shell:Creating package descriptor '/home/nitish/final_ws/install/mage_msgs/share/mage_msgs/package.dsv'
[9.590s] INFO:colcon.colcon_core.shell:Creating package script '/home/nitish/final_ws/install/mage_msgs/share/mage_msgs/package.sh'
[9.591s] INFO:colcon.colcon_core.shell:Creating package script '/home/nitish/final_ws/install/mage_msgs/share/mage_msgs/package.bash'
[9.592s] INFO:colcon.colcon_core.shell:Creating package script '/home/nitish/final_ws/install/mage_msgs/share/mage_msgs/package.zsh'
[9.592s] Level 1:colcon.colcon_core.environment:create_file_with_runtime_dependencies(/home/nitish/final_ws/install/mage_msgs/share/colcon-core/packages/mage_msgs)
[9.882s] Level 1:colcon.colcon_core.environment:create_environment_scripts_only(mage_msgs)
[9.959s] Level 1:colcon.colcon_core.environment:checking '/home/nitish/final_ws/install/mage_msgs' for CMake module files
[9.960s] Level 1:colcon.colcon_core.environment:checking '/home/nitish/final_ws/install/mage_msgs' for CMake config files
[9.961s] Level 1:colcon.colcon_core.shell:create_environment_hook('mage_msgs', 'cmake_prefix_path')
[10.038s] INFO:colcon.colcon_core.shell:Creating environment hook '/home/nitish/final_ws/install/mage_msgs/share/mage_msgs/hook/cmake_prefix_path.ps1'
[10.038s] INFO:colcon.colcon_core.shell:Creating environment descriptor '/home/nitish/final_ws/install/mage_msgs/share/mage_msgs/hook/cmake_prefix_path.dsv'
[10.039s] INFO:colcon.colcon_core.shell:Creating environment hook '/home/nitish/final_ws/install/mage_msgs/share/mage_msgs/hook/cmake_prefix_path.sh'
[10.040s] Level 1:colcon.colcon_core.environment:checking '/home/nitish/final_ws/install/mage_msgs/lib'
[10.040s] Level 1:colcon.colcon_core.shell:create_environment_hook('mage_msgs', 'ld_library_path_lib')
[10.120s] INFO:colcon.colcon_core.shell:Creating environment hook '/home/nitish/final_ws/install/mage_msgs/share/mage_msgs/hook/ld_library_path_lib.ps1'
[10.121s] INFO:colcon.colcon_core.shell:Creating environment descriptor '/home/nitish/final_ws/install/mage_msgs/share/mage_msgs/hook/ld_library_path_lib.dsv'
[10.121s] INFO:colcon.colcon_core.shell:Creating environment hook '/home/nitish/final_ws/install/mage_msgs/share/mage_msgs/hook/ld_library_path_lib.sh'
[10.122s] Level 1:colcon.colcon_core.environment:checking '/home/nitish/final_ws/install/mage_msgs/bin'
[10.122s] Level 1:colcon.colcon_core.environment:checking '/home/nitish/final_ws/install/mage_msgs/lib/pkgconfig/mage_msgs.pc'
[10.122s] Level 1:colcon.colcon_core.environment:checking '/home/nitish/final_ws/install/mage_msgs/lib/python3.8/site-packages'
[10.122s] Level 1:colcon.colcon_core.shell:create_environment_hook('mage_msgs', 'pythonpath')
[10.199s] INFO:colcon.colcon_core.shell:Creating environment hook '/home/nitish/final_ws/install/mage_msgs/share/mage_msgs/hook/pythonpath.ps1'
[10.200s] INFO:colcon.colcon_core.shell:Creating environment descriptor '/home/nitish/final_ws/install/mage_msgs/share/mage_msgs/hook/pythonpath.dsv'
[10.200s] INFO:colcon.colcon_core.shell:Creating environment hook '/home/nitish/final_ws/install/mage_msgs/share/mage_msgs/hook/pythonpath.sh'
[10.201s] Level 1:colcon.colcon_core.environment:checking '/home/nitish/final_ws/install/mage_msgs/bin'
[10.278s] INFO:colcon.colcon_core.shell:Creating package script '/home/nitish/final_ws/install/mage_msgs/share/mage_msgs/package.ps1'
[10.279s] INFO:colcon.colcon_core.shell:Creating package descriptor '/home/nitish/final_ws/install/mage_msgs/share/mage_msgs/package.dsv'
[10.279s] INFO:colcon.colcon_core.shell:Creating package script '/home/nitish/final_ws/install/mage_msgs/share/mage_msgs/package.sh'
[10.280s] INFO:colcon.colcon_core.shell:Creating package script '/home/nitish/final_ws/install/mage_msgs/share/mage_msgs/package.bash'
[10.281s] INFO:colcon.colcon_core.shell:Creating package script '/home/nitish/final_ws/install/mage_msgs/share/mage_msgs/package.zsh'
[10.281s] Level 1:colcon.colcon_core.environment:create_file_with_runtime_dependencies(/home/nitish/final_ws/install/mage_msgs/share/colcon-core/packages/mage_msgs)
[10.282s] INFO:colcon.colcon_ros.task.ament_cmake.build:Building ROS package in '/home/nitish/final_ws/src/final_project' with build type 'ament_cmake'
[10.282s] INFO:colcon.colcon_cmake.task.cmake.build:Building CMake package in '/home/nitish/final_ws/src/final_project'
[10.361s] INFO:colcon.colcon_core.shell:Skip shell extension 'powershell' for command environment: Not usable outside of PowerShell
[10.361s] DEBUG:colcon.colcon_core.shell:Skip shell extension 'dsv' for command environment
[10.608s] INFO:colcon.colcon_ros.task.ament_cmake.build:Building ROS package in '/home/nitish/final_ws/src/group11_final' with build type 'ament_cmake'
[10.609s] INFO:colcon.colcon_cmake.task.cmake.build:Building CMake package in '/home/nitish/final_ws/src/group11_final'
[10.687s] INFO:colcon.colcon_core.shell:Skip shell extension 'powershell' for command environment: Not usable outside of PowerShell
[10.687s] DEBUG:colcon.colcon_core.shell:Skip shell extension 'dsv' for command environment
[10.930s] DEBUG:colcon.colcon_core.event_handler.log_command:Invoking command in '/home/nitish/final_ws/build/final_project': CMAKE_PREFIX_PATH=/home/nitish/final_ws/install/mage_msgs:/home/nitish/final_ws/install/group11_final:/home/nitish/final_ws/install/ros2_aruco_interfaces:/home/nitish/final_ws/install/final_project:/home/nitish/final_ws/install/ros2_aruco:/opt/ros/galactic LD_LIBRARY_PATH=/home/nitish/final_ws/install/mage_msgs/lib:/home/nitish/final_ws/install/ros2_aruco_interfaces/lib:/home/nitish/final_ws/install/final_project/lib:/usr/lib/x86_64-linux-gnu/gazebo-11/plugins:/opt/ros/galactic/opt/yaml_cpp_vendor/lib:/opt/ros/galactic/opt/rviz_ogre_vendor/lib:/opt/ros/galactic/lib/x86_64-linux-gnu:/opt/ros/galactic/lib PYTHONPATH=/home/nitish/final_ws/install/mage_msgs/lib/python3.8/site-packages:/home/nitish/final_ws/install/ros2_aruco_interfaces/lib/python3.8/site-packages:/home/nitish/final_ws/install/ros2_aruco/lib/python3.8/site-packages:/home/nitish/final_ws/install/final_project/lib/python3.8/site-packages:/opt/ros/galactic/lib/python3.8/site-packages /usr/bin/cmake --build /home/nitish/final_ws/build/final_project -- -j12 -l12
[10.938s] DEBUG:colcon.colcon_core.event_handler.log_command:Invoking command in '/home/nitish/final_ws/build/group11_final': CMAKE_PREFIX_PATH=/home/nitish/final_ws/install/ros2_aruco_interfaces:/home/nitish/final_ws/install/mage_msgs:/home/nitish/final_ws/install/group11_final:/home/nitish/final_ws/install/final_project:/home/nitish/final_ws/install/ros2_aruco:/opt/ros/galactic LD_LIBRARY_PATH=/home/nitish/final_ws/install/ros2_aruco_interfaces/lib:/home/nitish/final_ws/install/mage_msgs/lib:/home/nitish/final_ws/install/final_project/lib:/usr/lib/x86_64-linux-gnu/gazebo-11/plugins:/opt/ros/galactic/opt/yaml_cpp_vendor/lib:/opt/ros/galactic/opt/rviz_ogre_vendor/lib:/opt/ros/galactic/lib/x86_64-linux-gnu:/opt/ros/galactic/lib PYTHONPATH=/home/nitish/final_ws/install/ros2_aruco_interfaces/lib/python3.8/site-packages:/home/nitish/final_ws/install/mage_msgs/lib/python3.8/site-packages:/home/nitish/final_ws/install/ros2_aruco/lib/python3.8/site-packages:/home/nitish/final_ws/install/final_project/lib/python3.8/site-packages:/opt/ros/galactic/lib/python3.8/site-packages /usr/bin/cmake --build /home/nitish/final_ws/build/group11_final -- -j12 -l12
[11.052s] DEBUG:colcon.colcon_core.event_handler.log_command:Invoked command in '/home/nitish/final_ws/build/group11_final' returned '0': CMAKE_PREFIX_PATH=/home/nitish/final_ws/install/ros2_aruco_interfaces:/home/nitish/final_ws/install/mage_msgs:/home/nitish/final_ws/install/group11_final:/home/nitish/final_ws/install/final_project:/home/nitish/final_ws/install/ros2_aruco:/opt/ros/galactic LD_LIBRARY_PATH=/home/nitish/final_ws/install/ros2_aruco_interfaces/lib:/home/nitish/final_ws/install/mage_msgs/lib:/home/nitish/final_ws/install/final_project/lib:/usr/lib/x86_64-linux-gnu/gazebo-11/plugins:/opt/ros/galactic/opt/yaml_cpp_vendor/lib:/opt/ros/galactic/opt/rviz_ogre_vendor/lib:/opt/ros/galactic/lib/x86_64-linux-gnu:/opt/ros/galactic/lib PYTHONPATH=/home/nitish/final_ws/install/ros2_aruco_interfaces/lib/python3.8/site-packages:/home/nitish/final_ws/install/mage_msgs/lib/python3.8/site-packages:/home/nitish/final_ws/install/ros2_aruco/lib/python3.8/site-packages:/home/nitish/final_ws/install/final_project/lib/python3.8/site-packages:/opt/ros/galactic/lib/python3.8/site-packages /usr/bin/cmake --build /home/nitish/final_ws/build/group11_final -- -j12 -l12
[11.094s] DEBUG:colcon.colcon_core.event_handler.log_command:Invoking command in '/home/nitish/final_ws/build/group11_final': CMAKE_PREFIX_PATH=/home/nitish/final_ws/install/ros2_aruco_interfaces:/home/nitish/final_ws/install/mage_msgs:/home/nitish/final_ws/install/group11_final:/home/nitish/final_ws/install/final_project:/home/nitish/final_ws/install/ros2_aruco:/opt/ros/galactic LD_LIBRARY_PATH=/home/nitish/final_ws/install/ros2_aruco_interfaces/lib:/home/nitish/final_ws/install/mage_msgs/lib:/home/nitish/final_ws/install/final_project/lib:/usr/lib/x86_64-linux-gnu/gazebo-11/plugins:/opt/ros/galactic/opt/yaml_cpp_vendor/lib:/opt/ros/galactic/opt/rviz_ogre_vendor/lib:/opt/ros/galactic/lib/x86_64-linux-gnu:/opt/ros/galactic/lib PYTHONPATH=/home/nitish/final_ws/install/ros2_aruco_interfaces/lib/python3.8/site-packages:/home/nitish/final_ws/install/mage_msgs/lib/python3.8/site-packages:/home/nitish/final_ws/install/ros2_aruco/lib/python3.8/site-packages:/home/nitish/final_ws/install/final_project/lib/python3.8/site-packages:/opt/ros/galactic/lib/python3.8/site-packages /usr/bin/cmake --install /home/nitish/final_ws/build/group11_final
[11.112s] Level 1:colcon.colcon_core.environment:create_environment_scripts_only(group11_final)
[11.113s] DEBUG:colcon.colcon_core.event_handler.log_command:Invoked command in '/home/nitish/final_ws/build/group11_final' returned '0': CMAKE_PREFIX_PATH=/home/nitish/final_ws/install/ros2_aruco_interfaces:/home/nitish/final_ws/install/mage_msgs:/home/nitish/final_ws/install/group11_final:/home/nitish/final_ws/install/final_project:/home/nitish/final_ws/install/ros2_aruco:/opt/ros/galactic LD_LIBRARY_PATH=/home/nitish/final_ws/install/ros2_aruco_interfaces/lib:/home/nitish/final_ws/install/mage_msgs/lib:/home/nitish/final_ws/install/final_project/lib:/usr/lib/x86_64-linux-gnu/gazebo-11/plugins:/opt/ros/galactic/opt/yaml_cpp_vendor/lib:/opt/ros/galactic/opt/rviz_ogre_vendor/lib:/opt/ros/galactic/lib/x86_64-linux-gnu:/opt/ros/galactic/lib PYTHONPATH=/home/nitish/final_ws/install/ros2_aruco_interfaces/lib/python3.8/site-packages:/home/nitish/final_ws/install/mage_msgs/lib/python3.8/site-packages:/home/nitish/final_ws/install/ros2_aruco/lib/python3.8/site-packages:/home/nitish/final_ws/install/final_project/lib/python3.8/site-packages:/opt/ros/galactic/lib/python3.8/site-packages /usr/bin/cmake --install /home/nitish/final_ws/build/group11_final
[11.192s] Level 1:colcon.colcon_core.environment:checking '/home/nitish/final_ws/install/group11_final' for CMake module files
[11.192s] Level 1:colcon.colcon_core.environment:checking '/home/nitish/final_ws/install/group11_final' for CMake config files
[11.193s] Level 1:colcon.colcon_core.shell:create_environment_hook('group11_final', 'cmake_prefix_path')
[11.270s] INFO:colcon.colcon_core.shell:Creating environment hook '/home/nitish/final_ws/install/group11_final/share/group11_final/hook/cmake_prefix_path.ps1'
[11.271s] INFO:colcon.colcon_core.shell:Creating environment descriptor '/home/nitish/final_ws/install/group11_final/share/group11_final/hook/cmake_prefix_path.dsv'
[11.271s] INFO:colcon.colcon_core.shell:Creating environment hook '/home/nitish/final_ws/install/group11_final/share/group11_final/hook/cmake_prefix_path.sh'
[11.272s] Level 1:colcon.colcon_core.environment:checking '/home/nitish/final_ws/install/group11_final/lib'
[11.272s] Level 1:colcon.colcon_core.environment:checking '/home/nitish/final_ws/install/group11_final/bin'
[11.272s] Level 1:colcon.colcon_core.environment:checking '/home/nitish/final_ws/install/group11_final/lib/pkgconfig/group11_final.pc'
[11.273s] Level 1:colcon.colcon_core.environment:checking '/home/nitish/final_ws/install/group11_final/lib/python3.8/site-packages'
[11.273s] Level 1:colcon.colcon_core.environment:checking '/home/nitish/final_ws/install/group11_final/bin'
[11.356s] INFO:colcon.colcon_core.shell:Creating package script '/home/nitish/final_ws/install/group11_final/share/group11_final/package.ps1'
[11.357s] INFO:colcon.colcon_core.shell:Creating package descriptor '/home/nitish/final_ws/install/group11_final/share/group11_final/package.dsv'
[11.357s] INFO:colcon.colcon_core.shell:Creating package script '/home/nitish/final_ws/install/group11_final/share/group11_final/package.sh'
[11.358s] INFO:colcon.colcon_core.shell:Creating package script '/home/nitish/final_ws/install/group11_final/share/group11_final/package.bash'
[11.358s] INFO:colcon.colcon_core.shell:Creating package script '/home/nitish/final_ws/install/group11_final/share/group11_final/package.zsh'
[11.359s] Level 1:colcon.colcon_core.environment:create_file_with_runtime_dependencies(/home/nitish/final_ws/install/group11_final/share/colcon-core/packages/group11_final)
[11.505s] Level 1:colcon.colcon_core.environment:create_environment_scripts_only(group11_final)
[11.598s] Level 1:colcon.colcon_core.environment:checking '/home/nitish/final_ws/install/group11_final' for CMake module files
[11.600s] Level 1:colcon.colcon_core.environment:checking '/home/nitish/final_ws/install/group11_final' for CMake config files
[11.600s] Level 1:colcon.colcon_core.shell:create_environment_hook('group11_final', 'cmake_prefix_path')
[11.693s] INFO:colcon.colcon_core.shell:Creating environment hook '/home/nitish/final_ws/install/group11_final/share/group11_final/hook/cmake_prefix_path.ps1'
[11.694s] INFO:colcon.colcon_core.shell:Creating environment descriptor '/home/nitish/final_ws/install/group11_final/share/group11_final/hook/cmake_prefix_path.dsv'
[11.695s] INFO:colcon.colcon_core.shell:Creating environment hook '/home/nitish/final_ws/install/group11_final/share/group11_final/hook/cmake_prefix_path.sh'
[11.695s] Level 1:colcon.colcon_core.environment:checking '/home/nitish/final_ws/install/group11_final/lib'
[11.696s] Level 1:colcon.colcon_core.environment:checking '/home/nitish/final_ws/install/group11_final/bin'
[11.696s] Level 1:colcon.colcon_core.environment:checking '/home/nitish/final_ws/install/group11_final/lib/pkgconfig/group11_final.pc'
[11.696s] Level 1:colcon.colcon_core.environment:checking '/home/nitish/final_ws/install/group11_final/lib/python3.8/site-packages'
[11.696s] Level 1:colcon.colcon_core.environment:checking '/home/nitish/final_ws/install/group11_final/bin'
[11.777s] INFO:colcon.colcon_core.shell:Creating package script '/home/nitish/final_ws/install/group11_final/share/group11_final/package.ps1'
[11.778s] INFO:colcon.colcon_core.shell:Creating package descriptor '/home/nitish/final_ws/install/group11_final/share/group11_final/package.dsv'
[11.778s] INFO:colcon.colcon_core.shell:Creating package script '/home/nitish/final_ws/install/group11_final/share/group11_final/package.sh'
[11.779s] INFO:colcon.colcon_core.shell:Creating package script '/home/nitish/final_ws/install/group11_final/share/group11_final/package.bash'
[11.780s] INFO:colcon.colcon_core.shell:Creating package script '/home/nitish/final_ws/install/group11_final/share/group11_final/package.zsh'
[11.780s] Level 1:colcon.colcon_core.environment:create_file_with_runtime_dependencies(/home/nitish/final_ws/install/group11_final/share/colcon-core/packages/group11_final)
[11.783s] DEBUG:colcon.colcon_core.event_handler.log_command:Invoked command in '/home/nitish/final_ws/build/final_project' returned '0': CMAKE_PREFIX_PATH=/home/nitish/final_ws/install/mage_msgs:/home/nitish/final_ws/install/group11_final:/home/nitish/final_ws/install/ros2_aruco_interfaces:/home/nitish/final_ws/install/final_project:/home/nitish/final_ws/install/ros2_aruco:/opt/ros/galactic LD_LIBRARY_PATH=/home/nitish/final_ws/install/mage_msgs/lib:/home/nitish/final_ws/install/ros2_aruco_interfaces/lib:/home/nitish/final_ws/install/final_project/lib:/usr/lib/x86_64-linux-gnu/gazebo-11/plugins:/opt/ros/galactic/opt/yaml_cpp_vendor/lib:/opt/ros/galactic/opt/rviz_ogre_vendor/lib:/opt/ros/galactic/lib/x86_64-linux-gnu:/opt/ros/galactic/lib PYTHONPATH=/home/nitish/final_ws/install/mage_msgs/lib/python3.8/site-packages:/home/nitish/final_ws/install/ros2_aruco_interfaces/lib/python3.8/site-packages:/home/nitish/final_ws/install/ros2_aruco/lib/python3.8/site-packages:/home/nitish/final_ws/install/final_project/lib/python3.8/site-packages:/opt/ros/galactic/lib/python3.8/site-packages /usr/bin/cmake --build /home/nitish/final_ws/build/final_project -- -j12 -l12
[11.837s] DEBUG:colcon.colcon_core.event_handler.log_command:Invoking command in '/home/nitish/final_ws/build/final_project': CMAKE_PREFIX_PATH=/home/nitish/final_ws/install/mage_msgs:/home/nitish/final_ws/install/group11_final:/home/nitish/final_ws/install/ros2_aruco_interfaces:/home/nitish/final_ws/install/final_project:/home/nitish/final_ws/install/ros2_aruco:/opt/ros/galactic LD_LIBRARY_PATH=/home/nitish/final_ws/install/mage_msgs/lib:/home/nitish/final_ws/install/ros2_aruco_interfaces/lib:/home/nitish/final_ws/install/final_project/lib:/usr/lib/x86_64-linux-gnu/gazebo-11/plugins:/opt/ros/galactic/opt/yaml_cpp_vendor/lib:/opt/ros/galactic/opt/rviz_ogre_vendor/lib:/opt/ros/galactic/lib/x86_64-linux-gnu:/opt/ros/galactic/lib PYTHONPATH=/home/nitish/final_ws/install/mage_msgs/lib/python3.8/site-packages:/home/nitish/final_ws/install/ros2_aruco_interfaces/lib/python3.8/site-packages:/home/nitish/final_ws/install/ros2_aruco/lib/python3.8/site-packages:/home/nitish/final_ws/install/final_project/lib/python3.8/site-packages:/opt/ros/galactic/lib/python3.8/site-packages /usr/bin/cmake --install /home/nitish/final_ws/build/final_project
[11.931s] Level 1:colcon.colcon_core.environment:create_environment_scripts_only(final_project)
[11.931s] DEBUG:colcon.colcon_core.event_handler.log_command:Invoked command in '/home/nitish/final_ws/build/final_project' returned '0': CMAKE_PREFIX_PATH=/home/nitish/final_ws/install/mage_msgs:/home/nitish/final_ws/install/group11_final:/home/nitish/final_ws/install/ros2_aruco_interfaces:/home/nitish/final_ws/install/final_project:/home/nitish/final_ws/install/ros2_aruco:/opt/ros/galactic LD_LIBRARY_PATH=/home/nitish/final_ws/install/mage_msgs/lib:/home/nitish/final_ws/install/ros2_aruco_interfaces/lib:/home/nitish/final_ws/install/final_project/lib:/usr/lib/x86_64-linux-gnu/gazebo-11/plugins:/opt/ros/galactic/opt/yaml_cpp_vendor/lib:/opt/ros/galactic/opt/rviz_ogre_vendor/lib:/opt/ros/galactic/lib/x86_64-linux-gnu:/opt/ros/galactic/lib PYTHONPATH=/home/nitish/final_ws/install/mage_msgs/lib/python3.8/site-packages:/home/nitish/final_ws/install/ros2_aruco_interfaces/lib/python3.8/site-packages:/home/nitish/final_ws/install/ros2_aruco/lib/python3.8/site-packages:/home/nitish/final_ws/install/final_project/lib/python3.8/site-packages:/opt/ros/galactic/lib/python3.8/site-packages /usr/bin/cmake --install /home/nitish/final_ws/build/final_project
[12.022s] Level 1:colcon.colcon_core.environment:checking '/home/nitish/final_ws/install/final_project' for CMake module files
[12.023s] Level 1:colcon.colcon_core.environment:checking '/home/nitish/final_ws/install/final_project' for CMake config files
[12.024s] Level 1:colcon.colcon_core.shell:create_environment_hook('final_project', 'cmake_prefix_path')
[12.101s] INFO:colcon.colcon_core.shell:Creating environment hook '/home/nitish/final_ws/install/final_project/share/final_project/hook/cmake_prefix_path.ps1'
[12.101s] INFO:colcon.colcon_core.shell:Creating environment descriptor '/home/nitish/final_ws/install/final_project/share/final_project/hook/cmake_prefix_path.dsv'
[12.102s] INFO:colcon.colcon_core.shell:Creating environment hook '/home/nitish/final_ws/install/final_project/share/final_project/hook/cmake_prefix_path.sh'
[12.103s] Level 1:colcon.colcon_core.environment:checking '/home/nitish/final_ws/install/final_project/lib'
[12.103s] Level 1:colcon.colcon_core.shell:create_environment_hook('final_project', 'ld_library_path_lib')
[12.179s] INFO:colcon.colcon_core.shell:Creating environment hook '/home/nitish/final_ws/install/final_project/share/final_project/hook/ld_library_path_lib.ps1'
[12.180s] INFO:colcon.colcon_core.shell:Creating environment descriptor '/home/nitish/final_ws/install/final_project/share/final_project/hook/ld_library_path_lib.dsv'
[12.180s] INFO:colcon.colcon_core.shell:Creating environment hook '/home/nitish/final_ws/install/final_project/share/final_project/hook/ld_library_path_lib.sh'
[12.181s] Level 1:colcon.colcon_core.environment:checking '/home/nitish/final_ws/install/final_project/bin'
[12.181s] Level 1:colcon.colcon_core.environment:checking '/home/nitish/final_ws/install/final_project/lib/pkgconfig/final_project.pc'
[12.181s] Level 1:colcon.colcon_core.environment:checking '/home/nitish/final_ws/install/final_project/lib/python3.8/site-packages'
[12.181s] Level 1:colcon.colcon_core.shell:create_environment_hook('final_project', 'pythonpath')
[12.265s] INFO:colcon.colcon_core.shell:Creating environment hook '/home/nitish/final_ws/install/final_project/share/final_project/hook/pythonpath.ps1'
[12.265s] INFO:colcon.colcon_core.shell:Creating environment descriptor '/home/nitish/final_ws/install/final_project/share/final_project/hook/pythonpath.dsv'
[12.266s] INFO:colcon.colcon_core.shell:Creating environment hook '/home/nitish/final_ws/install/final_project/share/final_project/hook/pythonpath.sh'
[12.267s] Level 1:colcon.colcon_core.environment:checking '/home/nitish/final_ws/install/final_project/bin'
[12.358s] INFO:colcon.colcon_core.shell:Creating package script '/home/nitish/final_ws/install/final_project/share/final_project/package.ps1'
[12.359s] INFO:colcon.colcon_core.shell:Creating package descriptor '/home/nitish/final_ws/install/final_project/share/final_project/package.dsv'
[12.360s] INFO:colcon.colcon_core.shell:Creating package script '/home/nitish/final_ws/install/final_project/share/final_project/package.sh'
[12.361s] INFO:colcon.colcon_core.shell:Creating package script '/home/nitish/final_ws/install/final_project/share/final_project/package.bash'
[12.361s] INFO:colcon.colcon_core.shell:Creating package script '/home/nitish/final_ws/install/final_project/share/final_project/package.zsh'
[12.362s] Level 1:colcon.colcon_core.environment:create_file_with_runtime_dependencies(/home/nitish/final_ws/install/final_project/share/colcon-core/packages/final_project)
[12.489s] Level 1:colcon.colcon_core.environment:create_environment_scripts_only(final_project)
[12.592s] Level 1:colcon.colcon_core.environment:checking '/home/nitish/final_ws/install/final_project' for CMake module files
[12.593s] Level 1:colcon.colcon_core.environment:checking '/home/nitish/final_ws/install/final_project' for CMake config files
[12.595s] Level 1:colcon.colcon_core.shell:create_environment_hook('final_project', 'cmake_prefix_path')
[12.670s] INFO:colcon.colcon_core.shell:Creating environment hook '/home/nitish/final_ws/install/final_project/share/final_project/hook/cmake_prefix_path.ps1'
[12.671s] INFO:colcon.colcon_core.shell:Creating environment descriptor '/home/nitish/final_ws/install/final_project/share/final_project/hook/cmake_prefix_path.dsv'
[12.672s] INFO:colcon.colcon_core.shell:Creating environment hook '/home/nitish/final_ws/install/final_project/share/final_project/hook/cmake_prefix_path.sh'
[12.672s] Level 1:colcon.colcon_core.environment:checking '/home/nitish/final_ws/install/final_project/lib'
[12.672s] Level 1:colcon.colcon_core.shell:create_environment_hook('final_project', 'ld_library_path_lib')
[12.748s] INFO:colcon.colcon_core.shell:Creating environment hook '/home/nitish/final_ws/install/final_project/share/final_project/hook/ld_library_path_lib.ps1'
[12.748s] INFO:colcon.colcon_core.shell:Creating environment descriptor '/home/nitish/final_ws/install/final_project/share/final_project/hook/ld_library_path_lib.dsv'
[12.749s] INFO:colcon.colcon_core.shell:Creating environment hook '/home/nitish/final_ws/install/final_project/share/final_project/hook/ld_library_path_lib.sh'
[12.749s] Level 1:colcon.colcon_core.environment:checking '/home/nitish/final_ws/install/final_project/bin'
[12.749s] Level 1:colcon.colcon_core.environment:checking '/home/nitish/final_ws/install/final_project/lib/pkgconfig/final_project.pc'
[12.750s] Level 1:colcon.colcon_core.environment:checking '/home/nitish/final_ws/install/final_project/lib/python3.8/site-packages'
[12.750s] Level 1:colcon.colcon_core.shell:create_environment_hook('final_project', 'pythonpath')
[12.825s] INFO:colcon.colcon_core.shell:Creating environment hook '/home/nitish/final_ws/install/final_project/share/final_project/hook/pythonpath.ps1'
[12.825s] INFO:colcon.colcon_core.shell:Creating environment descriptor '/home/nitish/final_ws/install/final_project/share/final_project/hook/pythonpath.dsv'
[12.826s] INFO:colcon.colcon_core.shell:Creating environment hook '/home/nitish/final_ws/install/final_project/share/final_project/hook/pythonpath.sh'
[12.826s] Level 1:colcon.colcon_core.environment:checking '/home/nitish/final_ws/install/final_project/bin'
[12.902s] INFO:colcon.colcon_core.shell:Creating package script '/home/nitish/final_ws/install/final_project/share/final_project/package.ps1'
[12.902s] INFO:colcon.colcon_core.shell:Creating package descriptor '/home/nitish/final_ws/install/final_project/share/final_project/package.dsv'
[12.903s] INFO:colcon.colcon_core.shell:Creating package script '/home/nitish/final_ws/install/final_project/share/final_project/package.sh'
[12.904s] INFO:colcon.colcon_core.shell:Creating package script '/home/nitish/final_ws/install/final_project/share/final_project/package.bash'
[12.905s] INFO:colcon.colcon_core.shell:Creating package script '/home/nitish/final_ws/install/final_project/share/final_project/package.zsh'
[12.905s] Level 1:colcon.colcon_core.environment:create_file_with_runtime_dependencies(/home/nitish/final_ws/install/final_project/share/colcon-core/packages/final_project)
[12.906s] DEBUG:colcon.colcon_parallel_executor.executor.parallel:closing loop
[12.906s] DEBUG:colcon.colcon_parallel_executor.executor.parallel:loop closed
[12.906s] DEBUG:colcon.colcon_parallel_executor.executor.parallel:run_until_complete finished with '0'
[12.906s] DEBUG:colcon.colcon_core.event_reactor:joining thread
[12.991s] INFO:colcon.colcon_core.plugin_system:Skipping extension 'colcon_notification.desktop_notification.terminal_notifier': Not used on non-Darwin systems
[12.991s] INFO:colcon.colcon_core.plugin_system:Skipping extension 'colcon_notification.desktop_notification.win32': Not used on non-Windows systems
[12.992s] INFO:colcon.colcon_notification.desktop_notification:Sending desktop notification using 'notify2'
[13.005s] DEBUG:colcon.colcon_core.event_reactor:joined thread
[13.080s] INFO:colcon.colcon_core.shell:Creating prefix script '/home/nitish/final_ws/install/local_setup.ps1'
[13.082s] INFO:colcon.colcon_core.shell:Creating prefix util module '/home/nitish/final_ws/install/_local_setup_util_ps1.py'
[13.084s] INFO:colcon.colcon_core.shell:Creating prefix chain script '/home/nitish/final_ws/install/setup.ps1'
[13.160s] INFO:colcon.colcon_core.shell:Creating prefix script '/home/nitish/final_ws/install/local_setup.sh'
[13.161s] INFO:colcon.colcon_core.shell:Creating prefix util module '/home/nitish/final_ws/install/_local_setup_util_sh.py'
[13.162s] INFO:colcon.colcon_core.shell:Creating prefix chain script '/home/nitish/final_ws/install/setup.sh'
[13.251s] INFO:colcon.colcon_core.shell:Creating prefix script '/home/nitish/final_ws/install/local_setup.bash'
[13.252s] INFO:colcon.colcon_core.shell:Creating prefix chain script '/home/nitish/final_ws/install/setup.bash'
[13.328s] INFO:colcon.colcon_core.shell:Creating prefix script '/home/nitish/final_ws/install/local_setup.zsh'
[13.329s] INFO:colcon.colcon_core.shell:Creating prefix chain script '/home/nitish/final_ws/install/setup.zsh'
