[1.049s] Invoking command in '/home/nitish/final_ws/build/ros2_aruco_interfaces': CMAKE_PREFIX_PATH=${CMAKE_PREFIX_PATH}:/home/nitish/final_ws/install/ros2_aruco:/opt/ros/galactic /usr/bin/cmake --build /home/nitish/final_ws/build/ros2_aruco_interfaces -- -j12 -l12
[1.137s] [  3%] Built target ros2_aruco_interfaces__cpp
[1.141s] [ 12%] Built target ros2_aruco_interfaces__rosidl_generator_c
[1.187s] [ 22%] Built target ros2_aruco_interfaces__rosidl_typesupport_cpp
[1.190s] [ 32%] Built target ros2_aruco_interfaces__rosidl_typesupport_c
[1.193s] [ 41%] Built target ros2_aruco_interfaces__rosidl_typesupport_introspection_cpp
[1.194s] [ 51%] Built target ros2_aruco_interfaces__rosidl_typesupport_fastrtps_cpp
[1.200s] [ 61%] Built target ros2_aruco_interfaces__rosidl_typesupport_introspection_c
[1.248s] [ 70%] Built target ros2_aruco_interfaces__rosidl_typesupport_fastrtps_c
[1.285s] [ 70%] Built target ros2_aruco_interfaces
[1.326s] [ 74%] Built target ros2_aruco_interfaces__py
[1.368s] [ 80%] Built target ros2_aruco_interfaces__python
[1.419s] [ 87%] Built target ros2_aruco_interfaces__rosidl_typesupport_introspection_c__pyext
[1.421s] [ 93%] Built target ros2_aruco_interfaces__rosidl_typesupport_fastrtps_c__pyext
[1.423s] [100%] Built target ros2_aruco_interfaces__rosidl_typesupport_c__pyext
[1.858s] Invoked command in '/home/nitish/final_ws/build/ros2_aruco_interfaces' returned '0': CMAKE_PREFIX_PATH=${CMAKE_PREFIX_PATH}:/home/nitish/final_ws/install/ros2_aruco:/opt/ros/galactic /usr/bin/cmake --build /home/nitish/final_ws/build/ros2_aruco_interfaces -- -j12 -l12
[1.949s] Invoking command in '/home/nitish/final_ws/build/ros2_aruco_interfaces': CMAKE_PREFIX_PATH=${CMAKE_PREFIX_PATH}:/home/nitish/final_ws/install/ros2_aruco:/opt/ros/galactic /usr/bin/cmake --install /home/nitish/final_ws/build/ros2_aruco_interfaces
[1.963s] -- Install configuration: ""
[1.963s] -- Up-to-date: /home/nitish/final_ws/install/ros2_aruco_interfaces/share/ament_index/resource_index/rosidl_interfaces/ros2_aruco_interfaces
[1.964s] -- Up-to-date: /home/nitish/final_ws/install/ros2_aruco_interfaces/include/ros2_aruco_interfaces
[1.964s] -- Up-to-date: /home/nitish/final_ws/install/ros2_aruco_interfaces/include/ros2_aruco_interfaces/msg
[1.964s] -- Up-to-date: /home/nitish/final_ws/install/ros2_aruco_interfaces/include/ros2_aruco_interfaces/msg/aruco_markers.h
[1.964s] -- Up-to-date: /home/nitish/final_ws/install/ros2_aruco_interfaces/include/ros2_aruco_interfaces/msg/rosidl_generator_c__visibility_control.h
[1.964s] -- Up-to-date: /home/nitish/final_ws/install/ros2_aruco_interfaces/include/ros2_aruco_interfaces/msg/detail
[1.965s] -- Up-to-date: /home/nitish/final_ws/install/ros2_aruco_interfaces/include/ros2_aruco_interfaces/msg/detail/aruco_markers__struct.h
[1.965s] -- Up-to-date: /home/nitish/final_ws/install/ros2_aruco_interfaces/include/ros2_aruco_interfaces/msg/detail/aruco_markers__type_support.h
[1.965s] -- Up-to-date: /home/nitish/final_ws/install/ros2_aruco_interfaces/include/ros2_aruco_interfaces/msg/detail/aruco_markers__functions.c
[1.965s] -- Up-to-date: /home/nitish/final_ws/install/ros2_aruco_interfaces/include/ros2_aruco_interfaces/msg/detail/aruco_markers__functions.h
[1.965s] -- Up-to-date: /home/nitish/final_ws/install/ros2_aruco_interfaces/share/ros2_aruco_interfaces/environment/library_path.sh
[1.965s] -- Up-to-date: /home/nitish/final_ws/install/ros2_aruco_interfaces/share/ros2_aruco_interfaces/environment/library_path.dsv
[1.966s] -- Up-to-date: /home/nitish/final_ws/install/ros2_aruco_interfaces/lib/libros2_aruco_interfaces__rosidl_generator_c.so
[1.966s] -- Up-to-date: /home/nitish/final_ws/install/ros2_aruco_interfaces/include/ros2_aruco_interfaces
[1.966s] -- Up-to-date: /home/nitish/final_ws/install/ros2_aruco_interfaces/include/ros2_aruco_interfaces/msg
[1.966s] -- Up-to-date: /home/nitish/final_ws/install/ros2_aruco_interfaces/include/ros2_aruco_interfaces/msg/rosidl_typesupport_fastrtps_c__visibility_control.h
[1.966s] -- Up-to-date: /home/nitish/final_ws/install/ros2_aruco_interfaces/include/ros2_aruco_interfaces/msg/detail
[1.966s] -- Up-to-date: /home/nitish/final_ws/install/ros2_aruco_interfaces/include/ros2_aruco_interfaces/msg/detail/aruco_markers__rosidl_typesupport_fastrtps_c.h
[1.967s] -- Up-to-date: /home/nitish/final_ws/install/ros2_aruco_interfaces/lib/libros2_aruco_interfaces__rosidl_typesupport_fastrtps_c.so
[1.967s] -- Up-to-date: /home/nitish/final_ws/install/ros2_aruco_interfaces/include/ros2_aruco_interfaces
[1.967s] -- Up-to-date: /home/nitish/final_ws/install/ros2_aruco_interfaces/include/ros2_aruco_interfaces/msg
[1.967s] -- Up-to-date: /home/nitish/final_ws/install/ros2_aruco_interfaces/include/ros2_aruco_interfaces/msg/rosidl_typesupport_fastrtps_cpp__visibility_control.h
[1.967s] -- Up-to-date: /home/nitish/final_ws/install/ros2_aruco_interfaces/include/ros2_aruco_interfaces/msg/detail
[1.967s] -- Up-to-date: /home/nitish/final_ws/install/ros2_aruco_interfaces/include/ros2_aruco_interfaces/msg/detail/aruco_markers__rosidl_typesupport_fastrtps_cpp.hpp
[1.968s] -- Up-to-date: /home/nitish/final_ws/install/ros2_aruco_interfaces/include/ros2_aruco_interfaces/msg/detail/dds_fastrtps
[1.968s] -- Up-to-date: /home/nitish/final_ws/install/ros2_aruco_interfaces/lib/libros2_aruco_interfaces__rosidl_typesupport_fastrtps_cpp.so
[1.968s] -- Up-to-date: /home/nitish/final_ws/install/ros2_aruco_interfaces/include/ros2_aruco_interfaces
[1.968s] -- Up-to-date: /home/nitish/final_ws/install/ros2_aruco_interfaces/include/ros2_aruco_interfaces/msg
[1.968s] -- Up-to-date: /home/nitish/final_ws/install/ros2_aruco_interfaces/include/ros2_aruco_interfaces/msg/rosidl_typesupport_introspection_c__visibility_control.h
[1.968s] -- Up-to-date: /home/nitish/final_ws/install/ros2_aruco_interfaces/include/ros2_aruco_interfaces/msg/detail
[1.969s] -- Up-to-date: /home/nitish/final_ws/install/ros2_aruco_interfaces/include/ros2_aruco_interfaces/msg/detail/aruco_markers__rosidl_typesupport_introspection_c.h
[1.969s] -- Up-to-date: /home/nitish/final_ws/install/ros2_aruco_interfaces/include/ros2_aruco_interfaces/msg/detail/aruco_markers__type_support.c
[1.969s] -- Up-to-date: /home/nitish/final_ws/install/ros2_aruco_interfaces/lib/libros2_aruco_interfaces__rosidl_typesupport_introspection_c.so
[1.969s] -- Up-to-date: /home/nitish/final_ws/install/ros2_aruco_interfaces/lib/libros2_aruco_interfaces__rosidl_typesupport_c.so
[1.969s] -- Up-to-date: /home/nitish/final_ws/install/ros2_aruco_interfaces/include/ros2_aruco_interfaces
[1.970s] -- Up-to-date: /home/nitish/final_ws/install/ros2_aruco_interfaces/include/ros2_aruco_interfaces/msg
[1.970s] -- Up-to-date: /home/nitish/final_ws/install/ros2_aruco_interfaces/include/ros2_aruco_interfaces/msg/aruco_markers.hpp
[1.970s] -- Up-to-date: /home/nitish/final_ws/install/ros2_aruco_interfaces/include/ros2_aruco_interfaces/msg/detail
[1.970s] -- Up-to-date: /home/nitish/final_ws/install/ros2_aruco_interfaces/include/ros2_aruco_interfaces/msg/detail/aruco_markers__traits.hpp
[1.971s] -- Up-to-date: /home/nitish/final_ws/install/ros2_aruco_interfaces/include/ros2_aruco_interfaces/msg/detail/aruco_markers__builder.hpp
[1.971s] -- Up-to-date: /home/nitish/final_ws/install/ros2_aruco_interfaces/include/ros2_aruco_interfaces/msg/detail/aruco_markers__struct.hpp
[1.971s] -- Up-to-date: /home/nitish/final_ws/install/ros2_aruco_interfaces/include/ros2_aruco_interfaces
[1.972s] -- Up-to-date: /home/nitish/final_ws/install/ros2_aruco_interfaces/include/ros2_aruco_interfaces/msg
[1.972s] -- Up-to-date: /home/nitish/final_ws/install/ros2_aruco_interfaces/include/ros2_aruco_interfaces/msg/detail
[1.972s] -- Up-to-date: /home/nitish/final_ws/install/ros2_aruco_interfaces/include/ros2_aruco_interfaces/msg/detail/aruco_markers__type_support.cpp
[1.973s] -- Up-to-date: /home/nitish/final_ws/install/ros2_aruco_interfaces/include/ros2_aruco_interfaces/msg/detail/aruco_markers__rosidl_typesupport_introspection_cpp.hpp
[1.973s] -- Up-to-date: /home/nitish/final_ws/install/ros2_aruco_interfaces/lib/libros2_aruco_interfaces__rosidl_typesupport_introspection_cpp.so
[1.973s] -- Up-to-date: /home/nitish/final_ws/install/ros2_aruco_interfaces/lib/libros2_aruco_interfaces__rosidl_typesupport_cpp.so
[1.973s] -- Up-to-date: /home/nitish/final_ws/install/ros2_aruco_interfaces/share/ros2_aruco_interfaces/environment/pythonpath.sh
[1.973s] -- Up-to-date: /home/nitish/final_ws/install/ros2_aruco_interfaces/share/ros2_aruco_interfaces/environment/pythonpath.dsv
[1.973s] -- Up-to-date: /home/nitish/final_ws/install/ros2_aruco_interfaces/lib/python3.8/site-packages/ros2_aruco_interfaces/__init__.py
[2.031s] -- Up-to-date: /home/nitish/final_ws/install/ros2_aruco_interfaces/lib/python3.8/site-packages/ros2_aruco_interfaces/msg
[2.031s] -- Up-to-date: /home/nitish/final_ws/install/ros2_aruco_interfaces/lib/python3.8/site-packages/ros2_aruco_interfaces/msg/_aruco_markers_s.c
[2.031s] -- Up-to-date: /home/nitish/final_ws/install/ros2_aruco_interfaces/lib/python3.8/site-packages/ros2_aruco_interfaces/msg/__init__.py
[2.032s] -- Up-to-date: /home/nitish/final_ws/install/ros2_aruco_interfaces/lib/python3.8/site-packages/ros2_aruco_interfaces/msg/_aruco_markers.py
[2.032s] -- Up-to-date: /home/nitish/final_ws/install/ros2_aruco_interfaces/lib/python3.8/site-packages/ros2_aruco_interfaces/ros2_aruco_interfaces_s__rosidl_typesupport_fastrtps_c.cpython-38-x86_64-linux-gnu.so
[2.033s] -- Up-to-date: /home/nitish/final_ws/install/ros2_aruco_interfaces/lib/python3.8/site-packages/ros2_aruco_interfaces/ros2_aruco_interfaces_s__rosidl_typesupport_introspection_c.cpython-38-x86_64-linux-gnu.so
[2.035s] -- Up-to-date: /home/nitish/final_ws/install/ros2_aruco_interfaces/lib/python3.8/site-packages/ros2_aruco_interfaces/ros2_aruco_interfaces_s__rosidl_typesupport_c.cpython-38-x86_64-linux-gnu.so
[2.036s] -- Up-to-date: /home/nitish/final_ws/install/ros2_aruco_interfaces/lib/libros2_aruco_interfaces__python.so
[2.037s] -- Up-to-date: /home/nitish/final_ws/install/ros2_aruco_interfaces/share/ros2_aruco_interfaces/msg/ArucoMarkers.idl
[2.037s] -- Up-to-date: /home/nitish/final_ws/install/ros2_aruco_interfaces/share/ros2_aruco_interfaces/msg/ArucoMarkers.msg
[2.037s] -- Up-to-date: /home/nitish/final_ws/install/ros2_aruco_interfaces/share/ament_index/resource_index/package_run_dependencies/ros2_aruco_interfaces
[2.038s] -- Up-to-date: /home/nitish/final_ws/install/ros2_aruco_interfaces/share/ament_index/resource_index/parent_prefix_path/ros2_aruco_interfaces
[2.038s] -- Up-to-date: /home/nitish/final_ws/install/ros2_aruco_interfaces/share/ros2_aruco_interfaces/environment/ament_prefix_path.sh
[2.039s] -- Up-to-date: /home/nitish/final_ws/install/ros2_aruco_interfaces/share/ros2_aruco_interfaces/environment/ament_prefix_path.dsv
[2.039s] -- Up-to-date: /home/nitish/final_ws/install/ros2_aruco_interfaces/share/ros2_aruco_interfaces/environment/path.sh
[2.039s] -- Up-to-date: /home/nitish/final_ws/install/ros2_aruco_interfaces/share/ros2_aruco_interfaces/environment/path.dsv
[2.039s] -- Up-to-date: /home/nitish/final_ws/install/ros2_aruco_interfaces/share/ros2_aruco_interfaces/local_setup.bash
[2.040s] -- Up-to-date: /home/nitish/final_ws/install/ros2_aruco_interfaces/share/ros2_aruco_interfaces/local_setup.sh
[2.040s] -- Up-to-date: /home/nitish/final_ws/install/ros2_aruco_interfaces/share/ros2_aruco_interfaces/local_setup.zsh
[2.040s] -- Up-to-date: /home/nitish/final_ws/install/ros2_aruco_interfaces/share/ros2_aruco_interfaces/local_setup.dsv
[2.041s] -- Installing: /home/nitish/final_ws/install/ros2_aruco_interfaces/share/ros2_aruco_interfaces/package.dsv
[2.041s] -- Up-to-date: /home/nitish/final_ws/install/ros2_aruco_interfaces/share/ament_index/resource_index/packages/ros2_aruco_interfaces
[2.041s] -- Up-to-date: /home/nitish/final_ws/install/ros2_aruco_interfaces/share/ros2_aruco_interfaces/cmake/ros2_aruco_interfaces__rosidl_generator_cExport.cmake
[2.042s] -- Up-to-date: /home/nitish/final_ws/install/ros2_aruco_interfaces/share/ros2_aruco_interfaces/cmake/ros2_aruco_interfaces__rosidl_generator_cExport-noconfig.cmake
[2.042s] -- Up-to-date: /home/nitish/final_ws/install/ros2_aruco_interfaces/share/ros2_aruco_interfaces/cmake/ros2_aruco_interfaces__rosidl_typesupport_introspection_cExport.cmake
[2.042s] -- Up-to-date: /home/nitish/final_ws/install/ros2_aruco_interfaces/share/ros2_aruco_interfaces/cmake/ros2_aruco_interfaces__rosidl_typesupport_introspection_cExport-noconfig.cmake
[2.043s] -- Up-to-date: /home/nitish/final_ws/install/ros2_aruco_interfaces/share/ros2_aruco_interfaces/cmake/ros2_aruco_interfaces__rosidl_typesupport_cExport.cmake
[2.043s] -- Up-to-date: /home/nitish/final_ws/install/ros2_aruco_interfaces/share/ros2_aruco_interfaces/cmake/ros2_aruco_interfaces__rosidl_typesupport_cExport-noconfig.cmake
[2.043s] -- Up-to-date: /home/nitish/final_ws/install/ros2_aruco_interfaces/share/ros2_aruco_interfaces/cmake/ros2_aruco_interfaces__rosidl_generator_cppExport.cmake
[2.044s] -- Up-to-date: /home/nitish/final_ws/install/ros2_aruco_interfaces/share/ros2_aruco_interfaces/cmake/ros2_aruco_interfaces__rosidl_typesupport_introspection_cppExport.cmake
[2.044s] -- Up-to-date: /home/nitish/final_ws/install/ros2_aruco_interfaces/share/ros2_aruco_interfaces/cmake/ros2_aruco_interfaces__rosidl_typesupport_introspection_cppExport-noconfig.cmake
[2.044s] -- Up-to-date: /home/nitish/final_ws/install/ros2_aruco_interfaces/share/ros2_aruco_interfaces/cmake/ros2_aruco_interfaces__rosidl_typesupport_cppExport.cmake
[2.044s] -- Up-to-date: /home/nitish/final_ws/install/ros2_aruco_interfaces/share/ros2_aruco_interfaces/cmake/ros2_aruco_interfaces__rosidl_typesupport_cppExport-noconfig.cmake
[2.045s] -- Up-to-date: /home/nitish/final_ws/install/ros2_aruco_interfaces/share/ros2_aruco_interfaces/cmake/rosidl_cmake-extras.cmake
[2.045s] -- Up-to-date: /home/nitish/final_ws/install/ros2_aruco_interfaces/share/ros2_aruco_interfaces/cmake/ament_cmake_export_dependencies-extras.cmake
[2.045s] -- Up-to-date: /home/nitish/final_ws/install/ros2_aruco_interfaces/share/ros2_aruco_interfaces/cmake/ament_cmake_export_libraries-extras.cmake
[2.045s] -- Up-to-date: /home/nitish/final_ws/install/ros2_aruco_interfaces/share/ros2_aruco_interfaces/cmake/ament_cmake_export_targets-extras.cmake
[2.046s] -- Up-to-date: /home/nitish/final_ws/install/ros2_aruco_interfaces/share/ros2_aruco_interfaces/cmake/ament_cmake_export_include_directories-extras.cmake
[2.046s] -- Up-to-date: /home/nitish/final_ws/install/ros2_aruco_interfaces/share/ros2_aruco_interfaces/cmake/rosidl_cmake_export_typesupport_libraries-extras.cmake
[2.046s] -- Up-to-date: /home/nitish/final_ws/install/ros2_aruco_interfaces/share/ros2_aruco_interfaces/cmake/rosidl_cmake_export_typesupport_targets-extras.cmake
[2.048s] -- Up-to-date: /home/nitish/final_ws/install/ros2_aruco_interfaces/share/ros2_aruco_interfaces/cmake/ros2_aruco_interfacesConfig.cmake
[2.048s] -- Up-to-date: /home/nitish/final_ws/install/ros2_aruco_interfaces/share/ros2_aruco_interfaces/cmake/ros2_aruco_interfacesConfig-version.cmake
[2.048s] -- Up-to-date: /home/nitish/final_ws/install/ros2_aruco_interfaces/share/ros2_aruco_interfaces/package.xml
[2.049s] Invoked command in '/home/nitish/final_ws/build/ros2_aruco_interfaces' returned '0': CMAKE_PREFIX_PATH=${CMAKE_PREFIX_PATH}:/home/nitish/final_ws/install/ros2_aruco:/opt/ros/galactic /usr/bin/cmake --install /home/nitish/final_ws/build/ros2_aruco_interfaces
