[35m[1mScanning dependencies of target part_pose_listener[0m
[ 66%] [32mBuilding CXX object CMakeFiles/part_pose_listener.dir/src/part_pose_listener.cpp.o[0m
[ 66%] [32mBuilding CXX object CMakeFiles/part_pose_listener.dir/src/main.cpp.o[0m
In file included from [01m[K/home/nitish/final_ws/src/group11_final/src/main.cpp:1[m[K:
[01m[K/home/nitish/final_ws/src/group11_final/include/group11_final/part_pose_listener.hpp:43:72:[m[K [01;31m[Kerror: [m[Kredeclaration of ‘[01m[Kstd::unordered_map<PartPoseListener::PartKey, geometry_msgs::msg::Pose_<std::allocator<void> >, PartPoseListener::PartKeyHash> PartPoseListener::part_poses_[m[K’
   43 |     std::unordered_map<PartKey, geometry_msgs::msg::Pose, PartKeyHash> [01;31m[Kpart_poses_[m[K;
      |                                                                        [01;31m[K^~~~~~~~~~~[m[K
[01m[K/home/nitish/final_ws/src/group11_final/include/group11_final/part_pose_listener.hpp:39:72:[m[K [01;36m[Knote: [m[Kprevious declaration ‘[01m[Kstd::unordered_map<PartPoseListener::PartKey, geometry_msgs::msg::Pose_<std::allocator<void> >, PartPoseListener::PartKeyHash> PartPoseListener::part_poses_[m[K’
   39 |     std::unordered_map<PartKey, geometry_msgs::msg::Pose, PartKeyHash> [01;36m[Kpart_poses_[m[K;
      |                                                                        [01;36m[K^~~~~~~~~~~[m[K
In file included from [01m[K/home/nitish/final_ws/src/group11_final/src/part_pose_listener.cpp:1[m[K:
[01m[K/home/nitish/final_ws/src/group11_final/include/group11_final/part_pose_listener.hpp:43:72:[m[K [01;31m[Kerror: [m[Kredeclaration of ‘[01m[Kstd::unordered_map<PartPoseListener::PartKey, geometry_msgs::msg::Pose_<std::allocator<void> >, PartPoseListener::PartKeyHash> PartPoseListener::part_poses_[m[K’
   43 |  std::unordered_map<PartKey, geometry_msgs::msg::Pose, PartKeyHash> [01;31m[Kpart_poses_[m[K;
      |                                                                     [01;31m[K^~~~~~~~~~~[m[K

[01m[K/home/nitish/final_ws/src/group11_final/include/group11_final/part_pose_listener.hpp:39:72:[m[K [01;36m[Knote: [m[Kprevious declaration ‘[01m[Kstd::unordered_map<PartPoseListener::PartKey, geometry_msgs::msg::Pose_<std::allocator<void> >, PartPoseListener::PartKeyHash> PartPoseListener::part_poses_[m[K’
   39 |  std::unordered_map<PartKey, geometry_msgs::msg::Pose, PartKeyHash> [01;36m[Kpart_poses_[m[K;
      |                                                                     [01;36m[K^~~~~~~~~~~[m[K

[01m[K/home/nitish/final_ws/src/group11_final/include/group11_final/part_pose_listener.hpp:[m[K In constructor ‘[01m[KPartPoseListener::PartPoseListener()[m[K’:
[01m[K/home/nitish/final_ws/src/group11_final/include/group11_final/part_pose_listener.hpp:60:32:[m[K [01;35m[Kwarning: [m[K‘[01m[KPartPoseListener::tfListener[m[K’ will be initialized after [[01;35m[K-Wreorder[m[K]
   60 |     tf2_ros::TransformListener [01;35m[KtfListener[m[K;
      |                                [01;35m[K^~~~~~~~~~[m[K
[01m[K/home/nitish/final_ws/src/group11_final/include/group11_final/part_pose_listener.hpp:44:10:[m[K [01;35m[Kwarning: [m[K  ‘[01m[Klong int PartPoseListener::aruco_marker_id_[m[K’ [[01;35m[K-Wreorder[m[K]
   44 |     long [01;35m[Karuco_marker_id_[m[K; // Variable to store the ArUco marker ID
      |          [01;35m[K^~~~~~~~~~~~~~~~[m[K
[01m[K/home/nitish/final_ws/src/group11_final/src/part_pose_listener.cpp:3:1:[m[K [01;35m[Kwarning: [m[K  when initialized here [[01;35m[K-Wreorder[m[K]
    3 | [01;35m[KPartPoseListener[m[K::PartPoseListener() : Node("part_pose_listener"),
      | [01;35m[K^~~~~~~~~~~~~~~~[m[K
In file included from [01m[K/home/nitish/final_ws/src/group11_final/src/part_pose_listener.cpp:1[m[K:
[01m[K/home/nitish/final_ws/src/group11_final/include/group11_final/part_pose_listener.hpp:47:10:[m[K [01;35m[Kwarning: [m[K‘[01m[KPartPoseListener::info_logged_[m[K’ will be initialized after [[01;35m[K-Wreorder[m[K]
   47 |     bool [01;35m[Kinfo_logged_[m[K;
      |          [01;35m[K^~~~~~~~~~~~[m[K
[01m[K/home/nitish/final_ws/src/group11_final/include/group11_final/part_pose_listener.hpp:40:12:[m[K [01;35m[Kwarning: [m[K  ‘[01m[Ksize_t PartPoseListener::total_parts_to_detect[m[K’ [[01;35m[K-Wreorder[m[K]
   40 |     size_t [01;35m[Ktotal_parts_to_detect[m[K;
      |            [01;35m[K^~~~~~~~~~~~~~~~~~~~~[m[K
[01m[K/home/nitish/final_ws/src/group11_final/src/part_pose_listener.cpp:3:1:[m[K [01;35m[Kwarning: [m[K  when initialized here [[01;35m[K-Wreorder[m[K]
    3 | [01;35m[KPartPoseListener[m[K::PartPoseListener() : Node("part_pose_listener"),
      | [01;35m[K^~~~~~~~~~~~~~~~[m[K
make[2]: *** [CMakeFiles/part_pose_listener.dir/build.make:76: CMakeFiles/part_pose_listener.dir/src/main.cpp.o] Error 1
make[2]: *** Waiting for unfinished jobs....
make[2]: *** [CMakeFiles/part_pose_listener.dir/build.make:63: CMakeFiles/part_pose_listener.dir/src/part_pose_listener.cpp.o] Error 1
make[1]: *** [CMakeFiles/Makefile2:78: CMakeFiles/part_pose_listener.dir/all] Error 2
make: *** [Makefile:141: all] Error 2
