[4.164s] DEBUG:colcon:Command line arguments: ['/usr/bin/colcon', 'build']
[4.164s] DEBUG:colcon:Parsed command line arguments: Namespace(allow_overriding=[], ament_cmake_args=None, base_paths=['.'], build_base='build', catkin_cmake_args=None, catkin_skip_building_tests=False, cmake_args=None, cmake_clean_cache=False, cmake_clean_first=False, cmake_force_configure=False, cmake_target=None, cmake_target_skip_unavailable=False, continue_on_error=False, event_handlers=None, executor='parallel', ignore_user_meta=False, install_base='install', log_base=None, log_level=None, main=<bound method BuildVerb.main of <colcon_core.verb.build.BuildVerb object at 0x7f362bb847c0>>, merge_install=False, metas=['./colcon.meta'], packages_above=None, packages_above_and_dependencies=None, packages_above_depth=None, packages_end=None, packages_ignore=None, packages_ignore_regex=None, packages_select=None, packages_select_build_failed=False, packages_select_by_dep=None, packages_select_regex=None, packages_select_test_failures=False, packages_skip=None, packages_skip_build_finished=False, packages_skip_by_dep=None, packages_skip_regex=None, packages_skip_test_passed=False, packages_skip_up_to=None, packages_start=None, packages_up_to=None, packages_up_to_regex=None, parallel_workers=12, paths=None, symlink_install=False, test_result_base=None, verb_extension=<colcon_core.verb.build.BuildVerb object at 0x7f362bb847c0>, verb_name='build', verb_parser=<colcon_defaults.argument_parser.defaults.DefaultArgumentsDecorator object at 0x7f362b725df0>)
[4.340s] Level 1:colcon.colcon_core.package_discovery:discover_packages(colcon_meta) check parameters
[4.340s] Level 1:colcon.colcon_core.package_discovery:discover_packages(recursive) check parameters
[4.340s] Level 1:colcon.colcon_core.package_discovery:discover_packages(ignore) check parameters
[4.340s] Level 1:colcon.colcon_core.package_discovery:discover_packages(path) check parameters
[4.340s] Level 1:colcon.colcon_core.package_discovery:discover_packages(colcon_meta) discover
[4.341s] Level 1:colcon.colcon_core.package_discovery:discover_packages(recursive) discover
[4.341s] INFO:colcon.colcon_core.package_discovery:Crawling recursively for packages in '/home/nitish/final_ws'
[4.341s] Level 1:colcon.colcon_core.package_identification:_identify(.) by extensions ['ignore', 'ignore_ament_install']
[4.341s] Level 1:colcon.colcon_core.package_identification:_identify(.) by extension 'ignore'
[4.341s] Level 1:colcon.colcon_core.package_identification:_identify(.) by extension 'ignore_ament_install'
[4.341s] Level 1:colcon.colcon_core.package_identification:_identify(.) by extensions ['colcon_pkg']
[4.341s] Level 1:colcon.colcon_core.package_identification:_identify(.) by extension 'colcon_pkg'
[4.341s] Level 1:colcon.colcon_core.package_identification:_identify(.) by extensions ['colcon_meta']
[4.341s] Level 1:colcon.colcon_core.package_identification:_identify(.) by extension 'colcon_meta'
[4.341s] Level 1:colcon.colcon_core.package_identification:_identify(.) by extensions ['ros']
[4.341s] Level 1:colcon.colcon_core.package_identification:_identify(.) by extension 'ros'
[4.366s] Level 1:colcon.colcon_core.package_identification:_identify(.) by extensions ['cmake', 'python']
[4.366s] Level 1:colcon.colcon_core.package_identification:_identify(.) by extension 'cmake'
[4.366s] Level 1:colcon.colcon_core.package_identification:_identify(.) by extension 'python'
[4.366s] Level 1:colcon.colcon_core.package_identification:_identify(.) by extensions ['python_setup_py']
[4.366s] Level 1:colcon.colcon_core.package_identification:_identify(.) by extension 'python_setup_py'
[4.366s] Level 1:colcon.colcon_core.package_identification:_identify(build) by extensions ['ignore', 'ignore_ament_install']
[4.367s] Level 1:colcon.colcon_core.package_identification:_identify(build) by extension 'ignore'
[4.367s] Level 1:colcon.colcon_core.package_identification:_identify(build) ignored
[4.367s] Level 1:colcon.colcon_core.package_identification:_identify(install) by extensions ['ignore', 'ignore_ament_install']
[4.367s] Level 1:colcon.colcon_core.package_identification:_identify(install) by extension 'ignore'
[4.367s] Level 1:colcon.colcon_core.package_identification:_identify(install) ignored
[4.367s] Level 1:colcon.colcon_core.package_identification:_identify(log) by extensions ['ignore', 'ignore_ament_install']
[4.367s] Level 1:colcon.colcon_core.package_identification:_identify(log) by extension 'ignore'
[4.367s] Level 1:colcon.colcon_core.package_identification:_identify(log) ignored
[4.368s] Level 1:colcon.colcon_core.package_identification:_identify(src) by extensions ['ignore', 'ignore_ament_install']
[4.368s] Level 1:colcon.colcon_core.package_identification:_identify(src) by extension 'ignore'
[4.368s] Level 1:colcon.colcon_core.package_identification:_identify(src) by extension 'ignore_ament_install'
[4.368s] Level 1:colcon.colcon_core.package_identification:_identify(src) by extensions ['colcon_pkg']
[4.368s] Level 1:colcon.colcon_core.package_identification:_identify(src) by extension 'colcon_pkg'
[4.368s] Level 1:colcon.colcon_core.package_identification:_identify(src) by extensions ['colcon_meta']
[4.368s] Level 1:colcon.colcon_core.package_identification:_identify(src) by extension 'colcon_meta'
[4.368s] Level 1:colcon.colcon_core.package_identification:_identify(src) by extensions ['ros']
[4.368s] Level 1:colcon.colcon_core.package_identification:_identify(src) by extension 'ros'
[4.368s] Level 1:colcon.colcon_core.package_identification:_identify(src) by extensions ['cmake', 'python']
[4.369s] Level 1:colcon.colcon_core.package_identification:_identify(src) by extension 'cmake'
[4.369s] Level 1:colcon.colcon_core.package_identification:_identify(src) by extension 'python'
[4.369s] Level 1:colcon.colcon_core.package_identification:_identify(src) by extensions ['python_setup_py']
[4.369s] Level 1:colcon.colcon_core.package_identification:_identify(src) by extension 'python_setup_py'
[4.369s] Level 1:colcon.colcon_core.package_identification:_identify(src/final_project) by extensions ['ignore', 'ignore_ament_install']
[4.369s] Level 1:colcon.colcon_core.package_identification:_identify(src/final_project) by extension 'ignore'
[4.369s] Level 1:colcon.colcon_core.package_identification:_identify(src/final_project) by extension 'ignore_ament_install'
[4.369s] Level 1:colcon.colcon_core.package_identification:_identify(src/final_project) by extensions ['colcon_pkg']
[4.369s] Level 1:colcon.colcon_core.package_identification:_identify(src/final_project) by extension 'colcon_pkg'
[4.369s] Level 1:colcon.colcon_core.package_identification:_identify(src/final_project) by extensions ['colcon_meta']
[4.369s] Level 1:colcon.colcon_core.package_identification:_identify(src/final_project) by extension 'colcon_meta'
[4.370s] Level 1:colcon.colcon_core.package_identification:_identify(src/final_project) by extensions ['ros']
[4.370s] Level 1:colcon.colcon_core.package_identification:_identify(src/final_project) by extension 'ros'
[4.374s] DEBUG:colcon.colcon_core.package_identification:Package 'src/final_project' with type 'ros.ament_cmake' and name 'final_project'
[4.374s] Level 1:colcon.colcon_core.package_identification:_identify(src/group11_final) by extensions ['ignore', 'ignore_ament_install']
[4.375s] Level 1:colcon.colcon_core.package_identification:_identify(src/group11_final) by extension 'ignore'
[4.375s] Level 1:colcon.colcon_core.package_identification:_identify(src/group11_final) by extension 'ignore_ament_install'
[4.375s] Level 1:colcon.colcon_core.package_identification:_identify(src/group11_final) by extensions ['colcon_pkg']
[4.375s] Level 1:colcon.colcon_core.package_identification:_identify(src/group11_final) by extension 'colcon_pkg'
[4.375s] Level 1:colcon.colcon_core.package_identification:_identify(src/group11_final) by extensions ['colcon_meta']
[4.375s] Level 1:colcon.colcon_core.package_identification:_identify(src/group11_final) by extension 'colcon_meta'
[4.375s] Level 1:colcon.colcon_core.package_identification:_identify(src/group11_final) by extensions ['ros']
[4.375s] Level 1:colcon.colcon_core.package_identification:_identify(src/group11_final) by extension 'ros'
[4.377s] DEBUG:colcon.colcon_core.package_identification:Package 'src/group11_final' with type 'ros.ament_cmake' and name 'group11_final'
[4.377s] Level 1:colcon.colcon_core.package_identification:_identify(src/mage_msgs) by extensions ['ignore', 'ignore_ament_install']
[4.377s] Level 1:colcon.colcon_core.package_identification:_identify(src/mage_msgs) by extension 'ignore'
[4.378s] Level 1:colcon.colcon_core.package_identification:_identify(src/mage_msgs) by extension 'ignore_ament_install'
[4.378s] Level 1:colcon.colcon_core.package_identification:_identify(src/mage_msgs) by extensions ['colcon_pkg']
[4.378s] Level 1:colcon.colcon_core.package_identification:_identify(src/mage_msgs) by extension 'colcon_pkg'
[4.378s] Level 1:colcon.colcon_core.package_identification:_identify(src/mage_msgs) by extensions ['colcon_meta']
[4.378s] Level 1:colcon.colcon_core.package_identification:_identify(src/mage_msgs) by extension 'colcon_meta'
[4.378s] Level 1:colcon.colcon_core.package_identification:_identify(src/mage_msgs) by extensions ['ros']
[4.378s] Level 1:colcon.colcon_core.package_identification:_identify(src/mage_msgs) by extension 'ros'
[4.379s] DEBUG:colcon.colcon_core.package_identification:Package 'src/mage_msgs' with type 'ros.ament_cmake' and name 'mage_msgs'
[4.379s] Level 1:colcon.colcon_core.package_identification:_identify(src/ros2_aruco) by extensions ['ignore', 'ignore_ament_install']
[4.379s] Level 1:colcon.colcon_core.package_identification:_identify(src/ros2_aruco) by extension 'ignore'
[4.379s] Level 1:colcon.colcon_core.package_identification:_identify(src/ros2_aruco) by extension 'ignore_ament_install'
[4.379s] Level 1:colcon.colcon_core.package_identification:_identify(src/ros2_aruco) by extensions ['colcon_pkg']
[4.379s] Level 1:colcon.colcon_core.package_identification:_identify(src/ros2_aruco) by extension 'colcon_pkg'
[4.379s] Level 1:colcon.colcon_core.package_identification:_identify(src/ros2_aruco) by extensions ['colcon_meta']
[4.379s] Level 1:colcon.colcon_core.package_identification:_identify(src/ros2_aruco) by extension 'colcon_meta'
[4.380s] Level 1:colcon.colcon_core.package_identification:_identify(src/ros2_aruco) by extensions ['ros']
[4.380s] Level 1:colcon.colcon_core.package_identification:_identify(src/ros2_aruco) by extension 'ros'
[4.380s] Level 1:colcon.colcon_core.package_identification:_identify(src/ros2_aruco) by extensions ['cmake', 'python']
[4.380s] Level 1:colcon.colcon_core.package_identification:_identify(src/ros2_aruco) by extension 'cmake'
[4.380s] Level 1:colcon.colcon_core.package_identification:_identify(src/ros2_aruco) by extension 'python'
[4.380s] Level 1:colcon.colcon_core.package_identification:_identify(src/ros2_aruco) by extensions ['python_setup_py']
[4.380s] Level 1:colcon.colcon_core.package_identification:_identify(src/ros2_aruco) by extension 'python_setup_py'
[4.380s] Level 1:colcon.colcon_core.package_identification:_identify(src/ros2_aruco/ros2_aruco) by extensions ['ignore', 'ignore_ament_install']
[4.380s] Level 1:colcon.colcon_core.package_identification:_identify(src/ros2_aruco/ros2_aruco) by extension 'ignore'
[4.380s] Level 1:colcon.colcon_core.package_identification:_identify(src/ros2_aruco/ros2_aruco) by extension 'ignore_ament_install'
[4.380s] Level 1:colcon.colcon_core.package_identification:_identify(src/ros2_aruco/ros2_aruco) by extensions ['colcon_pkg']
[4.381s] Level 1:colcon.colcon_core.package_identification:_identify(src/ros2_aruco/ros2_aruco) by extension 'colcon_pkg'
[4.381s] Level 1:colcon.colcon_core.package_identification:_identify(src/ros2_aruco/ros2_aruco) by extensions ['colcon_meta']
[4.381s] Level 1:colcon.colcon_core.package_identification:_identify(src/ros2_aruco/ros2_aruco) by extension 'colcon_meta'
[4.381s] Level 1:colcon.colcon_core.package_identification:_identify(src/ros2_aruco/ros2_aruco) by extensions ['ros']
[4.381s] Level 1:colcon.colcon_core.package_identification:_identify(src/ros2_aruco/ros2_aruco) by extension 'ros'
[4.381s] DEBUG:colcon.colcon_core.package_identification:Package 'src/ros2_aruco/ros2_aruco' with type 'ros.ament_python' and name 'ros2_aruco'
[4.382s] Level 1:colcon.colcon_core.package_identification:_identify(src/ros2_aruco/ros2_aruco_interfaces) by extensions ['ignore', 'ignore_ament_install']
[4.382s] Level 1:colcon.colcon_core.package_identification:_identify(src/ros2_aruco/ros2_aruco_interfaces) by extension 'ignore'
[4.382s] Level 1:colcon.colcon_core.package_identification:_identify(src/ros2_aruco/ros2_aruco_interfaces) by extension 'ignore_ament_install'
[4.382s] Level 1:colcon.colcon_core.package_identification:_identify(src/ros2_aruco/ros2_aruco_interfaces) by extensions ['colcon_pkg']
[4.382s] Level 1:colcon.colcon_core.package_identification:_identify(src/ros2_aruco/ros2_aruco_interfaces) by extension 'colcon_pkg'
[4.382s] Level 1:colcon.colcon_core.package_identification:_identify(src/ros2_aruco/ros2_aruco_interfaces) by extensions ['colcon_meta']
[4.382s] Level 1:colcon.colcon_core.package_identification:_identify(src/ros2_aruco/ros2_aruco_interfaces) by extension 'colcon_meta'
[4.382s] Level 1:colcon.colcon_core.package_identification:_identify(src/ros2_aruco/ros2_aruco_interfaces) by extensions ['ros']
[4.382s] Level 1:colcon.colcon_core.package_identification:_identify(src/ros2_aruco/ros2_aruco_interfaces) by extension 'ros'
[4.383s] DEBUG:colcon.colcon_core.package_identification:Package 'src/ros2_aruco/ros2_aruco_interfaces' with type 'ros.ament_cmake' and name 'ros2_aruco_interfaces'
[4.383s] Level 1:colcon.colcon_core.package_discovery:discover_packages(recursive) using defaults
[4.384s] Level 1:colcon.colcon_core.package_discovery:discover_packages(ignore) discover
[4.384s] Level 1:colcon.colcon_core.package_discovery:discover_packages(ignore) using defaults
[4.384s] Level 1:colcon.colcon_core.package_discovery:discover_packages(path) discover
[4.384s] Level 1:colcon.colcon_core.package_discovery:discover_packages(path) using defaults
[4.768s] Level 1:colcon.colcon_core.package_discovery:discover_packages(prefix_path) check parameters
[4.768s] Level 1:colcon.colcon_core.package_discovery:discover_packages(prefix_path) discover
[4.914s] DEBUG:colcon.colcon_installed_package_information.package_discovery:Found 353 installed packages in /opt/ros/galactic
[4.917s] Level 1:colcon.colcon_core.package_discovery:discover_packages(prefix_path) using defaults
[5.216s] Level 5:colcon.colcon_core.verb:set package 'mage_msgs' build argument 'cmake_args' from command line to 'None'
[5.216s] Level 5:colcon.colcon_core.verb:set package 'mage_msgs' build argument 'cmake_target' from command line to 'None'
[5.216s] Level 5:colcon.colcon_core.verb:set package 'mage_msgs' build argument 'cmake_target_skip_unavailable' from command line to 'False'
[5.217s] Level 5:colcon.colcon_core.verb:set package 'mage_msgs' build argument 'cmake_clean_cache' from command line to 'False'
[5.217s] Level 5:colcon.colcon_core.verb:set package 'mage_msgs' build argument 'cmake_clean_first' from command line to 'False'
[5.217s] Level 5:colcon.colcon_core.verb:set package 'mage_msgs' build argument 'cmake_force_configure' from command line to 'False'
[5.217s] Level 5:colcon.colcon_core.verb:set package 'mage_msgs' build argument 'ament_cmake_args' from command line to 'None'
[5.217s] Level 5:colcon.colcon_core.verb:set package 'mage_msgs' build argument 'catkin_cmake_args' from command line to 'None'
[5.217s] Level 5:colcon.colcon_core.verb:set package 'mage_msgs' build argument 'catkin_skip_building_tests' from command line to 'False'
[5.217s] DEBUG:colcon.colcon_core.verb:Building package 'mage_msgs' with the following arguments: {'ament_cmake_args': None, 'build_base': '/home/nitish/final_ws/build/mage_msgs', 'catkin_cmake_args': None, 'catkin_skip_building_tests': False, 'cmake_args': None, 'cmake_clean_cache': False, 'cmake_clean_first': False, 'cmake_force_configure': False, 'cmake_target': None, 'cmake_target_skip_unavailable': False, 'install_base': '/home/nitish/final_ws/install/mage_msgs', 'merge_install': False, 'path': '/home/nitish/final_ws/src/mage_msgs', 'symlink_install': False, 'test_result_base': None}
[5.287s] Level 5:colcon.colcon_core.verb:set package 'ros2_aruco' build argument 'cmake_args' from command line to 'None'
[5.287s] Level 5:colcon.colcon_core.verb:set package 'ros2_aruco' build argument 'cmake_target' from command line to 'None'
[5.287s] Level 5:colcon.colcon_core.verb:set package 'ros2_aruco' build argument 'cmake_target_skip_unavailable' from command line to 'False'
[5.287s] Level 5:colcon.colcon_core.verb:set package 'ros2_aruco' build argument 'cmake_clean_cache' from command line to 'False'
[5.287s] Level 5:colcon.colcon_core.verb:set package 'ros2_aruco' build argument 'cmake_clean_first' from command line to 'False'
[5.287s] Level 5:colcon.colcon_core.verb:set package 'ros2_aruco' build argument 'cmake_force_configure' from command line to 'False'
[5.287s] Level 5:colcon.colcon_core.verb:set package 'ros2_aruco' build argument 'ament_cmake_args' from command line to 'None'
[5.287s] Level 5:colcon.colcon_core.verb:set package 'ros2_aruco' build argument 'catkin_cmake_args' from command line to 'None'
[5.287s] Level 5:colcon.colcon_core.verb:set package 'ros2_aruco' build argument 'catkin_skip_building_tests' from command line to 'False'
[5.287s] DEBUG:colcon.colcon_core.verb:Building package 'ros2_aruco' with the following arguments: {'ament_cmake_args': None, 'build_base': '/home/nitish/final_ws/build/ros2_aruco', 'catkin_cmake_args': None, 'catkin_skip_building_tests': False, 'cmake_args': None, 'cmake_clean_cache': False, 'cmake_clean_first': False, 'cmake_force_configure': False, 'cmake_target': None, 'cmake_target_skip_unavailable': False, 'install_base': '/home/nitish/final_ws/install/ros2_aruco', 'merge_install': False, 'path': '/home/nitish/final_ws/src/ros2_aruco/ros2_aruco', 'symlink_install': False, 'test_result_base': None}
[5.358s] Level 5:colcon.colcon_core.verb:set package 'ros2_aruco_interfaces' build argument 'cmake_args' from command line to 'None'
[5.359s] Level 5:colcon.colcon_core.verb:set package 'ros2_aruco_interfaces' build argument 'cmake_target' from command line to 'None'
[5.359s] Level 5:colcon.colcon_core.verb:set package 'ros2_aruco_interfaces' build argument 'cmake_target_skip_unavailable' from command line to 'False'
[5.359s] Level 5:colcon.colcon_core.verb:set package 'ros2_aruco_interfaces' build argument 'cmake_clean_cache' from command line to 'False'
[5.359s] Level 5:colcon.colcon_core.verb:set package 'ros2_aruco_interfaces' build argument 'cmake_clean_first' from command line to 'False'
[5.359s] Level 5:colcon.colcon_core.verb:set package 'ros2_aruco_interfaces' build argument 'cmake_force_configure' from command line to 'False'
[5.359s] Level 5:colcon.colcon_core.verb:set package 'ros2_aruco_interfaces' build argument 'ament_cmake_args' from command line to 'None'
[5.359s] Level 5:colcon.colcon_core.verb:set package 'ros2_aruco_interfaces' build argument 'catkin_cmake_args' from command line to 'None'
[5.359s] Level 5:colcon.colcon_core.verb:set package 'ros2_aruco_interfaces' build argument 'catkin_skip_building_tests' from command line to 'False'
[5.359s] DEBUG:colcon.colcon_core.verb:Building package 'ros2_aruco_interfaces' with the following arguments: {'ament_cmake_args': None, 'build_base': '/home/nitish/final_ws/build/ros2_aruco_interfaces', 'catkin_cmake_args': None, 'catkin_skip_building_tests': False, 'cmake_args': None, 'cmake_clean_cache': False, 'cmake_clean_first': False, 'cmake_force_configure': False, 'cmake_target': None, 'cmake_target_skip_unavailable': False, 'install_base': '/home/nitish/final_ws/install/ros2_aruco_interfaces', 'merge_install': False, 'path': '/home/nitish/final_ws/src/ros2_aruco/ros2_aruco_interfaces', 'symlink_install': False, 'test_result_base': None}
[5.429s] Level 5:colcon.colcon_core.verb:set package 'final_project' build argument 'cmake_args' from command line to 'None'
[5.429s] Level 5:colcon.colcon_core.verb:set package 'final_project' build argument 'cmake_target' from command line to 'None'
[5.430s] Level 5:colcon.colcon_core.verb:set package 'final_project' build argument 'cmake_target_skip_unavailable' from command line to 'False'
[5.430s] Level 5:colcon.colcon_core.verb:set package 'final_project' build argument 'cmake_clean_cache' from command line to 'False'
[5.430s] Level 5:colcon.colcon_core.verb:set package 'final_project' build argument 'cmake_clean_first' from command line to 'False'
[5.430s] Level 5:colcon.colcon_core.verb:set package 'final_project' build argument 'cmake_force_configure' from command line to 'False'
[5.430s] Level 5:colcon.colcon_core.verb:set package 'final_project' build argument 'ament_cmake_args' from command line to 'None'
[5.430s] Level 5:colcon.colcon_core.verb:set package 'final_project' build argument 'catkin_cmake_args' from command line to 'None'
[5.430s] Level 5:colcon.colcon_core.verb:set package 'final_project' build argument 'catkin_skip_building_tests' from command line to 'False'
[5.430s] DEBUG:colcon.colcon_core.verb:Building package 'final_project' with the following arguments: {'ament_cmake_args': None, 'build_base': '/home/nitish/final_ws/build/final_project', 'catkin_cmake_args': None, 'catkin_skip_building_tests': False, 'cmake_args': None, 'cmake_clean_cache': False, 'cmake_clean_first': False, 'cmake_force_configure': False, 'cmake_target': None, 'cmake_target_skip_unavailable': False, 'install_base': '/home/nitish/final_ws/install/final_project', 'merge_install': False, 'path': '/home/nitish/final_ws/src/final_project', 'symlink_install': False, 'test_result_base': None}
[5.501s] Level 5:colcon.colcon_core.verb:set package 'group11_final' build argument 'cmake_args' from command line to 'None'
[5.501s] Level 5:colcon.colcon_core.verb:set package 'group11_final' build argument 'cmake_target' from command line to 'None'
[5.501s] Level 5:colcon.colcon_core.verb:set package 'group11_final' build argument 'cmake_target_skip_unavailable' from command line to 'False'
[5.501s] Level 5:colcon.colcon_core.verb:set package 'group11_final' build argument 'cmake_clean_cache' from command line to 'False'
[5.501s] Level 5:colcon.colcon_core.verb:set package 'group11_final' build argument 'cmake_clean_first' from command line to 'False'
[5.501s] Level 5:colcon.colcon_core.verb:set package 'group11_final' build argument 'cmake_force_configure' from command line to 'False'
[5.501s] Level 5:colcon.colcon_core.verb:set package 'group11_final' build argument 'ament_cmake_args' from command line to 'None'
[5.501s] Level 5:colcon.colcon_core.verb:set package 'group11_final' build argument 'catkin_cmake_args' from command line to 'None'
[5.501s] Level 5:colcon.colcon_core.verb:set package 'group11_final' build argument 'catkin_skip_building_tests' from command line to 'False'
[5.501s] DEBUG:colcon.colcon_core.verb:Building package 'group11_final' with the following arguments: {'ament_cmake_args': None, 'build_base': '/home/nitish/final_ws/build/group11_final', 'catkin_cmake_args': None, 'catkin_skip_building_tests': False, 'cmake_args': None, 'cmake_clean_cache': False, 'cmake_clean_first': False, 'cmake_force_configure': False, 'cmake_target': None, 'cmake_target_skip_unavailable': False, 'install_base': '/home/nitish/final_ws/install/group11_final', 'merge_install': False, 'path': '/home/nitish/final_ws/src/group11_final', 'symlink_install': False, 'test_result_base': None}
[5.572s] INFO:colcon.colcon_core.executor:Executing jobs using 'parallel' executor
[5.644s] DEBUG:colcon.colcon_parallel_executor.executor.parallel:run_until_complete
[5.644s] INFO:colcon.colcon_ros.task.ament_cmake.build:Building ROS package in '/home/nitish/final_ws/src/mage_msgs' with build type 'ament_cmake'
[5.644s] INFO:colcon.colcon_cmake.task.cmake.build:Building CMake package in '/home/nitish/final_ws/src/mage_msgs'
[5.719s] INFO:colcon.colcon_core.plugin_system:Skipping extension 'colcon_core.shell.bat': Not used on non-Windows systems
[5.719s] INFO:colcon.colcon_core.shell:Skip shell extension 'powershell' for command environment: Not usable outside of PowerShell
[5.719s] DEBUG:colcon.colcon_core.shell:Skip shell extension 'dsv' for command environment
[5.872s] INFO:colcon.colcon_ros.task.ament_cmake.build:Building ROS package in '/home/nitish/final_ws/src/ros2_aruco/ros2_aruco_interfaces' with build type 'ament_cmake'
[5.872s] INFO:colcon.colcon_cmake.task.cmake.build:Building CMake package in '/home/nitish/final_ws/src/ros2_aruco/ros2_aruco_interfaces'
[5.949s] INFO:colcon.colcon_core.shell:Skip shell extension 'powershell' for command environment: Not usable outside of PowerShell
[5.949s] DEBUG:colcon.colcon_core.shell:Skip shell extension 'dsv' for command environment
[6.103s] INFO:colcon.colcon_ros.task.ament_python.build:Building ROS package in '/home/nitish/final_ws/src/ros2_aruco/ros2_aruco' with build type 'ament_python'
[6.104s] Level 1:colcon.colcon_core.shell:create_environment_hook('ros2_aruco', 'ament_prefix_path')
[6.179s] INFO:colcon.colcon_core.shell:Creating environment hook '/home/nitish/final_ws/install/ros2_aruco/share/ros2_aruco/hook/ament_prefix_path.ps1'
[6.180s] INFO:colcon.colcon_core.shell:Creating environment descriptor '/home/nitish/final_ws/install/ros2_aruco/share/ros2_aruco/hook/ament_prefix_path.dsv'
[6.181s] INFO:colcon.colcon_core.shell:Creating environment hook '/home/nitish/final_ws/install/ros2_aruco/share/ros2_aruco/hook/ament_prefix_path.sh'
[6.255s] INFO:colcon.colcon_core.shell:Skip shell extension 'powershell' for command environment: Not usable outside of PowerShell
[6.255s] DEBUG:colcon.colcon_core.shell:Skip shell extension 'dsv' for command environment
[6.417s] DEBUG:colcon.colcon_core.event_handler.log_command:Invoking command in '/home/nitish/final_ws/build/mage_msgs': CMAKE_PREFIX_PATH=/opt/ros/galactic /usr/bin/cmake --build /home/nitish/final_ws/build/mage_msgs -- -j12 -l12
[6.428s] DEBUG:colcon.colcon_core.event_handler.log_command:Invoking command in '/home/nitish/final_ws/build/ros2_aruco_interfaces': CMAKE_PREFIX_PATH=/opt/ros/galactic /usr/bin/cmake --build /home/nitish/final_ws/build/ros2_aruco_interfaces -- -j12 -l12
[6.768s] INFO:colcon.colcon_core.task.python.build:Building Python package in '/home/nitish/final_ws/src/ros2_aruco/ros2_aruco'
[6.842s] INFO:colcon.colcon_core.shell:Skip shell extension 'powershell' for command environment: Not usable outside of PowerShell
[6.842s] DEBUG:colcon.colcon_core.shell:Skip shell extension 'dsv' for command environment
[7.021s] DEBUG:colcon.colcon_core.event_handler.log_command:Invoked command in '/home/nitish/final_ws/build/mage_msgs' returned '0': CMAKE_PREFIX_PATH=/opt/ros/galactic /usr/bin/cmake --build /home/nitish/final_ws/build/mage_msgs -- -j12 -l12
[7.022s] DEBUG:colcon.colcon_core.event_handler.log_command:Invoked command in '/home/nitish/final_ws/build/ros2_aruco_interfaces' returned '0': CMAKE_PREFIX_PATH=/opt/ros/galactic /usr/bin/cmake --build /home/nitish/final_ws/build/ros2_aruco_interfaces -- -j12 -l12
[7.085s] DEBUG:colcon.colcon_core.event_handler.log_command:Invoking command in '/home/nitish/final_ws/build/ros2_aruco_interfaces': CMAKE_PREFIX_PATH=/opt/ros/galactic /usr/bin/cmake --install /home/nitish/final_ws/build/ros2_aruco_interfaces
[7.144s] Level 1:colcon.colcon_core.environment:create_environment_scripts_only(ros2_aruco_interfaces)
[7.146s] DEBUG:colcon.colcon_core.event_handler.log_command:Invoking command in '/home/nitish/final_ws/build/mage_msgs': CMAKE_PREFIX_PATH=/opt/ros/galactic /usr/bin/cmake --install /home/nitish/final_ws/build/mage_msgs
[7.147s] DEBUG:colcon.colcon_core.event_handler.log_command:Invoked command in '/home/nitish/final_ws/build/ros2_aruco_interfaces' returned '0': CMAKE_PREFIX_PATH=/opt/ros/galactic /usr/bin/cmake --install /home/nitish/final_ws/build/ros2_aruco_interfaces
[7.223s] Level 1:colcon.colcon_core.environment:checking '/home/nitish/final_ws/install/ros2_aruco_interfaces' for CMake module files
[7.225s] Level 1:colcon.colcon_core.environment:checking '/home/nitish/final_ws/install/ros2_aruco_interfaces' for CMake config files
[7.228s] Level 1:colcon.colcon_core.shell:create_environment_hook('ros2_aruco_interfaces', 'cmake_prefix_path')
[7.304s] INFO:colcon.colcon_core.shell:Creating environment hook '/home/nitish/final_ws/install/ros2_aruco_interfaces/share/ros2_aruco_interfaces/hook/cmake_prefix_path.ps1'
[7.305s] INFO:colcon.colcon_core.shell:Creating environment descriptor '/home/nitish/final_ws/install/ros2_aruco_interfaces/share/ros2_aruco_interfaces/hook/cmake_prefix_path.dsv'
[7.306s] INFO:colcon.colcon_core.shell:Creating environment hook '/home/nitish/final_ws/install/ros2_aruco_interfaces/share/ros2_aruco_interfaces/hook/cmake_prefix_path.sh'
[7.307s] Level 1:colcon.colcon_core.environment:checking '/home/nitish/final_ws/install/ros2_aruco_interfaces/lib'
[7.307s] Level 1:colcon.colcon_core.shell:create_environment_hook('ros2_aruco_interfaces', 'ld_library_path_lib')
[7.383s] INFO:colcon.colcon_core.shell:Creating environment hook '/home/nitish/final_ws/install/ros2_aruco_interfaces/share/ros2_aruco_interfaces/hook/ld_library_path_lib.ps1'
[7.384s] INFO:colcon.colcon_core.shell:Creating environment descriptor '/home/nitish/final_ws/install/ros2_aruco_interfaces/share/ros2_aruco_interfaces/hook/ld_library_path_lib.dsv'
[7.384s] INFO:colcon.colcon_core.shell:Creating environment hook '/home/nitish/final_ws/install/ros2_aruco_interfaces/share/ros2_aruco_interfaces/hook/ld_library_path_lib.sh'
[7.385s] Level 1:colcon.colcon_core.environment:checking '/home/nitish/final_ws/install/ros2_aruco_interfaces/bin'
[7.385s] Level 1:colcon.colcon_core.environment:checking '/home/nitish/final_ws/install/ros2_aruco_interfaces/lib/pkgconfig/ros2_aruco_interfaces.pc'
[7.386s] Level 1:colcon.colcon_core.environment:checking '/home/nitish/final_ws/install/ros2_aruco_interfaces/lib/python3.8/site-packages'
[7.386s] Level 1:colcon.colcon_core.shell:create_environment_hook('ros2_aruco_interfaces', 'pythonpath')
[7.462s] INFO:colcon.colcon_core.shell:Creating environment hook '/home/nitish/final_ws/install/ros2_aruco_interfaces/share/ros2_aruco_interfaces/hook/pythonpath.ps1'
[7.463s] INFO:colcon.colcon_core.shell:Creating environment descriptor '/home/nitish/final_ws/install/ros2_aruco_interfaces/share/ros2_aruco_interfaces/hook/pythonpath.dsv'
[7.464s] INFO:colcon.colcon_core.shell:Creating environment hook '/home/nitish/final_ws/install/ros2_aruco_interfaces/share/ros2_aruco_interfaces/hook/pythonpath.sh'
[7.465s] Level 1:colcon.colcon_core.environment:checking '/home/nitish/final_ws/install/ros2_aruco_interfaces/bin'
[7.541s] INFO:colcon.colcon_core.shell:Creating package script '/home/nitish/final_ws/install/ros2_aruco_interfaces/share/ros2_aruco_interfaces/package.ps1'
[7.542s] INFO:colcon.colcon_core.shell:Creating package descriptor '/home/nitish/final_ws/install/ros2_aruco_interfaces/share/ros2_aruco_interfaces/package.dsv'
[7.543s] INFO:colcon.colcon_core.shell:Creating package script '/home/nitish/final_ws/install/ros2_aruco_interfaces/share/ros2_aruco_interfaces/package.sh'
[7.544s] INFO:colcon.colcon_core.shell:Creating package script '/home/nitish/final_ws/install/ros2_aruco_interfaces/share/ros2_aruco_interfaces/package.bash'
[7.545s] INFO:colcon.colcon_core.shell:Creating package script '/home/nitish/final_ws/install/ros2_aruco_interfaces/share/ros2_aruco_interfaces/package.zsh'
[7.546s] Level 1:colcon.colcon_core.environment:create_file_with_runtime_dependencies(/home/nitish/final_ws/install/ros2_aruco_interfaces/share/colcon-core/packages/ros2_aruco_interfaces)
[7.557s] Level 1:colcon.colcon_core.environment:create_environment_scripts_only(mage_msgs)
[7.559s] DEBUG:colcon.colcon_core.event_handler.log_command:Invoking command in '/home/nitish/final_ws/src/ros2_aruco/ros2_aruco': PYTHONPATH=/home/nitish/final_ws/build/ros2_aruco/prefix_override:/home/nitish/final_ws/install/ros2_aruco/lib/python3.8/site-packages:${PYTHONPATH} /usr/bin/python3 setup.py egg_info --egg-base ../../../build/ros2_aruco build --build-base /home/nitish/final_ws/build/ros2_aruco/build install --record /home/nitish/final_ws/build/ros2_aruco/install.log --install-scripts $base/lib/ros2_aruco --single-version-externally-managed
[7.559s] DEBUG:colcon.colcon_core.event_handler.log_command:Invoked command in '/home/nitish/final_ws/build/mage_msgs' returned '0': CMAKE_PREFIX_PATH=/opt/ros/galactic /usr/bin/cmake --install /home/nitish/final_ws/build/mage_msgs
[7.622s] Level 1:colcon.colcon_core.environment:checking '/home/nitish/final_ws/install/mage_msgs' for CMake module files
[7.625s] Level 1:colcon.colcon_core.environment:checking '/home/nitish/final_ws/install/mage_msgs' for CMake config files
[7.628s] Level 1:colcon.colcon_core.shell:create_environment_hook('mage_msgs', 'cmake_prefix_path')
[7.692s] INFO:colcon.colcon_core.shell:Creating environment hook '/home/nitish/final_ws/install/mage_msgs/share/mage_msgs/hook/cmake_prefix_path.ps1'
[7.693s] INFO:colcon.colcon_core.shell:Creating environment descriptor '/home/nitish/final_ws/install/mage_msgs/share/mage_msgs/hook/cmake_prefix_path.dsv'
[7.693s] INFO:colcon.colcon_core.shell:Creating environment hook '/home/nitish/final_ws/install/mage_msgs/share/mage_msgs/hook/cmake_prefix_path.sh'
[7.694s] Level 1:colcon.colcon_core.environment:checking '/home/nitish/final_ws/install/mage_msgs/lib'
[7.694s] Level 1:colcon.colcon_core.shell:create_environment_hook('mage_msgs', 'ld_library_path_lib')
[7.758s] INFO:colcon.colcon_core.shell:Creating environment hook '/home/nitish/final_ws/install/mage_msgs/share/mage_msgs/hook/ld_library_path_lib.ps1'
[7.758s] INFO:colcon.colcon_core.shell:Creating environment descriptor '/home/nitish/final_ws/install/mage_msgs/share/mage_msgs/hook/ld_library_path_lib.dsv'
[7.759s] INFO:colcon.colcon_core.shell:Creating environment hook '/home/nitish/final_ws/install/mage_msgs/share/mage_msgs/hook/ld_library_path_lib.sh'
[7.759s] Level 1:colcon.colcon_core.environment:checking '/home/nitish/final_ws/install/mage_msgs/bin'
[7.759s] Level 1:colcon.colcon_core.environment:checking '/home/nitish/final_ws/install/mage_msgs/lib/pkgconfig/mage_msgs.pc'
[7.759s] Level 1:colcon.colcon_core.environment:checking '/home/nitish/final_ws/install/mage_msgs/lib/python3.8/site-packages'
[7.759s] Level 1:colcon.colcon_core.shell:create_environment_hook('mage_msgs', 'pythonpath')
[7.822s] INFO:colcon.colcon_core.shell:Creating environment hook '/home/nitish/final_ws/install/mage_msgs/share/mage_msgs/hook/pythonpath.ps1'
[7.823s] INFO:colcon.colcon_core.shell:Creating environment descriptor '/home/nitish/final_ws/install/mage_msgs/share/mage_msgs/hook/pythonpath.dsv'
[7.823s] INFO:colcon.colcon_core.shell:Creating environment hook '/home/nitish/final_ws/install/mage_msgs/share/mage_msgs/hook/pythonpath.sh'
[7.823s] Level 1:colcon.colcon_core.environment:checking '/home/nitish/final_ws/install/mage_msgs/bin'
[7.865s] INFO:colcon.colcon_core.shell:Creating package script '/home/nitish/final_ws/install/mage_msgs/share/mage_msgs/package.ps1'
[7.866s] INFO:colcon.colcon_core.shell:Creating package descriptor '/home/nitish/final_ws/install/mage_msgs/share/mage_msgs/package.dsv'
[7.866s] INFO:colcon.colcon_core.shell:Creating package script '/home/nitish/final_ws/install/mage_msgs/share/mage_msgs/package.sh'
[7.867s] INFO:colcon.colcon_core.shell:Creating package script '/home/nitish/final_ws/install/mage_msgs/share/mage_msgs/package.bash'
[7.867s] INFO:colcon.colcon_core.shell:Creating package script '/home/nitish/final_ws/install/mage_msgs/share/mage_msgs/package.zsh'
[7.867s] Level 1:colcon.colcon_core.environment:create_file_with_runtime_dependencies(/home/nitish/final_ws/install/mage_msgs/share/colcon-core/packages/mage_msgs)
[7.919s] Level 1:colcon.colcon_core.environment:create_environment_scripts_only(ros2_aruco_interfaces)
[7.960s] Level 1:colcon.colcon_core.environment:checking '/home/nitish/final_ws/install/ros2_aruco_interfaces' for CMake module files
[7.961s] Level 1:colcon.colcon_core.environment:checking '/home/nitish/final_ws/install/ros2_aruco_interfaces' for CMake config files
[7.961s] Level 1:colcon.colcon_core.shell:create_environment_hook('ros2_aruco_interfaces', 'cmake_prefix_path')
[8.020s] INFO:colcon.colcon_core.shell:Creating environment hook '/home/nitish/final_ws/install/ros2_aruco_interfaces/share/ros2_aruco_interfaces/hook/cmake_prefix_path.ps1'
[8.021s] INFO:colcon.colcon_core.shell:Creating environment descriptor '/home/nitish/final_ws/install/ros2_aruco_interfaces/share/ros2_aruco_interfaces/hook/cmake_prefix_path.dsv'
[8.021s] INFO:colcon.colcon_core.shell:Creating environment hook '/home/nitish/final_ws/install/ros2_aruco_interfaces/share/ros2_aruco_interfaces/hook/cmake_prefix_path.sh'
[8.022s] Level 1:colcon.colcon_core.environment:checking '/home/nitish/final_ws/install/ros2_aruco_interfaces/lib'
[8.022s] Level 1:colcon.colcon_core.shell:create_environment_hook('ros2_aruco_interfaces', 'ld_library_path_lib')
[8.098s] INFO:colcon.colcon_core.shell:Creating environment hook '/home/nitish/final_ws/install/ros2_aruco_interfaces/share/ros2_aruco_interfaces/hook/ld_library_path_lib.ps1'
[8.099s] INFO:colcon.colcon_core.shell:Creating environment descriptor '/home/nitish/final_ws/install/ros2_aruco_interfaces/share/ros2_aruco_interfaces/hook/ld_library_path_lib.dsv'
[8.099s] INFO:colcon.colcon_core.shell:Creating environment hook '/home/nitish/final_ws/install/ros2_aruco_interfaces/share/ros2_aruco_interfaces/hook/ld_library_path_lib.sh'
[8.100s] Level 1:colcon.colcon_core.environment:checking '/home/nitish/final_ws/install/ros2_aruco_interfaces/bin'
[8.100s] Level 1:colcon.colcon_core.environment:checking '/home/nitish/final_ws/install/ros2_aruco_interfaces/lib/pkgconfig/ros2_aruco_interfaces.pc'
[8.101s] Level 1:colcon.colcon_core.environment:checking '/home/nitish/final_ws/install/ros2_aruco_interfaces/lib/python3.8/site-packages'
[8.101s] Level 1:colcon.colcon_core.shell:create_environment_hook('ros2_aruco_interfaces', 'pythonpath')
[8.174s] INFO:colcon.colcon_core.shell:Creating environment hook '/home/nitish/final_ws/install/ros2_aruco_interfaces/share/ros2_aruco_interfaces/hook/pythonpath.ps1'
[8.174s] INFO:colcon.colcon_core.shell:Creating environment descriptor '/home/nitish/final_ws/install/ros2_aruco_interfaces/share/ros2_aruco_interfaces/hook/pythonpath.dsv'
[8.175s] INFO:colcon.colcon_core.shell:Creating environment hook '/home/nitish/final_ws/install/ros2_aruco_interfaces/share/ros2_aruco_interfaces/hook/pythonpath.sh'
[8.175s] Level 1:colcon.colcon_core.environment:checking '/home/nitish/final_ws/install/ros2_aruco_interfaces/bin'
[8.248s] INFO:colcon.colcon_core.shell:Creating package script '/home/nitish/final_ws/install/ros2_aruco_interfaces/share/ros2_aruco_interfaces/package.ps1'
[8.249s] INFO:colcon.colcon_core.shell:Creating package descriptor '/home/nitish/final_ws/install/ros2_aruco_interfaces/share/ros2_aruco_interfaces/package.dsv'
[8.250s] INFO:colcon.colcon_core.shell:Creating package script '/home/nitish/final_ws/install/ros2_aruco_interfaces/share/ros2_aruco_interfaces/package.sh'
[8.250s] INFO:colcon.colcon_core.shell:Creating package script '/home/nitish/final_ws/install/ros2_aruco_interfaces/share/ros2_aruco_interfaces/package.bash'
[8.251s] INFO:colcon.colcon_core.shell:Creating package script '/home/nitish/final_ws/install/ros2_aruco_interfaces/share/ros2_aruco_interfaces/package.zsh'
[8.252s] Level 1:colcon.colcon_core.environment:create_file_with_runtime_dependencies(/home/nitish/final_ws/install/ros2_aruco_interfaces/share/colcon-core/packages/ros2_aruco_interfaces)
[8.326s] Level 1:colcon.colcon_core.environment:create_environment_scripts_only(mage_msgs)
[8.398s] Level 1:colcon.colcon_core.environment:checking '/home/nitish/final_ws/install/mage_msgs' for CMake module files
[8.399s] Level 1:colcon.colcon_core.environment:checking '/home/nitish/final_ws/install/mage_msgs' for CMake config files
[8.400s] Level 1:colcon.colcon_core.shell:create_environment_hook('mage_msgs', 'cmake_prefix_path')
[8.472s] INFO:colcon.colcon_core.shell:Creating environment hook '/home/nitish/final_ws/install/mage_msgs/share/mage_msgs/hook/cmake_prefix_path.ps1'
[8.472s] INFO:colcon.colcon_core.shell:Creating environment descriptor '/home/nitish/final_ws/install/mage_msgs/share/mage_msgs/hook/cmake_prefix_path.dsv'
[8.473s] INFO:colcon.colcon_core.shell:Creating environment hook '/home/nitish/final_ws/install/mage_msgs/share/mage_msgs/hook/cmake_prefix_path.sh'
[8.474s] Level 1:colcon.colcon_core.environment:checking '/home/nitish/final_ws/install/mage_msgs/lib'
[8.474s] Level 1:colcon.colcon_core.shell:create_environment_hook('mage_msgs', 'ld_library_path_lib')
[8.546s] INFO:colcon.colcon_core.shell:Creating environment hook '/home/nitish/final_ws/install/mage_msgs/share/mage_msgs/hook/ld_library_path_lib.ps1'
[8.546s] INFO:colcon.colcon_core.shell:Creating environment descriptor '/home/nitish/final_ws/install/mage_msgs/share/mage_msgs/hook/ld_library_path_lib.dsv'
[8.547s] INFO:colcon.colcon_core.shell:Creating environment hook '/home/nitish/final_ws/install/mage_msgs/share/mage_msgs/hook/ld_library_path_lib.sh'
[8.547s] Level 1:colcon.colcon_core.environment:checking '/home/nitish/final_ws/install/mage_msgs/bin'
[8.547s] Level 1:colcon.colcon_core.environment:checking '/home/nitish/final_ws/install/mage_msgs/lib/pkgconfig/mage_msgs.pc'
[8.548s] Level 1:colcon.colcon_core.environment:checking '/home/nitish/final_ws/install/mage_msgs/lib/python3.8/site-packages'
[8.548s] Level 1:colcon.colcon_core.shell:create_environment_hook('mage_msgs', 'pythonpath')
[8.619s] INFO:colcon.colcon_core.shell:Creating environment hook '/home/nitish/final_ws/install/mage_msgs/share/mage_msgs/hook/pythonpath.ps1'
[8.620s] INFO:colcon.colcon_core.shell:Creating environment descriptor '/home/nitish/final_ws/install/mage_msgs/share/mage_msgs/hook/pythonpath.dsv'
[8.621s] INFO:colcon.colcon_core.shell:Creating environment hook '/home/nitish/final_ws/install/mage_msgs/share/mage_msgs/hook/pythonpath.sh'
[8.621s] Level 1:colcon.colcon_core.environment:checking '/home/nitish/final_ws/install/mage_msgs/bin'
[8.694s] INFO:colcon.colcon_core.shell:Creating package script '/home/nitish/final_ws/install/mage_msgs/share/mage_msgs/package.ps1'
[8.695s] INFO:colcon.colcon_core.shell:Creating package descriptor '/home/nitish/final_ws/install/mage_msgs/share/mage_msgs/package.dsv'
[8.695s] INFO:colcon.colcon_core.shell:Creating package script '/home/nitish/final_ws/install/mage_msgs/share/mage_msgs/package.sh'
[8.696s] INFO:colcon.colcon_core.shell:Creating package script '/home/nitish/final_ws/install/mage_msgs/share/mage_msgs/package.bash'
[8.697s] INFO:colcon.colcon_core.shell:Creating package script '/home/nitish/final_ws/install/mage_msgs/share/mage_msgs/package.zsh'
[8.697s] Level 1:colcon.colcon_core.environment:create_file_with_runtime_dependencies(/home/nitish/final_ws/install/mage_msgs/share/colcon-core/packages/mage_msgs)
[8.698s] INFO:colcon.colcon_ros.task.ament_cmake.build:Building ROS package in '/home/nitish/final_ws/src/final_project' with build type 'ament_cmake'
[8.698s] INFO:colcon.colcon_cmake.task.cmake.build:Building CMake package in '/home/nitish/final_ws/src/final_project'
[8.770s] INFO:colcon.colcon_core.shell:Skip shell extension 'powershell' for command environment: Not usable outside of PowerShell
[8.770s] DEBUG:colcon.colcon_core.shell:Skip shell extension 'dsv' for command environment
[8.920s] INFO:colcon.colcon_ros.task.ament_cmake.build:Building ROS package in '/home/nitish/final_ws/src/group11_final' with build type 'ament_cmake'
[8.921s] INFO:colcon.colcon_cmake.task.cmake.build:Building CMake package in '/home/nitish/final_ws/src/group11_final'
[8.995s] INFO:colcon.colcon_core.shell:Skip shell extension 'powershell' for command environment: Not usable outside of PowerShell
[8.996s] DEBUG:colcon.colcon_core.shell:Skip shell extension 'dsv' for command environment
[9.147s] DEBUG:colcon.colcon_core.event_handler.log_command:Invoked command in '/home/nitish/final_ws/src/ros2_aruco/ros2_aruco' returned '0': PYTHONPATH=/home/nitish/final_ws/build/ros2_aruco/prefix_override:/home/nitish/final_ws/install/ros2_aruco/lib/python3.8/site-packages:${PYTHONPATH} /usr/bin/python3 setup.py egg_info --egg-base ../../../build/ros2_aruco build --build-base /home/nitish/final_ws/build/ros2_aruco/build install --record /home/nitish/final_ws/build/ros2_aruco/install.log --install-scripts $base/lib/ros2_aruco --single-version-externally-managed
[9.220s] Level 1:colcon.colcon_core.environment:checking '/home/nitish/final_ws/install/ros2_aruco' for CMake module files
[9.221s] Level 1:colcon.colcon_core.environment:checking '/home/nitish/final_ws/install/ros2_aruco' for CMake config files
[9.222s] Level 1:colcon.colcon_core.environment:checking '/home/nitish/final_ws/install/ros2_aruco/lib'
[9.222s] Level 1:colcon.colcon_core.environment:checking '/home/nitish/final_ws/install/ros2_aruco/bin'
[9.222s] Level 1:colcon.colcon_core.environment:checking '/home/nitish/final_ws/install/ros2_aruco/lib/pkgconfig/ros2_aruco.pc'
[9.222s] Level 1:colcon.colcon_core.environment:checking '/home/nitish/final_ws/install/ros2_aruco/lib/python3.8/site-packages'
[9.223s] Level 1:colcon.colcon_core.shell:create_environment_hook('ros2_aruco', 'pythonpath')
[9.295s] INFO:colcon.colcon_core.shell:Creating environment hook '/home/nitish/final_ws/install/ros2_aruco/share/ros2_aruco/hook/pythonpath.ps1'
[9.296s] INFO:colcon.colcon_core.shell:Creating environment descriptor '/home/nitish/final_ws/install/ros2_aruco/share/ros2_aruco/hook/pythonpath.dsv'
[9.296s] INFO:colcon.colcon_core.shell:Creating environment hook '/home/nitish/final_ws/install/ros2_aruco/share/ros2_aruco/hook/pythonpath.sh'
[9.297s] Level 1:colcon.colcon_core.environment:checking '/home/nitish/final_ws/install/ros2_aruco/bin'
[9.297s] Level 1:colcon.colcon_core.environment:create_environment_scripts_only(ros2_aruco)
[9.370s] INFO:colcon.colcon_core.shell:Creating package script '/home/nitish/final_ws/install/ros2_aruco/share/ros2_aruco/package.ps1'
[9.371s] INFO:colcon.colcon_core.shell:Creating package descriptor '/home/nitish/final_ws/install/ros2_aruco/share/ros2_aruco/package.dsv'
[9.371s] INFO:colcon.colcon_core.shell:Creating package script '/home/nitish/final_ws/install/ros2_aruco/share/ros2_aruco/package.sh'
[9.372s] INFO:colcon.colcon_core.shell:Creating package script '/home/nitish/final_ws/install/ros2_aruco/share/ros2_aruco/package.bash'
[9.372s] INFO:colcon.colcon_core.shell:Creating package script '/home/nitish/final_ws/install/ros2_aruco/share/ros2_aruco/package.zsh'
[9.373s] Level 1:colcon.colcon_core.environment:create_file_with_runtime_dependencies(/home/nitish/final_ws/install/ros2_aruco/share/colcon-core/packages/ros2_aruco)
[9.385s] DEBUG:colcon.colcon_core.event_handler.log_command:Invoking command in '/home/nitish/final_ws/build/final_project': AMENT_PREFIX_PATH=/home/nitish/final_ws/install/mage_msgs:${AMENT_PREFIX_PATH} CMAKE_PREFIX_PATH=/home/nitish/final_ws/install/mage_msgs:/opt/ros/galactic LD_LIBRARY_PATH=/home/nitish/final_ws/install/mage_msgs/lib:${LD_LIBRARY_PATH} PYTHONPATH=/home/nitish/final_ws/install/mage_msgs/lib/python3.8/site-packages:${PYTHONPATH} /usr/bin/cmake --build /home/nitish/final_ws/build/final_project -- -j12 -l12
[9.388s] DEBUG:colcon.colcon_core.event_handler.log_command:Invoking command in '/home/nitish/final_ws/build/group11_final': AMENT_PREFIX_PATH=/home/nitish/final_ws/install/ros2_aruco_interfaces:/home/nitish/final_ws/install/mage_msgs:${AMENT_PREFIX_PATH} CMAKE_PREFIX_PATH=/home/nitish/final_ws/install/ros2_aruco_interfaces:/home/nitish/final_ws/install/mage_msgs:/opt/ros/galactic LD_LIBRARY_PATH=/home/nitish/final_ws/install/ros2_aruco_interfaces/lib:/home/nitish/final_ws/install/mage_msgs/lib:${LD_LIBRARY_PATH} PYTHONPATH=/home/nitish/final_ws/install/ros2_aruco_interfaces/lib/python3.8/site-packages:/home/nitish/final_ws/install/mage_msgs/lib/python3.8/site-packages:${PYTHONPATH} /usr/bin/cmake /home/nitish/final_ws/src/group11_final -DCMAKE_INSTALL_PREFIX=/home/nitish/final_ws/install/group11_final
[9.821s] DEBUG:colcon.colcon_core.event_handler.log_command:Invoked command in '/home/nitish/final_ws/build/final_project' returned '0': AMENT_PREFIX_PATH=/home/nitish/final_ws/install/mage_msgs:${AMENT_PREFIX_PATH} CMAKE_PREFIX_PATH=/home/nitish/final_ws/install/mage_msgs:/opt/ros/galactic LD_LIBRARY_PATH=/home/nitish/final_ws/install/mage_msgs/lib:${LD_LIBRARY_PATH} PYTHONPATH=/home/nitish/final_ws/install/mage_msgs/lib/python3.8/site-packages:${PYTHONPATH} /usr/bin/cmake --build /home/nitish/final_ws/build/final_project -- -j12 -l12
[9.856s] DEBUG:colcon.colcon_core.event_handler.log_command:Invoking command in '/home/nitish/final_ws/build/final_project': AMENT_PREFIX_PATH=/home/nitish/final_ws/install/mage_msgs:${AMENT_PREFIX_PATH} CMAKE_PREFIX_PATH=/home/nitish/final_ws/install/mage_msgs:/opt/ros/galactic LD_LIBRARY_PATH=/home/nitish/final_ws/install/mage_msgs/lib:${LD_LIBRARY_PATH} PYTHONPATH=/home/nitish/final_ws/install/mage_msgs/lib/python3.8/site-packages:${PYTHONPATH} /usr/bin/cmake --install /home/nitish/final_ws/build/final_project
[9.921s] Level 1:colcon.colcon_core.environment:create_environment_scripts_only(final_project)
[9.921s] DEBUG:colcon.colcon_core.event_handler.log_command:Invoked command in '/home/nitish/final_ws/build/final_project' returned '0': AMENT_PREFIX_PATH=/home/nitish/final_ws/install/mage_msgs:${AMENT_PREFIX_PATH} CMAKE_PREFIX_PATH=/home/nitish/final_ws/install/mage_msgs:/opt/ros/galactic LD_LIBRARY_PATH=/home/nitish/final_ws/install/mage_msgs/lib:${LD_LIBRARY_PATH} PYTHONPATH=/home/nitish/final_ws/install/mage_msgs/lib/python3.8/site-packages:${PYTHONPATH} /usr/bin/cmake --install /home/nitish/final_ws/build/final_project
[9.970s] Level 1:colcon.colcon_core.environment:checking '/home/nitish/final_ws/install/final_project' for CMake module files
[9.970s] Level 1:colcon.colcon_core.environment:checking '/home/nitish/final_ws/install/final_project' for CMake config files
[9.971s] Level 1:colcon.colcon_core.shell:create_environment_hook('final_project', 'cmake_prefix_path')
[10.044s] INFO:colcon.colcon_core.shell:Creating environment hook '/home/nitish/final_ws/install/final_project/share/final_project/hook/cmake_prefix_path.ps1'
[10.045s] INFO:colcon.colcon_core.shell:Creating environment descriptor '/home/nitish/final_ws/install/final_project/share/final_project/hook/cmake_prefix_path.dsv'
[10.045s] INFO:colcon.colcon_core.shell:Creating environment hook '/home/nitish/final_ws/install/final_project/share/final_project/hook/cmake_prefix_path.sh'
[10.046s] Level 1:colcon.colcon_core.environment:checking '/home/nitish/final_ws/install/final_project/lib'
[10.046s] Level 1:colcon.colcon_core.shell:create_environment_hook('final_project', 'ld_library_path_lib')
[10.122s] INFO:colcon.colcon_core.shell:Creating environment hook '/home/nitish/final_ws/install/final_project/share/final_project/hook/ld_library_path_lib.ps1'
[10.123s] INFO:colcon.colcon_core.shell:Creating environment descriptor '/home/nitish/final_ws/install/final_project/share/final_project/hook/ld_library_path_lib.dsv'
[10.123s] INFO:colcon.colcon_core.shell:Creating environment hook '/home/nitish/final_ws/install/final_project/share/final_project/hook/ld_library_path_lib.sh'
[10.124s] Level 1:colcon.colcon_core.environment:checking '/home/nitish/final_ws/install/final_project/bin'
[10.124s] Level 1:colcon.colcon_core.environment:checking '/home/nitish/final_ws/install/final_project/lib/pkgconfig/final_project.pc'
[10.125s] Level 1:colcon.colcon_core.environment:checking '/home/nitish/final_ws/install/final_project/lib/python3.8/site-packages'
[10.125s] Level 1:colcon.colcon_core.shell:create_environment_hook('final_project', 'pythonpath')
[10.200s] INFO:colcon.colcon_core.shell:Creating environment hook '/home/nitish/final_ws/install/final_project/share/final_project/hook/pythonpath.ps1'
[10.201s] INFO:colcon.colcon_core.shell:Creating environment descriptor '/home/nitish/final_ws/install/final_project/share/final_project/hook/pythonpath.dsv'
[10.201s] INFO:colcon.colcon_core.shell:Creating environment hook '/home/nitish/final_ws/install/final_project/share/final_project/hook/pythonpath.sh'
[10.202s] Level 1:colcon.colcon_core.environment:checking '/home/nitish/final_ws/install/final_project/bin'
[10.291s] INFO:colcon.colcon_core.shell:Creating package script '/home/nitish/final_ws/install/final_project/share/final_project/package.ps1'
[10.292s] INFO:colcon.colcon_core.shell:Creating package descriptor '/home/nitish/final_ws/install/final_project/share/final_project/package.dsv'
[10.292s] INFO:colcon.colcon_core.shell:Creating package script '/home/nitish/final_ws/install/final_project/share/final_project/package.sh'
[10.293s] INFO:colcon.colcon_core.shell:Creating package script '/home/nitish/final_ws/install/final_project/share/final_project/package.bash'
[10.293s] INFO:colcon.colcon_core.shell:Creating package script '/home/nitish/final_ws/install/final_project/share/final_project/package.zsh'
[10.293s] Level 1:colcon.colcon_core.environment:create_file_with_runtime_dependencies(/home/nitish/final_ws/install/final_project/share/colcon-core/packages/final_project)
[10.369s] Level 1:colcon.colcon_core.environment:create_environment_scripts_only(final_project)
[10.427s] Level 1:colcon.colcon_core.environment:checking '/home/nitish/final_ws/install/final_project' for CMake module files
[10.428s] Level 1:colcon.colcon_core.environment:checking '/home/nitish/final_ws/install/final_project' for CMake config files
[10.429s] Level 1:colcon.colcon_core.shell:create_environment_hook('final_project', 'cmake_prefix_path')
[10.495s] INFO:colcon.colcon_core.shell:Creating environment hook '/home/nitish/final_ws/install/final_project/share/final_project/hook/cmake_prefix_path.ps1'
[10.496s] INFO:colcon.colcon_core.shell:Creating environment descriptor '/home/nitish/final_ws/install/final_project/share/final_project/hook/cmake_prefix_path.dsv'
[10.496s] INFO:colcon.colcon_core.shell:Creating environment hook '/home/nitish/final_ws/install/final_project/share/final_project/hook/cmake_prefix_path.sh'
[10.496s] Level 1:colcon.colcon_core.environment:checking '/home/nitish/final_ws/install/final_project/lib'
[10.496s] Level 1:colcon.colcon_core.shell:create_environment_hook('final_project', 'ld_library_path_lib')
[10.558s] INFO:colcon.colcon_core.shell:Creating environment hook '/home/nitish/final_ws/install/final_project/share/final_project/hook/ld_library_path_lib.ps1'
[10.559s] INFO:colcon.colcon_core.shell:Creating environment descriptor '/home/nitish/final_ws/install/final_project/share/final_project/hook/ld_library_path_lib.dsv'
[10.559s] INFO:colcon.colcon_core.shell:Creating environment hook '/home/nitish/final_ws/install/final_project/share/final_project/hook/ld_library_path_lib.sh'
[10.560s] Level 1:colcon.colcon_core.environment:checking '/home/nitish/final_ws/install/final_project/bin'
[10.560s] Level 1:colcon.colcon_core.environment:checking '/home/nitish/final_ws/install/final_project/lib/pkgconfig/final_project.pc'
[10.560s] Level 1:colcon.colcon_core.environment:checking '/home/nitish/final_ws/install/final_project/lib/python3.8/site-packages'
[10.560s] Level 1:colcon.colcon_core.shell:create_environment_hook('final_project', 'pythonpath')
[10.631s] INFO:colcon.colcon_core.shell:Creating environment hook '/home/nitish/final_ws/install/final_project/share/final_project/hook/pythonpath.ps1'
[10.631s] INFO:colcon.colcon_core.shell:Creating environment descriptor '/home/nitish/final_ws/install/final_project/share/final_project/hook/pythonpath.dsv'
[10.631s] INFO:colcon.colcon_core.shell:Creating environment hook '/home/nitish/final_ws/install/final_project/share/final_project/hook/pythonpath.sh'
[10.632s] Level 1:colcon.colcon_core.environment:checking '/home/nitish/final_ws/install/final_project/bin'
[10.679s] INFO:colcon.colcon_core.shell:Creating package script '/home/nitish/final_ws/install/final_project/share/final_project/package.ps1'
[10.679s] INFO:colcon.colcon_core.shell:Creating package descriptor '/home/nitish/final_ws/install/final_project/share/final_project/package.dsv'
[10.680s] INFO:colcon.colcon_core.shell:Creating package script '/home/nitish/final_ws/install/final_project/share/final_project/package.sh'
[10.680s] INFO:colcon.colcon_core.shell:Creating package script '/home/nitish/final_ws/install/final_project/share/final_project/package.bash'
[10.681s] INFO:colcon.colcon_core.shell:Creating package script '/home/nitish/final_ws/install/final_project/share/final_project/package.zsh'
[10.681s] Level 1:colcon.colcon_core.environment:create_file_with_runtime_dependencies(/home/nitish/final_ws/install/final_project/share/colcon-core/packages/final_project)
[12.361s] DEBUG:colcon.colcon_core.event_handler.log_command:Invoked command in '/home/nitish/final_ws/build/group11_final' returned '0': AMENT_PREFIX_PATH=/home/nitish/final_ws/install/ros2_aruco_interfaces:/home/nitish/final_ws/install/mage_msgs:${AMENT_PREFIX_PATH} CMAKE_PREFIX_PATH=/home/nitish/final_ws/install/ros2_aruco_interfaces:/home/nitish/final_ws/install/mage_msgs:/opt/ros/galactic LD_LIBRARY_PATH=/home/nitish/final_ws/install/ros2_aruco_interfaces/lib:/home/nitish/final_ws/install/mage_msgs/lib:${LD_LIBRARY_PATH} PYTHONPATH=/home/nitish/final_ws/install/ros2_aruco_interfaces/lib/python3.8/site-packages:/home/nitish/final_ws/install/mage_msgs/lib/python3.8/site-packages:${PYTHONPATH} /usr/bin/cmake /home/nitish/final_ws/src/group11_final -DCMAKE_INSTALL_PREFIX=/home/nitish/final_ws/install/group11_final
[12.364s] DEBUG:colcon.colcon_core.event_handler.log_command:Invoking command in '/home/nitish/final_ws/build/group11_final': AMENT_PREFIX_PATH=/home/nitish/final_ws/install/ros2_aruco_interfaces:/home/nitish/final_ws/install/mage_msgs:${AMENT_PREFIX_PATH} CMAKE_PREFIX_PATH=/home/nitish/final_ws/install/ros2_aruco_interfaces:/home/nitish/final_ws/install/mage_msgs:/opt/ros/galactic LD_LIBRARY_PATH=/home/nitish/final_ws/install/ros2_aruco_interfaces/lib:/home/nitish/final_ws/install/mage_msgs/lib:${LD_LIBRARY_PATH} PYTHONPATH=/home/nitish/final_ws/install/ros2_aruco_interfaces/lib/python3.8/site-packages:/home/nitish/final_ws/install/mage_msgs/lib/python3.8/site-packages:${PYTHONPATH} /usr/bin/cmake --build /home/nitish/final_ws/build/group11_final -- -j12 -l12
[27.422s] DEBUG:colcon.colcon_core.event_handler.log_command:Invoked command in '/home/nitish/final_ws/build/group11_final' returned '0': AMENT_PREFIX_PATH=/home/nitish/final_ws/install/ros2_aruco_interfaces:/home/nitish/final_ws/install/mage_msgs:${AMENT_PREFIX_PATH} CMAKE_PREFIX_PATH=/home/nitish/final_ws/install/ros2_aruco_interfaces:/home/nitish/final_ws/install/mage_msgs:/opt/ros/galactic LD_LIBRARY_PATH=/home/nitish/final_ws/install/ros2_aruco_interfaces/lib:/home/nitish/final_ws/install/mage_msgs/lib:${LD_LIBRARY_PATH} PYTHONPATH=/home/nitish/final_ws/install/ros2_aruco_interfaces/lib/python3.8/site-packages:/home/nitish/final_ws/install/mage_msgs/lib/python3.8/site-packages:${PYTHONPATH} /usr/bin/cmake --build /home/nitish/final_ws/build/group11_final -- -j12 -l12
[27.504s] DEBUG:colcon.colcon_core.event_handler.log_command:Invoking command in '/home/nitish/final_ws/build/group11_final': AMENT_PREFIX_PATH=/home/nitish/final_ws/install/ros2_aruco_interfaces:/home/nitish/final_ws/install/mage_msgs:${AMENT_PREFIX_PATH} CMAKE_PREFIX_PATH=/home/nitish/final_ws/install/ros2_aruco_interfaces:/home/nitish/final_ws/install/mage_msgs:/opt/ros/galactic LD_LIBRARY_PATH=/home/nitish/final_ws/install/ros2_aruco_interfaces/lib:/home/nitish/final_ws/install/mage_msgs/lib:${LD_LIBRARY_PATH} PYTHONPATH=/home/nitish/final_ws/install/ros2_aruco_interfaces/lib/python3.8/site-packages:/home/nitish/final_ws/install/mage_msgs/lib/python3.8/site-packages:${PYTHONPATH} /usr/bin/cmake --install /home/nitish/final_ws/build/group11_final
[27.542s] Level 1:colcon.colcon_core.environment:create_environment_scripts_only(group11_final)
[27.543s] DEBUG:colcon.colcon_core.event_handler.log_command:Invoked command in '/home/nitish/final_ws/build/group11_final' returned '0': AMENT_PREFIX_PATH=/home/nitish/final_ws/install/ros2_aruco_interfaces:/home/nitish/final_ws/install/mage_msgs:${AMENT_PREFIX_PATH} CMAKE_PREFIX_PATH=/home/nitish/final_ws/install/ros2_aruco_interfaces:/home/nitish/final_ws/install/mage_msgs:/opt/ros/galactic LD_LIBRARY_PATH=/home/nitish/final_ws/install/ros2_aruco_interfaces/lib:/home/nitish/final_ws/install/mage_msgs/lib:${LD_LIBRARY_PATH} PYTHONPATH=/home/nitish/final_ws/install/ros2_aruco_interfaces/lib/python3.8/site-packages:/home/nitish/final_ws/install/mage_msgs/lib/python3.8/site-packages:${PYTHONPATH} /usr/bin/cmake --install /home/nitish/final_ws/build/group11_final
[27.619s] Level 1:colcon.colcon_core.environment:checking '/home/nitish/final_ws/install/group11_final' for CMake module files
[27.620s] Level 1:colcon.colcon_core.environment:checking '/home/nitish/final_ws/install/group11_final' for CMake config files
[27.620s] Level 1:colcon.colcon_core.shell:create_environment_hook('group11_final', 'cmake_prefix_path')
[27.693s] INFO:colcon.colcon_core.shell:Creating environment hook '/home/nitish/final_ws/install/group11_final/share/group11_final/hook/cmake_prefix_path.ps1'
[27.693s] INFO:colcon.colcon_core.shell:Creating environment descriptor '/home/nitish/final_ws/install/group11_final/share/group11_final/hook/cmake_prefix_path.dsv'
[27.694s] INFO:colcon.colcon_core.shell:Creating environment hook '/home/nitish/final_ws/install/group11_final/share/group11_final/hook/cmake_prefix_path.sh'
[27.694s] Level 1:colcon.colcon_core.environment:checking '/home/nitish/final_ws/install/group11_final/lib'
[27.695s] Level 1:colcon.colcon_core.environment:checking '/home/nitish/final_ws/install/group11_final/bin'
[27.695s] Level 1:colcon.colcon_core.environment:checking '/home/nitish/final_ws/install/group11_final/lib/pkgconfig/group11_final.pc'
[27.695s] Level 1:colcon.colcon_core.environment:checking '/home/nitish/final_ws/install/group11_final/lib/python3.8/site-packages'
[27.695s] Level 1:colcon.colcon_core.environment:checking '/home/nitish/final_ws/install/group11_final/bin'
[27.769s] INFO:colcon.colcon_core.shell:Creating package script '/home/nitish/final_ws/install/group11_final/share/group11_final/package.ps1'
[27.770s] INFO:colcon.colcon_core.shell:Creating package descriptor '/home/nitish/final_ws/install/group11_final/share/group11_final/package.dsv'
[27.771s] INFO:colcon.colcon_core.shell:Creating package script '/home/nitish/final_ws/install/group11_final/share/group11_final/package.sh'
[27.771s] INFO:colcon.colcon_core.shell:Creating package script '/home/nitish/final_ws/install/group11_final/share/group11_final/package.bash'
[27.772s] INFO:colcon.colcon_core.shell:Creating package script '/home/nitish/final_ws/install/group11_final/share/group11_final/package.zsh'
[27.772s] Level 1:colcon.colcon_core.environment:create_file_with_runtime_dependencies(/home/nitish/final_ws/install/group11_final/share/colcon-core/packages/group11_final)
[27.889s] Level 1:colcon.colcon_core.environment:create_environment_scripts_only(group11_final)
[27.962s] Level 1:colcon.colcon_core.environment:checking '/home/nitish/final_ws/install/group11_final' for CMake module files
[27.962s] Level 1:colcon.colcon_core.environment:checking '/home/nitish/final_ws/install/group11_final' for CMake config files
[27.963s] Level 1:colcon.colcon_core.shell:create_environment_hook('group11_final', 'cmake_prefix_path')
[28.035s] INFO:colcon.colcon_core.shell:Creating environment hook '/home/nitish/final_ws/install/group11_final/share/group11_final/hook/cmake_prefix_path.ps1'
[28.035s] INFO:colcon.colcon_core.shell:Creating environment descriptor '/home/nitish/final_ws/install/group11_final/share/group11_final/hook/cmake_prefix_path.dsv'
[28.036s] INFO:colcon.colcon_core.shell:Creating environment hook '/home/nitish/final_ws/install/group11_final/share/group11_final/hook/cmake_prefix_path.sh'
[28.037s] Level 1:colcon.colcon_core.environment:checking '/home/nitish/final_ws/install/group11_final/lib'
[28.037s] Level 1:colcon.colcon_core.environment:checking '/home/nitish/final_ws/install/group11_final/bin'
[28.037s] Level 1:colcon.colcon_core.environment:checking '/home/nitish/final_ws/install/group11_final/lib/pkgconfig/group11_final.pc'
[28.037s] Level 1:colcon.colcon_core.environment:checking '/home/nitish/final_ws/install/group11_final/lib/python3.8/site-packages'
[28.037s] Level 1:colcon.colcon_core.environment:checking '/home/nitish/final_ws/install/group11_final/bin'
[28.109s] INFO:colcon.colcon_core.shell:Creating package script '/home/nitish/final_ws/install/group11_final/share/group11_final/package.ps1'
[28.110s] INFO:colcon.colcon_core.shell:Creating package descriptor '/home/nitish/final_ws/install/group11_final/share/group11_final/package.dsv'
[28.111s] INFO:colcon.colcon_core.shell:Creating package script '/home/nitish/final_ws/install/group11_final/share/group11_final/package.sh'
[28.111s] INFO:colcon.colcon_core.shell:Creating package script '/home/nitish/final_ws/install/group11_final/share/group11_final/package.bash'
[28.112s] INFO:colcon.colcon_core.shell:Creating package script '/home/nitish/final_ws/install/group11_final/share/group11_final/package.zsh'
[28.113s] Level 1:colcon.colcon_core.environment:create_file_with_runtime_dependencies(/home/nitish/final_ws/install/group11_final/share/colcon-core/packages/group11_final)
[28.113s] DEBUG:colcon.colcon_parallel_executor.executor.parallel:closing loop
[28.114s] DEBUG:colcon.colcon_parallel_executor.executor.parallel:loop closed
[28.114s] DEBUG:colcon.colcon_parallel_executor.executor.parallel:run_until_complete finished with '0'
[28.114s] DEBUG:colcon.colcon_core.event_reactor:joining thread
[28.179s] INFO:colcon.colcon_core.plugin_system:Skipping extension 'colcon_notification.desktop_notification.terminal_notifier': Not used on non-Darwin systems
[28.179s] INFO:colcon.colcon_core.plugin_system:Skipping extension 'colcon_notification.desktop_notification.win32': Not used on non-Windows systems
[28.180s] INFO:colcon.colcon_notification.desktop_notification:Sending desktop notification using 'notify2'
[28.188s] DEBUG:colcon.colcon_core.event_reactor:joined thread
[28.255s] INFO:colcon.colcon_core.shell:Creating prefix script '/home/nitish/final_ws/install/local_setup.ps1'
[28.256s] INFO:colcon.colcon_core.shell:Creating prefix util module '/home/nitish/final_ws/install/_local_setup_util_ps1.py'
[28.258s] INFO:colcon.colcon_core.shell:Creating prefix chain script '/home/nitish/final_ws/install/setup.ps1'
[28.332s] INFO:colcon.colcon_core.shell:Creating prefix script '/home/nitish/final_ws/install/local_setup.sh'
[28.332s] INFO:colcon.colcon_core.shell:Creating prefix util module '/home/nitish/final_ws/install/_local_setup_util_sh.py'
[28.333s] INFO:colcon.colcon_core.shell:Creating prefix chain script '/home/nitish/final_ws/install/setup.sh'
[28.408s] INFO:colcon.colcon_core.shell:Creating prefix script '/home/nitish/final_ws/install/local_setup.bash'
[28.408s] INFO:colcon.colcon_core.shell:Creating prefix chain script '/home/nitish/final_ws/install/setup.bash'
[28.482s] INFO:colcon.colcon_core.shell:Creating prefix script '/home/nitish/final_ws/install/local_setup.zsh'
[28.482s] INFO:colcon.colcon_core.shell:Creating prefix chain script '/home/nitish/final_ws/install/setup.zsh'
