[0.175s] Invoking command in '/home/nitish/final_ws/build/group11_final': CMAKE_PREFIX_PATH=/home/nitish/final_ws/install/ros2_aruco_interfaces:/home/nitish/final_ws/install/mage_msgs:/home/nitish/final_ws/install/group11_final:/home/nitish/final_ws/install/final_project:/home/nitish/final_ws/install/ros2_aruco:/opt/ros/galactic LD_LIBRARY_PATH=/home/nitish/final_ws/install/ros2_aruco_interfaces/lib:/home/nitish/final_ws/install/mage_msgs/lib:/home/nitish/final_ws/install/final_project/lib:/usr/lib/x86_64-linux-gnu/gazebo-11/plugins:/opt/ros/galactic/opt/yaml_cpp_vendor/lib:/opt/ros/galactic/opt/rviz_ogre_vendor/lib:/opt/ros/galactic/lib/x86_64-linux-gnu:/opt/ros/galactic/lib PYTHONPATH=/home/nitish/final_ws/install/ros2_aruco_interfaces/lib/python3.8/site-packages:/home/nitish/final_ws/install/mage_msgs/lib/python3.8/site-packages:/home/nitish/final_ws/install/ros2_aruco/lib/python3.8/site-packages:/home/nitish/final_ws/install/final_project/lib/python3.8/site-packages:/opt/ros/galactic/lib/python3.8/site-packages /usr/bin/cmake --build /home/nitish/final_ws/build/group11_final -- -j12 -l12
[0.222s] [35m[1mScanning dependencies of target part_pose_listener[0m
[0.261s] [ 33%] [32mBuilding CXX object CMakeFiles/part_pose_listener.dir/src/part_pose_listener.cpp.o[0m
[2.118s] In file included from [01m[K/home/nitish/final_ws/src/group11_final/src/part_pose_listener.cpp:1[m[K:
[2.119s] [01m[K/home/nitish/final_ws/src/group11_final/include/group11_final/part_pose_listener.hpp:[m[K In constructor ‘[01m[KPartPoseListener::PartPoseListener()[m[K’:
[2.119s] [01m[K/home/nitish/final_ws/src/group11_final/include/group11_final/part_pose_listener.hpp:78:32:[m[K [01;35m[Kwarning: [m[K‘[01m[KPartPoseListener::tfListener[m[K’ will be initialized after [[01;35m[K-Wreorder[m[K]
[2.119s]    78 |     tf2_ros::TransformListener [01;35m[KtfListener[m[K;
[2.119s]       |                                [01;35m[K^~~~~~~~~~[m[K
[2.119s] [01m[K/home/nitish/final_ws/src/group11_final/include/group11_final/part_pose_listener.hpp:62:10:[m[K [01;35m[Kwarning: [m[K  ‘[01m[Klong int PartPoseListener::aruco_marker_id_[m[K’ [[01;35m[K-Wreorder[m[K]
[2.119s]    62 |     long [01;35m[Karuco_marker_id_[m[K; // Variable to store the ArUco marker ID
[2.119s]       |          [01;35m[K^~~~~~~~~~~~~~~~[m[K
[2.119s] [01m[K/home/nitish/final_ws/src/group11_final/src/part_pose_listener.cpp:3:1:[m[K [01;35m[Kwarning: [m[K  when initialized here [[01;35m[K-Wreorder[m[K]
[2.119s]     3 | [01;35m[KPartPoseListener[m[K::PartPoseListener() : Node("part_pose_listener"),
[2.119s]       | [01;35m[K^~~~~~~~~~~~~~~~[m[K
[2.119s] In file included from [01m[K/home/nitish/final_ws/src/group11_final/src/part_pose_listener.cpp:1[m[K:
[2.119s] [01m[K/home/nitish/final_ws/src/group11_final/include/group11_final/part_pose_listener.hpp:65:10:[m[K [01;35m[Kwarning: [m[K‘[01m[KPartPoseListener::info_logged_[m[K’ will be initialized after [[01;35m[K-Wreorder[m[K]
[2.119s]    65 |     bool [01;35m[Kinfo_logged_[m[K;
[2.119s]       |          [01;35m[K^~~~~~~~~~~~[m[K
[2.119s] [01m[K/home/nitish/final_ws/src/group11_final/include/group11_final/part_pose_listener.hpp:59:12:[m[K [01;35m[Kwarning: [m[K  ‘[01m[Ksize_t PartPoseListener::total_parts_to_detect[m[K’ [[01;35m[K-Wreorder[m[K]
[2.119s]    59 |     size_t [01;35m[Ktotal_parts_to_detect[m[K;
[2.119s]       |            [01;35m[K^~~~~~~~~~~~~~~~~~~~~[m[K
[2.119s] [01m[K/home/nitish/final_ws/src/group11_final/src/part_pose_listener.cpp:3:1:[m[K [01;35m[Kwarning: [m[K  when initialized here [[01;35m[K-Wreorder[m[K]
[2.120s]     3 | [01;35m[KPartPoseListener[m[K::PartPoseListener() : Node("part_pose_listener"),
[2.120s]       | [01;35m[K^~~~~~~~~~~~~~~~[m[K
[2.142s] [01m[K/home/nitish/final_ws/src/group11_final/src/part_pose_listener.cpp:[m[K In member function ‘[01m[Kvoid PartPoseListener::cameraCallback(mage_msgs::msg::AdvancedLogicalCameraImage_<std::allocator<void> >::SharedPtr, const string&)[m[K’:
[2.142s] [01m[K/home/nitish/final_ws/src/group11_final/src/part_pose_listener.cpp:187:5:[m[K [01;31m[Kerror: [m[Kexpected ‘[01m[Kcatch[m[K’ before ‘[01m[K}[m[K’ token
[2.142s]   187 |     [01;31m[K}[m[K
[2.142s]       |     [01;31m[K^[m[K
[2.142s] [01m[K/home/nitish/final_ws/src/group11_final/src/part_pose_listener.cpp:187:5:[m[K [01;31m[Kerror: [m[Kexpected ‘[01m[K([m[K’ before ‘[01m[K}[m[K’ token
[2.143s]   187 |     [01;31m[K}[m[K
[2.143s]       |     [01;31m[K^[m[K
[2.143s]       |     [32m[K([m[K
[2.143s] [01m[K/home/nitish/final_ws/src/group11_final/src/part_pose_listener.cpp:187:5:[m[K [01;31m[Kerror: [m[Kexpected type-specifier before ‘[01m[K}[m[K’ token
[2.143s] [01m[K/home/nitish/final_ws/src/group11_final/src/part_pose_listener.cpp:186:10:[m[K [01;31m[Kerror: [m[Kexpected ‘[01m[K)[m[K’ before ‘[01m[K}[m[K’ token
[2.143s]   186 |         }
[2.143s]       |          [01;31m[K^[m[K
[2.143s]       |          [32m[K)[m[K
[2.143s]   187 |     [32m[K}[m[K
[2.143s]       |     [32m[K~[m[K     
[2.143s] [01m[K/home/nitish/final_ws/src/group11_final/src/part_pose_listener.cpp:187:5:[m[K [01;31m[Kerror: [m[Kexpected ‘[01m[K{[m[K’ before ‘[01m[K}[m[K’ token
[2.143s]   187 |     [01;31m[K}[m[K
[2.143s]       |     [01;31m[K^[m[K
[2.143s] [01m[K/home/nitish/final_ws/src/group11_final/src/part_pose_listener.cpp:[m[K At global scope:
[2.143s] [01m[K/home/nitish/final_ws/src/group11_final/src/part_pose_listener.cpp:188:5:[m[K [01;31m[Kerror: [m[Kexpected unqualified-id before ‘[01m[Kcatch[m[K’
[2.143s]   188 |     [01;31m[Kcatch[m[K (tf2::TransformException &ex)
[2.143s]       |     [01;31m[K^~~~~[m[K
[2.143s] [01m[K/home/nitish/final_ws/src/group11_final/src/part_pose_listener.cpp:192:1:[m[K [01;31m[Kerror: [m[Kexpected declaration before ‘[01m[K}[m[K’ token
[2.144s]   192 | [01;31m[K}[m[K
[2.144s]       | [01;31m[K^[m[K
[4.467s] make[2]: *** [CMakeFiles/part_pose_listener.dir/build.make:63: CMakeFiles/part_pose_listener.dir/src/part_pose_listener.cpp.o] Error 1
[4.468s] make[1]: *** [CMakeFiles/Makefile2:78: CMakeFiles/part_pose_listener.dir/all] Error 2
[4.468s] make: *** [Makefile:141: all] Error 2
[4.470s] Invoked command in '/home/nitish/final_ws/build/group11_final' returned '2': CMAKE_PREFIX_PATH=/home/nitish/final_ws/install/ros2_aruco_interfaces:/home/nitish/final_ws/install/mage_msgs:/home/nitish/final_ws/install/group11_final:/home/nitish/final_ws/install/final_project:/home/nitish/final_ws/install/ros2_aruco:/opt/ros/galactic LD_LIBRARY_PATH=/home/nitish/final_ws/install/ros2_aruco_interfaces/lib:/home/nitish/final_ws/install/mage_msgs/lib:/home/nitish/final_ws/install/final_project/lib:/usr/lib/x86_64-linux-gnu/gazebo-11/plugins:/opt/ros/galactic/opt/yaml_cpp_vendor/lib:/opt/ros/galactic/opt/rviz_ogre_vendor/lib:/opt/ros/galactic/lib/x86_64-linux-gnu:/opt/ros/galactic/lib PYTHONPATH=/home/nitish/final_ws/install/ros2_aruco_interfaces/lib/python3.8/site-packages:/home/nitish/final_ws/install/mage_msgs/lib/python3.8/site-packages:/home/nitish/final_ws/install/ros2_aruco/lib/python3.8/site-packages:/home/nitish/final_ws/install/final_project/lib/python3.8/site-packages:/opt/ros/galactic/lib/python3.8/site-packages /usr/bin/cmake --build /home/nitish/final_ws/build/group11_final -- -j12 -l12
