[0.686s] Invoking command in '/home/nitish/final_ws/build/final_project': AMENT_PREFIX_PATH=/home/nitish/final_ws/install/mage_msgs:${AMENT_PREFIX_PATH} CMAKE_PREFIX_PATH=/home/nitish/final_ws/install/mage_msgs:/opt/ros/galactic LD_LIBRARY_PATH=/home/nitish/final_ws/install/mage_msgs/lib:${LD_LIBRARY_PATH} PYTHONPATH=/home/nitish/final_ws/install/mage_msgs/lib/python3.8/site-packages:${PYTHONPATH} /usr/bin/cmake --build /home/nitish/final_ws/build/final_project -- -j12 -l12
[0.776s] [  0%] Built target ament_cmake_python_copy_final_project
[0.787s] [ 50%] Built target disable_shadows_plugin
[0.799s] [100%] Built target AriacLogicalCameraPlugin
[1.011s] running install_scripts
[1.012s] running egg_info
[1.013s] writing final_project.egg-info/PKG-INFO
[1.013s] writing dependency_links to final_project.egg-info/dependency_links.txt
[1.013s] writing top-level names to final_project.egg-info/top_level.txt
[1.031s] running egg_info
[1.032s] writing final_project.egg-info/PKG-INFO
[1.032s] writing dependency_links to final_project.egg-info/dependency_links.txt
[1.032s] writing top-level names to final_project.egg-info/top_level.txt
[1.044s] reading manifest file 'final_project.egg-info/SOURCES.txt'
[1.045s] writing manifest file 'final_project.egg-info/SOURCES.txt'
[1.062s] reading manifest file 'final_project.egg-info/SOURCES.txt'
[1.063s] writing manifest file 'final_project.egg-info/SOURCES.txt'
[1.068s] [100%] Built target ament_cmake_python_build_final_project_egg
[1.099s] [100%] Built target ament_cmake_python_build_final_project_scripts
[1.123s] Invoked command in '/home/nitish/final_ws/build/final_project' returned '0': AMENT_PREFIX_PATH=/home/nitish/final_ws/install/mage_msgs:${AMENT_PREFIX_PATH} CMAKE_PREFIX_PATH=/home/nitish/final_ws/install/mage_msgs:/opt/ros/galactic LD_LIBRARY_PATH=/home/nitish/final_ws/install/mage_msgs/lib:${LD_LIBRARY_PATH} PYTHONPATH=/home/nitish/final_ws/install/mage_msgs/lib/python3.8/site-packages:${PYTHONPATH} /usr/bin/cmake --build /home/nitish/final_ws/build/final_project -- -j12 -l12
[1.157s] Invoking command in '/home/nitish/final_ws/build/final_project': AMENT_PREFIX_PATH=/home/nitish/final_ws/install/mage_msgs:${AMENT_PREFIX_PATH} CMAKE_PREFIX_PATH=/home/nitish/final_ws/install/mage_msgs:/opt/ros/galactic LD_LIBRARY_PATH=/home/nitish/final_ws/install/mage_msgs/lib:${LD_LIBRARY_PATH} PYTHONPATH=/home/nitish/final_ws/install/mage_msgs/lib/python3.8/site-packages:${PYTHONPATH} /usr/bin/cmake --install /home/nitish/final_ws/build/final_project
[1.169s] -- Install configuration: ""
[1.169s] -- Up-to-date: /home/nitish/final_ws/install/final_project/share/final_project/environment/library_path.sh
[1.170s] -- Up-to-date: /home/nitish/final_ws/install/final_project/share/final_project/environment/library_path.dsv
[1.170s] -- Up-to-date: /home/nitish/final_ws/install/final_project/include
[1.170s] -- Up-to-date: /home/nitish/final_ws/install/final_project/include/final_project
[1.170s] -- Up-to-date: /home/nitish/final_ws/install/final_project/include/final_project/ariac_logical_camera_plugin.hpp
[1.170s] -- Up-to-date: /home/nitish/final_ws/install/final_project/include/final_project/disable_shadows_plugin.hpp
[1.170s] -- Up-to-date: /home/nitish/final_ws/install/final_project/lib/libAriacLogicalCameraPlugin.so
[1.171s] -- Up-to-date: /home/nitish/final_ws/install/final_project/lib/libdisable_shadows_plugin.so
[1.172s] -- Up-to-date: /home/nitish/final_ws/install/final_project/share/final_project//config
[1.172s] -- Up-to-date: /home/nitish/final_ws/install/final_project/share/final_project//config/sensors.yaml
[1.172s] -- Up-to-date: /home/nitish/final_ws/install/final_project/share/final_project//config/waypoint_params.yaml
[1.172s] -- Up-to-date: /home/nitish/final_ws/install/final_project/share/final_project//launch
[1.172s] -- Up-to-date: /home/nitish/final_ws/install/final_project/share/final_project//launch/robot_state_publisher.launch.py
[1.172s] -- Up-to-date: /home/nitish/final_ws/install/final_project/share/final_project//launch/spawn_turtlebot3.launch.py
[1.173s] -- Up-to-date: /home/nitish/final_ws/install/final_project/share/final_project//launch/final_project.launch.py
[1.173s] -- Up-to-date: /home/nitish/final_ws/install/final_project/share/final_project//models
[1.173s] -- Up-to-date: /home/nitish/final_ws/install/final_project/share/final_project//models/aruco_marker_1
[1.173s] -- Up-to-date: /home/nitish/final_ws/install/final_project/share/final_project//models/aruco_marker_1/model.config
[1.173s] -- Up-to-date: /home/nitish/final_ws/install/final_project/share/final_project//models/aruco_marker_1/model.sdf
[1.173s] -- Up-to-date: /home/nitish/final_ws/install/final_project/share/final_project//models/aruco_marker_1/materials
[1.174s] -- Up-to-date: /home/nitish/final_ws/install/final_project/share/final_project//models/aruco_marker_1/materials/scripts
[1.174s] -- Up-to-date: /home/nitish/final_ws/install/final_project/share/final_project//models/aruco_marker_1/materials/scripts/marker.material
[1.174s] -- Up-to-date: /home/nitish/final_ws/install/final_project/share/final_project//models/aruco_marker_1/materials/textures
[1.175s] -- Up-to-date: /home/nitish/final_ws/install/final_project/share/final_project//models/aruco_marker_1/materials/textures/5x5_1000-1.svg
[1.175s] -- Up-to-date: /home/nitish/final_ws/install/final_project/share/final_project//models/aruco_marker_1/materials/textures/svgtopng.zip
[1.175s] -- Up-to-date: /home/nitish/final_ws/install/final_project/share/final_project//models/aruco_marker_1/materials/textures/5x5_1000-1.png
[1.175s] -- Up-to-date: /home/nitish/final_ws/install/final_project/share/final_project//models/aruco_marker_1/materials/textures/marker_1.png
[1.176s] -- Up-to-date: /home/nitish/final_ws/install/final_project/share/final_project//models/floor
[1.176s] -- Up-to-date: /home/nitish/final_ws/install/final_project/share/final_project//models/floor/meshes
[1.176s] -- Up-to-date: /home/nitish/final_ws/install/final_project/share/final_project//models/floor/meshes/Suede_Blue.jpg
[1.176s] -- Up-to-date: /home/nitish/final_ws/install/final_project/share/final_project//models/floor/meshes/floor.dae
[1.176s] -- Up-to-date: /home/nitish/final_ws/install/final_project/share/final_project//models/floor/meshes/Suede_Blue_1.jpg
[1.176s] -- Up-to-date: /home/nitish/final_ws/install/final_project/share/final_project//models/floor/meshes/example-2.png
[1.177s] -- Up-to-date: /home/nitish/final_ws/install/final_project/share/final_project//models/floor/model.config
[1.177s] -- Up-to-date: /home/nitish/final_ws/install/final_project/share/final_project//models/floor/model.sdf
[1.177s] -- Up-to-date: /home/nitish/final_ws/install/final_project/share/final_project//models/box_pallets
[1.177s] -- Up-to-date: /home/nitish/final_ws/install/final_project/share/final_project//models/box_pallets/meshes
[1.177s] -- Up-to-date: /home/nitish/final_ws/install/final_project/share/final_project//models/box_pallets/meshes/box_pallet.dae
[1.177s] -- Up-to-date: /home/nitish/final_ws/install/final_project/share/final_project//models/box_pallets/meshes/AM200_029_02_Diffuse.jpg
[1.177s] -- Up-to-date: /home/nitish/final_ws/install/final_project/share/final_project//models/box_pallets/meshes/AM200_029_01_Diffuse.jpg
[1.177s] -- Up-to-date: /home/nitish/final_ws/install/final_project/share/final_project//models/box_pallets/meshes/AM200_029_07_Diffuse.jpg
[1.178s] -- Up-to-date: /home/nitish/final_ws/install/final_project/share/final_project//models/box_pallets/model.config
[1.178s] -- Up-to-date: /home/nitish/final_ws/install/final_project/share/final_project//models/box_pallets/model.sdf
[1.178s] -- Up-to-date: /home/nitish/final_ws/install/final_project/share/final_project//models/box_pallets_3
[1.178s] -- Up-to-date: /home/nitish/final_ws/install/final_project/share/final_project//models/box_pallets_3/meshes
[1.178s] -- Up-to-date: /home/nitish/final_ws/install/final_project/share/final_project//models/box_pallets_3/meshes/box_pallet.dae
[1.178s] -- Up-to-date: /home/nitish/final_ws/install/final_project/share/final_project//models/box_pallets_3/meshes/AM200_029_08_Diffuse.jpg
[1.178s] -- Up-to-date: /home/nitish/final_ws/install/final_project/share/final_project//models/box_pallets_3/meshes/AM200_029_04_Diffuse.jpg
[1.178s] -- Up-to-date: /home/nitish/final_ws/install/final_project/share/final_project//models/box_pallets_3/meshes/AM200_029_01_Diffuse.jpg
[1.178s] -- Up-to-date: /home/nitish/final_ws/install/final_project/share/final_project//models/box_pallets_3/meshes/AM200_029_03_Diffuse.jpg
[1.179s] -- Up-to-date: /home/nitish/final_ws/install/final_project/share/final_project//models/box_pallets_3/model.config
[1.179s] -- Up-to-date: /home/nitish/final_ws/install/final_project/share/final_project//models/box_pallets_3/model.sdf
[1.179s] -- Up-to-date: /home/nitish/final_ws/install/final_project/share/final_project//models/aruco_marker_2
[1.179s] -- Up-to-date: /home/nitish/final_ws/install/final_project/share/final_project//models/aruco_marker_2/model.config
[1.179s] -- Up-to-date: /home/nitish/final_ws/install/final_project/share/final_project//models/aruco_marker_2/model.sdf
[1.179s] -- Up-to-date: /home/nitish/final_ws/install/final_project/share/final_project//models/aruco_marker_2/materials
[1.179s] -- Up-to-date: /home/nitish/final_ws/install/final_project/share/final_project//models/aruco_marker_2/materials/scripts
[1.179s] -- Up-to-date: /home/nitish/final_ws/install/final_project/share/final_project//models/aruco_marker_2/materials/scripts/marker.material
[1.179s] -- Up-to-date: /home/nitish/final_ws/install/final_project/share/final_project//models/aruco_marker_2/materials/textures
[1.179s] -- Up-to-date: /home/nitish/final_ws/install/final_project/share/final_project//models/aruco_marker_2/materials/textures/5x5_1000-2.png
[1.180s] -- Up-to-date: /home/nitish/final_ws/install/final_project/share/final_project//models/aruco_marker_2/materials/textures/marker_2.png
[1.180s] -- Up-to-date: /home/nitish/final_ws/install/final_project/share/final_project//models/aruco_marker_2/materials/textures/5x5_1000-2.svg
[1.180s] -- Up-to-date: /home/nitish/final_ws/install/final_project/share/final_project//models/aruco_marker_2/materials/textures/svgtopng.zip
[1.180s] -- Up-to-date: /home/nitish/final_ws/install/final_project/share/final_project//models/aruco_marker_0
[1.180s] -- Up-to-date: /home/nitish/final_ws/install/final_project/share/final_project//models/aruco_marker_0/model.config
[1.180s] -- Up-to-date: /home/nitish/final_ws/install/final_project/share/final_project//models/aruco_marker_0/model.sdf
[1.180s] -- Up-to-date: /home/nitish/final_ws/install/final_project/share/final_project//models/aruco_marker_0/materials
[1.180s] -- Up-to-date: /home/nitish/final_ws/install/final_project/share/final_project//models/aruco_marker_0/materials/scripts
[1.180s] -- Up-to-date: /home/nitish/final_ws/install/final_project/share/final_project//models/aruco_marker_0/materials/scripts/marker.material
[1.180s] -- Up-to-date: /home/nitish/final_ws/install/final_project/share/final_project//models/aruco_marker_0/materials/textures
[1.181s] -- Up-to-date: /home/nitish/final_ws/install/final_project/share/final_project//models/aruco_marker_0/materials/textures/5x5_1000-0.svg
[1.181s] -- Up-to-date: /home/nitish/final_ws/install/final_project/share/final_project//models/aruco_marker_0/materials/textures/marker_0_old.png
[1.181s] -- Up-to-date: /home/nitish/final_ws/install/final_project/share/final_project//models/aruco_marker_0/materials/textures/svgtopng.zip
[1.181s] -- Up-to-date: /home/nitish/final_ws/install/final_project/share/final_project//models/aruco_marker_0/materials/textures/5x5_1000-0.png
[1.181s] -- Up-to-date: /home/nitish/final_ws/install/final_project/share/final_project//models/battery
[1.181s] -- Up-to-date: /home/nitish/final_ws/install/final_project/share/final_project//models/battery/meshes
[1.181s] -- Up-to-date: /home/nitish/final_ws/install/final_project/share/final_project//models/battery/meshes/battery_base.stl
[1.181s] -- Up-to-date: /home/nitish/final_ws/install/final_project/share/final_project//models/battery/meshes/battery_cap.stl
[1.181s] -- Up-to-date: /home/nitish/final_ws/install/final_project/share/final_project//models/battery/meshes/battery_collision.stl
[1.181s] -- Up-to-date: /home/nitish/final_ws/install/final_project/share/final_project//models/battery/meshes/battery_pins.stl
[1.182s] -- Up-to-date: /home/nitish/final_ws/install/final_project/share/final_project//models/battery/model.config
[1.182s] -- Up-to-date: /home/nitish/final_ws/install/final_project/share/final_project//models/battery/model.sdf
[1.182s] -- Up-to-date: /home/nitish/final_ws/install/final_project/share/final_project//models/advanced_logical_camera
[1.182s] -- Up-to-date: /home/nitish/final_ws/install/final_project/share/final_project//models/advanced_logical_camera/meshes
[1.182s] -- Up-to-date: /home/nitish/final_ws/install/final_project/share/final_project//models/advanced_logical_camera/meshes/camera.dae
[1.182s] -- Up-to-date: /home/nitish/final_ws/install/final_project/share/final_project//models/advanced_logical_camera/model.config
[1.182s] -- Up-to-date: /home/nitish/final_ws/install/final_project/share/final_project//models/advanced_logical_camera/model.sdf
[1.182s] -- Up-to-date: /home/nitish/final_ws/install/final_project/share/final_project//models/advanced_logical_camera/materials
[1.182s] -- Up-to-date: /home/nitish/final_ws/install/final_project/share/final_project//models/advanced_logical_camera/materials/textures
[1.182s] -- Up-to-date: /home/nitish/final_ws/install/final_project/share/final_project//models/advanced_logical_camera/materials/textures/camera.png
[1.183s] -- Up-to-date: /home/nitish/final_ws/install/final_project/share/final_project//models/parts_bin
[1.183s] -- Up-to-date: /home/nitish/final_ws/install/final_project/share/final_project//models/parts_bin/meshes
[1.183s] -- Up-to-date: /home/nitish/final_ws/install/final_project/share/final_project//models/parts_bin/meshes/bin_interior.stl
[1.183s] -- Up-to-date: /home/nitish/final_ws/install/final_project/share/final_project//models/parts_bin/meshes/bin_exterior.dae
[1.183s] -- Up-to-date: /home/nitish/final_ws/install/final_project/share/final_project//models/parts_bin/meshes/Steel_Brushed_Stainless.jpg.001.jpg
[1.183s] -- Up-to-date: /home/nitish/final_ws/install/final_project/share/final_project//models/parts_bin/meshes/bin_exterior.stl
[1.183s] -- Up-to-date: /home/nitish/final_ws/install/final_project/share/final_project//models/parts_bin/meshes/Metal_Rough.jpg.001.jpg
[1.183s] -- Up-to-date: /home/nitish/final_ws/install/final_project/share/final_project//models/parts_bin/model.config
[1.183s] -- Up-to-date: /home/nitish/final_ws/install/final_project/share/final_project//models/parts_bin/model.sdf
[1.183s] -- Up-to-date: /home/nitish/final_ws/install/final_project/share/final_project//models/box_pallets_2
[1.184s] -- Up-to-date: /home/nitish/final_ws/install/final_project/share/final_project//models/box_pallets_2/meshes
[1.184s] -- Up-to-date: /home/nitish/final_ws/install/final_project/share/final_project//models/box_pallets_2/meshes/box_pallet.dae
[1.184s] -- Up-to-date: /home/nitish/final_ws/install/final_project/share/final_project//models/box_pallets_2/meshes/AM200_029_06_Diffuse.jpg
[1.184s] -- Up-to-date: /home/nitish/final_ws/install/final_project/share/final_project//models/box_pallets_2/meshes/AM200_029_01_Diffuse.jpg
[1.184s] -- Up-to-date: /home/nitish/final_ws/install/final_project/share/final_project//models/box_pallets_2/meshes/AM200_029_05_Diffuse.jpg
[1.184s] -- Up-to-date: /home/nitish/final_ws/install/final_project/share/final_project//models/box_pallets_2/model.config
[1.184s] -- Up-to-date: /home/nitish/final_ws/install/final_project/share/final_project//models/box_pallets_2/model.sdf
[1.184s] -- Up-to-date: /home/nitish/final_ws/install/final_project/share/final_project//models/turtlebot3_waffle
[1.184s] -- Up-to-date: /home/nitish/final_ws/install/final_project/share/final_project//models/turtlebot3_waffle/model-1_4.sdf
[1.185s] -- Up-to-date: /home/nitish/final_ws/install/final_project/share/final_project//models/turtlebot3_waffle/model.config
[1.185s] -- Up-to-date: /home/nitish/final_ws/install/final_project/share/final_project//models/turtlebot3_waffle/model.sdf
[1.185s] -- Up-to-date: /home/nitish/final_ws/install/final_project/share/final_project//worlds
[1.185s] -- Up-to-date: /home/nitish/final_ws/install/final_project/share/final_project//worlds/final.world
[1.185s] -- Up-to-date: /home/nitish/final_ws/install/final_project/share/final_project//maps
[1.185s] -- Up-to-date: /home/nitish/final_ws/install/final_project/share/final_project//maps/final2_map.pgm
[1.185s] -- Up-to-date: /home/nitish/final_ws/install/final_project/share/final_project//maps/final2_map.yaml
[1.185s] -- Up-to-date: /home/nitish/final_ws/install/final_project/share/final_project/environment/pythonpath.sh
[1.185s] -- Up-to-date: /home/nitish/final_ws/install/final_project/share/final_project/environment/pythonpath.dsv
[1.186s] -- Up-to-date: /home/nitish/final_ws/install/final_project/lib/python3.8/site-packages//final_project.egg-info
[1.186s] -- Installing: /home/nitish/final_ws/install/final_project/lib/python3.8/site-packages//final_project.egg-info/dependency_links.txt
[1.186s] -- Installing: /home/nitish/final_ws/install/final_project/lib/python3.8/site-packages//final_project.egg-info/SOURCES.txt
[1.186s] -- Installing: /home/nitish/final_ws/install/final_project/lib/python3.8/site-packages//final_project.egg-info/top_level.txt
[1.186s] -- Installing: /home/nitish/final_ws/install/final_project/lib/python3.8/site-packages//final_project.egg-info/PKG-INFO
[1.186s] -- Up-to-date: /home/nitish/final_ws/install/final_project/lib/final_project/
[1.186s] -- Up-to-date: /home/nitish/final_ws/install/final_project/lib/python3.8/site-packages/final_project
[1.186s] -- Up-to-date: /home/nitish/final_ws/install/final_project/lib/python3.8/site-packages/final_project/tf_broadcaster.py
[1.186s] -- Up-to-date: /home/nitish/final_ws/install/final_project/lib/python3.8/site-packages/final_project/__init__.py
[1.186s] -- Up-to-date: /home/nitish/final_ws/install/final_project/lib/python3.8/site-packages/final_project/utilities.py
[1.187s] -- Up-to-date: /home/nitish/final_ws/install/final_project/lib/python3.8/site-packages/final_project/spawn_params.py
[1.187s] -- Up-to-date: /home/nitish/final_ws/install/final_project/lib/python3.8/site-packages/final_project/tf2_geometry_msgs.py
[1.187s] -- Up-to-date: /home/nitish/final_ws/install/final_project/lib/python3.8/site-packages/final_project/environment_startup.py
[1.215s] Listing '/home/nitish/final_ws/install/final_project/lib/python3.8/site-packages/final_project'...
[1.219s] -- Up-to-date: /home/nitish/final_ws/install/final_project/lib/final_project/environment_startup_node.py
[1.219s] -- Up-to-date: /home/nitish/final_ws/install/final_project/lib/final_project/sensor_tf_broadcaster.py
[1.219s] -- Up-to-date: /home/nitish/final_ws/install/final_project/lib/final_project/part_spawner.py
[1.219s] -- Up-to-date: /home/nitish/final_ws/install/final_project/lib/final_project/object_tf_broadcaster.py
[1.220s] -- Up-to-date: /home/nitish/final_ws/install/final_project/share/ament_index/resource_index/package_run_dependencies/final_project
[1.220s] -- Up-to-date: /home/nitish/final_ws/install/final_project/share/ament_index/resource_index/parent_prefix_path/final_project
[1.220s] -- Up-to-date: /home/nitish/final_ws/install/final_project/share/final_project/environment/ament_prefix_path.sh
[1.220s] -- Up-to-date: /home/nitish/final_ws/install/final_project/share/final_project/environment/ament_prefix_path.dsv
[1.220s] -- Up-to-date: /home/nitish/final_ws/install/final_project/share/final_project/environment/path.sh
[1.220s] -- Up-to-date: /home/nitish/final_ws/install/final_project/share/final_project/environment/path.dsv
[1.220s] -- Up-to-date: /home/nitish/final_ws/install/final_project/share/final_project/local_setup.bash
[1.220s] -- Up-to-date: /home/nitish/final_ws/install/final_project/share/final_project/local_setup.sh
[1.221s] -- Up-to-date: /home/nitish/final_ws/install/final_project/share/final_project/local_setup.zsh
[1.221s] -- Up-to-date: /home/nitish/final_ws/install/final_project/share/final_project/local_setup.dsv
[1.221s] -- Installing: /home/nitish/final_ws/install/final_project/share/final_project/package.dsv
[1.221s] -- Up-to-date: /home/nitish/final_ws/install/final_project/share/ament_index/resource_index/packages/final_project
[1.221s] -- Up-to-date: /home/nitish/final_ws/install/final_project/share/final_project/cmake/ament_cmake_export_libraries-extras.cmake
[1.221s] -- Up-to-date: /home/nitish/final_ws/install/final_project/share/final_project/cmake/final_projectConfig.cmake
[1.222s] -- Up-to-date: /home/nitish/final_ws/install/final_project/share/final_project/cmake/final_projectConfig-version.cmake
[1.222s] -- Up-to-date: /home/nitish/final_ws/install/final_project/share/final_project/package.xml
[1.223s] Invoked command in '/home/nitish/final_ws/build/final_project' returned '0': AMENT_PREFIX_PATH=/home/nitish/final_ws/install/mage_msgs:${AMENT_PREFIX_PATH} CMAKE_PREFIX_PATH=/home/nitish/final_ws/install/mage_msgs:/opt/ros/galactic LD_LIBRARY_PATH=/home/nitish/final_ws/install/mage_msgs/lib:${LD_LIBRARY_PATH} PYTHONPATH=/home/nitish/final_ws/install/mage_msgs/lib/python3.8/site-packages:${PYTHONPATH} /usr/bin/cmake --install /home/nitish/final_ws/build/final_project
