[0.332s] Invoking command in '/home/nitish/final_ws/build/group11_final': CMAKE_PREFIX_PATH=/home/nitish/final_ws/install/ros2_aruco_interfaces:/home/nitish/final_ws/install/mage_msgs:/home/nitish/final_ws/install/group11_final:/home/nitish/final_ws/install/final_project:/home/nitish/final_ws/install/ros2_aruco:/opt/ros/galactic LD_LIBRARY_PATH=/home/nitish/final_ws/install/ros2_aruco_interfaces/lib:/home/nitish/final_ws/install/mage_msgs/lib:/home/nitish/final_ws/install/final_project/lib:/usr/lib/x86_64-linux-gnu/gazebo-11/plugins:/opt/ros/galactic/opt/yaml_cpp_vendor/lib:/opt/ros/galactic/opt/rviz_ogre_vendor/lib:/opt/ros/galactic/lib/x86_64-linux-gnu:/opt/ros/galactic/lib PYTHONPATH=/home/nitish/final_ws/install/ros2_aruco_interfaces/lib/python3.8/site-packages:/home/nitish/final_ws/install/mage_msgs/lib/python3.8/site-packages:/home/nitish/final_ws/install/ros2_aruco/lib/python3.8/site-packages:/home/nitish/final_ws/install/final_project/lib/python3.8/site-packages:/opt/ros/galactic/lib/python3.8/site-packages /usr/bin/cmake --build /home/nitish/final_ws/build/group11_final -- -j12 -l12
[0.447s] [100%] Built target part_pose_listener
[0.467s] Invoked command in '/home/nitish/final_ws/build/group11_final' returned '0': CMAKE_PREFIX_PATH=/home/nitish/final_ws/install/ros2_aruco_interfaces:/home/nitish/final_ws/install/mage_msgs:/home/nitish/final_ws/install/group11_final:/home/nitish/final_ws/install/final_project:/home/nitish/final_ws/install/ros2_aruco:/opt/ros/galactic LD_LIBRARY_PATH=/home/nitish/final_ws/install/ros2_aruco_interfaces/lib:/home/nitish/final_ws/install/mage_msgs/lib:/home/nitish/final_ws/install/final_project/lib:/usr/lib/x86_64-linux-gnu/gazebo-11/plugins:/opt/ros/galactic/opt/yaml_cpp_vendor/lib:/opt/ros/galactic/opt/rviz_ogre_vendor/lib:/opt/ros/galactic/lib/x86_64-linux-gnu:/opt/ros/galactic/lib PYTHONPATH=/home/nitish/final_ws/install/ros2_aruco_interfaces/lib/python3.8/site-packages:/home/nitish/final_ws/install/mage_msgs/lib/python3.8/site-packages:/home/nitish/final_ws/install/ros2_aruco/lib/python3.8/site-packages:/home/nitish/final_ws/install/final_project/lib/python3.8/site-packages:/opt/ros/galactic/lib/python3.8/site-packages /usr/bin/cmake --build /home/nitish/final_ws/build/group11_final -- -j12 -l12
[0.534s] Invoking command in '/home/nitish/final_ws/build/group11_final': CMAKE_PREFIX_PATH=/home/nitish/final_ws/install/ros2_aruco_interfaces:/home/nitish/final_ws/install/mage_msgs:/home/nitish/final_ws/install/group11_final:/home/nitish/final_ws/install/final_project:/home/nitish/final_ws/install/ros2_aruco:/opt/ros/galactic LD_LIBRARY_PATH=/home/nitish/final_ws/install/ros2_aruco_interfaces/lib:/home/nitish/final_ws/install/mage_msgs/lib:/home/nitish/final_ws/install/final_project/lib:/usr/lib/x86_64-linux-gnu/gazebo-11/plugins:/opt/ros/galactic/opt/yaml_cpp_vendor/lib:/opt/ros/galactic/opt/rviz_ogre_vendor/lib:/opt/ros/galactic/lib/x86_64-linux-gnu:/opt/ros/galactic/lib PYTHONPATH=/home/nitish/final_ws/install/ros2_aruco_interfaces/lib/python3.8/site-packages:/home/nitish/final_ws/install/mage_msgs/lib/python3.8/site-packages:/home/nitish/final_ws/install/ros2_aruco/lib/python3.8/site-packages:/home/nitish/final_ws/install/final_project/lib/python3.8/site-packages:/opt/ros/galactic/lib/python3.8/site-packages /usr/bin/cmake --install /home/nitish/final_ws/build/group11_final
[0.548s] -- Install configuration: ""
[0.548s] -- Up-to-date: /home/nitish/final_ws/install/group11_final/lib/group11_final/part_pose_listener
[0.549s] -- Up-to-date: /home/nitish/final_ws/install/group11_final/share/group11_final//include
[0.549s] -- Up-to-date: /home/nitish/final_ws/install/group11_final/share/group11_final//include/group11_final
[0.550s] -- Up-to-date: /home/nitish/final_ws/install/group11_final/share/group11_final//include/group11_final/part_pose_listener.hpp
[0.550s] -- Up-to-date: /home/nitish/final_ws/install/group11_final/share/group11_final//config
[0.551s] -- Up-to-date: /home/nitish/final_ws/install/group11_final/share/group11_final//config/waypoint_params.yaml
[0.551s] -- Up-to-date: /home/nitish/final_ws/install/group11_final/share/group11_final//launch
[0.551s] -- Up-to-date: /home/nitish/final_ws/install/group11_final/share/group11_final//launch/launch.py
[0.551s] -- Up-to-date: /home/nitish/final_ws/install/group11_final/share/ament_index/resource_index/package_run_dependencies/group11_final
[0.551s] -- Up-to-date: /home/nitish/final_ws/install/group11_final/share/ament_index/resource_index/parent_prefix_path/group11_final
[0.551s] -- Up-to-date: /home/nitish/final_ws/install/group11_final/share/group11_final/environment/ament_prefix_path.sh
[0.552s] -- Up-to-date: /home/nitish/final_ws/install/group11_final/share/group11_final/environment/ament_prefix_path.dsv
[0.552s] -- Up-to-date: /home/nitish/final_ws/install/group11_final/share/group11_final/environment/path.sh
[0.552s] -- Up-to-date: /home/nitish/final_ws/install/group11_final/share/group11_final/environment/path.dsv
[0.552s] -- Up-to-date: /home/nitish/final_ws/install/group11_final/share/group11_final/local_setup.bash
[0.552s] -- Up-to-date: /home/nitish/final_ws/install/group11_final/share/group11_final/local_setup.sh
[0.552s] -- Up-to-date: /home/nitish/final_ws/install/group11_final/share/group11_final/local_setup.zsh
[0.552s] -- Up-to-date: /home/nitish/final_ws/install/group11_final/share/group11_final/local_setup.dsv
[0.552s] -- Installing: /home/nitish/final_ws/install/group11_final/share/group11_final/package.dsv
[0.553s] -- Up-to-date: /home/nitish/final_ws/install/group11_final/share/ament_index/resource_index/packages/group11_final
[0.553s] -- Up-to-date: /home/nitish/final_ws/install/group11_final/share/group11_final/cmake/group11_finalConfig.cmake
[0.554s] -- Up-to-date: /home/nitish/final_ws/install/group11_final/share/group11_final/cmake/group11_finalConfig-version.cmake
[0.554s] -- Up-to-date: /home/nitish/final_ws/install/group11_final/share/group11_final/package.xml
[0.555s] Invoked command in '/home/nitish/final_ws/build/group11_final' returned '0': CMAKE_PREFIX_PATH=/home/nitish/final_ws/install/ros2_aruco_interfaces:/home/nitish/final_ws/install/mage_msgs:/home/nitish/final_ws/install/group11_final:/home/nitish/final_ws/install/final_project:/home/nitish/final_ws/install/ros2_aruco:/opt/ros/galactic LD_LIBRARY_PATH=/home/nitish/final_ws/install/ros2_aruco_interfaces/lib:/home/nitish/final_ws/install/mage_msgs/lib:/home/nitish/final_ws/install/final_project/lib:/usr/lib/x86_64-linux-gnu/gazebo-11/plugins:/opt/ros/galactic/opt/yaml_cpp_vendor/lib:/opt/ros/galactic/opt/rviz_ogre_vendor/lib:/opt/ros/galactic/lib/x86_64-linux-gnu:/opt/ros/galactic/lib PYTHONPATH=/home/nitish/final_ws/install/ros2_aruco_interfaces/lib/python3.8/site-packages:/home/nitish/final_ws/install/mage_msgs/lib/python3.8/site-packages:/home/nitish/final_ws/install/ros2_aruco/lib/python3.8/site-packages:/home/nitish/final_ws/install/final_project/lib/python3.8/site-packages:/opt/ros/galactic/lib/python3.8/site-packages /usr/bin/cmake --install /home/nitish/final_ws/build/group11_final
