[7.056s] DEBUG:colcon:Command line arguments: ['/usr/bin/colcon', 'build', '--packages-select', 'group11_final']
[7.056s] DEBUG:colcon:Parsed command line arguments: Namespace(allow_overriding=[], ament_cmake_args=None, base_paths=['.'], build_base='build', catkin_cmake_args=None, catkin_skip_building_tests=False, cmake_args=None, cmake_clean_cache=False, cmake_clean_first=False, cmake_force_configure=False, cmake_target=None, cmake_target_skip_unavailable=False, continue_on_error=False, event_handlers=None, executor='parallel', ignore_user_meta=False, install_base='install', log_base=None, log_level=None, main=<bound method BuildVerb.main of <colcon_core.verb.build.BuildVerb object at 0x7ff7cec98fd0>>, merge_install=False, metas=['./colcon.meta'], packages_above=None, packages_above_and_dependencies=None, packages_above_depth=None, packages_end=None, packages_ignore=None, packages_ignore_regex=None, packages_select=['group11_final'], packages_select_build_failed=False, packages_select_by_dep=None, packages_select_regex=None, packages_select_test_failures=False, packages_skip=None, packages_skip_build_finished=False, packages_skip_by_dep=None, packages_skip_regex=None, packages_skip_test_passed=False, packages_skip_up_to=None, packages_start=None, packages_up_to=None, packages_up_to_regex=None, parallel_workers=12, paths=None, symlink_install=False, test_result_base=None, verb_extension=<colcon_core.verb.build.BuildVerb object at 0x7ff7cec98fd0>, verb_name='build', verb_parser=<colcon_defaults.argument_parser.defaults.DefaultArgumentsDecorator object at 0x7ff7cebd82b0>)
[7.425s] Level 1:colcon.colcon_core.package_discovery:discover_packages(colcon_meta) check parameters
[7.642s] Level 1:colcon.colcon_core.package_discovery:discover_packages(recursive) check parameters
[7.643s] Level 1:colcon.colcon_core.package_discovery:discover_packages(ignore) check parameters
[7.643s] Level 1:colcon.colcon_core.package_discovery:discover_packages(path) check parameters
[7.644s] Level 1:colcon.colcon_core.package_discovery:discover_packages(colcon_meta) discover
[7.644s] Level 1:colcon.colcon_core.package_discovery:discover_packages(recursive) discover
[7.644s] INFO:colcon.colcon_core.package_discovery:Crawling recursively for packages in '/home/nitish/final_ws'
[7.644s] Level 1:colcon.colcon_core.package_identification:_identify(.) by extensions ['ignore', 'ignore_ament_install']
[7.644s] Level 1:colcon.colcon_core.package_identification:_identify(.) by extension 'ignore'
[7.644s] Level 1:colcon.colcon_core.package_identification:_identify(.) by extension 'ignore_ament_install'
[7.644s] Level 1:colcon.colcon_core.package_identification:_identify(.) by extensions ['colcon_pkg']
[7.644s] Level 1:colcon.colcon_core.package_identification:_identify(.) by extension 'colcon_pkg'
[7.645s] Level 1:colcon.colcon_core.package_identification:_identify(.) by extensions ['colcon_meta']
[7.645s] Level 1:colcon.colcon_core.package_identification:_identify(.) by extension 'colcon_meta'
[7.645s] Level 1:colcon.colcon_core.package_identification:_identify(.) by extensions ['ros']
[7.645s] Level 1:colcon.colcon_core.package_identification:_identify(.) by extension 'ros'
[7.668s] Level 1:colcon.colcon_core.package_identification:_identify(.) by extensions ['cmake', 'python']
[7.668s] Level 1:colcon.colcon_core.package_identification:_identify(.) by extension 'cmake'
[7.669s] Level 1:colcon.colcon_core.package_identification:_identify(.) by extension 'python'
[7.669s] Level 1:colcon.colcon_core.package_identification:_identify(.) by extensions ['python_setup_py']
[7.669s] Level 1:colcon.colcon_core.package_identification:_identify(.) by extension 'python_setup_py'
[7.669s] Level 1:colcon.colcon_core.package_identification:_identify(build) by extensions ['ignore', 'ignore_ament_install']
[7.669s] Level 1:colcon.colcon_core.package_identification:_identify(build) by extension 'ignore'
[7.669s] Level 1:colcon.colcon_core.package_identification:_identify(build) ignored
[7.669s] Level 1:colcon.colcon_core.package_identification:_identify(install) by extensions ['ignore', 'ignore_ament_install']
[7.670s] Level 1:colcon.colcon_core.package_identification:_identify(install) by extension 'ignore'
[7.670s] Level 1:colcon.colcon_core.package_identification:_identify(install) ignored
[7.670s] Level 1:colcon.colcon_core.package_identification:_identify(log) by extensions ['ignore', 'ignore_ament_install']
[7.670s] Level 1:colcon.colcon_core.package_identification:_identify(log) by extension 'ignore'
[7.670s] Level 1:colcon.colcon_core.package_identification:_identify(log) ignored
[7.670s] Level 1:colcon.colcon_core.package_identification:_identify(src) by extensions ['ignore', 'ignore_ament_install']
[7.670s] Level 1:colcon.colcon_core.package_identification:_identify(src) by extension 'ignore'
[7.670s] Level 1:colcon.colcon_core.package_identification:_identify(src) by extension 'ignore_ament_install'
[7.671s] Level 1:colcon.colcon_core.package_identification:_identify(src) by extensions ['colcon_pkg']
[7.671s] Level 1:colcon.colcon_core.package_identification:_identify(src) by extension 'colcon_pkg'
[7.671s] Level 1:colcon.colcon_core.package_identification:_identify(src) by extensions ['colcon_meta']
[7.671s] Level 1:colcon.colcon_core.package_identification:_identify(src) by extension 'colcon_meta'
[7.671s] Level 1:colcon.colcon_core.package_identification:_identify(src) by extensions ['ros']
[7.671s] Level 1:colcon.colcon_core.package_identification:_identify(src) by extension 'ros'
[7.671s] Level 1:colcon.colcon_core.package_identification:_identify(src) by extensions ['cmake', 'python']
[7.671s] Level 1:colcon.colcon_core.package_identification:_identify(src) by extension 'cmake'
[7.671s] Level 1:colcon.colcon_core.package_identification:_identify(src) by extension 'python'
[7.671s] Level 1:colcon.colcon_core.package_identification:_identify(src) by extensions ['python_setup_py']
[7.671s] Level 1:colcon.colcon_core.package_identification:_identify(src) by extension 'python_setup_py'
[7.672s] Level 1:colcon.colcon_core.package_identification:_identify(src/final_project) by extensions ['ignore', 'ignore_ament_install']
[7.672s] Level 1:colcon.colcon_core.package_identification:_identify(src/final_project) by extension 'ignore'
[7.673s] Level 1:colcon.colcon_core.package_identification:_identify(src/final_project) by extension 'ignore_ament_install'
[7.673s] Level 1:colcon.colcon_core.package_identification:_identify(src/final_project) by extensions ['colcon_pkg']
[7.673s] Level 1:colcon.colcon_core.package_identification:_identify(src/final_project) by extension 'colcon_pkg'
[7.674s] Level 1:colcon.colcon_core.package_identification:_identify(src/final_project) by extensions ['colcon_meta']
[7.674s] Level 1:colcon.colcon_core.package_identification:_identify(src/final_project) by extension 'colcon_meta'
[7.675s] Level 1:colcon.colcon_core.package_identification:_identify(src/final_project) by extensions ['ros']
[7.675s] Level 1:colcon.colcon_core.package_identification:_identify(src/final_project) by extension 'ros'
[7.693s] DEBUG:colcon.colcon_core.package_identification:Package 'src/final_project' with type 'ros.ament_cmake' and name 'final_project'
[7.693s] Level 1:colcon.colcon_core.package_identification:_identify(src/group11_final) by extensions ['ignore', 'ignore_ament_install']
[7.693s] Level 1:colcon.colcon_core.package_identification:_identify(src/group11_final) by extension 'ignore'
[7.694s] Level 1:colcon.colcon_core.package_identification:_identify(src/group11_final) by extension 'ignore_ament_install'
[7.694s] Level 1:colcon.colcon_core.package_identification:_identify(src/group11_final) by extensions ['colcon_pkg']
[7.695s] Level 1:colcon.colcon_core.package_identification:_identify(src/group11_final) by extension 'colcon_pkg'
[7.695s] Level 1:colcon.colcon_core.package_identification:_identify(src/group11_final) by extensions ['colcon_meta']
[7.695s] Level 1:colcon.colcon_core.package_identification:_identify(src/group11_final) by extension 'colcon_meta'
[7.696s] Level 1:colcon.colcon_core.package_identification:_identify(src/group11_final) by extensions ['ros']
[7.696s] Level 1:colcon.colcon_core.package_identification:_identify(src/group11_final) by extension 'ros'
[7.702s] DEBUG:colcon.colcon_core.package_identification:Package 'src/group11_final' with type 'ros.ament_cmake' and name 'group11_final'
[7.703s] Level 1:colcon.colcon_core.package_identification:_identify(src/mage_msgs) by extensions ['ignore', 'ignore_ament_install']
[7.703s] Level 1:colcon.colcon_core.package_identification:_identify(src/mage_msgs) by extension 'ignore'
[7.704s] Level 1:colcon.colcon_core.package_identification:_identify(src/mage_msgs) by extension 'ignore_ament_install'
[7.704s] Level 1:colcon.colcon_core.package_identification:_identify(src/mage_msgs) by extensions ['colcon_pkg']
[7.705s] Level 1:colcon.colcon_core.package_identification:_identify(src/mage_msgs) by extension 'colcon_pkg'
[7.705s] Level 1:colcon.colcon_core.package_identification:_identify(src/mage_msgs) by extensions ['colcon_meta']
[7.705s] Level 1:colcon.colcon_core.package_identification:_identify(src/mage_msgs) by extension 'colcon_meta'
[7.705s] Level 1:colcon.colcon_core.package_identification:_identify(src/mage_msgs) by extensions ['ros']
[7.705s] Level 1:colcon.colcon_core.package_identification:_identify(src/mage_msgs) by extension 'ros'
[7.707s] DEBUG:colcon.colcon_core.package_identification:Package 'src/mage_msgs' with type 'ros.ament_cmake' and name 'mage_msgs'
[7.707s] Level 1:colcon.colcon_core.package_identification:_identify(src/ros2_aruco) by extensions ['ignore', 'ignore_ament_install']
[7.707s] Level 1:colcon.colcon_core.package_identification:_identify(src/ros2_aruco) by extension 'ignore'
[7.707s] Level 1:colcon.colcon_core.package_identification:_identify(src/ros2_aruco) by extension 'ignore_ament_install'
[7.708s] Level 1:colcon.colcon_core.package_identification:_identify(src/ros2_aruco) by extensions ['colcon_pkg']
[7.708s] Level 1:colcon.colcon_core.package_identification:_identify(src/ros2_aruco) by extension 'colcon_pkg'
[7.708s] Level 1:colcon.colcon_core.package_identification:_identify(src/ros2_aruco) by extensions ['colcon_meta']
[7.708s] Level 1:colcon.colcon_core.package_identification:_identify(src/ros2_aruco) by extension 'colcon_meta'
[7.708s] Level 1:colcon.colcon_core.package_identification:_identify(src/ros2_aruco) by extensions ['ros']
[7.708s] Level 1:colcon.colcon_core.package_identification:_identify(src/ros2_aruco) by extension 'ros'
[7.708s] Level 1:colcon.colcon_core.package_identification:_identify(src/ros2_aruco) by extensions ['cmake', 'python']
[7.709s] Level 1:colcon.colcon_core.package_identification:_identify(src/ros2_aruco) by extension 'cmake'
[7.709s] Level 1:colcon.colcon_core.package_identification:_identify(src/ros2_aruco) by extension 'python'
[7.709s] Level 1:colcon.colcon_core.package_identification:_identify(src/ros2_aruco) by extensions ['python_setup_py']
[7.709s] Level 1:colcon.colcon_core.package_identification:_identify(src/ros2_aruco) by extension 'python_setup_py'
[7.709s] Level 1:colcon.colcon_core.package_identification:_identify(src/ros2_aruco/ros2_aruco) by extensions ['ignore', 'ignore_ament_install']
[7.710s] Level 1:colcon.colcon_core.package_identification:_identify(src/ros2_aruco/ros2_aruco) by extension 'ignore'
[7.710s] Level 1:colcon.colcon_core.package_identification:_identify(src/ros2_aruco/ros2_aruco) by extension 'ignore_ament_install'
[7.710s] Level 1:colcon.colcon_core.package_identification:_identify(src/ros2_aruco/ros2_aruco) by extensions ['colcon_pkg']
[7.710s] Level 1:colcon.colcon_core.package_identification:_identify(src/ros2_aruco/ros2_aruco) by extension 'colcon_pkg'
[7.710s] Level 1:colcon.colcon_core.package_identification:_identify(src/ros2_aruco/ros2_aruco) by extensions ['colcon_meta']
[7.710s] Level 1:colcon.colcon_core.package_identification:_identify(src/ros2_aruco/ros2_aruco) by extension 'colcon_meta'
[7.710s] Level 1:colcon.colcon_core.package_identification:_identify(src/ros2_aruco/ros2_aruco) by extensions ['ros']
[7.711s] Level 1:colcon.colcon_core.package_identification:_identify(src/ros2_aruco/ros2_aruco) by extension 'ros'
[7.712s] DEBUG:colcon.colcon_core.package_identification:Package 'src/ros2_aruco/ros2_aruco' with type 'ros.ament_python' and name 'ros2_aruco'
[7.712s] Level 1:colcon.colcon_core.package_identification:_identify(src/ros2_aruco/ros2_aruco_interfaces) by extensions ['ignore', 'ignore_ament_install']
[7.713s] Level 1:colcon.colcon_core.package_identification:_identify(src/ros2_aruco/ros2_aruco_interfaces) by extension 'ignore'
[7.713s] Level 1:colcon.colcon_core.package_identification:_identify(src/ros2_aruco/ros2_aruco_interfaces) by extension 'ignore_ament_install'
[7.713s] Level 1:colcon.colcon_core.package_identification:_identify(src/ros2_aruco/ros2_aruco_interfaces) by extensions ['colcon_pkg']
[7.713s] Level 1:colcon.colcon_core.package_identification:_identify(src/ros2_aruco/ros2_aruco_interfaces) by extension 'colcon_pkg'
[7.713s] Level 1:colcon.colcon_core.package_identification:_identify(src/ros2_aruco/ros2_aruco_interfaces) by extensions ['colcon_meta']
[7.713s] Level 1:colcon.colcon_core.package_identification:_identify(src/ros2_aruco/ros2_aruco_interfaces) by extension 'colcon_meta'
[7.713s] Level 1:colcon.colcon_core.package_identification:_identify(src/ros2_aruco/ros2_aruco_interfaces) by extensions ['ros']
[7.713s] Level 1:colcon.colcon_core.package_identification:_identify(src/ros2_aruco/ros2_aruco_interfaces) by extension 'ros'
[7.714s] DEBUG:colcon.colcon_core.package_identification:Package 'src/ros2_aruco/ros2_aruco_interfaces' with type 'ros.ament_cmake' and name 'ros2_aruco_interfaces'
[7.715s] Level 1:colcon.colcon_core.package_discovery:discover_packages(recursive) using defaults
[7.715s] Level 1:colcon.colcon_core.package_discovery:discover_packages(ignore) discover
[7.715s] Level 1:colcon.colcon_core.package_discovery:discover_packages(ignore) using defaults
[7.715s] Level 1:colcon.colcon_core.package_discovery:discover_packages(path) discover
[7.715s] Level 1:colcon.colcon_core.package_discovery:discover_packages(path) using defaults
[8.139s] INFO:colcon.colcon_core.package_selection:Skipping not selected package 'mage_msgs' in 'src/mage_msgs'
[8.139s] INFO:colcon.colcon_core.package_selection:Skipping not selected package 'ros2_aruco' in 'src/ros2_aruco/ros2_aruco'
[8.139s] INFO:colcon.colcon_core.package_selection:Skipping not selected package 'ros2_aruco_interfaces' in 'src/ros2_aruco/ros2_aruco_interfaces'
[8.139s] INFO:colcon.colcon_core.package_selection:Skipping not selected package 'final_project' in 'src/final_project'
[8.415s] Level 1:colcon.colcon_core.package_discovery:discover_packages(prefix_path) check parameters
[8.415s] Level 1:colcon.colcon_core.package_discovery:discover_packages(prefix_path) discover
[8.754s] DEBUG:colcon.colcon_installed_package_information.package_discovery:Found 5 installed packages in /home/nitish/final_ws/install
[8.881s] DEBUG:colcon.colcon_installed_package_information.package_discovery:Found 353 installed packages in /opt/ros/galactic
[8.886s] Level 1:colcon.colcon_core.package_discovery:discover_packages(prefix_path) using defaults
[9.327s] Level 5:colcon.colcon_core.verb:set package 'group11_final' build argument 'cmake_args' from command line to 'None'
[9.327s] Level 5:colcon.colcon_core.verb:set package 'group11_final' build argument 'cmake_target' from command line to 'None'
[9.327s] Level 5:colcon.colcon_core.verb:set package 'group11_final' build argument 'cmake_target_skip_unavailable' from command line to 'False'
[9.327s] Level 5:colcon.colcon_core.verb:set package 'group11_final' build argument 'cmake_clean_cache' from command line to 'False'
[9.327s] Level 5:colcon.colcon_core.verb:set package 'group11_final' build argument 'cmake_clean_first' from command line to 'False'
[9.327s] Level 5:colcon.colcon_core.verb:set package 'group11_final' build argument 'cmake_force_configure' from command line to 'False'
[9.327s] Level 5:colcon.colcon_core.verb:set package 'group11_final' build argument 'ament_cmake_args' from command line to 'None'
[9.327s] Level 5:colcon.colcon_core.verb:set package 'group11_final' build argument 'catkin_cmake_args' from command line to 'None'
[9.327s] Level 5:colcon.colcon_core.verb:set package 'group11_final' build argument 'catkin_skip_building_tests' from command line to 'False'
[9.327s] DEBUG:colcon.colcon_core.verb:Building package 'group11_final' with the following arguments: {'ament_cmake_args': None, 'build_base': '/home/nitish/final_ws/build/group11_final', 'catkin_cmake_args': None, 'catkin_skip_building_tests': False, 'cmake_args': None, 'cmake_clean_cache': False, 'cmake_clean_first': False, 'cmake_force_configure': False, 'cmake_target': None, 'cmake_target_skip_unavailable': False, 'install_base': '/home/nitish/final_ws/install/group11_final', 'merge_install': False, 'path': '/home/nitish/final_ws/src/group11_final', 'symlink_install': False, 'test_result_base': None}
[9.410s] INFO:colcon.colcon_core.executor:Executing jobs using 'parallel' executor
[9.502s] DEBUG:colcon.colcon_parallel_executor.executor.parallel:run_until_complete
[9.502s] INFO:colcon.colcon_ros.task.ament_cmake.build:Building ROS package in '/home/nitish/final_ws/src/group11_final' with build type 'ament_cmake'
[9.503s] INFO:colcon.colcon_cmake.task.cmake.build:Building CMake package in '/home/nitish/final_ws/src/group11_final'
[9.640s] INFO:colcon.colcon_core.plugin_system:Skipping extension 'colcon_core.shell.bat': Not used on non-Windows systems
[9.641s] INFO:colcon.colcon_core.shell:Skip shell extension 'powershell' for command environment: Not usable outside of PowerShell
[9.641s] DEBUG:colcon.colcon_core.shell:Skip shell extension 'dsv' for command environment
[10.226s] DEBUG:colcon.colcon_core.event_handler.log_command:Invoking command in '/home/nitish/final_ws/build/group11_final': CMAKE_PREFIX_PATH=/home/nitish/final_ws/install/ros2_aruco_interfaces:/home/nitish/final_ws/install/mage_msgs:/home/nitish/final_ws/install/group11_final:/home/nitish/final_ws/install/final_project:/home/nitish/final_ws/install/ros2_aruco:/opt/ros/galactic LD_LIBRARY_PATH=/home/nitish/final_ws/install/ros2_aruco_interfaces/lib:/home/nitish/final_ws/install/mage_msgs/lib:/home/nitish/final_ws/install/final_project/lib:/usr/lib/x86_64-linux-gnu/gazebo-11/plugins:/opt/ros/galactic/opt/yaml_cpp_vendor/lib:/opt/ros/galactic/opt/rviz_ogre_vendor/lib:/opt/ros/galactic/lib/x86_64-linux-gnu:/opt/ros/galactic/lib PYTHONPATH=/home/nitish/final_ws/install/ros2_aruco_interfaces/lib/python3.8/site-packages:/home/nitish/final_ws/install/mage_msgs/lib/python3.8/site-packages:/home/nitish/final_ws/install/ros2_aruco/lib/python3.8/site-packages:/home/nitish/final_ws/install/final_project/lib/python3.8/site-packages:/opt/ros/galactic/lib/python3.8/site-packages /usr/bin/cmake --build /home/nitish/final_ws/build/group11_final -- -j12 -l12
[16.830s] DEBUG:colcon.colcon_core.event_handler.log_command:Invoked command in '/home/nitish/final_ws/build/group11_final' returned '0': CMAKE_PREFIX_PATH=/home/nitish/final_ws/install/ros2_aruco_interfaces:/home/nitish/final_ws/install/mage_msgs:/home/nitish/final_ws/install/group11_final:/home/nitish/final_ws/install/final_project:/home/nitish/final_ws/install/ros2_aruco:/opt/ros/galactic LD_LIBRARY_PATH=/home/nitish/final_ws/install/ros2_aruco_interfaces/lib:/home/nitish/final_ws/install/mage_msgs/lib:/home/nitish/final_ws/install/final_project/lib:/usr/lib/x86_64-linux-gnu/gazebo-11/plugins:/opt/ros/galactic/opt/yaml_cpp_vendor/lib:/opt/ros/galactic/opt/rviz_ogre_vendor/lib:/opt/ros/galactic/lib/x86_64-linux-gnu:/opt/ros/galactic/lib PYTHONPATH=/home/nitish/final_ws/install/ros2_aruco_interfaces/lib/python3.8/site-packages:/home/nitish/final_ws/install/mage_msgs/lib/python3.8/site-packages:/home/nitish/final_ws/install/ros2_aruco/lib/python3.8/site-packages:/home/nitish/final_ws/install/final_project/lib/python3.8/site-packages:/opt/ros/galactic/lib/python3.8/site-packages /usr/bin/cmake --build /home/nitish/final_ws/build/group11_final -- -j12 -l12
[16.946s] DEBUG:colcon.colcon_core.event_handler.log_command:Invoking command in '/home/nitish/final_ws/build/group11_final': CMAKE_PREFIX_PATH=/home/nitish/final_ws/install/ros2_aruco_interfaces:/home/nitish/final_ws/install/mage_msgs:/home/nitish/final_ws/install/group11_final:/home/nitish/final_ws/install/final_project:/home/nitish/final_ws/install/ros2_aruco:/opt/ros/galactic LD_LIBRARY_PATH=/home/nitish/final_ws/install/ros2_aruco_interfaces/lib:/home/nitish/final_ws/install/mage_msgs/lib:/home/nitish/final_ws/install/final_project/lib:/usr/lib/x86_64-linux-gnu/gazebo-11/plugins:/opt/ros/galactic/opt/yaml_cpp_vendor/lib:/opt/ros/galactic/opt/rviz_ogre_vendor/lib:/opt/ros/galactic/lib/x86_64-linux-gnu:/opt/ros/galactic/lib PYTHONPATH=/home/nitish/final_ws/install/ros2_aruco_interfaces/lib/python3.8/site-packages:/home/nitish/final_ws/install/mage_msgs/lib/python3.8/site-packages:/home/nitish/final_ws/install/ros2_aruco/lib/python3.8/site-packages:/home/nitish/final_ws/install/final_project/lib/python3.8/site-packages:/opt/ros/galactic/lib/python3.8/site-packages /usr/bin/cmake --install /home/nitish/final_ws/build/group11_final
[17.005s] Level 1:colcon.colcon_core.environment:create_environment_scripts_only(group11_final)
[17.006s] DEBUG:colcon.colcon_core.event_handler.log_command:Invoked command in '/home/nitish/final_ws/build/group11_final' returned '0': CMAKE_PREFIX_PATH=/home/nitish/final_ws/install/ros2_aruco_interfaces:/home/nitish/final_ws/install/mage_msgs:/home/nitish/final_ws/install/group11_final:/home/nitish/final_ws/install/final_project:/home/nitish/final_ws/install/ros2_aruco:/opt/ros/galactic LD_LIBRARY_PATH=/home/nitish/final_ws/install/ros2_aruco_interfaces/lib:/home/nitish/final_ws/install/mage_msgs/lib:/home/nitish/final_ws/install/final_project/lib:/usr/lib/x86_64-linux-gnu/gazebo-11/plugins:/opt/ros/galactic/opt/yaml_cpp_vendor/lib:/opt/ros/galactic/opt/rviz_ogre_vendor/lib:/opt/ros/galactic/lib/x86_64-linux-gnu:/opt/ros/galactic/lib PYTHONPATH=/home/nitish/final_ws/install/ros2_aruco_interfaces/lib/python3.8/site-packages:/home/nitish/final_ws/install/mage_msgs/lib/python3.8/site-packages:/home/nitish/final_ws/install/ros2_aruco/lib/python3.8/site-packages:/home/nitish/final_ws/install/final_project/lib/python3.8/site-packages:/opt/ros/galactic/lib/python3.8/site-packages /usr/bin/cmake --install /home/nitish/final_ws/build/group11_final
[17.113s] Level 1:colcon.colcon_core.environment:checking '/home/nitish/final_ws/install/group11_final' for CMake module files
[17.114s] Level 1:colcon.colcon_core.environment:checking '/home/nitish/final_ws/install/group11_final' for CMake config files
[17.115s] Level 1:colcon.colcon_core.shell:create_environment_hook('group11_final', 'cmake_prefix_path')
[17.237s] INFO:colcon.colcon_core.shell:Creating environment hook '/home/nitish/final_ws/install/group11_final/share/group11_final/hook/cmake_prefix_path.ps1'
[17.239s] INFO:colcon.colcon_core.shell:Creating environment descriptor '/home/nitish/final_ws/install/group11_final/share/group11_final/hook/cmake_prefix_path.dsv'
[17.240s] INFO:colcon.colcon_core.shell:Creating environment hook '/home/nitish/final_ws/install/group11_final/share/group11_final/hook/cmake_prefix_path.sh'
[17.243s] Level 1:colcon.colcon_core.environment:checking '/home/nitish/final_ws/install/group11_final/lib'
[17.244s] Level 1:colcon.colcon_core.environment:checking '/home/nitish/final_ws/install/group11_final/bin'
[17.244s] Level 1:colcon.colcon_core.environment:checking '/home/nitish/final_ws/install/group11_final/lib/pkgconfig/group11_final.pc'
[17.245s] Level 1:colcon.colcon_core.environment:checking '/home/nitish/final_ws/install/group11_final/lib/python3.8/site-packages'
[17.246s] Level 1:colcon.colcon_core.environment:checking '/home/nitish/final_ws/install/group11_final/bin'
[17.378s] INFO:colcon.colcon_core.shell:Creating package script '/home/nitish/final_ws/install/group11_final/share/group11_final/package.ps1'
[17.379s] INFO:colcon.colcon_core.shell:Creating package descriptor '/home/nitish/final_ws/install/group11_final/share/group11_final/package.dsv'
[17.381s] INFO:colcon.colcon_core.shell:Creating package script '/home/nitish/final_ws/install/group11_final/share/group11_final/package.sh'
[17.382s] INFO:colcon.colcon_core.shell:Creating package script '/home/nitish/final_ws/install/group11_final/share/group11_final/package.bash'
[17.383s] INFO:colcon.colcon_core.shell:Creating package script '/home/nitish/final_ws/install/group11_final/share/group11_final/package.zsh'
[17.384s] Level 1:colcon.colcon_core.environment:create_file_with_runtime_dependencies(/home/nitish/final_ws/install/group11_final/share/colcon-core/packages/group11_final)
[17.577s] Level 1:colcon.colcon_core.environment:create_environment_scripts_only(group11_final)
[17.704s] Level 1:colcon.colcon_core.environment:checking '/home/nitish/final_ws/install/group11_final' for CMake module files
[17.706s] Level 1:colcon.colcon_core.environment:checking '/home/nitish/final_ws/install/group11_final' for CMake config files
[17.707s] Level 1:colcon.colcon_core.shell:create_environment_hook('group11_final', 'cmake_prefix_path')
[17.868s] INFO:colcon.colcon_core.shell:Creating environment hook '/home/nitish/final_ws/install/group11_final/share/group11_final/hook/cmake_prefix_path.ps1'
[17.869s] INFO:colcon.colcon_core.shell:Creating environment descriptor '/home/nitish/final_ws/install/group11_final/share/group11_final/hook/cmake_prefix_path.dsv'
[17.869s] INFO:colcon.colcon_core.shell:Creating environment hook '/home/nitish/final_ws/install/group11_final/share/group11_final/hook/cmake_prefix_path.sh'
[17.870s] Level 1:colcon.colcon_core.environment:checking '/home/nitish/final_ws/install/group11_final/lib'
[17.870s] Level 1:colcon.colcon_core.environment:checking '/home/nitish/final_ws/install/group11_final/bin'
[17.870s] Level 1:colcon.colcon_core.environment:checking '/home/nitish/final_ws/install/group11_final/lib/pkgconfig/group11_final.pc'
[17.871s] Level 1:colcon.colcon_core.environment:checking '/home/nitish/final_ws/install/group11_final/lib/python3.8/site-packages'
[17.871s] Level 1:colcon.colcon_core.environment:checking '/home/nitish/final_ws/install/group11_final/bin'
[18.030s] INFO:colcon.colcon_core.shell:Creating package script '/home/nitish/final_ws/install/group11_final/share/group11_final/package.ps1'
[18.031s] INFO:colcon.colcon_core.shell:Creating package descriptor '/home/nitish/final_ws/install/group11_final/share/group11_final/package.dsv'
[18.032s] INFO:colcon.colcon_core.shell:Creating package script '/home/nitish/final_ws/install/group11_final/share/group11_final/package.sh'
[18.034s] INFO:colcon.colcon_core.shell:Creating package script '/home/nitish/final_ws/install/group11_final/share/group11_final/package.bash'
[18.036s] INFO:colcon.colcon_core.shell:Creating package script '/home/nitish/final_ws/install/group11_final/share/group11_final/package.zsh'
[18.037s] Level 1:colcon.colcon_core.environment:create_file_with_runtime_dependencies(/home/nitish/final_ws/install/group11_final/share/colcon-core/packages/group11_final)
[18.038s] DEBUG:colcon.colcon_parallel_executor.executor.parallel:closing loop
[18.039s] DEBUG:colcon.colcon_parallel_executor.executor.parallel:loop closed
[18.039s] DEBUG:colcon.colcon_parallel_executor.executor.parallel:run_until_complete finished with '0'
[18.040s] DEBUG:colcon.colcon_core.event_reactor:joining thread
[18.208s] INFO:colcon.colcon_core.plugin_system:Skipping extension 'colcon_notification.desktop_notification.terminal_notifier': Not used on non-Darwin systems
[18.209s] INFO:colcon.colcon_core.plugin_system:Skipping extension 'colcon_notification.desktop_notification.win32': Not used on non-Windows systems
[18.209s] INFO:colcon.colcon_notification.desktop_notification:Sending desktop notification using 'notify2'
[18.235s] DEBUG:colcon.colcon_core.event_reactor:joined thread
[18.386s] INFO:colcon.colcon_core.shell:Creating prefix script '/home/nitish/final_ws/install/local_setup.ps1'
[18.387s] INFO:colcon.colcon_core.shell:Creating prefix util module '/home/nitish/final_ws/install/_local_setup_util_ps1.py'
[18.389s] INFO:colcon.colcon_core.shell:Creating prefix chain script '/home/nitish/final_ws/install/setup.ps1'
[18.522s] INFO:colcon.colcon_core.shell:Creating prefix script '/home/nitish/final_ws/install/local_setup.sh'
[18.523s] INFO:colcon.colcon_core.shell:Creating prefix util module '/home/nitish/final_ws/install/_local_setup_util_sh.py'
[18.524s] INFO:colcon.colcon_core.shell:Creating prefix chain script '/home/nitish/final_ws/install/setup.sh'
[18.660s] INFO:colcon.colcon_core.shell:Creating prefix script '/home/nitish/final_ws/install/local_setup.bash'
[18.661s] INFO:colcon.colcon_core.shell:Creating prefix chain script '/home/nitish/final_ws/install/setup.bash'
[18.793s] INFO:colcon.colcon_core.shell:Creating prefix script '/home/nitish/final_ws/install/local_setup.zsh'
[18.794s] INFO:colcon.colcon_core.shell:Creating prefix chain script '/home/nitish/final_ws/install/setup.zsh'
