[4.883s] DEBUG:colcon:Command line arguments: ['/usr/bin/colcon', 'build', '--packages-select', 'group11_final']
[4.883s] DEBUG:colcon:Parsed command line arguments: Namespace(allow_overriding=[], ament_cmake_args=None, base_paths=['.'], build_base='build', catkin_cmake_args=None, catkin_skip_building_tests=False, cmake_args=None, cmake_clean_cache=False, cmake_clean_first=False, cmake_force_configure=False, cmake_target=None, cmake_target_skip_unavailable=False, continue_on_error=False, event_handlers=None, executor='parallel', ignore_user_meta=False, install_base='install', log_base=None, log_level=None, main=<bound method BuildVerb.main of <colcon_core.verb.build.BuildVerb object at 0x7f37859e41c0>>, merge_install=False, metas=['./colcon.meta'], packages_above=None, packages_above_and_dependencies=None, packages_above_depth=None, packages_end=None, packages_ignore=None, packages_ignore_regex=None, packages_select=['group11_final'], packages_select_build_failed=False, packages_select_by_dep=None, packages_select_regex=None, packages_select_test_failures=False, packages_skip=None, packages_skip_build_finished=False, packages_skip_by_dep=None, packages_skip_regex=None, packages_skip_test_passed=False, packages_skip_up_to=None, packages_start=None, packages_up_to=None, packages_up_to_regex=None, parallel_workers=12, paths=None, symlink_install=False, test_result_base=None, verb_extension=<colcon_core.verb.build.BuildVerb object at 0x7f37859e41c0>, verb_name='build', verb_parser=<colcon_defaults.argument_parser.defaults.DefaultArgumentsDecorator object at 0x7f378558fc70>)
[5.095s] Level 1:colcon.colcon_core.package_discovery:discover_packages(colcon_meta) check parameters
[5.095s] Level 1:colcon.colcon_core.package_discovery:discover_packages(recursive) check parameters
[5.096s] Level 1:colcon.colcon_core.package_discovery:discover_packages(ignore) check parameters
[5.096s] Level 1:colcon.colcon_core.package_discovery:discover_packages(path) check parameters
[5.096s] Level 1:colcon.colcon_core.package_discovery:discover_packages(colcon_meta) discover
[5.097s] Level 1:colcon.colcon_core.package_discovery:discover_packages(recursive) discover
[5.097s] INFO:colcon.colcon_core.package_discovery:Crawling recursively for packages in '/home/nitish/final_ws'
[5.098s] Level 1:colcon.colcon_core.package_identification:_identify(.) by extensions ['ignore', 'ignore_ament_install']
[5.098s] Level 1:colcon.colcon_core.package_identification:_identify(.) by extension 'ignore'
[5.099s] Level 1:colcon.colcon_core.package_identification:_identify(.) by extension 'ignore_ament_install'
[5.099s] Level 1:colcon.colcon_core.package_identification:_identify(.) by extensions ['colcon_pkg']
[5.099s] Level 1:colcon.colcon_core.package_identification:_identify(.) by extension 'colcon_pkg'
[5.099s] Level 1:colcon.colcon_core.package_identification:_identify(.) by extensions ['colcon_meta']
[5.099s] Level 1:colcon.colcon_core.package_identification:_identify(.) by extension 'colcon_meta'
[5.099s] Level 1:colcon.colcon_core.package_identification:_identify(.) by extensions ['ros']
[5.099s] Level 1:colcon.colcon_core.package_identification:_identify(.) by extension 'ros'
[5.122s] Level 1:colcon.colcon_core.package_identification:_identify(.) by extensions ['cmake', 'python']
[5.122s] Level 1:colcon.colcon_core.package_identification:_identify(.) by extension 'cmake'
[5.123s] Level 1:colcon.colcon_core.package_identification:_identify(.) by extension 'python'
[5.123s] Level 1:colcon.colcon_core.package_identification:_identify(.) by extensions ['python_setup_py']
[5.123s] Level 1:colcon.colcon_core.package_identification:_identify(.) by extension 'python_setup_py'
[5.123s] Level 1:colcon.colcon_core.package_identification:_identify(build) by extensions ['ignore', 'ignore_ament_install']
[5.123s] Level 1:colcon.colcon_core.package_identification:_identify(build) by extension 'ignore'
[5.123s] Level 1:colcon.colcon_core.package_identification:_identify(build) ignored
[5.123s] Level 1:colcon.colcon_core.package_identification:_identify(install) by extensions ['ignore', 'ignore_ament_install']
[5.123s] Level 1:colcon.colcon_core.package_identification:_identify(install) by extension 'ignore'
[5.123s] Level 1:colcon.colcon_core.package_identification:_identify(install) ignored
[5.124s] Level 1:colcon.colcon_core.package_identification:_identify(log) by extensions ['ignore', 'ignore_ament_install']
[5.124s] Level 1:colcon.colcon_core.package_identification:_identify(log) by extension 'ignore'
[5.124s] Level 1:colcon.colcon_core.package_identification:_identify(log) ignored
[5.124s] Level 1:colcon.colcon_core.package_identification:_identify(src) by extensions ['ignore', 'ignore_ament_install']
[5.124s] Level 1:colcon.colcon_core.package_identification:_identify(src) by extension 'ignore'
[5.124s] Level 1:colcon.colcon_core.package_identification:_identify(src) by extension 'ignore_ament_install'
[5.124s] Level 1:colcon.colcon_core.package_identification:_identify(src) by extensions ['colcon_pkg']
[5.124s] Level 1:colcon.colcon_core.package_identification:_identify(src) by extension 'colcon_pkg'
[5.124s] Level 1:colcon.colcon_core.package_identification:_identify(src) by extensions ['colcon_meta']
[5.124s] Level 1:colcon.colcon_core.package_identification:_identify(src) by extension 'colcon_meta'
[5.124s] Level 1:colcon.colcon_core.package_identification:_identify(src) by extensions ['ros']
[5.124s] Level 1:colcon.colcon_core.package_identification:_identify(src) by extension 'ros'
[5.125s] Level 1:colcon.colcon_core.package_identification:_identify(src) by extensions ['cmake', 'python']
[5.125s] Level 1:colcon.colcon_core.package_identification:_identify(src) by extension 'cmake'
[5.125s] Level 1:colcon.colcon_core.package_identification:_identify(src) by extension 'python'
[5.125s] Level 1:colcon.colcon_core.package_identification:_identify(src) by extensions ['python_setup_py']
[5.125s] Level 1:colcon.colcon_core.package_identification:_identify(src) by extension 'python_setup_py'
[5.125s] Level 1:colcon.colcon_core.package_identification:_identify(src/final_project) by extensions ['ignore', 'ignore_ament_install']
[5.125s] Level 1:colcon.colcon_core.package_identification:_identify(src/final_project) by extension 'ignore'
[5.125s] Level 1:colcon.colcon_core.package_identification:_identify(src/final_project) by extension 'ignore_ament_install'
[5.125s] Level 1:colcon.colcon_core.package_identification:_identify(src/final_project) by extensions ['colcon_pkg']
[5.125s] Level 1:colcon.colcon_core.package_identification:_identify(src/final_project) by extension 'colcon_pkg'
[5.125s] Level 1:colcon.colcon_core.package_identification:_identify(src/final_project) by extensions ['colcon_meta']
[5.125s] Level 1:colcon.colcon_core.package_identification:_identify(src/final_project) by extension 'colcon_meta'
[5.125s] Level 1:colcon.colcon_core.package_identification:_identify(src/final_project) by extensions ['ros']
[5.125s] Level 1:colcon.colcon_core.package_identification:_identify(src/final_project) by extension 'ros'
[5.129s] DEBUG:colcon.colcon_core.package_identification:Package 'src/final_project' with type 'ros.ament_cmake' and name 'final_project'
[5.129s] Level 1:colcon.colcon_core.package_identification:_identify(src/group11_final) by extensions ['ignore', 'ignore_ament_install']
[5.129s] Level 1:colcon.colcon_core.package_identification:_identify(src/group11_final) by extension 'ignore'
[5.130s] Level 1:colcon.colcon_core.package_identification:_identify(src/group11_final) by extension 'ignore_ament_install'
[5.130s] Level 1:colcon.colcon_core.package_identification:_identify(src/group11_final) by extensions ['colcon_pkg']
[5.130s] Level 1:colcon.colcon_core.package_identification:_identify(src/group11_final) by extension 'colcon_pkg'
[5.130s] Level 1:colcon.colcon_core.package_identification:_identify(src/group11_final) by extensions ['colcon_meta']
[5.130s] Level 1:colcon.colcon_core.package_identification:_identify(src/group11_final) by extension 'colcon_meta'
[5.130s] Level 1:colcon.colcon_core.package_identification:_identify(src/group11_final) by extensions ['ros']
[5.130s] Level 1:colcon.colcon_core.package_identification:_identify(src/group11_final) by extension 'ros'
[5.133s] DEBUG:colcon.colcon_core.package_identification:Package 'src/group11_final' with type 'ros.ament_cmake' and name 'group11_final'
[5.133s] Level 1:colcon.colcon_core.package_identification:_identify(src/mage_msgs) by extensions ['ignore', 'ignore_ament_install']
[5.133s] Level 1:colcon.colcon_core.package_identification:_identify(src/mage_msgs) by extension 'ignore'
[5.133s] Level 1:colcon.colcon_core.package_identification:_identify(src/mage_msgs) by extension 'ignore_ament_install'
[5.133s] Level 1:colcon.colcon_core.package_identification:_identify(src/mage_msgs) by extensions ['colcon_pkg']
[5.133s] Level 1:colcon.colcon_core.package_identification:_identify(src/mage_msgs) by extension 'colcon_pkg'
[5.134s] Level 1:colcon.colcon_core.package_identification:_identify(src/mage_msgs) by extensions ['colcon_meta']
[5.134s] Level 1:colcon.colcon_core.package_identification:_identify(src/mage_msgs) by extension 'colcon_meta'
[5.134s] Level 1:colcon.colcon_core.package_identification:_identify(src/mage_msgs) by extensions ['ros']
[5.134s] Level 1:colcon.colcon_core.package_identification:_identify(src/mage_msgs) by extension 'ros'
[5.134s] DEBUG:colcon.colcon_core.package_identification:Package 'src/mage_msgs' with type 'ros.ament_cmake' and name 'mage_msgs'
[5.135s] Level 1:colcon.colcon_core.package_identification:_identify(src/ros2_aruco) by extensions ['ignore', 'ignore_ament_install']
[5.135s] Level 1:colcon.colcon_core.package_identification:_identify(src/ros2_aruco) by extension 'ignore'
[5.135s] Level 1:colcon.colcon_core.package_identification:_identify(src/ros2_aruco) by extension 'ignore_ament_install'
[5.135s] Level 1:colcon.colcon_core.package_identification:_identify(src/ros2_aruco) by extensions ['colcon_pkg']
[5.136s] Level 1:colcon.colcon_core.package_identification:_identify(src/ros2_aruco) by extension 'colcon_pkg'
[5.136s] Level 1:colcon.colcon_core.package_identification:_identify(src/ros2_aruco) by extensions ['colcon_meta']
[5.136s] Level 1:colcon.colcon_core.package_identification:_identify(src/ros2_aruco) by extension 'colcon_meta'
[5.136s] Level 1:colcon.colcon_core.package_identification:_identify(src/ros2_aruco) by extensions ['ros']
[5.136s] Level 1:colcon.colcon_core.package_identification:_identify(src/ros2_aruco) by extension 'ros'
[5.136s] Level 1:colcon.colcon_core.package_identification:_identify(src/ros2_aruco) by extensions ['cmake', 'python']
[5.136s] Level 1:colcon.colcon_core.package_identification:_identify(src/ros2_aruco) by extension 'cmake'
[5.136s] Level 1:colcon.colcon_core.package_identification:_identify(src/ros2_aruco) by extension 'python'
[5.136s] Level 1:colcon.colcon_core.package_identification:_identify(src/ros2_aruco) by extensions ['python_setup_py']
[5.136s] Level 1:colcon.colcon_core.package_identification:_identify(src/ros2_aruco) by extension 'python_setup_py'
[5.137s] Level 1:colcon.colcon_core.package_identification:_identify(src/ros2_aruco/ros2_aruco) by extensions ['ignore', 'ignore_ament_install']
[5.137s] Level 1:colcon.colcon_core.package_identification:_identify(src/ros2_aruco/ros2_aruco) by extension 'ignore'
[5.137s] Level 1:colcon.colcon_core.package_identification:_identify(src/ros2_aruco/ros2_aruco) by extension 'ignore_ament_install'
[5.137s] Level 1:colcon.colcon_core.package_identification:_identify(src/ros2_aruco/ros2_aruco) by extensions ['colcon_pkg']
[5.137s] Level 1:colcon.colcon_core.package_identification:_identify(src/ros2_aruco/ros2_aruco) by extension 'colcon_pkg'
[5.137s] Level 1:colcon.colcon_core.package_identification:_identify(src/ros2_aruco/ros2_aruco) by extensions ['colcon_meta']
[5.137s] Level 1:colcon.colcon_core.package_identification:_identify(src/ros2_aruco/ros2_aruco) by extension 'colcon_meta'
[5.137s] Level 1:colcon.colcon_core.package_identification:_identify(src/ros2_aruco/ros2_aruco) by extensions ['ros']
[5.137s] Level 1:colcon.colcon_core.package_identification:_identify(src/ros2_aruco/ros2_aruco) by extension 'ros'
[5.138s] DEBUG:colcon.colcon_core.package_identification:Package 'src/ros2_aruco/ros2_aruco' with type 'ros.ament_python' and name 'ros2_aruco'
[5.139s] Level 1:colcon.colcon_core.package_identification:_identify(src/ros2_aruco/ros2_aruco_interfaces) by extensions ['ignore', 'ignore_ament_install']
[5.139s] Level 1:colcon.colcon_core.package_identification:_identify(src/ros2_aruco/ros2_aruco_interfaces) by extension 'ignore'
[5.139s] Level 1:colcon.colcon_core.package_identification:_identify(src/ros2_aruco/ros2_aruco_interfaces) by extension 'ignore_ament_install'
[5.139s] Level 1:colcon.colcon_core.package_identification:_identify(src/ros2_aruco/ros2_aruco_interfaces) by extensions ['colcon_pkg']
[5.139s] Level 1:colcon.colcon_core.package_identification:_identify(src/ros2_aruco/ros2_aruco_interfaces) by extension 'colcon_pkg'
[5.139s] Level 1:colcon.colcon_core.package_identification:_identify(src/ros2_aruco/ros2_aruco_interfaces) by extensions ['colcon_meta']
[5.139s] Level 1:colcon.colcon_core.package_identification:_identify(src/ros2_aruco/ros2_aruco_interfaces) by extension 'colcon_meta'
[5.139s] Level 1:colcon.colcon_core.package_identification:_identify(src/ros2_aruco/ros2_aruco_interfaces) by extensions ['ros']
[5.139s] Level 1:colcon.colcon_core.package_identification:_identify(src/ros2_aruco/ros2_aruco_interfaces) by extension 'ros'
[5.140s] DEBUG:colcon.colcon_core.package_identification:Package 'src/ros2_aruco/ros2_aruco_interfaces' with type 'ros.ament_cmake' and name 'ros2_aruco_interfaces'
[5.140s] Level 1:colcon.colcon_core.package_discovery:discover_packages(recursive) using defaults
[5.140s] Level 1:colcon.colcon_core.package_discovery:discover_packages(ignore) discover
[5.140s] Level 1:colcon.colcon_core.package_discovery:discover_packages(ignore) using defaults
[5.140s] Level 1:colcon.colcon_core.package_discovery:discover_packages(path) discover
[5.140s] Level 1:colcon.colcon_core.package_discovery:discover_packages(path) using defaults
[5.401s] INFO:colcon.colcon_core.package_selection:Skipping not selected package 'mage_msgs' in 'src/mage_msgs'
[5.401s] INFO:colcon.colcon_core.package_selection:Skipping not selected package 'ros2_aruco' in 'src/ros2_aruco/ros2_aruco'
[5.401s] INFO:colcon.colcon_core.package_selection:Skipping not selected package 'ros2_aruco_interfaces' in 'src/ros2_aruco/ros2_aruco_interfaces'
[5.401s] INFO:colcon.colcon_core.package_selection:Skipping not selected package 'final_project' in 'src/final_project'
[5.599s] Level 1:colcon.colcon_core.package_discovery:discover_packages(prefix_path) check parameters
[5.599s] Level 1:colcon.colcon_core.package_discovery:discover_packages(prefix_path) discover
[5.767s] DEBUG:colcon.colcon_installed_package_information.package_discovery:Found 5 installed packages in /home/nitish/final_ws/install
[5.850s] DEBUG:colcon.colcon_installed_package_information.package_discovery:Found 353 installed packages in /opt/ros/galactic
[5.852s] Level 1:colcon.colcon_core.package_discovery:discover_packages(prefix_path) using defaults
[6.249s] Level 5:colcon.colcon_core.verb:set package 'group11_final' build argument 'cmake_args' from command line to 'None'
[6.250s] Level 5:colcon.colcon_core.verb:set package 'group11_final' build argument 'cmake_target' from command line to 'None'
[6.250s] Level 5:colcon.colcon_core.verb:set package 'group11_final' build argument 'cmake_target_skip_unavailable' from command line to 'False'
[6.250s] Level 5:colcon.colcon_core.verb:set package 'group11_final' build argument 'cmake_clean_cache' from command line to 'False'
[6.250s] Level 5:colcon.colcon_core.verb:set package 'group11_final' build argument 'cmake_clean_first' from command line to 'False'
[6.250s] Level 5:colcon.colcon_core.verb:set package 'group11_final' build argument 'cmake_force_configure' from command line to 'False'
[6.250s] Level 5:colcon.colcon_core.verb:set package 'group11_final' build argument 'ament_cmake_args' from command line to 'None'
[6.250s] Level 5:colcon.colcon_core.verb:set package 'group11_final' build argument 'catkin_cmake_args' from command line to 'None'
[6.250s] Level 5:colcon.colcon_core.verb:set package 'group11_final' build argument 'catkin_skip_building_tests' from command line to 'False'
[6.250s] DEBUG:colcon.colcon_core.verb:Building package 'group11_final' with the following arguments: {'ament_cmake_args': None, 'build_base': '/home/nitish/final_ws/build/group11_final', 'catkin_cmake_args': None, 'catkin_skip_building_tests': False, 'cmake_args': None, 'cmake_clean_cache': False, 'cmake_clean_first': False, 'cmake_force_configure': False, 'cmake_target': None, 'cmake_target_skip_unavailable': False, 'install_base': '/home/nitish/final_ws/install/group11_final', 'merge_install': False, 'path': '/home/nitish/final_ws/src/group11_final', 'symlink_install': False, 'test_result_base': None}
[6.351s] INFO:colcon.colcon_core.executor:Executing jobs using 'parallel' executor
[6.449s] DEBUG:colcon.colcon_parallel_executor.executor.parallel:run_until_complete
[6.450s] INFO:colcon.colcon_ros.task.ament_cmake.build:Building ROS package in '/home/nitish/final_ws/src/group11_final' with build type 'ament_cmake'
[6.450s] INFO:colcon.colcon_cmake.task.cmake.build:Building CMake package in '/home/nitish/final_ws/src/group11_final'
[6.548s] INFO:colcon.colcon_core.plugin_system:Skipping extension 'colcon_core.shell.bat': Not used on non-Windows systems
[6.548s] INFO:colcon.colcon_core.shell:Skip shell extension 'powershell' for command environment: Not usable outside of PowerShell
[6.548s] DEBUG:colcon.colcon_core.shell:Skip shell extension 'dsv' for command environment
[6.839s] DEBUG:colcon.colcon_core.event_handler.log_command:Invoking command in '/home/nitish/final_ws/build/group11_final': CMAKE_PREFIX_PATH=/home/nitish/final_ws/install/ros2_aruco_interfaces:/home/nitish/final_ws/install/mage_msgs:/home/nitish/final_ws/install/group11_final:/home/nitish/final_ws/install/final_project:/home/nitish/final_ws/install/ros2_aruco:/opt/ros/galactic LD_LIBRARY_PATH=/home/nitish/final_ws/install/ros2_aruco_interfaces/lib:/home/nitish/final_ws/install/mage_msgs/lib:/home/nitish/final_ws/install/final_project/lib:/usr/lib/x86_64-linux-gnu/gazebo-11/plugins:/opt/ros/galactic/opt/yaml_cpp_vendor/lib:/opt/ros/galactic/opt/rviz_ogre_vendor/lib:/opt/ros/galactic/lib/x86_64-linux-gnu:/opt/ros/galactic/lib PYTHONPATH=/home/nitish/final_ws/install/ros2_aruco_interfaces/lib/python3.8/site-packages:/home/nitish/final_ws/install/mage_msgs/lib/python3.8/site-packages:/home/nitish/final_ws/install/ros2_aruco/lib/python3.8/site-packages:/home/nitish/final_ws/install/final_project/lib/python3.8/site-packages:/opt/ros/galactic/lib/python3.8/site-packages /usr/bin/cmake --build /home/nitish/final_ws/build/group11_final -- -j12 -l12
[34.701s] DEBUG:colcon.colcon_core.event_handler.log_command:Invoked command in '/home/nitish/final_ws/build/group11_final' returned '0': CMAKE_PREFIX_PATH=/home/nitish/final_ws/install/ros2_aruco_interfaces:/home/nitish/final_ws/install/mage_msgs:/home/nitish/final_ws/install/group11_final:/home/nitish/final_ws/install/final_project:/home/nitish/final_ws/install/ros2_aruco:/opt/ros/galactic LD_LIBRARY_PATH=/home/nitish/final_ws/install/ros2_aruco_interfaces/lib:/home/nitish/final_ws/install/mage_msgs/lib:/home/nitish/final_ws/install/final_project/lib:/usr/lib/x86_64-linux-gnu/gazebo-11/plugins:/opt/ros/galactic/opt/yaml_cpp_vendor/lib:/opt/ros/galactic/opt/rviz_ogre_vendor/lib:/opt/ros/galactic/lib/x86_64-linux-gnu:/opt/ros/galactic/lib PYTHONPATH=/home/nitish/final_ws/install/ros2_aruco_interfaces/lib/python3.8/site-packages:/home/nitish/final_ws/install/mage_msgs/lib/python3.8/site-packages:/home/nitish/final_ws/install/ros2_aruco/lib/python3.8/site-packages:/home/nitish/final_ws/install/final_project/lib/python3.8/site-packages:/opt/ros/galactic/lib/python3.8/site-packages /usr/bin/cmake --build /home/nitish/final_ws/build/group11_final -- -j12 -l12
[34.761s] DEBUG:colcon.colcon_core.event_handler.log_command:Invoking command in '/home/nitish/final_ws/build/group11_final': CMAKE_PREFIX_PATH=/home/nitish/final_ws/install/ros2_aruco_interfaces:/home/nitish/final_ws/install/mage_msgs:/home/nitish/final_ws/install/group11_final:/home/nitish/final_ws/install/final_project:/home/nitish/final_ws/install/ros2_aruco:/opt/ros/galactic LD_LIBRARY_PATH=/home/nitish/final_ws/install/ros2_aruco_interfaces/lib:/home/nitish/final_ws/install/mage_msgs/lib:/home/nitish/final_ws/install/final_project/lib:/usr/lib/x86_64-linux-gnu/gazebo-11/plugins:/opt/ros/galactic/opt/yaml_cpp_vendor/lib:/opt/ros/galactic/opt/rviz_ogre_vendor/lib:/opt/ros/galactic/lib/x86_64-linux-gnu:/opt/ros/galactic/lib PYTHONPATH=/home/nitish/final_ws/install/ros2_aruco_interfaces/lib/python3.8/site-packages:/home/nitish/final_ws/install/mage_msgs/lib/python3.8/site-packages:/home/nitish/final_ws/install/ros2_aruco/lib/python3.8/site-packages:/home/nitish/final_ws/install/final_project/lib/python3.8/site-packages:/opt/ros/galactic/lib/python3.8/site-packages /usr/bin/cmake --install /home/nitish/final_ws/build/group11_final
[34.790s] Level 1:colcon.colcon_core.environment:create_environment_scripts_only(group11_final)
[34.791s] DEBUG:colcon.colcon_core.event_handler.log_command:Invoked command in '/home/nitish/final_ws/build/group11_final' returned '0': CMAKE_PREFIX_PATH=/home/nitish/final_ws/install/ros2_aruco_interfaces:/home/nitish/final_ws/install/mage_msgs:/home/nitish/final_ws/install/group11_final:/home/nitish/final_ws/install/final_project:/home/nitish/final_ws/install/ros2_aruco:/opt/ros/galactic LD_LIBRARY_PATH=/home/nitish/final_ws/install/ros2_aruco_interfaces/lib:/home/nitish/final_ws/install/mage_msgs/lib:/home/nitish/final_ws/install/final_project/lib:/usr/lib/x86_64-linux-gnu/gazebo-11/plugins:/opt/ros/galactic/opt/yaml_cpp_vendor/lib:/opt/ros/galactic/opt/rviz_ogre_vendor/lib:/opt/ros/galactic/lib/x86_64-linux-gnu:/opt/ros/galactic/lib PYTHONPATH=/home/nitish/final_ws/install/ros2_aruco_interfaces/lib/python3.8/site-packages:/home/nitish/final_ws/install/mage_msgs/lib/python3.8/site-packages:/home/nitish/final_ws/install/ros2_aruco/lib/python3.8/site-packages:/home/nitish/final_ws/install/final_project/lib/python3.8/site-packages:/opt/ros/galactic/lib/python3.8/site-packages /usr/bin/cmake --install /home/nitish/final_ws/build/group11_final
[34.882s] Level 1:colcon.colcon_core.environment:checking '/home/nitish/final_ws/install/group11_final' for CMake module files
[34.883s] Level 1:colcon.colcon_core.environment:checking '/home/nitish/final_ws/install/group11_final' for CMake config files
[34.884s] Level 1:colcon.colcon_core.shell:create_environment_hook('group11_final', 'cmake_prefix_path')
[34.957s] INFO:colcon.colcon_core.shell:Creating environment hook '/home/nitish/final_ws/install/group11_final/share/group11_final/hook/cmake_prefix_path.ps1'
[34.958s] INFO:colcon.colcon_core.shell:Creating environment descriptor '/home/nitish/final_ws/install/group11_final/share/group11_final/hook/cmake_prefix_path.dsv'
[34.959s] INFO:colcon.colcon_core.shell:Creating environment hook '/home/nitish/final_ws/install/group11_final/share/group11_final/hook/cmake_prefix_path.sh'
[34.961s] Level 1:colcon.colcon_core.environment:checking '/home/nitish/final_ws/install/group11_final/lib'
[34.962s] Level 1:colcon.colcon_core.environment:checking '/home/nitish/final_ws/install/group11_final/bin'
[34.963s] Level 1:colcon.colcon_core.environment:checking '/home/nitish/final_ws/install/group11_final/lib/pkgconfig/group11_final.pc'
[34.964s] Level 1:colcon.colcon_core.environment:checking '/home/nitish/final_ws/install/group11_final/lib/python3.8/site-packages'
[34.965s] Level 1:colcon.colcon_core.environment:checking '/home/nitish/final_ws/install/group11_final/bin'
[35.060s] INFO:colcon.colcon_core.shell:Creating package script '/home/nitish/final_ws/install/group11_final/share/group11_final/package.ps1'
[35.062s] INFO:colcon.colcon_core.shell:Creating package descriptor '/home/nitish/final_ws/install/group11_final/share/group11_final/package.dsv'
[35.064s] INFO:colcon.colcon_core.shell:Creating package script '/home/nitish/final_ws/install/group11_final/share/group11_final/package.sh'
[35.066s] INFO:colcon.colcon_core.shell:Creating package script '/home/nitish/final_ws/install/group11_final/share/group11_final/package.bash'
[35.068s] INFO:colcon.colcon_core.shell:Creating package script '/home/nitish/final_ws/install/group11_final/share/group11_final/package.zsh'
[35.069s] Level 1:colcon.colcon_core.environment:create_file_with_runtime_dependencies(/home/nitish/final_ws/install/group11_final/share/colcon-core/packages/group11_final)
[35.227s] Level 1:colcon.colcon_core.environment:create_environment_scripts_only(group11_final)
[35.342s] Level 1:colcon.colcon_core.environment:checking '/home/nitish/final_ws/install/group11_final' for CMake module files
[35.343s] Level 1:colcon.colcon_core.environment:checking '/home/nitish/final_ws/install/group11_final' for CMake config files
[35.344s] Level 1:colcon.colcon_core.shell:create_environment_hook('group11_final', 'cmake_prefix_path')
[35.464s] INFO:colcon.colcon_core.shell:Creating environment hook '/home/nitish/final_ws/install/group11_final/share/group11_final/hook/cmake_prefix_path.ps1'
[35.466s] INFO:colcon.colcon_core.shell:Creating environment descriptor '/home/nitish/final_ws/install/group11_final/share/group11_final/hook/cmake_prefix_path.dsv'
[35.468s] INFO:colcon.colcon_core.shell:Creating environment hook '/home/nitish/final_ws/install/group11_final/share/group11_final/hook/cmake_prefix_path.sh'
[35.469s] Level 1:colcon.colcon_core.environment:checking '/home/nitish/final_ws/install/group11_final/lib'
[35.469s] Level 1:colcon.colcon_core.environment:checking '/home/nitish/final_ws/install/group11_final/bin'
[35.469s] Level 1:colcon.colcon_core.environment:checking '/home/nitish/final_ws/install/group11_final/lib/pkgconfig/group11_final.pc'
[35.469s] Level 1:colcon.colcon_core.environment:checking '/home/nitish/final_ws/install/group11_final/lib/python3.8/site-packages'
[35.470s] Level 1:colcon.colcon_core.environment:checking '/home/nitish/final_ws/install/group11_final/bin'
[35.549s] INFO:colcon.colcon_core.shell:Creating package script '/home/nitish/final_ws/install/group11_final/share/group11_final/package.ps1'
[35.550s] INFO:colcon.colcon_core.shell:Creating package descriptor '/home/nitish/final_ws/install/group11_final/share/group11_final/package.dsv'
[35.550s] INFO:colcon.colcon_core.shell:Creating package script '/home/nitish/final_ws/install/group11_final/share/group11_final/package.sh'
[35.551s] INFO:colcon.colcon_core.shell:Creating package script '/home/nitish/final_ws/install/group11_final/share/group11_final/package.bash'
[35.551s] INFO:colcon.colcon_core.shell:Creating package script '/home/nitish/final_ws/install/group11_final/share/group11_final/package.zsh'
[35.552s] Level 1:colcon.colcon_core.environment:create_file_with_runtime_dependencies(/home/nitish/final_ws/install/group11_final/share/colcon-core/packages/group11_final)
[35.552s] DEBUG:colcon.colcon_parallel_executor.executor.parallel:closing loop
[35.552s] DEBUG:colcon.colcon_parallel_executor.executor.parallel:loop closed
[35.552s] DEBUG:colcon.colcon_parallel_executor.executor.parallel:run_until_complete finished with '0'
[35.552s] DEBUG:colcon.colcon_core.event_reactor:joining thread
[35.656s] INFO:colcon.colcon_core.plugin_system:Skipping extension 'colcon_notification.desktop_notification.terminal_notifier': Not used on non-Darwin systems
[35.656s] INFO:colcon.colcon_core.plugin_system:Skipping extension 'colcon_notification.desktop_notification.win32': Not used on non-Windows systems
[35.657s] INFO:colcon.colcon_notification.desktop_notification:Sending desktop notification using 'notify2'
[35.674s] DEBUG:colcon.colcon_core.event_reactor:joined thread
[35.750s] INFO:colcon.colcon_core.shell:Creating prefix script '/home/nitish/final_ws/install/local_setup.ps1'
[35.752s] INFO:colcon.colcon_core.shell:Creating prefix util module '/home/nitish/final_ws/install/_local_setup_util_ps1.py'
[35.755s] INFO:colcon.colcon_core.shell:Creating prefix chain script '/home/nitish/final_ws/install/setup.ps1'
[35.839s] INFO:colcon.colcon_core.shell:Creating prefix script '/home/nitish/final_ws/install/local_setup.sh'
[35.839s] INFO:colcon.colcon_core.shell:Creating prefix util module '/home/nitish/final_ws/install/_local_setup_util_sh.py'
[35.840s] INFO:colcon.colcon_core.shell:Creating prefix chain script '/home/nitish/final_ws/install/setup.sh'
[35.950s] INFO:colcon.colcon_core.shell:Creating prefix script '/home/nitish/final_ws/install/local_setup.bash'
[35.951s] INFO:colcon.colcon_core.shell:Creating prefix chain script '/home/nitish/final_ws/install/setup.bash'
[36.038s] INFO:colcon.colcon_core.shell:Creating prefix script '/home/nitish/final_ws/install/local_setup.zsh'
[36.039s] INFO:colcon.colcon_core.shell:Creating prefix chain script '/home/nitish/final_ws/install/setup.zsh'
