[9.032s] DEBUG:colcon:Command line arguments: ['/usr/bin/colcon', 'build']
[9.033s] DEBUG:colcon:Parsed command line arguments: Namespace(allow_overriding=[], ament_cmake_args=None, base_paths=['.'], build_base='build', catkin_cmake_args=None, catkin_skip_building_tests=False, cmake_args=None, cmake_clean_cache=False, cmake_clean_first=False, cmake_force_configure=False, cmake_target=None, cmake_target_skip_unavailable=False, continue_on_error=False, event_handlers=None, executor='parallel', ignore_user_meta=False, install_base='install', log_base=None, log_level=None, main=<bound method BuildVerb.main of <colcon_core.verb.build.BuildVerb object at 0x7fdc769588e0>>, merge_install=False, metas=['./colcon.meta'], packages_above=None, packages_above_and_dependencies=None, packages_above_depth=None, packages_end=None, packages_ignore=None, packages_ignore_regex=None, packages_select=None, packages_select_build_failed=False, packages_select_by_dep=None, packages_select_regex=None, packages_select_test_failures=False, packages_skip=None, packages_skip_build_finished=False, packages_skip_by_dep=None, packages_skip_regex=None, packages_skip_test_passed=False, packages_skip_up_to=None, packages_start=None, packages_up_to=None, packages_up_to_regex=None, parallel_workers=12, paths=None, symlink_install=False, test_result_base=None, verb_extension=<colcon_core.verb.build.BuildVerb object at 0x7fdc769588e0>, verb_name='build', verb_parser=<colcon_defaults.argument_parser.defaults.DefaultArgumentsDecorator object at 0x7fdc768a6280>)
[9.444s] Level 1:colcon.colcon_core.package_discovery:discover_packages(colcon_meta) check parameters
[9.444s] Level 1:colcon.colcon_core.package_discovery:discover_packages(recursive) check parameters
[9.444s] Level 1:colcon.colcon_core.package_discovery:discover_packages(ignore) check parameters
[9.444s] Level 1:colcon.colcon_core.package_discovery:discover_packages(path) check parameters
[9.444s] Level 1:colcon.colcon_core.package_discovery:discover_packages(colcon_meta) discover
[9.445s] Level 1:colcon.colcon_core.package_discovery:discover_packages(recursive) discover
[9.445s] INFO:colcon.colcon_core.package_discovery:Crawling recursively for packages in '/home/nitish/final_ws'
[9.446s] Level 1:colcon.colcon_core.package_identification:_identify(.) by extensions ['ignore', 'ignore_ament_install']
[9.446s] Level 1:colcon.colcon_core.package_identification:_identify(.) by extension 'ignore'
[9.446s] Level 1:colcon.colcon_core.package_identification:_identify(.) by extension 'ignore_ament_install'
[9.447s] Level 1:colcon.colcon_core.package_identification:_identify(.) by extensions ['colcon_pkg']
[9.447s] Level 1:colcon.colcon_core.package_identification:_identify(.) by extension 'colcon_pkg'
[9.447s] Level 1:colcon.colcon_core.package_identification:_identify(.) by extensions ['colcon_meta']
[9.447s] Level 1:colcon.colcon_core.package_identification:_identify(.) by extension 'colcon_meta'
[9.447s] Level 1:colcon.colcon_core.package_identification:_identify(.) by extensions ['ros']
[9.447s] Level 1:colcon.colcon_core.package_identification:_identify(.) by extension 'ros'
[9.483s] Level 1:colcon.colcon_core.package_identification:_identify(.) by extensions ['cmake', 'python']
[9.484s] Level 1:colcon.colcon_core.package_identification:_identify(.) by extension 'cmake'
[9.484s] Level 1:colcon.colcon_core.package_identification:_identify(.) by extension 'python'
[9.484s] Level 1:colcon.colcon_core.package_identification:_identify(.) by extensions ['python_setup_py']
[9.484s] Level 1:colcon.colcon_core.package_identification:_identify(.) by extension 'python_setup_py'
[9.484s] Level 1:colcon.colcon_core.package_identification:_identify(build) by extensions ['ignore', 'ignore_ament_install']
[9.485s] Level 1:colcon.colcon_core.package_identification:_identify(build) by extension 'ignore'
[9.485s] Level 1:colcon.colcon_core.package_identification:_identify(build) ignored
[9.485s] Level 1:colcon.colcon_core.package_identification:_identify(install) by extensions ['ignore', 'ignore_ament_install']
[9.486s] Level 1:colcon.colcon_core.package_identification:_identify(install) by extension 'ignore'
[9.486s] Level 1:colcon.colcon_core.package_identification:_identify(install) ignored
[9.487s] Level 1:colcon.colcon_core.package_identification:_identify(log) by extensions ['ignore', 'ignore_ament_install']
[9.488s] Level 1:colcon.colcon_core.package_identification:_identify(log) by extension 'ignore'
[9.488s] Level 1:colcon.colcon_core.package_identification:_identify(log) ignored
[9.489s] Level 1:colcon.colcon_core.package_identification:_identify(src) by extensions ['ignore', 'ignore_ament_install']
[9.490s] Level 1:colcon.colcon_core.package_identification:_identify(src) by extension 'ignore'
[9.491s] Level 1:colcon.colcon_core.package_identification:_identify(src) by extension 'ignore_ament_install'
[9.492s] Level 1:colcon.colcon_core.package_identification:_identify(src) by extensions ['colcon_pkg']
[9.492s] Level 1:colcon.colcon_core.package_identification:_identify(src) by extension 'colcon_pkg'
[9.492s] Level 1:colcon.colcon_core.package_identification:_identify(src) by extensions ['colcon_meta']
[9.492s] Level 1:colcon.colcon_core.package_identification:_identify(src) by extension 'colcon_meta'
[9.492s] Level 1:colcon.colcon_core.package_identification:_identify(src) by extensions ['ros']
[9.492s] Level 1:colcon.colcon_core.package_identification:_identify(src) by extension 'ros'
[9.492s] Level 1:colcon.colcon_core.package_identification:_identify(src) by extensions ['cmake', 'python']
[9.493s] Level 1:colcon.colcon_core.package_identification:_identify(src) by extension 'cmake'
[9.493s] Level 1:colcon.colcon_core.package_identification:_identify(src) by extension 'python'
[9.493s] Level 1:colcon.colcon_core.package_identification:_identify(src) by extensions ['python_setup_py']
[9.493s] Level 1:colcon.colcon_core.package_identification:_identify(src) by extension 'python_setup_py'
[9.493s] Level 1:colcon.colcon_core.package_identification:_identify(src/final_project) by extensions ['ignore', 'ignore_ament_install']
[9.493s] Level 1:colcon.colcon_core.package_identification:_identify(src/final_project) by extension 'ignore'
[9.494s] Level 1:colcon.colcon_core.package_identification:_identify(src/final_project) by extension 'ignore_ament_install'
[9.494s] Level 1:colcon.colcon_core.package_identification:_identify(src/final_project) by extensions ['colcon_pkg']
[9.494s] Level 1:colcon.colcon_core.package_identification:_identify(src/final_project) by extension 'colcon_pkg'
[9.494s] Level 1:colcon.colcon_core.package_identification:_identify(src/final_project) by extensions ['colcon_meta']
[9.494s] Level 1:colcon.colcon_core.package_identification:_identify(src/final_project) by extension 'colcon_meta'
[9.494s] Level 1:colcon.colcon_core.package_identification:_identify(src/final_project) by extensions ['ros']
[9.494s] Level 1:colcon.colcon_core.package_identification:_identify(src/final_project) by extension 'ros'
[9.505s] DEBUG:colcon.colcon_core.package_identification:Package 'src/final_project' with type 'ros.ament_cmake' and name 'final_project'
[9.505s] Level 1:colcon.colcon_core.package_identification:_identify(src/group11_final) by extensions ['ignore', 'ignore_ament_install']
[9.505s] Level 1:colcon.colcon_core.package_identification:_identify(src/group11_final) by extension 'ignore'
[9.505s] Level 1:colcon.colcon_core.package_identification:_identify(src/group11_final) by extension 'ignore_ament_install'
[9.505s] Level 1:colcon.colcon_core.package_identification:_identify(src/group11_final) by extensions ['colcon_pkg']
[9.506s] Level 1:colcon.colcon_core.package_identification:_identify(src/group11_final) by extension 'colcon_pkg'
[9.506s] Level 1:colcon.colcon_core.package_identification:_identify(src/group11_final) by extensions ['colcon_meta']
[9.506s] Level 1:colcon.colcon_core.package_identification:_identify(src/group11_final) by extension 'colcon_meta'
[9.506s] Level 1:colcon.colcon_core.package_identification:_identify(src/group11_final) by extensions ['ros']
[9.506s] Level 1:colcon.colcon_core.package_identification:_identify(src/group11_final) by extension 'ros'
[9.506s] Level 1:colcon.colcon_core.package_identification:_identify(src/group11_final) by extensions ['cmake', 'python']
[9.506s] Level 1:colcon.colcon_core.package_identification:_identify(src/group11_final) by extension 'cmake'
[9.507s] Level 1:colcon.colcon_core.package_identification:_identify(src/group11_final) by extension 'python'
[9.507s] Level 1:colcon.colcon_core.package_identification:_identify(src/group11_final) by extensions ['python_setup_py']
[9.507s] Level 1:colcon.colcon_core.package_identification:_identify(src/group11_final) by extension 'python_setup_py'
[9.507s] Level 1:colcon.colcon_core.package_identification:_identify(src/group11_final/group11_final) by extensions ['ignore', 'ignore_ament_install']
[9.507s] Level 1:colcon.colcon_core.package_identification:_identify(src/group11_final/group11_final) by extension 'ignore'
[9.507s] Level 1:colcon.colcon_core.package_identification:_identify(src/group11_final/group11_final) by extension 'ignore_ament_install'
[9.508s] Level 1:colcon.colcon_core.package_identification:_identify(src/group11_final/group11_final) by extensions ['colcon_pkg']
[9.508s] Level 1:colcon.colcon_core.package_identification:_identify(src/group11_final/group11_final) by extension 'colcon_pkg'
[9.508s] Level 1:colcon.colcon_core.package_identification:_identify(src/group11_final/group11_final) by extensions ['colcon_meta']
[9.508s] Level 1:colcon.colcon_core.package_identification:_identify(src/group11_final/group11_final) by extension 'colcon_meta'
[9.508s] Level 1:colcon.colcon_core.package_identification:_identify(src/group11_final/group11_final) by extensions ['ros']
[9.508s] Level 1:colcon.colcon_core.package_identification:_identify(src/group11_final/group11_final) by extension 'ros'
[9.513s] DEBUG:colcon.colcon_core.package_identification:Package 'src/group11_final/group11_final' with type 'ros.ament_cmake' and name 'group11_final'
[9.513s] Level 1:colcon.colcon_core.package_identification:_identify(src/mage_msgs) by extensions ['ignore', 'ignore_ament_install']
[9.513s] Level 1:colcon.colcon_core.package_identification:_identify(src/mage_msgs) by extension 'ignore'
[9.513s] Level 1:colcon.colcon_core.package_identification:_identify(src/mage_msgs) by extension 'ignore_ament_install'
[9.513s] Level 1:colcon.colcon_core.package_identification:_identify(src/mage_msgs) by extensions ['colcon_pkg']
[9.513s] Level 1:colcon.colcon_core.package_identification:_identify(src/mage_msgs) by extension 'colcon_pkg'
[9.513s] Level 1:colcon.colcon_core.package_identification:_identify(src/mage_msgs) by extensions ['colcon_meta']
[9.513s] Level 1:colcon.colcon_core.package_identification:_identify(src/mage_msgs) by extension 'colcon_meta'
[9.514s] Level 1:colcon.colcon_core.package_identification:_identify(src/mage_msgs) by extensions ['ros']
[9.514s] Level 1:colcon.colcon_core.package_identification:_identify(src/mage_msgs) by extension 'ros'
[9.517s] DEBUG:colcon.colcon_core.package_identification:Package 'src/mage_msgs' with type 'ros.ament_cmake' and name 'mage_msgs'
[9.518s] Level 1:colcon.colcon_core.package_identification:_identify(src/ros2_aruco) by extensions ['ignore', 'ignore_ament_install']
[9.518s] Level 1:colcon.colcon_core.package_identification:_identify(src/ros2_aruco) by extension 'ignore'
[9.519s] Level 1:colcon.colcon_core.package_identification:_identify(src/ros2_aruco) by extension 'ignore_ament_install'
[9.519s] Level 1:colcon.colcon_core.package_identification:_identify(src/ros2_aruco) by extensions ['colcon_pkg']
[9.519s] Level 1:colcon.colcon_core.package_identification:_identify(src/ros2_aruco) by extension 'colcon_pkg'
[9.520s] Level 1:colcon.colcon_core.package_identification:_identify(src/ros2_aruco) by extensions ['colcon_meta']
[9.520s] Level 1:colcon.colcon_core.package_identification:_identify(src/ros2_aruco) by extension 'colcon_meta'
[9.520s] Level 1:colcon.colcon_core.package_identification:_identify(src/ros2_aruco) by extensions ['ros']
[9.520s] Level 1:colcon.colcon_core.package_identification:_identify(src/ros2_aruco) by extension 'ros'
[9.520s] Level 1:colcon.colcon_core.package_identification:_identify(src/ros2_aruco) by extensions ['cmake', 'python']
[9.520s] Level 1:colcon.colcon_core.package_identification:_identify(src/ros2_aruco) by extension 'cmake'
[9.520s] Level 1:colcon.colcon_core.package_identification:_identify(src/ros2_aruco) by extension 'python'
[9.521s] Level 1:colcon.colcon_core.package_identification:_identify(src/ros2_aruco) by extensions ['python_setup_py']
[9.521s] Level 1:colcon.colcon_core.package_identification:_identify(src/ros2_aruco) by extension 'python_setup_py'
[9.521s] Level 1:colcon.colcon_core.package_identification:_identify(src/ros2_aruco/ros2_aruco) by extensions ['ignore', 'ignore_ament_install']
[9.521s] Level 1:colcon.colcon_core.package_identification:_identify(src/ros2_aruco/ros2_aruco) by extension 'ignore'
[9.521s] Level 1:colcon.colcon_core.package_identification:_identify(src/ros2_aruco/ros2_aruco) by extension 'ignore_ament_install'
[9.522s] Level 1:colcon.colcon_core.package_identification:_identify(src/ros2_aruco/ros2_aruco) by extensions ['colcon_pkg']
[9.522s] Level 1:colcon.colcon_core.package_identification:_identify(src/ros2_aruco/ros2_aruco) by extension 'colcon_pkg'
[9.522s] Level 1:colcon.colcon_core.package_identification:_identify(src/ros2_aruco/ros2_aruco) by extensions ['colcon_meta']
[9.522s] Level 1:colcon.colcon_core.package_identification:_identify(src/ros2_aruco/ros2_aruco) by extension 'colcon_meta'
[9.522s] Level 1:colcon.colcon_core.package_identification:_identify(src/ros2_aruco/ros2_aruco) by extensions ['ros']
[9.522s] Level 1:colcon.colcon_core.package_identification:_identify(src/ros2_aruco/ros2_aruco) by extension 'ros'
[9.523s] DEBUG:colcon.colcon_core.package_identification:Package 'src/ros2_aruco/ros2_aruco' with type 'ros.ament_python' and name 'ros2_aruco'
[9.524s] Level 1:colcon.colcon_core.package_identification:_identify(src/ros2_aruco/ros2_aruco_interfaces) by extensions ['ignore', 'ignore_ament_install']
[9.524s] Level 1:colcon.colcon_core.package_identification:_identify(src/ros2_aruco/ros2_aruco_interfaces) by extension 'ignore'
[9.524s] Level 1:colcon.colcon_core.package_identification:_identify(src/ros2_aruco/ros2_aruco_interfaces) by extension 'ignore_ament_install'
[9.524s] Level 1:colcon.colcon_core.package_identification:_identify(src/ros2_aruco/ros2_aruco_interfaces) by extensions ['colcon_pkg']
[9.524s] Level 1:colcon.colcon_core.package_identification:_identify(src/ros2_aruco/ros2_aruco_interfaces) by extension 'colcon_pkg'
[9.525s] Level 1:colcon.colcon_core.package_identification:_identify(src/ros2_aruco/ros2_aruco_interfaces) by extensions ['colcon_meta']
[9.525s] Level 1:colcon.colcon_core.package_identification:_identify(src/ros2_aruco/ros2_aruco_interfaces) by extension 'colcon_meta'
[9.525s] Level 1:colcon.colcon_core.package_identification:_identify(src/ros2_aruco/ros2_aruco_interfaces) by extensions ['ros']
[9.525s] Level 1:colcon.colcon_core.package_identification:_identify(src/ros2_aruco/ros2_aruco_interfaces) by extension 'ros'
[9.528s] DEBUG:colcon.colcon_core.package_identification:Package 'src/ros2_aruco/ros2_aruco_interfaces' with type 'ros.ament_cmake' and name 'ros2_aruco_interfaces'
[9.528s] Level 1:colcon.colcon_core.package_discovery:discover_packages(recursive) using defaults
[9.529s] Level 1:colcon.colcon_core.package_discovery:discover_packages(ignore) discover
[9.529s] Level 1:colcon.colcon_core.package_discovery:discover_packages(ignore) using defaults
[9.529s] Level 1:colcon.colcon_core.package_discovery:discover_packages(path) discover
[9.529s] Level 1:colcon.colcon_core.package_discovery:discover_packages(path) using defaults
[10.478s] Level 1:colcon.colcon_core.package_discovery:discover_packages(prefix_path) check parameters
[10.478s] Level 1:colcon.colcon_core.package_discovery:discover_packages(prefix_path) discover
[10.833s] DEBUG:colcon.colcon_installed_package_information.package_discovery:Found 5 installed packages in /home/nitish/final_ws/install
[11.009s] DEBUG:colcon.colcon_installed_package_information.package_discovery:Found 353 installed packages in /opt/ros/galactic
[11.020s] Level 1:colcon.colcon_core.package_discovery:discover_packages(prefix_path) using defaults
[11.734s] Level 5:colcon.colcon_core.verb:set package 'mage_msgs' build argument 'cmake_args' from command line to 'None'
[11.735s] Level 5:colcon.colcon_core.verb:set package 'mage_msgs' build argument 'cmake_target' from command line to 'None'
[11.735s] Level 5:colcon.colcon_core.verb:set package 'mage_msgs' build argument 'cmake_target_skip_unavailable' from command line to 'False'
[11.735s] Level 5:colcon.colcon_core.verb:set package 'mage_msgs' build argument 'cmake_clean_cache' from command line to 'False'
[11.735s] Level 5:colcon.colcon_core.verb:set package 'mage_msgs' build argument 'cmake_clean_first' from command line to 'False'
[11.735s] Level 5:colcon.colcon_core.verb:set package 'mage_msgs' build argument 'cmake_force_configure' from command line to 'False'
[11.735s] Level 5:colcon.colcon_core.verb:set package 'mage_msgs' build argument 'ament_cmake_args' from command line to 'None'
[11.735s] Level 5:colcon.colcon_core.verb:set package 'mage_msgs' build argument 'catkin_cmake_args' from command line to 'None'
[11.735s] Level 5:colcon.colcon_core.verb:set package 'mage_msgs' build argument 'catkin_skip_building_tests' from command line to 'False'
[11.735s] DEBUG:colcon.colcon_core.verb:Building package 'mage_msgs' with the following arguments: {'ament_cmake_args': None, 'build_base': '/home/nitish/final_ws/build/mage_msgs', 'catkin_cmake_args': None, 'catkin_skip_building_tests': False, 'cmake_args': None, 'cmake_clean_cache': False, 'cmake_clean_first': False, 'cmake_force_configure': False, 'cmake_target': None, 'cmake_target_skip_unavailable': False, 'install_base': '/home/nitish/final_ws/install/mage_msgs', 'merge_install': False, 'path': '/home/nitish/final_ws/src/mage_msgs', 'symlink_install': False, 'test_result_base': None}
[11.904s] Level 5:colcon.colcon_core.verb:set package 'ros2_aruco' build argument 'cmake_args' from command line to 'None'
[11.904s] Level 5:colcon.colcon_core.verb:set package 'ros2_aruco' build argument 'cmake_target' from command line to 'None'
[11.904s] Level 5:colcon.colcon_core.verb:set package 'ros2_aruco' build argument 'cmake_target_skip_unavailable' from command line to 'False'
[11.904s] Level 5:colcon.colcon_core.verb:set package 'ros2_aruco' build argument 'cmake_clean_cache' from command line to 'False'
[11.905s] Level 5:colcon.colcon_core.verb:set package 'ros2_aruco' build argument 'cmake_clean_first' from command line to 'False'
[11.905s] Level 5:colcon.colcon_core.verb:set package 'ros2_aruco' build argument 'cmake_force_configure' from command line to 'False'
[11.905s] Level 5:colcon.colcon_core.verb:set package 'ros2_aruco' build argument 'ament_cmake_args' from command line to 'None'
[11.905s] Level 5:colcon.colcon_core.verb:set package 'ros2_aruco' build argument 'catkin_cmake_args' from command line to 'None'
[11.905s] Level 5:colcon.colcon_core.verb:set package 'ros2_aruco' build argument 'catkin_skip_building_tests' from command line to 'False'
[11.905s] DEBUG:colcon.colcon_core.verb:Building package 'ros2_aruco' with the following arguments: {'ament_cmake_args': None, 'build_base': '/home/nitish/final_ws/build/ros2_aruco', 'catkin_cmake_args': None, 'catkin_skip_building_tests': False, 'cmake_args': None, 'cmake_clean_cache': False, 'cmake_clean_first': False, 'cmake_force_configure': False, 'cmake_target': None, 'cmake_target_skip_unavailable': False, 'install_base': '/home/nitish/final_ws/install/ros2_aruco', 'merge_install': False, 'path': '/home/nitish/final_ws/src/ros2_aruco/ros2_aruco', 'symlink_install': False, 'test_result_base': None}
[12.056s] Level 5:colcon.colcon_core.verb:set package 'ros2_aruco_interfaces' build argument 'cmake_args' from command line to 'None'
[12.056s] Level 5:colcon.colcon_core.verb:set package 'ros2_aruco_interfaces' build argument 'cmake_target' from command line to 'None'
[12.056s] Level 5:colcon.colcon_core.verb:set package 'ros2_aruco_interfaces' build argument 'cmake_target_skip_unavailable' from command line to 'False'
[12.056s] Level 5:colcon.colcon_core.verb:set package 'ros2_aruco_interfaces' build argument 'cmake_clean_cache' from command line to 'False'
[12.056s] Level 5:colcon.colcon_core.verb:set package 'ros2_aruco_interfaces' build argument 'cmake_clean_first' from command line to 'False'
[12.056s] Level 5:colcon.colcon_core.verb:set package 'ros2_aruco_interfaces' build argument 'cmake_force_configure' from command line to 'False'
[12.056s] Level 5:colcon.colcon_core.verb:set package 'ros2_aruco_interfaces' build argument 'ament_cmake_args' from command line to 'None'
[12.057s] Level 5:colcon.colcon_core.verb:set package 'ros2_aruco_interfaces' build argument 'catkin_cmake_args' from command line to 'None'
[12.057s] Level 5:colcon.colcon_core.verb:set package 'ros2_aruco_interfaces' build argument 'catkin_skip_building_tests' from command line to 'False'
[12.057s] DEBUG:colcon.colcon_core.verb:Building package 'ros2_aruco_interfaces' with the following arguments: {'ament_cmake_args': None, 'build_base': '/home/nitish/final_ws/build/ros2_aruco_interfaces', 'catkin_cmake_args': None, 'catkin_skip_building_tests': False, 'cmake_args': None, 'cmake_clean_cache': False, 'cmake_clean_first': False, 'cmake_force_configure': False, 'cmake_target': None, 'cmake_target_skip_unavailable': False, 'install_base': '/home/nitish/final_ws/install/ros2_aruco_interfaces', 'merge_install': False, 'path': '/home/nitish/final_ws/src/ros2_aruco/ros2_aruco_interfaces', 'symlink_install': False, 'test_result_base': None}
[12.220s] Level 5:colcon.colcon_core.verb:set package 'final_project' build argument 'cmake_args' from command line to 'None'
[12.220s] Level 5:colcon.colcon_core.verb:set package 'final_project' build argument 'cmake_target' from command line to 'None'
[12.220s] Level 5:colcon.colcon_core.verb:set package 'final_project' build argument 'cmake_target_skip_unavailable' from command line to 'False'
[12.220s] Level 5:colcon.colcon_core.verb:set package 'final_project' build argument 'cmake_clean_cache' from command line to 'False'
[12.220s] Level 5:colcon.colcon_core.verb:set package 'final_project' build argument 'cmake_clean_first' from command line to 'False'
[12.220s] Level 5:colcon.colcon_core.verb:set package 'final_project' build argument 'cmake_force_configure' from command line to 'False'
[12.220s] Level 5:colcon.colcon_core.verb:set package 'final_project' build argument 'ament_cmake_args' from command line to 'None'
[12.220s] Level 5:colcon.colcon_core.verb:set package 'final_project' build argument 'catkin_cmake_args' from command line to 'None'
[12.221s] Level 5:colcon.colcon_core.verb:set package 'final_project' build argument 'catkin_skip_building_tests' from command line to 'False'
[12.221s] DEBUG:colcon.colcon_core.verb:Building package 'final_project' with the following arguments: {'ament_cmake_args': None, 'build_base': '/home/nitish/final_ws/build/final_project', 'catkin_cmake_args': None, 'catkin_skip_building_tests': False, 'cmake_args': None, 'cmake_clean_cache': False, 'cmake_clean_first': False, 'cmake_force_configure': False, 'cmake_target': None, 'cmake_target_skip_unavailable': False, 'install_base': '/home/nitish/final_ws/install/final_project', 'merge_install': False, 'path': '/home/nitish/final_ws/src/final_project', 'symlink_install': False, 'test_result_base': None}
[12.365s] Level 5:colcon.colcon_core.verb:set package 'group11_final' build argument 'cmake_args' from command line to 'None'
[12.365s] Level 5:colcon.colcon_core.verb:set package 'group11_final' build argument 'cmake_target' from command line to 'None'
[12.366s] Level 5:colcon.colcon_core.verb:set package 'group11_final' build argument 'cmake_target_skip_unavailable' from command line to 'False'
[12.366s] Level 5:colcon.colcon_core.verb:set package 'group11_final' build argument 'cmake_clean_cache' from command line to 'False'
[12.366s] Level 5:colcon.colcon_core.verb:set package 'group11_final' build argument 'cmake_clean_first' from command line to 'False'
[12.366s] Level 5:colcon.colcon_core.verb:set package 'group11_final' build argument 'cmake_force_configure' from command line to 'False'
[12.366s] Level 5:colcon.colcon_core.verb:set package 'group11_final' build argument 'ament_cmake_args' from command line to 'None'
[12.366s] Level 5:colcon.colcon_core.verb:set package 'group11_final' build argument 'catkin_cmake_args' from command line to 'None'
[12.366s] Level 5:colcon.colcon_core.verb:set package 'group11_final' build argument 'catkin_skip_building_tests' from command line to 'False'
[12.366s] DEBUG:colcon.colcon_core.verb:Building package 'group11_final' with the following arguments: {'ament_cmake_args': None, 'build_base': '/home/nitish/final_ws/build/group11_final', 'catkin_cmake_args': None, 'catkin_skip_building_tests': False, 'cmake_args': None, 'cmake_clean_cache': False, 'cmake_clean_first': False, 'cmake_force_configure': False, 'cmake_target': None, 'cmake_target_skip_unavailable': False, 'install_base': '/home/nitish/final_ws/install/group11_final', 'merge_install': False, 'path': '/home/nitish/final_ws/src/group11_final/group11_final', 'symlink_install': False, 'test_result_base': None}
[12.496s] INFO:colcon.colcon_core.executor:Executing jobs using 'parallel' executor
[12.639s] DEBUG:colcon.colcon_parallel_executor.executor.parallel:run_until_complete
[12.640s] INFO:colcon.colcon_ros.task.ament_cmake.build:Building ROS package in '/home/nitish/final_ws/src/mage_msgs' with build type 'ament_cmake'
[12.640s] INFO:colcon.colcon_cmake.task.cmake.build:Building CMake package in '/home/nitish/final_ws/src/mage_msgs'
[12.784s] INFO:colcon.colcon_core.plugin_system:Skipping extension 'colcon_core.shell.bat': Not used on non-Windows systems
[12.784s] INFO:colcon.colcon_core.shell:Skip shell extension 'powershell' for command environment: Not usable outside of PowerShell
[12.784s] DEBUG:colcon.colcon_core.shell:Skip shell extension 'dsv' for command environment
[13.294s] INFO:colcon.colcon_ros.task.ament_cmake.build:Building ROS package in '/home/nitish/final_ws/src/ros2_aruco/ros2_aruco_interfaces' with build type 'ament_cmake'
[13.295s] INFO:colcon.colcon_cmake.task.cmake.build:Building CMake package in '/home/nitish/final_ws/src/ros2_aruco/ros2_aruco_interfaces'
[13.481s] INFO:colcon.colcon_core.shell:Skip shell extension 'powershell' for command environment: Not usable outside of PowerShell
[13.481s] DEBUG:colcon.colcon_core.shell:Skip shell extension 'dsv' for command environment
[13.993s] INFO:colcon.colcon_ros.task.ament_python.build:Building ROS package in '/home/nitish/final_ws/src/ros2_aruco/ros2_aruco' with build type 'ament_python'
[13.995s] Level 1:colcon.colcon_core.shell:create_environment_hook('ros2_aruco', 'ament_prefix_path')
[14.186s] INFO:colcon.colcon_core.shell:Creating environment hook '/home/nitish/final_ws/install/ros2_aruco/share/ros2_aruco/hook/ament_prefix_path.ps1'
[14.190s] INFO:colcon.colcon_core.shell:Creating environment descriptor '/home/nitish/final_ws/install/ros2_aruco/share/ros2_aruco/hook/ament_prefix_path.dsv'
[14.192s] INFO:colcon.colcon_core.shell:Creating environment hook '/home/nitish/final_ws/install/ros2_aruco/share/ros2_aruco/hook/ament_prefix_path.sh'
[14.374s] INFO:colcon.colcon_core.shell:Skip shell extension 'powershell' for command environment: Not usable outside of PowerShell
[14.374s] DEBUG:colcon.colcon_core.shell:Skip shell extension 'dsv' for command environment
[14.882s] DEBUG:colcon.colcon_core.event_handler.log_command:Invoking command in '/home/nitish/final_ws/build/mage_msgs': CMAKE_PREFIX_PATH=${CMAKE_PREFIX_PATH}:/home/nitish/final_ws/install/ros2_aruco:/opt/ros/galactic /usr/bin/cmake --build /home/nitish/final_ws/build/mage_msgs -- -j12 -l12
[14.902s] DEBUG:colcon.colcon_core.event_handler.log_command:Invoking command in '/home/nitish/final_ws/build/ros2_aruco_interfaces': CMAKE_PREFIX_PATH=${CMAKE_PREFIX_PATH}:/home/nitish/final_ws/install/ros2_aruco:/opt/ros/galactic /usr/bin/cmake --build /home/nitish/final_ws/build/ros2_aruco_interfaces -- -j12 -l12
[15.914s] INFO:colcon.colcon_core.task.python.build:Building Python package in '/home/nitish/final_ws/src/ros2_aruco/ros2_aruco'
[16.068s] INFO:colcon.colcon_core.shell:Skip shell extension 'powershell' for command environment: Not usable outside of PowerShell
[16.068s] DEBUG:colcon.colcon_core.shell:Skip shell extension 'dsv' for command environment
[16.693s] DEBUG:colcon.colcon_core.event_handler.log_command:Invoked command in '/home/nitish/final_ws/build/ros2_aruco_interfaces' returned '0': CMAKE_PREFIX_PATH=${CMAKE_PREFIX_PATH}:/home/nitish/final_ws/install/ros2_aruco:/opt/ros/galactic /usr/bin/cmake --build /home/nitish/final_ws/build/ros2_aruco_interfaces -- -j12 -l12
[16.697s] DEBUG:colcon.colcon_core.event_handler.log_command:Invoked command in '/home/nitish/final_ws/build/mage_msgs' returned '0': CMAKE_PREFIX_PATH=${CMAKE_PREFIX_PATH}:/home/nitish/final_ws/install/ros2_aruco:/opt/ros/galactic /usr/bin/cmake --build /home/nitish/final_ws/build/mage_msgs -- -j12 -l12
[16.907s] DEBUG:colcon.colcon_core.event_handler.log_command:Invoking command in '/home/nitish/final_ws/build/ros2_aruco_interfaces': CMAKE_PREFIX_PATH=${CMAKE_PREFIX_PATH}:/home/nitish/final_ws/install/ros2_aruco:/opt/ros/galactic /usr/bin/cmake --install /home/nitish/final_ws/build/ros2_aruco_interfaces
[17.142s] Level 1:colcon.colcon_core.environment:create_environment_scripts_only(ros2_aruco_interfaces)
[17.159s] DEBUG:colcon.colcon_core.event_handler.log_command:Invoked command in '/home/nitish/final_ws/build/ros2_aruco_interfaces' returned '0': CMAKE_PREFIX_PATH=${CMAKE_PREFIX_PATH}:/home/nitish/final_ws/install/ros2_aruco:/opt/ros/galactic /usr/bin/cmake --install /home/nitish/final_ws/build/ros2_aruco_interfaces
[17.332s] Level 1:colcon.colcon_core.environment:checking '/home/nitish/final_ws/install/ros2_aruco_interfaces' for CMake module files
[17.334s] Level 1:colcon.colcon_core.environment:checking '/home/nitish/final_ws/install/ros2_aruco_interfaces' for CMake config files
[17.336s] Level 1:colcon.colcon_core.shell:create_environment_hook('ros2_aruco_interfaces', 'cmake_prefix_path')
[17.507s] INFO:colcon.colcon_core.shell:Creating environment hook '/home/nitish/final_ws/install/ros2_aruco_interfaces/share/ros2_aruco_interfaces/hook/cmake_prefix_path.ps1'
[17.509s] INFO:colcon.colcon_core.shell:Creating environment descriptor '/home/nitish/final_ws/install/ros2_aruco_interfaces/share/ros2_aruco_interfaces/hook/cmake_prefix_path.dsv'
[17.510s] INFO:colcon.colcon_core.shell:Creating environment hook '/home/nitish/final_ws/install/ros2_aruco_interfaces/share/ros2_aruco_interfaces/hook/cmake_prefix_path.sh'
[17.515s] Level 1:colcon.colcon_core.environment:checking '/home/nitish/final_ws/install/ros2_aruco_interfaces/lib'
[17.516s] Level 1:colcon.colcon_core.shell:create_environment_hook('ros2_aruco_interfaces', 'ld_library_path_lib')
[17.716s] INFO:colcon.colcon_core.shell:Creating environment hook '/home/nitish/final_ws/install/ros2_aruco_interfaces/share/ros2_aruco_interfaces/hook/ld_library_path_lib.ps1'
[17.717s] INFO:colcon.colcon_core.shell:Creating environment descriptor '/home/nitish/final_ws/install/ros2_aruco_interfaces/share/ros2_aruco_interfaces/hook/ld_library_path_lib.dsv'
[17.718s] INFO:colcon.colcon_core.shell:Creating environment hook '/home/nitish/final_ws/install/ros2_aruco_interfaces/share/ros2_aruco_interfaces/hook/ld_library_path_lib.sh'
[17.719s] Level 1:colcon.colcon_core.environment:checking '/home/nitish/final_ws/install/ros2_aruco_interfaces/bin'
[17.719s] Level 1:colcon.colcon_core.environment:checking '/home/nitish/final_ws/install/ros2_aruco_interfaces/lib/pkgconfig/ros2_aruco_interfaces.pc'
[17.720s] Level 1:colcon.colcon_core.environment:checking '/home/nitish/final_ws/install/ros2_aruco_interfaces/lib/python3.8/site-packages'
[17.720s] Level 1:colcon.colcon_core.shell:create_environment_hook('ros2_aruco_interfaces', 'pythonpath')
[17.876s] INFO:colcon.colcon_core.shell:Creating environment hook '/home/nitish/final_ws/install/ros2_aruco_interfaces/share/ros2_aruco_interfaces/hook/pythonpath.ps1'
[17.877s] INFO:colcon.colcon_core.shell:Creating environment descriptor '/home/nitish/final_ws/install/ros2_aruco_interfaces/share/ros2_aruco_interfaces/hook/pythonpath.dsv'
[17.878s] INFO:colcon.colcon_core.shell:Creating environment hook '/home/nitish/final_ws/install/ros2_aruco_interfaces/share/ros2_aruco_interfaces/hook/pythonpath.sh'
[17.879s] Level 1:colcon.colcon_core.environment:checking '/home/nitish/final_ws/install/ros2_aruco_interfaces/bin'
[18.041s] INFO:colcon.colcon_core.shell:Creating package script '/home/nitish/final_ws/install/ros2_aruco_interfaces/share/ros2_aruco_interfaces/package.ps1'
[18.046s] INFO:colcon.colcon_core.shell:Creating package descriptor '/home/nitish/final_ws/install/ros2_aruco_interfaces/share/ros2_aruco_interfaces/package.dsv'
[18.049s] INFO:colcon.colcon_core.shell:Creating package script '/home/nitish/final_ws/install/ros2_aruco_interfaces/share/ros2_aruco_interfaces/package.sh'
[18.052s] INFO:colcon.colcon_core.shell:Creating package script '/home/nitish/final_ws/install/ros2_aruco_interfaces/share/ros2_aruco_interfaces/package.bash'
[18.054s] INFO:colcon.colcon_core.shell:Creating package script '/home/nitish/final_ws/install/ros2_aruco_interfaces/share/ros2_aruco_interfaces/package.zsh'
[18.057s] Level 1:colcon.colcon_core.environment:create_file_with_runtime_dependencies(/home/nitish/final_ws/install/ros2_aruco_interfaces/share/colcon-core/packages/ros2_aruco_interfaces)
[18.079s] DEBUG:colcon.colcon_core.event_handler.log_command:Invoking command in '/home/nitish/final_ws/build/mage_msgs': CMAKE_PREFIX_PATH=${CMAKE_PREFIX_PATH}:/home/nitish/final_ws/install/ros2_aruco:/opt/ros/galactic /usr/bin/cmake --install /home/nitish/final_ws/build/mage_msgs
[18.197s] DEBUG:colcon.colcon_core.event_handler.log_command:Invoking command in '/home/nitish/final_ws/src/ros2_aruco/ros2_aruco': PYTHONPATH=/home/nitish/final_ws/build/ros2_aruco/prefix_override:/home/nitish/final_ws/install/ros2_aruco/lib/python3.8/site-packages:${PYTHONPATH} /usr/bin/python3 setup.py egg_info --egg-base ../../../build/ros2_aruco build --build-base /home/nitish/final_ws/build/ros2_aruco/build install --record /home/nitish/final_ws/build/ros2_aruco/install.log --install-scripts $base/lib/ros2_aruco --single-version-externally-managed
[18.503s] Level 1:colcon.colcon_core.environment:create_environment_scripts_only(ros2_aruco_interfaces)
[18.695s] Level 1:colcon.colcon_core.environment:checking '/home/nitish/final_ws/install/ros2_aruco_interfaces' for CMake module files
[18.697s] Level 1:colcon.colcon_core.environment:checking '/home/nitish/final_ws/install/ros2_aruco_interfaces' for CMake config files
[18.699s] Level 1:colcon.colcon_core.shell:create_environment_hook('ros2_aruco_interfaces', 'cmake_prefix_path')
[18.874s] INFO:colcon.colcon_core.shell:Creating environment hook '/home/nitish/final_ws/install/ros2_aruco_interfaces/share/ros2_aruco_interfaces/hook/cmake_prefix_path.ps1'
[18.875s] INFO:colcon.colcon_core.shell:Creating environment descriptor '/home/nitish/final_ws/install/ros2_aruco_interfaces/share/ros2_aruco_interfaces/hook/cmake_prefix_path.dsv'
[18.876s] INFO:colcon.colcon_core.shell:Creating environment hook '/home/nitish/final_ws/install/ros2_aruco_interfaces/share/ros2_aruco_interfaces/hook/cmake_prefix_path.sh'
[18.877s] Level 1:colcon.colcon_core.environment:checking '/home/nitish/final_ws/install/ros2_aruco_interfaces/lib'
[18.877s] Level 1:colcon.colcon_core.shell:create_environment_hook('ros2_aruco_interfaces', 'ld_library_path_lib')
[19.056s] INFO:colcon.colcon_core.shell:Creating environment hook '/home/nitish/final_ws/install/ros2_aruco_interfaces/share/ros2_aruco_interfaces/hook/ld_library_path_lib.ps1'
[19.058s] INFO:colcon.colcon_core.shell:Creating environment descriptor '/home/nitish/final_ws/install/ros2_aruco_interfaces/share/ros2_aruco_interfaces/hook/ld_library_path_lib.dsv'
[19.060s] INFO:colcon.colcon_core.shell:Creating environment hook '/home/nitish/final_ws/install/ros2_aruco_interfaces/share/ros2_aruco_interfaces/hook/ld_library_path_lib.sh'
[19.062s] Level 1:colcon.colcon_core.environment:checking '/home/nitish/final_ws/install/ros2_aruco_interfaces/bin'
[19.062s] Level 1:colcon.colcon_core.environment:checking '/home/nitish/final_ws/install/ros2_aruco_interfaces/lib/pkgconfig/ros2_aruco_interfaces.pc'
[19.063s] Level 1:colcon.colcon_core.environment:checking '/home/nitish/final_ws/install/ros2_aruco_interfaces/lib/python3.8/site-packages'
[19.064s] Level 1:colcon.colcon_core.shell:create_environment_hook('ros2_aruco_interfaces', 'pythonpath')
[19.272s] INFO:colcon.colcon_core.shell:Creating environment hook '/home/nitish/final_ws/install/ros2_aruco_interfaces/share/ros2_aruco_interfaces/hook/pythonpath.ps1'
[19.274s] INFO:colcon.colcon_core.shell:Creating environment descriptor '/home/nitish/final_ws/install/ros2_aruco_interfaces/share/ros2_aruco_interfaces/hook/pythonpath.dsv'
[19.274s] INFO:colcon.colcon_core.shell:Creating environment hook '/home/nitish/final_ws/install/ros2_aruco_interfaces/share/ros2_aruco_interfaces/hook/pythonpath.sh'
[19.276s] Level 1:colcon.colcon_core.environment:checking '/home/nitish/final_ws/install/ros2_aruco_interfaces/bin'
[19.465s] INFO:colcon.colcon_core.shell:Creating package script '/home/nitish/final_ws/install/ros2_aruco_interfaces/share/ros2_aruco_interfaces/package.ps1'
[19.467s] INFO:colcon.colcon_core.shell:Creating package descriptor '/home/nitish/final_ws/install/ros2_aruco_interfaces/share/ros2_aruco_interfaces/package.dsv'
[19.468s] INFO:colcon.colcon_core.shell:Creating package script '/home/nitish/final_ws/install/ros2_aruco_interfaces/share/ros2_aruco_interfaces/package.sh'
[19.470s] INFO:colcon.colcon_core.shell:Creating package script '/home/nitish/final_ws/install/ros2_aruco_interfaces/share/ros2_aruco_interfaces/package.bash'
[19.472s] INFO:colcon.colcon_core.shell:Creating package script '/home/nitish/final_ws/install/ros2_aruco_interfaces/share/ros2_aruco_interfaces/package.zsh'
[19.474s] Level 1:colcon.colcon_core.environment:create_file_with_runtime_dependencies(/home/nitish/final_ws/install/ros2_aruco_interfaces/share/colcon-core/packages/ros2_aruco_interfaces)
[19.479s] DEBUG:colcon.colcon_core.event_handler.log_command:Invoked command in '/home/nitish/final_ws/src/ros2_aruco/ros2_aruco' returned '0': PYTHONPATH=/home/nitish/final_ws/build/ros2_aruco/prefix_override:/home/nitish/final_ws/install/ros2_aruco/lib/python3.8/site-packages:${PYTHONPATH} /usr/bin/python3 setup.py egg_info --egg-base ../../../build/ros2_aruco build --build-base /home/nitish/final_ws/build/ros2_aruco/build install --record /home/nitish/final_ws/build/ros2_aruco/install.log --install-scripts $base/lib/ros2_aruco --single-version-externally-managed
[19.674s] Level 1:colcon.colcon_core.environment:checking '/home/nitish/final_ws/install/ros2_aruco' for CMake module files
[19.676s] Level 1:colcon.colcon_core.environment:checking '/home/nitish/final_ws/install/ros2_aruco' for CMake config files
[19.678s] Level 1:colcon.colcon_core.environment:checking '/home/nitish/final_ws/install/ros2_aruco/lib'
[19.679s] Level 1:colcon.colcon_core.environment:checking '/home/nitish/final_ws/install/ros2_aruco/bin'
[19.679s] Level 1:colcon.colcon_core.environment:checking '/home/nitish/final_ws/install/ros2_aruco/lib/pkgconfig/ros2_aruco.pc'
[19.679s] Level 1:colcon.colcon_core.environment:checking '/home/nitish/final_ws/install/ros2_aruco/lib/python3.8/site-packages'
[19.679s] Level 1:colcon.colcon_core.shell:create_environment_hook('ros2_aruco', 'pythonpath')
[19.870s] INFO:colcon.colcon_core.shell:Creating environment hook '/home/nitish/final_ws/install/ros2_aruco/share/ros2_aruco/hook/pythonpath.ps1'
[19.871s] INFO:colcon.colcon_core.shell:Creating environment descriptor '/home/nitish/final_ws/install/ros2_aruco/share/ros2_aruco/hook/pythonpath.dsv'
[19.873s] INFO:colcon.colcon_core.shell:Creating environment hook '/home/nitish/final_ws/install/ros2_aruco/share/ros2_aruco/hook/pythonpath.sh'
[19.876s] Level 1:colcon.colcon_core.environment:checking '/home/nitish/final_ws/install/ros2_aruco/bin'
[19.877s] Level 1:colcon.colcon_core.environment:create_environment_scripts_only(ros2_aruco)
[20.053s] INFO:colcon.colcon_core.shell:Creating package script '/home/nitish/final_ws/install/ros2_aruco/share/ros2_aruco/package.ps1'
[20.054s] INFO:colcon.colcon_core.shell:Creating package descriptor '/home/nitish/final_ws/install/ros2_aruco/share/ros2_aruco/package.dsv'
[20.055s] INFO:colcon.colcon_core.shell:Creating package script '/home/nitish/final_ws/install/ros2_aruco/share/ros2_aruco/package.sh'
[20.058s] INFO:colcon.colcon_core.shell:Creating package script '/home/nitish/final_ws/install/ros2_aruco/share/ros2_aruco/package.bash'
[20.060s] INFO:colcon.colcon_core.shell:Creating package script '/home/nitish/final_ws/install/ros2_aruco/share/ros2_aruco/package.zsh'
[20.062s] Level 1:colcon.colcon_core.environment:create_file_with_runtime_dependencies(/home/nitish/final_ws/install/ros2_aruco/share/colcon-core/packages/ros2_aruco)
[20.063s] Level 1:colcon.colcon_core.environment:create_environment_scripts_only(mage_msgs)
[20.071s] DEBUG:colcon.colcon_core.event_handler.log_command:Invoked command in '/home/nitish/final_ws/build/mage_msgs' returned '0': CMAKE_PREFIX_PATH=${CMAKE_PREFIX_PATH}:/home/nitish/final_ws/install/ros2_aruco:/opt/ros/galactic /usr/bin/cmake --install /home/nitish/final_ws/build/mage_msgs
[20.258s] Level 1:colcon.colcon_core.environment:checking '/home/nitish/final_ws/install/mage_msgs' for CMake module files
[20.263s] Level 1:colcon.colcon_core.environment:checking '/home/nitish/final_ws/install/mage_msgs' for CMake config files
[20.265s] Level 1:colcon.colcon_core.shell:create_environment_hook('mage_msgs', 'cmake_prefix_path')
[20.438s] INFO:colcon.colcon_core.shell:Creating environment hook '/home/nitish/final_ws/install/mage_msgs/share/mage_msgs/hook/cmake_prefix_path.ps1'
[20.440s] INFO:colcon.colcon_core.shell:Creating environment descriptor '/home/nitish/final_ws/install/mage_msgs/share/mage_msgs/hook/cmake_prefix_path.dsv'
[20.443s] INFO:colcon.colcon_core.shell:Creating environment hook '/home/nitish/final_ws/install/mage_msgs/share/mage_msgs/hook/cmake_prefix_path.sh'
[20.444s] Level 1:colcon.colcon_core.environment:checking '/home/nitish/final_ws/install/mage_msgs/lib'
[20.444s] Level 1:colcon.colcon_core.shell:create_environment_hook('mage_msgs', 'ld_library_path_lib')
[20.628s] INFO:colcon.colcon_core.shell:Creating environment hook '/home/nitish/final_ws/install/mage_msgs/share/mage_msgs/hook/ld_library_path_lib.ps1'
[20.629s] INFO:colcon.colcon_core.shell:Creating environment descriptor '/home/nitish/final_ws/install/mage_msgs/share/mage_msgs/hook/ld_library_path_lib.dsv'
[20.629s] INFO:colcon.colcon_core.shell:Creating environment hook '/home/nitish/final_ws/install/mage_msgs/share/mage_msgs/hook/ld_library_path_lib.sh'
[20.630s] Level 1:colcon.colcon_core.environment:checking '/home/nitish/final_ws/install/mage_msgs/bin'
[20.630s] Level 1:colcon.colcon_core.environment:checking '/home/nitish/final_ws/install/mage_msgs/lib/pkgconfig/mage_msgs.pc'
[20.631s] Level 1:colcon.colcon_core.environment:checking '/home/nitish/final_ws/install/mage_msgs/lib/python3.8/site-packages'
[20.631s] Level 1:colcon.colcon_core.shell:create_environment_hook('mage_msgs', 'pythonpath')
[20.831s] INFO:colcon.colcon_core.shell:Creating environment hook '/home/nitish/final_ws/install/mage_msgs/share/mage_msgs/hook/pythonpath.ps1'
[20.832s] INFO:colcon.colcon_core.shell:Creating environment descriptor '/home/nitish/final_ws/install/mage_msgs/share/mage_msgs/hook/pythonpath.dsv'
[20.834s] INFO:colcon.colcon_core.shell:Creating environment hook '/home/nitish/final_ws/install/mage_msgs/share/mage_msgs/hook/pythonpath.sh'
[20.836s] Level 1:colcon.colcon_core.environment:checking '/home/nitish/final_ws/install/mage_msgs/bin'
[21.020s] INFO:colcon.colcon_core.shell:Creating package script '/home/nitish/final_ws/install/mage_msgs/share/mage_msgs/package.ps1'
[21.021s] INFO:colcon.colcon_core.shell:Creating package descriptor '/home/nitish/final_ws/install/mage_msgs/share/mage_msgs/package.dsv'
[21.024s] INFO:colcon.colcon_core.shell:Creating package script '/home/nitish/final_ws/install/mage_msgs/share/mage_msgs/package.sh'
[21.026s] INFO:colcon.colcon_core.shell:Creating package script '/home/nitish/final_ws/install/mage_msgs/share/mage_msgs/package.bash'
[21.028s] INFO:colcon.colcon_core.shell:Creating package script '/home/nitish/final_ws/install/mage_msgs/share/mage_msgs/package.zsh'
[21.030s] Level 1:colcon.colcon_core.environment:create_file_with_runtime_dependencies(/home/nitish/final_ws/install/mage_msgs/share/colcon-core/packages/mage_msgs)
[21.590s] Level 1:colcon.colcon_core.environment:create_environment_scripts_only(mage_msgs)
[21.740s] Level 1:colcon.colcon_core.environment:checking '/home/nitish/final_ws/install/mage_msgs' for CMake module files
[21.743s] Level 1:colcon.colcon_core.environment:checking '/home/nitish/final_ws/install/mage_msgs' for CMake config files
[21.746s] Level 1:colcon.colcon_core.shell:create_environment_hook('mage_msgs', 'cmake_prefix_path')
[21.879s] INFO:colcon.colcon_core.shell:Creating environment hook '/home/nitish/final_ws/install/mage_msgs/share/mage_msgs/hook/cmake_prefix_path.ps1'
[21.881s] INFO:colcon.colcon_core.shell:Creating environment descriptor '/home/nitish/final_ws/install/mage_msgs/share/mage_msgs/hook/cmake_prefix_path.dsv'
[21.883s] INFO:colcon.colcon_core.shell:Creating environment hook '/home/nitish/final_ws/install/mage_msgs/share/mage_msgs/hook/cmake_prefix_path.sh'
[21.884s] Level 1:colcon.colcon_core.environment:checking '/home/nitish/final_ws/install/mage_msgs/lib'
[21.884s] Level 1:colcon.colcon_core.shell:create_environment_hook('mage_msgs', 'ld_library_path_lib')
[22.041s] INFO:colcon.colcon_core.shell:Creating environment hook '/home/nitish/final_ws/install/mage_msgs/share/mage_msgs/hook/ld_library_path_lib.ps1'
[22.042s] INFO:colcon.colcon_core.shell:Creating environment descriptor '/home/nitish/final_ws/install/mage_msgs/share/mage_msgs/hook/ld_library_path_lib.dsv'
[22.043s] INFO:colcon.colcon_core.shell:Creating environment hook '/home/nitish/final_ws/install/mage_msgs/share/mage_msgs/hook/ld_library_path_lib.sh'
[22.044s] Level 1:colcon.colcon_core.environment:checking '/home/nitish/final_ws/install/mage_msgs/bin'
[22.044s] Level 1:colcon.colcon_core.environment:checking '/home/nitish/final_ws/install/mage_msgs/lib/pkgconfig/mage_msgs.pc'
[22.045s] Level 1:colcon.colcon_core.environment:checking '/home/nitish/final_ws/install/mage_msgs/lib/python3.8/site-packages'
[22.046s] Level 1:colcon.colcon_core.shell:create_environment_hook('mage_msgs', 'pythonpath')
[22.207s] INFO:colcon.colcon_core.shell:Creating environment hook '/home/nitish/final_ws/install/mage_msgs/share/mage_msgs/hook/pythonpath.ps1'
[22.208s] INFO:colcon.colcon_core.shell:Creating environment descriptor '/home/nitish/final_ws/install/mage_msgs/share/mage_msgs/hook/pythonpath.dsv'
[22.210s] INFO:colcon.colcon_core.shell:Creating environment hook '/home/nitish/final_ws/install/mage_msgs/share/mage_msgs/hook/pythonpath.sh'
[22.213s] Level 1:colcon.colcon_core.environment:checking '/home/nitish/final_ws/install/mage_msgs/bin'
[22.384s] INFO:colcon.colcon_core.shell:Creating package script '/home/nitish/final_ws/install/mage_msgs/share/mage_msgs/package.ps1'
[22.386s] INFO:colcon.colcon_core.shell:Creating package descriptor '/home/nitish/final_ws/install/mage_msgs/share/mage_msgs/package.dsv'
[22.388s] INFO:colcon.colcon_core.shell:Creating package script '/home/nitish/final_ws/install/mage_msgs/share/mage_msgs/package.sh'
[22.389s] INFO:colcon.colcon_core.shell:Creating package script '/home/nitish/final_ws/install/mage_msgs/share/mage_msgs/package.bash'
[22.390s] INFO:colcon.colcon_core.shell:Creating package script '/home/nitish/final_ws/install/mage_msgs/share/mage_msgs/package.zsh'
[22.391s] Level 1:colcon.colcon_core.environment:create_file_with_runtime_dependencies(/home/nitish/final_ws/install/mage_msgs/share/colcon-core/packages/mage_msgs)
[22.391s] INFO:colcon.colcon_ros.task.ament_cmake.build:Building ROS package in '/home/nitish/final_ws/src/final_project' with build type 'ament_cmake'
[22.392s] INFO:colcon.colcon_cmake.task.cmake.build:Building CMake package in '/home/nitish/final_ws/src/final_project'
[22.569s] INFO:colcon.colcon_core.shell:Skip shell extension 'powershell' for command environment: Not usable outside of PowerShell
[22.570s] DEBUG:colcon.colcon_core.shell:Skip shell extension 'dsv' for command environment
[23.104s] INFO:colcon.colcon_ros.task.ament_cmake.build:Building ROS package in '/home/nitish/final_ws/src/group11_final/group11_final' with build type 'ament_cmake'
[23.105s] INFO:colcon.colcon_cmake.task.cmake.build:Building CMake package in '/home/nitish/final_ws/src/group11_final/group11_final'
[23.277s] INFO:colcon.colcon_core.shell:Skip shell extension 'powershell' for command environment: Not usable outside of PowerShell
[23.277s] DEBUG:colcon.colcon_core.shell:Skip shell extension 'dsv' for command environment
[23.768s] DEBUG:colcon.colcon_core.event_handler.log_command:Invoking command in '/home/nitish/final_ws/build/final_project': CMAKE_PREFIX_PATH=/home/nitish/final_ws/install/mage_msgs:/home/nitish/final_ws/install/group11_final:/home/nitish/final_ws/install/ros2_aruco_interfaces:/home/nitish/final_ws/install/final_project:/home/nitish/final_ws/install/ros2_aruco:/opt/ros/galactic LD_LIBRARY_PATH=/home/nitish/final_ws/install/mage_msgs/lib:/home/nitish/final_ws/install/ros2_aruco_interfaces/lib:/home/nitish/final_ws/install/final_project/lib:/usr/lib/x86_64-linux-gnu/gazebo-11/plugins:/opt/ros/galactic/opt/yaml_cpp_vendor/lib:/opt/ros/galactic/opt/rviz_ogre_vendor/lib:/opt/ros/galactic/lib/x86_64-linux-gnu:/opt/ros/galactic/lib PYTHONPATH=/home/nitish/final_ws/install/mage_msgs/lib/python3.8/site-packages:/home/nitish/final_ws/install/ros2_aruco_interfaces/lib/python3.8/site-packages:/home/nitish/final_ws/install/ros2_aruco/lib/python3.8/site-packages:/home/nitish/final_ws/install/final_project/lib/python3.8/site-packages:/opt/ros/galactic/lib/python3.8/site-packages /usr/bin/cmake --build /home/nitish/final_ws/build/final_project -- -j12 -l12
[23.793s] DEBUG:colcon.colcon_core.event_handler.log_command:Invoking command in '/home/nitish/final_ws/build/group11_final': CMAKE_PREFIX_PATH=/home/nitish/final_ws/install/ros2_aruco_interfaces:/home/nitish/final_ws/install/mage_msgs:/home/nitish/final_ws/install/group11_final:/home/nitish/final_ws/install/final_project:/home/nitish/final_ws/install/ros2_aruco:/opt/ros/galactic LD_LIBRARY_PATH=/home/nitish/final_ws/install/ros2_aruco_interfaces/lib:/home/nitish/final_ws/install/mage_msgs/lib:/home/nitish/final_ws/install/final_project/lib:/usr/lib/x86_64-linux-gnu/gazebo-11/plugins:/opt/ros/galactic/opt/yaml_cpp_vendor/lib:/opt/ros/galactic/opt/rviz_ogre_vendor/lib:/opt/ros/galactic/lib/x86_64-linux-gnu:/opt/ros/galactic/lib PYTHONPATH=/home/nitish/final_ws/install/ros2_aruco_interfaces/lib/python3.8/site-packages:/home/nitish/final_ws/install/mage_msgs/lib/python3.8/site-packages:/home/nitish/final_ws/install/ros2_aruco/lib/python3.8/site-packages:/home/nitish/final_ws/install/final_project/lib/python3.8/site-packages:/opt/ros/galactic/lib/python3.8/site-packages /usr/bin/cmake --build /home/nitish/final_ws/build/group11_final -- -j12 -l12
[23.850s] DEBUG:colcon.colcon_core.event_handler.log_command:Invoked command in '/home/nitish/final_ws/build/group11_final' returned '2': CMAKE_PREFIX_PATH=/home/nitish/final_ws/install/ros2_aruco_interfaces:/home/nitish/final_ws/install/mage_msgs:/home/nitish/final_ws/install/group11_final:/home/nitish/final_ws/install/final_project:/home/nitish/final_ws/install/ros2_aruco:/opt/ros/galactic LD_LIBRARY_PATH=/home/nitish/final_ws/install/ros2_aruco_interfaces/lib:/home/nitish/final_ws/install/mage_msgs/lib:/home/nitish/final_ws/install/final_project/lib:/usr/lib/x86_64-linux-gnu/gazebo-11/plugins:/opt/ros/galactic/opt/yaml_cpp_vendor/lib:/opt/ros/galactic/opt/rviz_ogre_vendor/lib:/opt/ros/galactic/lib/x86_64-linux-gnu:/opt/ros/galactic/lib PYTHONPATH=/home/nitish/final_ws/install/ros2_aruco_interfaces/lib/python3.8/site-packages:/home/nitish/final_ws/install/mage_msgs/lib/python3.8/site-packages:/home/nitish/final_ws/install/ros2_aruco/lib/python3.8/site-packages:/home/nitish/final_ws/install/final_project/lib/python3.8/site-packages:/opt/ros/galactic/lib/python3.8/site-packages /usr/bin/cmake --build /home/nitish/final_ws/build/group11_final -- -j12 -l12
[24.159s] Level 1:colcon.colcon_core.environment:create_environment_scripts_only(group11_final)
[24.358s] Level 1:colcon.colcon_core.environment:checking '/home/nitish/final_ws/install/group11_final' for CMake module files
[24.360s] Level 1:colcon.colcon_core.environment:checking '/home/nitish/final_ws/install/group11_final' for CMake config files
[24.361s] Level 1:colcon.colcon_core.shell:create_environment_hook('group11_final', 'cmake_prefix_path')
[24.543s] INFO:colcon.colcon_core.shell:Creating environment hook '/home/nitish/final_ws/install/group11_final/share/group11_final/hook/cmake_prefix_path.ps1'
[24.545s] INFO:colcon.colcon_core.shell:Creating environment descriptor '/home/nitish/final_ws/install/group11_final/share/group11_final/hook/cmake_prefix_path.dsv'
[24.546s] INFO:colcon.colcon_core.shell:Creating environment hook '/home/nitish/final_ws/install/group11_final/share/group11_final/hook/cmake_prefix_path.sh'
[24.547s] Level 1:colcon.colcon_core.environment:checking '/home/nitish/final_ws/install/group11_final/lib'
[24.547s] Level 1:colcon.colcon_core.environment:checking '/home/nitish/final_ws/install/group11_final/bin'
[24.547s] Level 1:colcon.colcon_core.environment:checking '/home/nitish/final_ws/install/group11_final/lib/pkgconfig/group11_final.pc'
[24.548s] Level 1:colcon.colcon_core.environment:checking '/home/nitish/final_ws/install/group11_final/lib/python3.8/site-packages'
[24.549s] Level 1:colcon.colcon_core.environment:checking '/home/nitish/final_ws/install/group11_final/bin'
[24.746s] INFO:colcon.colcon_core.shell:Creating package script '/home/nitish/final_ws/install/group11_final/share/group11_final/package.ps1'
[24.747s] INFO:colcon.colcon_core.shell:Creating package descriptor '/home/nitish/final_ws/install/group11_final/share/group11_final/package.dsv'
[24.748s] INFO:colcon.colcon_core.shell:Creating package script '/home/nitish/final_ws/install/group11_final/share/group11_final/package.sh'
[24.751s] INFO:colcon.colcon_core.shell:Creating package script '/home/nitish/final_ws/install/group11_final/share/group11_final/package.bash'
[24.753s] INFO:colcon.colcon_core.shell:Creating package script '/home/nitish/final_ws/install/group11_final/share/group11_final/package.zsh'
[24.755s] Level 1:colcon.colcon_core.environment:create_file_with_runtime_dependencies(/home/nitish/final_ws/install/group11_final/share/colcon-core/packages/group11_final)
[25.241s] DEBUG:colcon.colcon_parallel_executor.executor.parallel:closing loop
[25.241s] DEBUG:colcon.colcon_parallel_executor.executor.parallel:loop closed
[25.241s] DEBUG:colcon.colcon_parallel_executor.executor.parallel:run_until_complete finished with '2'
[25.242s] DEBUG:colcon.colcon_core.event_reactor:joining thread
[25.456s] INFO:colcon.colcon_core.plugin_system:Skipping extension 'colcon_notification.desktop_notification.terminal_notifier': Not used on non-Darwin systems
[25.457s] INFO:colcon.colcon_core.plugin_system:Skipping extension 'colcon_notification.desktop_notification.win32': Not used on non-Windows systems
[25.457s] INFO:colcon.colcon_notification.desktop_notification:Sending desktop notification using 'notify2'
[25.492s] DEBUG:colcon.colcon_core.event_reactor:joined thread
[25.681s] INFO:colcon.colcon_core.shell:Creating prefix script '/home/nitish/final_ws/install/local_setup.ps1'
[25.684s] INFO:colcon.colcon_core.shell:Creating prefix util module '/home/nitish/final_ws/install/_local_setup_util_ps1.py'
[25.690s] INFO:colcon.colcon_core.shell:Creating prefix chain script '/home/nitish/final_ws/install/setup.ps1'
[25.880s] INFO:colcon.colcon_core.shell:Creating prefix script '/home/nitish/final_ws/install/local_setup.sh'
[25.883s] INFO:colcon.colcon_core.shell:Creating prefix util module '/home/nitish/final_ws/install/_local_setup_util_sh.py'
[25.884s] INFO:colcon.colcon_core.shell:Creating prefix chain script '/home/nitish/final_ws/install/setup.sh'
[26.042s] INFO:colcon.colcon_core.shell:Creating prefix script '/home/nitish/final_ws/install/local_setup.bash'
[26.043s] INFO:colcon.colcon_core.shell:Creating prefix chain script '/home/nitish/final_ws/install/setup.bash'
[26.217s] INFO:colcon.colcon_core.shell:Creating prefix script '/home/nitish/final_ws/install/local_setup.zsh'
[26.219s] INFO:colcon.colcon_core.shell:Creating prefix chain script '/home/nitish/final_ws/install/setup.zsh'
